Start auto log messages stack - Iteration 1.	[MsgId: MMSG-10545]
Action.c(355): Redirecting "http://automationpractice.com/index.php?controller=order-confirmation&id_cart=4271105&id_module=3&id_order=405363&key=506da3c69546d65b3e851e980a9967ff" (redirection depth is 1)  	[MsgId: MMSG-26694]
Action.c(355): To location "http://automationpractice.com/index.php?controller=history"  	[MsgId: MMSG-26693]
Action.c(355): Redirecting "http://automationpractice.com/index.php?controller=history" (redirection depth is 2)  	[MsgId: MMSG-26694]
Action.c(355): To location "http://automationpractice.com/index.php?controller=authentication&back=history"  	[MsgId: MMSG-26693]
Action.c(355): Warning -26665: HTTP Status Code is missing or invalid. Assuming "200 OK"  	[MsgId: MWAR-26665]
Action.c(355): Error -26366: "Text=Sign in" not found for web_reg_find  	[MsgId: MERR-26366]
End auto log messages stack.	[MsgId: MMSG-10544]


Start auto log messages stack - Iteration 2.	[MsgId: MMSG-10545]
Starting action Action.	[MsgId: MMSG-15919]
Action.c(4): Notify: Transaction "1_begin" started.	[MsgId: MMSG-16999]
Action.c(12): web_reg_save_param_regexp started  	[MsgId: MMSG-26355]
Action.c(12): Registering web_reg_save_param_regexp was successful  	[MsgId: MMSG-26390]
Action.c(21): web_reg_find started  	[MsgId: MMSG-26355]
Action.c(21): Registering web_reg_find was successful  	[MsgId: MMSG-26390]
Action.c(25): web_url("index.php") started  	[MsgId: MMSG-26355]
Action.c(25): Warning -26665: HTTP Status Code is missing or invalid. Assuming "200 OK"  	[MsgId: MWAR-26665]
Action.c(25): Error -35049: No match found for the requested parameter "controller". Check whether the requested regular expression exists in the response data  	[MsgId: MERR-35049]
Action.c(25): Error -26366: "Text=Sign in" not found for web_reg_find  	[MsgId: MERR-26366]
End auto log messages stack.	[MsgId: MMSG-10544]


Start auto log messages stack - Iteration 3.	[MsgId: MMSG-10545]
Action.c(159): web_url("Proceed to checkout") was successful, 91129 body bytes, 616 header bytes, 84 chunking overhead bytes  	[MsgId: MMSG-26385]
Action.c(176): web_reg_save_param_regexp started  	[MsgId: MMSG-26355]
Action.c(176): Registering web_reg_save_param_regexp was successful  	[MsgId: MMSG-26390]
Action.c(185): web_reg_find started  	[MsgId: MMSG-26355]
Action.c(185): Registering web_reg_find was successful  	[MsgId: MMSG-26390]
Action.c(189): web_submit_data("index.php_5") started  	[MsgId: MMSG-26355]
Action.c(189): Warning -26665: HTTP Status Code is missing or invalid. Assuming "200 OK"  	[MsgId: MWAR-26665]
Action.c(189): Error -35049: No match found for the requested parameter "CorrelationParameter". Check whether the requested regular expression exists in the response data  	[MsgId: MERR-35049]
Action.c(189): Error -26366: "Text=Choose a shipping option for this address" not found for web_reg_find  	[MsgId: MERR-26366]
End auto log messages stack.	[MsgId: MMSG-10544]


Start auto log messages stack - Iteration 3.	[MsgId: MMSG-10545]
Action.c(307): web_reg_save_param_regexp started  	[MsgId: MMSG-26355]
Action.c(307): Registering web_reg_save_param_regexp was successful  	[MsgId: MMSG-26390]
Action.c(322): web_reg_save_param_regexp started  	[MsgId: MMSG-26355]
Action.c(322): Registering web_reg_save_param_regexp was successful  	[MsgId: MMSG-26390]
Action.c(331): web_reg_find started  	[MsgId: MMSG-26355]
Action.c(331): Registering web_reg_find was successful  	[MsgId: MMSG-26390]
Action.c(335): web_submit_data("index.php_7") started  	[MsgId: MMSG-26355]
Action.c(335): Warning -26665: HTTP Status Code is missing or invalid. Assuming "200 OK"  	[MsgId: MWAR-26665]
Action.c(335): Error -35049: No match found for the requested parameter "controller_3". Check whether the requested regular expression exists in the response data  	[MsgId: MERR-35049]
Action.c(335): Error -35049: No match found for the requested parameter "id_cart". Check whether the requested regular expression exists in the response data  	[MsgId: MERR-35049]
Action.c(335): Error -35049: No match found for the requested parameter "id_order". Check whether the requested regular expression exists in the response data  	[MsgId: MERR-35049]
Action.c(335): Error -35049: No match found for the requested parameter "key". Check whether the requested regular expression exists in the response data  	[MsgId: MERR-35049]
Action.c(335): Error -26366: "Text=Your order on My Store is complete." not found for web_reg_find  	[MsgId: MERR-26366]
End auto log messages stack.	[MsgId: MMSG-10544]


Start auto log messages stack - Iteration 4.	[MsgId: MMSG-10545]
Starting action Action.	[MsgId: MMSG-15919]
Action.c(4): Notify: Transaction "1_begin" started.	[MsgId: MMSG-16999]
Action.c(12): web_reg_save_param_regexp started  	[MsgId: MMSG-26355]
Action.c(12): Registering web_reg_save_param_regexp was successful  	[MsgId: MMSG-26390]
Action.c(21): web_reg_find started  	[MsgId: MMSG-26355]
Action.c(21): Registering web_reg_find was successful  	[MsgId: MMSG-26390]
Action.c(25): web_url("index.php") started  	[MsgId: MMSG-26355]
Action.c(25): Warning -26665: HTTP Status Code is missing or invalid. Assuming "200 OK"  	[MsgId: MWAR-26665]
Action.c(25): Error -35049: No match found for the requested parameter "controller". Check whether the requested regular expression exists in the response data  	[MsgId: MERR-35049]
Action.c(25): Error -26366: "Text=Sign in" not found for web_reg_find  	[MsgId: MERR-26366]
End auto log messages stack.	[MsgId: MMSG-10544]


Start auto log messages stack - Iteration 5.	[MsgId: MMSG-10545]
Action.c(189): web_submit_data("index.php_5") was successful, 35146 body bytes, 886 header bytes, 29 chunking overhead bytes  	[MsgId: MMSG-26385]
Action.c(206): lr_think_time: 4,00 seconds.	[MsgId: MMSG-15948]
Action.c(214): web_reg_save_param_regexp started  	[MsgId: MMSG-26355]
Action.c(214): Registering web_reg_save_param_regexp was successful  	[MsgId: MMSG-26390]
Action.c(222): web_reg_find started  	[MsgId: MMSG-26355]
Action.c(222): Registering web_reg_find was successful  	[MsgId: MMSG-26390]
Action.c(226): web_submit_data("index.php_6") started  	[MsgId: MMSG-26355]
Action.c(226): Warning -26665: HTTP Status Code is missing or invalid. Assuming "200 OK"  	[MsgId: MWAR-26665]
Start auto log messages stack - Iteration 4.	[MsgId: MMSG-10545]
Action.c(189): web_submit_data("index.php_5") was successful, 35146 body bytes, 886 header bytes, 29 chunking overhead bytes  	[MsgId: MMSG-26385]
Action.c(226): Error -35049: No match found for the requested parameter "module". Check whether the requested regular expression exists in the response data  	[MsgId: MERR-35049]
Action.c(226): Error -26366: "Text=Pay by bank wire" not found for web_reg_find  	[MsgId: MERR-26366]
End auto log messages stack.	[MsgId: MMSG-10544]


Action.c(206): lr_think_time: 4,00 seconds.	[MsgId: MMSG-15948]
Action.c(214): web_reg_save_param_regexp started  	[MsgId: MMSG-26355]
Action.c(214): Registering web_reg_save_param_regexp was successful  	[MsgId: MMSG-26390]
Action.c(222): web_reg_find started  	[MsgId: MMSG-26355]
Action.c(222): Registering web_reg_find was successful  	[MsgId: MMSG-26390]
Action.c(226): web_submit_data("index.php_6") started  	[MsgId: MMSG-26355]
Action.c(226): Warning -26665: HTTP Status Code is missing or invalid. Assuming "200 OK"  	[MsgId: MWAR-26665]
Action.c(226): Error -35049: No match found for the requested parameter "module". Check whether the requested regular expression exists in the response data  	[MsgId: MERR-35049]
Action.c(226): Error -26366: "Text=Pay by bank wire" not found for web_reg_find  	[MsgId: MERR-26366]
End auto log messages stack.	[MsgId: MMSG-10544]


Start auto log messages stack - Iteration 4.	[MsgId: MMSG-10545]
Action.c(322): Registering web_reg_save_param_regexp was successful  	[MsgId: MMSG-26390]
Action.c(331): web_reg_find started  	[MsgId: MMSG-26355]
Action.c(331): Registering web_reg_find was successful  	[MsgId: MMSG-26390]
Action.c(335): web_submit_data("index.php_7") started  	[MsgId: MMSG-26355]
Action.c(335): Redirecting "http://automationpractice.com/index.php?fc=module&module=bankwire&controller=validation" (redirection depth is 0)  	[MsgId: MMSG-26694]
Action.c(335): To location "http://automationpractice.com/index.php?controller=order-confirmation&id_cart=4271159&id_module=3&id_order=405367&key=b8e9623afc5aa25ffdcba4d810aed091"  	[MsgId: MMSG-26693]
Action.c(335): Warning -26665: HTTP Status Code is missing or invalid. Assuming "200 OK"  	[MsgId: MWAR-26665]
Action.c(335): Error -26366: "Text=Your order on My Store is complete." not found for web_reg_find  	[MsgId: MERR-26366]
End auto log messages stack.	[MsgId: MMSG-10544]


Start auto log messages stack - Iteration 5.	[MsgId: MMSG-10545]
Action.c(307): web_reg_save_param_regexp started  	[MsgId: MMSG-26355]
Action.c(307): Registering web_reg_save_param_regexp was successful  	[MsgId: MMSG-26390]
Action.c(322): web_reg_save_param_regexp started  	[MsgId: MMSG-26355]
Action.c(322): Registering web_reg_save_param_regexp was successful  	[MsgId: MMSG-26390]
Action.c(331): web_reg_find started  	[MsgId: MMSG-26355]
Action.c(331): Registering web_reg_find was successful  	[MsgId: MMSG-26390]
Action.c(335): web_submit_data("index.php_7") started  	[MsgId: MMSG-26355]
Action.c(335): Warning -26665: HTTP Status Code is missing or invalid. Assuming "200 OK"  	[MsgId: MWAR-26665]
Action.c(335): Error -35049: No match found for the requested parameter "controller_3". Check whether the requested regular expression exists in the response data  	[MsgId: MERR-35049]
Action.c(335): Error -35049: No match found for the requested parameter "id_cart". Check whether the requested regular expression exists in the response data  	[MsgId: MERR-35049]
Action.c(335): Error -35049: No match found for the requested parameter "id_order". Check whether the requested regular expression exists in the response data  	[MsgId: MERR-35049]
Action.c(335): Error -35049: No match found for the requested parameter "key". Check whether the requested regular expression exists in the response data  	[MsgId: MERR-35049]
Action.c(335): Error -26366: "Text=Your order on My Store is complete." not found for web_reg_find  	[MsgId: MERR-26366]
End auto log messages stack.	[MsgId: MMSG-10544]


Start auto log messages stack - Iteration 6.	[MsgId: MMSG-10545]
Action.c(129): web_url("index.php_4") was successful, 79425 body bytes, 1424 header bytes, 37 chunking overhead bytes  	[MsgId: MMSG-26385]
Action.c(146): web_reg_save_param_regexp started  	[MsgId: MMSG-26355]
Action.c(146): Registering web_reg_save_param_regexp was successful  	[MsgId: MMSG-26390]
Action.c(155): web_reg_find started  	[MsgId: MMSG-26355]
Action.c(155): Registering web_reg_find was successful  	[MsgId: MMSG-26390]
Action.c(159): web_url("Proceed to checkout") started  	[MsgId: MMSG-26355]
Action.c(159): Warning -26665: HTTP Status Code is missing or invalid. Assuming "200 OK"  	[MsgId: MWAR-26665]
Action.c(159): Error -35049: No match found for the requested parameter "controller_1". Check whether the requested regular expression exists in the response data  	[MsgId: MERR-35049]
Action.c(159): Error -26366: "Text=Choose a delivery address:" not found for web_reg_find  	[MsgId: MERR-26366]
End auto log messages stack.	[MsgId: MMSG-10544]


Start auto log messages stack - Iteration 7.	[MsgId: MMSG-10545]
Action.c(189): web_submit_data("index.php_5") was successful, 35146 body bytes, 886 header bytes, 29 chunking overhead bytes  	[MsgId: MMSG-26385]
Action.c(206): lr_think_time: 4,00 seconds.	[MsgId: MMSG-15948]
Action.c(214): web_reg_save_param_regexp started  	[MsgId: MMSG-26355]
Action.c(214): Registering web_reg_save_param_regexp was successful  	[MsgId: MMSG-26390]
Action.c(222): web_reg_find started  	[MsgId: MMSG-26355]
Action.c(222): Registering web_reg_find was successful  	[MsgId: MMSG-26390]
Action.c(226): web_submit_data("index.php_6") started  	[MsgId: MMSG-26355]
Action.c(226): Warning -26665: HTTP Status Code is missing or invalid. Assuming "200 OK"  	[MsgId: MWAR-26665]
Action.c(226): Error -35049: No match found for the requested parameter "module". Check whether the requested regular expression exists in the response data  	[MsgId: MERR-35049]
Action.c(226): Error -26366: "Text=Pay by bank wire" not found for web_reg_find  	[MsgId: MERR-26366]
End auto log messages stack.	[MsgId: MMSG-10544]


Start auto log messages stack - Iteration 7.	[MsgId: MMSG-10545]
Action.c(96): Registering web_reg_save_param_regexp was successful  	[MsgId: MMSG-26390]
Action.c(104): web_submit_data("index.php_3") started  	[MsgId: MMSG-26355]
Action.c(104): web_submit_data("index.php_3") was successful, 763 body bytes, 228 header bytes, 12 chunking overhead bytes  	[MsgId: MMSG-26385]
Action.c(121): Notify: Transaction "3_choose_clothes" ended with a "Pass" status (Duration: 22,3151 Wasted Time: 0,0008).	[MsgId: MMSG-16871]
Action.c(123): Notify: Transaction "4_checkout" started.	[MsgId: MMSG-16999]
Action.c(125): web_reg_find started  	[MsgId: MMSG-26355]
Action.c(125): Registering web_reg_find was successful  	[MsgId: MMSG-26390]
Action.c(129): web_url("index.php_4") started  	[MsgId: MMSG-26355]
Action.c(129): Warning -26665: HTTP Status Code is missing or invalid. Assuming "200 OK"  	[MsgId: MWAR-26665]
Action.c(129): Error -26366: "Text=remove this product from my cart" not found for web_reg_find  	[MsgId: MERR-26366]
End auto log messages stack.	[MsgId: MMSG-10544]


Start auto log messages stack - Iteration 6.	[MsgId: MMSG-10545]
Action.c(129): web_url("index.php_4") was successful, 79419 body bytes, 1424 header bytes, 37 chunking overhead bytes  	[MsgId: MMSG-26385]
Action.c(146): web_reg_save_param_regexp started  	[MsgId: MMSG-26355]
Action.c(146): Registering web_reg_save_param_regexp was successful  	[MsgId: MMSG-26390]
Action.c(155): web_reg_find started  	[MsgId: MMSG-26355]
Action.c(155): Registering web_reg_find was successful  	[MsgId: MMSG-26390]
Action.c(159): web_url("Proceed to checkout") started  	[MsgId: MMSG-26355]
Action.c(159): Warning -26665: HTTP Status Code is missing or invalid. Assuming "200 OK"  	[MsgId: MWAR-26665]
Action.c(159): Error -35049: No match found for the requested parameter "controller_1". Check whether the requested regular expression exists in the response data  	[MsgId: MERR-35049]
Action.c(159): Error -26366: "Text=Choose a delivery address:" not found for web_reg_find  	[MsgId: MERR-26366]
End auto log messages stack.	[MsgId: MMSG-10544]


Start auto log messages stack - Iteration 8.	[MsgId: MMSG-10545]
Action.c(335): Registered web_reg_find successful for "Text=Your order on My Store is complete." (count=1)  	[MsgId: MMSG-26364]
Action.c(335): web_submit_data("index.php_7") was successful, 27450 body bytes, 1326 header bytes, 34 chunking overhead bytes  	[MsgId: MMSG-26385]
Action.c(347): Notify: Transaction "4_checkout" ended with a "Pass" status (Duration: 83,1838 Think Time: 4,0111 Wasted Time: 0,0063).	[MsgId: MMSG-16870]
Action.c(349): Notify: Transaction "5_logout" started.	[MsgId: MMSG-16999]
Action.c(351): web_reg_find started  	[MsgId: MMSG-26355]
Action.c(351): Registering web_reg_find was successful  	[MsgId: MMSG-26390]
Action.c(355): web_url("Sign out") started  	[MsgId: MMSG-26355]
Action.c(355): Warning -26665: HTTP Status Code is missing or invalid. Assuming "200 OK"  	[MsgId: MWAR-26665]
Action.c(355): Error -26366: "Text=Sign in" not found for web_reg_find  	[MsgId: MERR-26366]
End auto log messages stack.	[MsgId: MMSG-10544]


Start auto log messages stack - Iteration 10.	[MsgId: MMSG-10545]
Starting action Action.	[MsgId: MMSG-15919]
Action.c(4): Notify: Transaction "1_begin" started.	[MsgId: MMSG-16999]
Action.c(12): web_reg_save_param_regexp started  	[MsgId: MMSG-26355]
Action.c(12): Registering web_reg_save_param_regexp was successful  	[MsgId: MMSG-26390]
Action.c(21): web_reg_find started  	[MsgId: MMSG-26355]
Action.c(21): Registering web_reg_find was successful  	[MsgId: MMSG-26390]
Action.c(25): web_url("index.php") started  	[MsgId: MMSG-26355]
Action.c(25): Warning -26665: HTTP Status Code is missing or invalid. Assuming "200 OK"  	[MsgId: MWAR-26665]
Action.c(25): Error -35049: No match found for the requested parameter "controller". Check whether the requested regular expression exists in the response data  	[MsgId: MERR-35049]
Action.c(25): Error -26366: "Text=Sign in" not found for web_reg_find  	[MsgId: MERR-26366]
End auto log messages stack.	[MsgId: MMSG-10544]


Start auto log messages stack - Iteration 12.	[MsgId: MMSG-10545]
Action.c(226): web_submit_data("index.php_6") was successful, 33287 body bytes, 1068 header bytes, 36 chunking overhead bytes  	[MsgId: MMSG-26385]
Action.c(249): web_reg_save_param_regexp started  	[MsgId: MMSG-26355]
Action.c(249): Registering web_reg_save_param_regexp was successful  	[MsgId: MMSG-26390]
Action.c(257): web_reg_find started  	[MsgId: MMSG-26355]
Action.c(257): Registering web_reg_find was successful  	[MsgId: MMSG-26390]
Action.c(261): web_url("Pay by bank wire (order processing will be longer)") started  	[MsgId: MMSG-26355]
Action.c(261): Warning -26665: HTTP Status Code is missing or invalid. Assuming "200 OK"  	[MsgId: MWAR-26665]
Action.c(261): Error -35049: No match found for the requested parameter "controller_2". Check whether the requested regular expression exists in the response data  	[MsgId: MERR-35049]
Action.c(261): Error -26366: "Text=You have chosen to pay by bank wire. Here is a short summary of your order" not found for web_reg_find  	[MsgId: MERR-26366]
End auto log messages stack.	[MsgId: MMSG-10544]


Start auto log messages stack - Iteration 10.	[MsgId: MMSG-10545]
Action.c(189): web_submit_data("index.php_5") was successful, 35146 body bytes, 886 header bytes, 29 chunking overhead bytes  	[MsgId: MMSG-26385]
Action.c(206): lr_think_time: 4,00 seconds.	[MsgId: MMSG-15948]
Action.c(214): web_reg_save_param_regexp started  	[MsgId: MMSG-26355]
Action.c(214): Registering web_reg_save_param_regexp was successful  	[MsgId: MMSG-26390]
Action.c(222): web_reg_find started  	[MsgId: MMSG-26355]
Action.c(222): Registering web_reg_find was successful  	[MsgId: MMSG-26390]
Action.c(226): web_submit_data("index.php_6") started  	[MsgId: MMSG-26355]
Action.c(226): Warning -26665: HTTP Status Code is missing or invalid. Assuming "200 OK"  	[MsgId: MWAR-26665]
Action.c(226): Error -35049: No match found for the requested parameter "module". Check whether the requested regular expression exists in the response data  	[MsgId: MERR-35049]
Action.c(226): Error -26366: "Text=Pay by bank wire" not found for web_reg_find  	[MsgId: MERR-26366]
End auto log messages stack.	[MsgId: MMSG-10544]


Start auto log messages stack - Iteration 11.	[MsgId: MMSG-10545]
Action.c(226): web_submit_data("index.php_6") was successful, 33287 body bytes, 1062 header bytes, 36 chunking overhead bytes  	[MsgId: MMSG-26385]
Action.c(249): web_reg_save_param_regexp started  	[MsgId: MMSG-26355]
Action.c(249): Registering web_reg_save_param_regexp was successful  	[MsgId: MMSG-26390]
Action.c(257): web_reg_find started  	[MsgId: MMSG-26355]
Action.c(257): Registering web_reg_find was successful  	[MsgId: MMSG-26390]
Action.c(261): web_url("Pay by bank wire (order processing will be longer)") started  	[MsgId: MMSG-26355]
Action.c(261): Warning -26665: HTTP Status Code is missing or invalid. Assuming "200 OK"  	[MsgId: MWAR-26665]
Action.c(261): Error -35049: No match found for the requested parameter "controller_2". Check whether the requested regular expression exists in the response data  	[MsgId: MERR-35049]
Action.c(261): Error -26366: "Text=You have chosen to pay by bank wire. Here is a short summary of your order" not found for web_reg_find  	[MsgId: MERR-26366]
End auto log messages stack.	[MsgId: MMSG-10544]


Start auto log messages stack - Iteration 13.	[MsgId: MMSG-10545]
Action.c(25): web_url("index.php") was successful, 753402 body bytes, 15037 header bytes, 53 chunking overhead bytes  	[MsgId: MMSG-26385]
Action.c(35): Notify: Transaction "1_begin" ended with a "Pass" status (Duration: 11,4911 Wasted Time: 0,0038).	[MsgId: MMSG-16871]
Action.c(37): Notify: Transaction "2_login" started.	[MsgId: MMSG-16999]
Action.c(46): web_reg_save_param_regexp started  	[MsgId: MMSG-26355]
Action.c(46): Registering web_reg_save_param_regexp was successful  	[MsgId: MMSG-26390]
Action.c(56): web_reg_find started  	[MsgId: MMSG-26355]
Action.c(56): Registering web_reg_find was successful  	[MsgId: MMSG-26390]
Action.c(60): web_submit_data("index.php_2") started  	[MsgId: MMSG-26355]
Action.c(60): Warning -26665: HTTP Status Code is missing or invalid. Assuming "200 OK"  	[MsgId: MWAR-26665]
Action.c(60): Error -35049: No match found for the requested parameter "token". Check whether the requested regular expression exists in the response data  	[MsgId: MERR-35049]
Action.c(60): Error -26366: "Text=Sign out" not found for web_reg_find  	[MsgId: MERR-26366]
End auto log messages stack.	[MsgId: MMSG-10544]


Start auto log messages stack - Iteration 11.	[MsgId: MMSG-10545]
Action.c(129): web_url("index.php_4") was successful, 79419 body bytes, 1424 header bytes, 37 chunking overhead bytes  	[MsgId: MMSG-26385]
Action.c(146): web_reg_save_param_regexp started  	[MsgId: MMSG-26355]
Action.c(146): Registering web_reg_save_param_regexp was successful  	[MsgId: MMSG-26390]
Action.c(155): web_reg_find started  	[MsgId: MMSG-26355]
Action.c(155): Registering web_reg_find was successful  	[MsgId: MMSG-26390]
Action.c(159): web_url("Proceed to checkout") started  	[MsgId: MMSG-26355]
Action.c(159): Warning -26665: HTTP Status Code is missing or invalid. Assuming "200 OK"  	[MsgId: MWAR-26665]
Action.c(159): Error -35049: No match found for the requested parameter "controller_1". Check whether the requested regular expression exists in the response data  	[MsgId: MERR-35049]
Action.c(159): Error -26366: "Text=Choose a delivery address:" not found for web_reg_find  	[MsgId: MERR-26366]
End auto log messages stack.	[MsgId: MMSG-10544]


Start auto log messages stack - Iteration 14.	[MsgId: MMSG-10545]
Action.c(25): web_url("index.php") was successful, 753402 body bytes, 15027 header bytes, 53 chunking overhead bytes  	[MsgId: MMSG-26385]
Action.c(35): Notify: Transaction "1_begin" ended with a "Pass" status (Duration: 12,6354 Wasted Time: 0,0039).	[MsgId: MMSG-16871]
Action.c(37): Notify: Transaction "2_login" started.	[MsgId: MMSG-16999]
Action.c(46): web_reg_save_param_regexp started  	[MsgId: MMSG-26355]
Action.c(46): Registering web_reg_save_param_regexp was successful  	[MsgId: MMSG-26390]
Action.c(56): web_reg_find started  	[MsgId: MMSG-26355]
Action.c(56): Registering web_reg_find was successful  	[MsgId: MMSG-26390]
Action.c(60): web_submit_data("index.php_2") started  	[MsgId: MMSG-26355]
Action.c(60): Warning -26665: HTTP Status Code is missing or invalid. Assuming "200 OK"  	[MsgId: MWAR-26665]
Action.c(60): Error -35049: No match found for the requested parameter "token". Check whether the requested regular expression exists in the response data  	[MsgId: MERR-35049]
Action.c(60): Error -26366: "Text=Sign out" not found for web_reg_find  	[MsgId: MERR-26366]
End auto log messages stack.	[MsgId: MMSG-10544]


Start auto log messages stack - Iteration 12.	[MsgId: MMSG-10545]
Action.c(60): Registered web_reg_find successful for "Text=Sign out" (count=3)  	[MsgId: MMSG-26364]
Action.c(60): web_submit_data("index.php_2") was successful, 29353 body bytes, 2725 header bytes, 33 chunking overhead bytes  	[MsgId: MMSG-26385]
Action.c(76): Notify: Transaction "2_login" ended with a "Pass" status (Duration: 16,6033 Wasted Time: 0,0003).	[MsgId: MMSG-16871]
Action.c(77): Notify: Transaction "3_choose_clothes" started.	[MsgId: MMSG-16999]
Action.c(80): web_reg_find started  	[MsgId: MMSG-26355]
Action.c(80): Registering web_reg_find was successful  	[MsgId: MMSG-26390]
Action.c(84): web_url("Dresses") started  	[MsgId: MMSG-26355]
Action.c(84): Warning -26665: HTTP Status Code is missing or invalid. Assuming "200 OK"  	[MsgId: MWAR-26665]
Action.c(84): Error -26366: "Text=Showing 1 - 5 of 5 items" not found for web_reg_find  	[MsgId: MERR-26366]
End auto log messages stack.	[MsgId: MMSG-10544]


Start auto log messages stack - Iteration 13.	[MsgId: MMSG-10545]
Action.c(46): web_reg_save_param_regexp started  	[MsgId: MMSG-26355]
Action.c(46): Registering web_reg_save_param_regexp was successful  	[MsgId: MMSG-26390]
Action.c(56): web_reg_find started  	[MsgId: MMSG-26355]
Action.c(56): Registering web_reg_find was successful  	[MsgId: MMSG-26390]
Action.c(60): web_submit_data("index.php_2") started  	[MsgId: MMSG-26355]
Action.c(60): Redirecting "http://automationpractice.com/index.php?controller=authentication" (redirection depth is 0)  	[MsgId: MMSG-26694]
Action.c(60): To location "http://automationpractice.com/index.php?controller=my-account"  	[MsgId: MMSG-26693]
Action.c(60): Warning -26665: HTTP Status Code is missing or invalid. Assuming "200 OK"  	[MsgId: MWAR-26665]
Action.c(60): Error -35049: No match found for the requested parameter "token". Check whether the requested regular expression exists in the response data  	[MsgId: MERR-35049]
Action.c(60): Error -26366: "Text=Sign out" not found for web_reg_find  	[MsgId: MERR-26366]
End auto log messages stack.	[MsgId: MMSG-10544]


Start auto log messages stack - Iteration 13.	[MsgId: MMSG-10545]
Action.c(25): web_url("index.php") was successful, 753402 body bytes, 15033 header bytes, 53 chunking overhead bytes  	[MsgId: MMSG-26385]
Action.c(35): Notify: Transaction "1_begin" ended with a "Pass" status (Duration: 10,7985 Wasted Time: 0,0036).	[MsgId: MMSG-16871]
Action.c(37): Notify: Transaction "2_login" started.	[MsgId: MMSG-16999]
Action.c(46): web_reg_save_param_regexp started  	[MsgId: MMSG-26355]
Action.c(46): Registering web_reg_save_param_regexp was successful  	[MsgId: MMSG-26390]
Action.c(56): web_reg_find started  	[MsgId: MMSG-26355]
Action.c(56): Registering web_reg_find was successful  	[MsgId: MMSG-26390]
Action.c(60): web_submit_data("index.php_2") started  	[MsgId: MMSG-26355]
Action.c(60): Warning -26665: HTTP Status Code is missing or invalid. Assuming "200 OK"  	[MsgId: MWAR-26665]
Action.c(60): Error -35049: No match found for the requested parameter "token". Check whether the requested regular expression exists in the response data  	[MsgId: MERR-35049]
Action.c(60): Error -26366: "Text=Sign out" not found for web_reg_find  	[MsgId: MERR-26366]
End auto log messages stack.	[MsgId: MMSG-10544]


Start auto log messages stack - Iteration 17.	[MsgId: MMSG-10545]
Action.c(84): Registered web_reg_find successful for "Text=Showing 1 - 5 of 5 items" (count=2)  	[MsgId: MMSG-26364]
Action.c(84): web_url("Dresses") was successful, 229309 body bytes, 6725 header bytes, 92 chunking overhead bytes  	[MsgId: MMSG-26385]
Action.c(96): web_reg_save_param_regexp started  	[MsgId: MMSG-26355]
Action.c(96): Registering web_reg_save_param_regexp was successful  	[MsgId: MMSG-26390]
Action.c(104): web_submit_data("index.php_3") started  	[MsgId: MMSG-26355]
Action.c(104): Warning -26665: HTTP Status Code is missing or invalid. Assuming "200 OK"  	[MsgId: MWAR-26665]
Action.c(104): Error -35049: No match found for the requested parameter "id_address_delivery". Check whether the requested regular expression exists in the response data  	[MsgId: MERR-35049]
End auto log messages stack.	[MsgId: MMSG-10544]


Start auto log messages stack - Iteration 15.	[MsgId: MMSG-10545]
Action.c(189): web_submit_data("index.php_5") was successful, 35146 body bytes, 886 header bytes, 37 chunking overhead bytes  	[MsgId: MMSG-26385]
Action.c(206): lr_think_time: 4,00 seconds.	[MsgId: MMSG-15948]
Action.c(214): web_reg_save_param_regexp started  	[MsgId: MMSG-26355]
Action.c(214): Registering web_reg_save_param_regexp was successful  	[MsgId: MMSG-26390]
Action.c(222): web_reg_find started  	[MsgId: MMSG-26355]
Action.c(222): Registering web_reg_find was successful  	[MsgId: MMSG-26390]
Action.c(226): web_submit_data("index.php_6") started  	[MsgId: MMSG-26355]
Action.c(226): Warning -26665: HTTP Status Code is missing or invalid. Assuming "200 OK"  	[MsgId: MWAR-26665]
Action.c(226): Error -35049: No match found for the requested parameter "module". Check whether the requested regular expression exists in the response data  	[MsgId: MERR-35049]
Action.c(226): Error -26366: "Text=Pay by bank wire" not found for web_reg_find  	[MsgId: MERR-26366]
End auto log messages stack.	[MsgId: MMSG-10544]


Start auto log messages stack - Iteration 18.	[MsgId: MMSG-10545]
Action.c(60): Registered web_reg_find successful for "Text=Sign out" (count=3)  	[MsgId: MMSG-26364]
Action.c(60): web_submit_data("index.php_2") was successful, 29353 body bytes, 2719 header bytes, 33 chunking overhead bytes  	[MsgId: MMSG-26385]
Action.c(76): Notify: Transaction "2_login" ended with a "Pass" status (Duration: 20,3606 Wasted Time: 0,0004).	[MsgId: MMSG-16871]
Action.c(77): Notify: Transaction "3_choose_clothes" started.	[MsgId: MMSG-16999]
Action.c(80): web_reg_find started  	[MsgId: MMSG-26355]
Action.c(80): Registering web_reg_find was successful  	[MsgId: MMSG-26390]
Action.c(84): web_url("Dresses") started  	[MsgId: MMSG-26355]
Action.c(84): Warning -26665: HTTP Status Code is missing or invalid. Assuming "200 OK"  	[MsgId: MWAR-26665]
Action.c(84): Error -26366: "Text=Showing 1 - 5 of 5 items" not found for web_reg_find  	[MsgId: MERR-26366]
End auto log messages stack.	[MsgId: MMSG-10544]


Start auto log messages stack - Iteration 17.	[MsgId: MMSG-10545]
Starting action Action.	[MsgId: MMSG-15919]
Action.c(4): Notify: Transaction "1_begin" started.	[MsgId: MMSG-16999]
Action.c(12): web_reg_save_param_regexp started  	[MsgId: MMSG-26355]
Action.c(12): Registering web_reg_save_param_regexp was successful  	[MsgId: MMSG-26390]
Action.c(21): web_reg_find started  	[MsgId: MMSG-26355]
Action.c(21): Registering web_reg_find was successful  	[MsgId: MMSG-26390]
Action.c(25): web_url("index.php") started  	[MsgId: MMSG-26355]
Action.c(25): Warning -26665: HTTP Status Code is missing or invalid. Assuming "200 OK"  	[MsgId: MWAR-26665]
Action.c(25): Error -35049: No match found for the requested parameter "controller". Check whether the requested regular expression exists in the response data  	[MsgId: MERR-35049]
Action.c(25): Error -26366: "Text=Sign in" not found for web_reg_find  	[MsgId: MERR-26366]
End auto log messages stack.	[MsgId: MMSG-10544]


Start auto log messages stack - Iteration 16.	[MsgId: MMSG-10545]
Action.c(355): Redirecting "http://automationpractice.com/index.php?controller=order-confirmation&id_cart=4271394&id_module=3&id_order=405392&key=506da3c69546d65b3e851e980a9967ff" (redirection depth is 1)  	[MsgId: MMSG-26694]
Action.c(355): To location "http://automationpractice.com/index.php?controller=history"  	[MsgId: MMSG-26693]
Action.c(355): Redirecting "http://automationpractice.com/index.php?controller=history" (redirection depth is 2)  	[MsgId: MMSG-26694]
Action.c(355): To location "http://automationpractice.com/index.php?controller=authentication&back=history"  	[MsgId: MMSG-26693]
Action.c(355): Warning -26665: HTTP Status Code is missing or invalid. Assuming "200 OK"  	[MsgId: MWAR-26665]
Action.c(355): Error -26366: "Text=Sign in" not found for web_reg_find  	[MsgId: MERR-26366]
End auto log messages stack.	[MsgId: MMSG-10544]


Start auto log messages stack - Iteration 20.	[MsgId: MMSG-10545]
Action.c(189): web_submit_data("index.php_5") was successful, 35146 body bytes, 886 header bytes, 29 chunking overhead bytes  	[MsgId: MMSG-26385]
Action.c(206): lr_think_time: 4,00 seconds.	[MsgId: MMSG-15948]
Action.c(214): web_reg_save_param_regexp started  	[MsgId: MMSG-26355]
Action.c(214): Registering web_reg_save_param_regexp was successful  	[MsgId: MMSG-26390]
Action.c(222): web_reg_find started  	[MsgId: MMSG-26355]
Action.c(222): Registering web_reg_find was successful  	[MsgId: MMSG-26390]
Action.c(226): web_submit_data("index.php_6") started  	[MsgId: MMSG-26355]
Action.c(226): Warning -26665: HTTP Status Code is missing or invalid. Assuming "200 OK"  	[MsgId: MWAR-26665]
Action.c(226): Error -35049: No match found for the requested parameter "module". Check whether the requested regular expression exists in the response data  	[MsgId: MERR-35049]
Action.c(226): Error -26366: "Text=Pay by bank wire" not found for web_reg_find  	[MsgId: MERR-26366]
End auto log messages stack.	[MsgId: MMSG-10544]


Start auto log messages stack - Iteration 19.	[MsgId: MMSG-10545]
Action.c(355): Redirecting "http://automationpractice.com/index.php?controller=order-confirmation&id_cart=4271471&id_module=3&id_order=405403&key=506da3c69546d65b3e851e980a9967ff" (redirection depth is 1)  	[MsgId: MMSG-26694]
Action.c(355): To location "http://automationpractice.com/index.php?controller=history"  	[MsgId: MMSG-26693]
Action.c(355): Redirecting "http://automationpractice.com/index.php?controller=history" (redirection depth is 2)  	[MsgId: MMSG-26694]
Action.c(355): To location "http://automationpractice.com/index.php?controller=authentication&back=history"  	[MsgId: MMSG-26693]
Action.c(355): Warning -26665: HTTP Status Code is missing or invalid. Assuming "200 OK"  	[MsgId: MWAR-26665]
Action.c(355): Error -26366: "Text=Sign in" not found for web_reg_find  	[MsgId: MERR-26366]
End auto log messages stack.	[MsgId: MMSG-10544]


Start auto log messages stack - Iteration 23.	[MsgId: MMSG-10545]
Action.c(226): web_submit_data("index.php_6") was successful, 33287 body bytes, 1050 header bytes, 36 chunking overhead bytes  	[MsgId: MMSG-26385]
Action.c(249): web_reg_save_param_regexp started  	[MsgId: MMSG-26355]
Action.c(249): Registering web_reg_save_param_regexp was successful  	[MsgId: MMSG-26390]
Action.c(257): web_reg_find started  	[MsgId: MMSG-26355]
Action.c(257): Registering web_reg_find was successful  	[MsgId: MMSG-26390]
Action.c(261): web_url("Pay by bank wire (order processing will be longer)") started  	[MsgId: MMSG-26355]
Action.c(261): Warning -26665: HTTP Status Code is missing or invalid. Assuming "200 OK"  	[MsgId: MWAR-26665]
Action.c(261): Error -35049: No match found for the requested parameter "controller_2". Check whether the requested regular expression exists in the response data  	[MsgId: MERR-35049]
Action.c(261): Error -26366: "Text=You have chosen to pay by bank wire. Here is a short summary of your order" not found for web_reg_find  	[MsgId: MERR-26366]
End auto log messages stack.	[MsgId: MMSG-10544]


Start auto log messages stack - Iteration 21.	[MsgId: MMSG-10545]
Action.c(189): web_submit_data("index.php_5") was successful, 35146 body bytes, 886 header bytes, 37 chunking overhead bytes  	[MsgId: MMSG-26385]
Action.c(206): lr_think_time: 4,00 seconds.	[MsgId: MMSG-15948]
Action.c(214): web_reg_save_param_regexp started  	[MsgId: MMSG-26355]
Action.c(214): Registering web_reg_save_param_regexp was successful  	[MsgId: MMSG-26390]
Action.c(222): web_reg_find started  	[MsgId: MMSG-26355]
Action.c(222): Registering web_reg_find was successful  	[MsgId: MMSG-26390]
Action.c(226): web_submit_data("index.php_6") started  	[MsgId: MMSG-26355]
Action.c(226): Warning -26665: HTTP Status Code is missing or invalid. Assuming "200 OK"  	[MsgId: MWAR-26665]
Action.c(226): Error -35049: No match found for the requested parameter "module". Check whether the requested regular expression exists in the response data  	[MsgId: MERR-35049]
Action.c(226): Error -26366: "Text=Pay by bank wire" not found for web_reg_find  	[MsgId: MERR-26366]
End auto log messages stack.	[MsgId: MMSG-10544]


Start auto log messages stack - Iteration 20.	[MsgId: MMSG-10545]
Action.c(347): Notify: Transaction "4_checkout" ended with a "Pass" status (Duration: 83,2049 Think Time: 4,0006 Wasted Time: 0,0135).	[MsgId: MMSG-16870]
Action.c(349): Notify: Transaction "5_logout" started.	[MsgId: MMSG-16999]
Action.c(351): web_reg_find started  	[MsgId: MMSG-26355]
Action.c(351): Registering web_reg_find was successful  	[MsgId: MMSG-26390]
Action.c(355): web_url("Sign out") started  	[MsgId: MMSG-26355]
Action.c(355): Redirecting "http://automationpractice.com/index.php?mylogout=" (redirection depth is 0)  	[MsgId: MMSG-26694]
Action.c(355): To location "http://automationpractice.com/index.php?controller=order-confirmation&id_cart=4271492&id_module=3&id_order=405404&key=506da3c69546d65b3e851e980a9967ff"  	[MsgId: MMSG-26693]
Action.c(355): Warning -26665: HTTP Status Code is missing or invalid. Assuming "200 OK"  	[MsgId: MWAR-26665]
Action.c(355): Error -26366: "Text=Sign in" not found for web_reg_find  	[MsgId: MERR-26366]
End auto log messages stack.	[MsgId: MMSG-10544]


Start auto log messages stack - Iteration 21.	[MsgId: MMSG-10545]
Starting action Action.	[MsgId: MMSG-15919]
Action.c(4): Notify: Transaction "1_begin" started.	[MsgId: MMSG-16999]
Action.c(12): web_reg_save_param_regexp started  	[MsgId: MMSG-26355]
Action.c(12): Registering web_reg_save_param_regexp was successful  	[MsgId: MMSG-26390]
Action.c(21): web_reg_find started  	[MsgId: MMSG-26355]
Action.c(21): Registering web_reg_find was successful  	[MsgId: MMSG-26390]
Action.c(25): web_url("index.php") started  	[MsgId: MMSG-26355]
Action.c(25): Warning -26665: HTTP Status Code is missing or invalid. Assuming "200 OK"  	[MsgId: MWAR-26665]
Action.c(25): Error -35049: No match found for the requested parameter "controller". Check whether the requested regular expression exists in the response data  	[MsgId: MERR-35049]
Action.c(25): Error -26366: "Text=Sign in" not found for web_reg_find  	[MsgId: MERR-26366]
End auto log messages stack.	[MsgId: MMSG-10544]


Start auto log messages stack - Iteration 25.	[MsgId: MMSG-10545]
Action.c(25): web_url("index.php") was successful, 753402 body bytes, 15029 header bytes, 53 chunking overhead bytes  	[MsgId: MMSG-26385]
Action.c(35): Notify: Transaction "1_begin" ended with a "Pass" status (Duration: 10,0208 Wasted Time: 0,0038).	[MsgId: MMSG-16871]
Action.c(37): Notify: Transaction "2_login" started.	[MsgId: MMSG-16999]
Action.c(46): web_reg_save_param_regexp started  	[MsgId: MMSG-26355]
Action.c(46): Registering web_reg_save_param_regexp was successful  	[MsgId: MMSG-26390]
Action.c(56): web_reg_find started  	[MsgId: MMSG-26355]
Action.c(56): Registering web_reg_find was successful  	[MsgId: MMSG-26390]
Action.c(60): web_submit_data("index.php_2") started  	[MsgId: MMSG-26355]
Action.c(60): Warning -26665: HTTP Status Code is missing or invalid. Assuming "200 OK"  	[MsgId: MWAR-26665]
Action.c(60): Error -35049: No match found for the requested parameter "token". Check whether the requested regular expression exists in the response data  	[MsgId: MERR-35049]
Action.c(60): Error -26366: "Text=Sign out" not found for web_reg_find  	[MsgId: MERR-26366]
End auto log messages stack.	[MsgId: MMSG-10544]


