Start auto log messages stack - Iteration 2.	[MsgId: MMSG-10545]
Starting action Action.	[MsgId: MMSG-15919]
Action.c(4): Notify: Transaction "1_begin" started.	[MsgId: MMSG-16999]
Action.c(12): web_reg_save_param_regexp started  	[MsgId: MMSG-26355]
Action.c(12): Registering web_reg_save_param_regexp was successful  	[MsgId: MMSG-26390]
Action.c(21): web_reg_find started  	[MsgId: MMSG-26355]
Action.c(21): Registering web_reg_find was successful  	[MsgId: MMSG-26390]
Action.c(25): web_url("index.php") started  	[MsgId: MMSG-26355]
Action.c(25): Warning -26665: HTTP Status Code is missing or invalid. Assuming "200 OK"  	[MsgId: MWAR-26665]
Action.c(25): Error -35049: No match found for the requested parameter "controller". Check whether the requested regular expression exists in the response data  	[MsgId: MERR-35049]
Action.c(25): Error -26366: "Text=Sign in" not found for web_reg_find  	[MsgId: MERR-26366]
End auto log messages stack.	[MsgId: MMSG-10544]


Start auto log messages stack - Iteration 1.	[MsgId: MMSG-10545]
Action.c(129): web_url("index.php_4") was successful, 79425 body bytes, 1424 header bytes, 37 chunking overhead bytes  	[MsgId: MMSG-26385]
Action.c(146): web_reg_save_param_regexp started  	[MsgId: MMSG-26355]
Action.c(146): Registering web_reg_save_param_regexp was successful  	[MsgId: MMSG-26390]
Action.c(155): web_reg_find started  	[MsgId: MMSG-26355]
Action.c(155): Registering web_reg_find was successful  	[MsgId: MMSG-26390]
Action.c(159): web_url("Proceed to checkout") started  	[MsgId: MMSG-26355]
Action.c(159): Warning -26665: HTTP Status Code is missing or invalid. Assuming "200 OK"  	[MsgId: MWAR-26665]
Action.c(159): Error -35049: No match found for the requested parameter "controller_1". Check whether the requested regular expression exists in the response data  	[MsgId: MERR-35049]
Action.c(159): Error -26366: "Text=Choose a delivery address:" not found for web_reg_find  	[MsgId: MERR-26366]
End auto log messages stack.	[MsgId: MMSG-10544]


Start auto log messages stack - Iteration 3.	[MsgId: MMSG-10545]
Action.c(25): web_url("index.php") was successful, 753402 body bytes, 15033 header bytes, 53 chunking overhead bytes  	[MsgId: MMSG-26385]
Action.c(35): Notify: Transaction "1_begin" ended with a "Pass" status (Duration: 13,1773 Wasted Time: 0,0028).	[MsgId: MMSG-16871]
Action.c(37): Notify: Transaction "2_login" started.	[MsgId: MMSG-16999]
Action.c(46): web_reg_save_param_regexp started  	[MsgId: MMSG-26355]
Action.c(46): Registering web_reg_save_param_regexp was successful  	[MsgId: MMSG-26390]
Action.c(56): web_reg_find started  	[MsgId: MMSG-26355]
Action.c(56): Registering web_reg_find was successful  	[MsgId: MMSG-26390]
Action.c(60): web_submit_data("index.php_2") started  	[MsgId: MMSG-26355]
Action.c(60): Warning -26665: HTTP Status Code is missing or invalid. Assuming "200 OK"  	[MsgId: MWAR-26665]
Action.c(60): Error -35049: No match found for the requested parameter "token". Check whether the requested regular expression exists in the response data  	[MsgId: MERR-35049]
Action.c(60): Error -26366: "Text=Sign out" not found for web_reg_find  	[MsgId: MERR-26366]
End auto log messages stack.	[MsgId: MMSG-10544]


Start auto log messages stack - Iteration 2.	[MsgId: MMSG-10545]
Action.c(347): Notify: Transaction "4_checkout" ended with a "Pass" status (Duration: 85,4171 Think Time: 4,0101 Wasted Time: 0,0036).	[MsgId: MMSG-16870]
Action.c(349): Notify: Transaction "5_logout" started.	[MsgId: MMSG-16999]
Action.c(351): web_reg_find started  	[MsgId: MMSG-26355]
Action.c(351): Registering web_reg_find was successful  	[MsgId: MMSG-26390]
Action.c(355): web_url("Sign out") started  	[MsgId: MMSG-26355]
Action.c(355): Redirecting "http://automationpractice.com/index.php?mylogout=" (redirection depth is 0)  	[MsgId: MMSG-26694]
Action.c(355): To location "http://automationpractice.com/index.php?controller=order-confirmation&id_cart=4271583&id_module=3&id_order=405414&key=2f13eaba89bc90acb1971431caf0f730"  	[MsgId: MMSG-26693]
Action.c(355): Warning -26665: HTTP Status Code is missing or invalid. Assuming "200 OK"  	[MsgId: MWAR-26665]
Action.c(355): Error -26366: "Text=Sign in" not found for web_reg_find  	[MsgId: MERR-26366]
End auto log messages stack.	[MsgId: MMSG-10544]


Start auto log messages stack - Iteration 3.	[MsgId: MMSG-10545]
Starting action Action.	[MsgId: MMSG-15919]
Action.c(4): Notify: Transaction "1_begin" started.	[MsgId: MMSG-16999]
Action.c(12): web_reg_save_param_regexp started  	[MsgId: MMSG-26355]
Action.c(12): Registering web_reg_save_param_regexp was successful  	[MsgId: MMSG-26390]
Action.c(21): web_reg_find started  	[MsgId: MMSG-26355]
Action.c(21): Registering web_reg_find was successful  	[MsgId: MMSG-26390]
Action.c(25): web_url("index.php") started  	[MsgId: MMSG-26355]
Action.c(25): Warning -26665: HTTP Status Code is missing or invalid. Assuming "200 OK"  	[MsgId: MWAR-26665]
Action.c(25): Error -35049: No match found for the requested parameter "controller". Check whether the requested regular expression exists in the response data  	[MsgId: MERR-35049]
Action.c(25): Error -26366: "Text=Sign in" not found for web_reg_find  	[MsgId: MERR-26366]
End auto log messages stack.	[MsgId: MMSG-10544]


