Start auto log messages stack - Iteration 1.	[MsgId: MMSG-10545]
Action.c(189): web_submit_data("index.php_5") was successful, 35146 body bytes, 886 header bytes, 29 chunking overhead bytes  	[MsgId: MMSG-26385]
Action.c(206): lr_think_time: 4,00 seconds.	[MsgId: MMSG-15948]
Action.c(214): web_reg_save_param_regexp started  	[MsgId: MMSG-26355]
Action.c(214): Registering web_reg_save_param_regexp was successful  	[MsgId: MMSG-26390]
Action.c(222): web_reg_find started  	[MsgId: MMSG-26355]
Action.c(222): Registering web_reg_find was successful  	[MsgId: MMSG-26390]
Action.c(226): web_submit_data("index.php_6") started  	[MsgId: MMSG-26355]
Action.c(226): Warning -26665: HTTP Status Code is missing or invalid. Assuming "200 OK"  	[MsgId: MWAR-26665]
Action.c(226): Error -35049: No match found for the requested parameter "module". Check whether the requested regular expression exists in the response data  	[MsgId: MERR-35049]
Action.c(226): Error -26366: "Text=Pay by bank wire" not found for web_reg_find  	[MsgId: MERR-26366]
End auto log messages stack.	[MsgId: MMSG-10544]


Start auto log messages stack - Iteration 3.	[MsgId: MMSG-10545]
Action.c(322): Registering web_reg_save_param_regexp was successful  	[MsgId: MMSG-26390]
Action.c(331): web_reg_find started  	[MsgId: MMSG-26355]
Action.c(331): Registering web_reg_find was successful  	[MsgId: MMSG-26390]
Action.c(335): web_submit_data("index.php_7") started  	[MsgId: MMSG-26355]
Action.c(335): Redirecting "http://automationpractice.com/index.php?fc=module&module=bankwire&controller=validation" (redirection depth is 0)  	[MsgId: MMSG-26694]
Action.c(335): To location "http://automationpractice.com/index.php?controller=order-confirmation&id_cart=4271645&id_module=3&id_order=405424&key=2f13eaba89bc90acb1971431caf0f730"  	[MsgId: MMSG-26693]
Action.c(335): Warning -26665: HTTP Status Code is missing or invalid. Assuming "200 OK"  	[MsgId: MWAR-26665]
Action.c(335): Error -26366: "Text=Your order on My Store is complete." not found for web_reg_find  	[MsgId: MERR-26366]
End auto log messages stack.	[MsgId: MMSG-10544]


Start auto log messages stack - Iteration 3.	[MsgId: MMSG-10545]
Action.c(189): web_submit_data("index.php_5") was successful, 35146 body bytes, 886 header bytes, 29 chunking overhead bytes  	[MsgId: MMSG-26385]
Action.c(206): lr_think_time: 4,00 seconds.	[MsgId: MMSG-15948]
Action.c(214): web_reg_save_param_regexp started  	[MsgId: MMSG-26355]
Action.c(214): Registering web_reg_save_param_regexp was successful  	[MsgId: MMSG-26390]
Action.c(222): web_reg_find started  	[MsgId: MMSG-26355]
Action.c(222): Registering web_reg_find was successful  	[MsgId: MMSG-26390]
Action.c(226): web_submit_data("index.php_6") started  	[MsgId: MMSG-26355]
Action.c(226): Warning -26665: HTTP Status Code is missing or invalid. Assuming "200 OK"  	[MsgId: MWAR-26665]
Action.c(226): Error -35049: No match found for the requested parameter "module". Check whether the requested regular expression exists in the response data  	[MsgId: MERR-35049]
Action.c(226): Error -26366: "Text=Pay by bank wire" not found for web_reg_find  	[MsgId: MERR-26366]
End auto log messages stack.	[MsgId: MMSG-10544]


Start auto log messages stack - Iteration 4.	[MsgId: MMSG-10545]
Action.c(25): web_url("index.php") was successful, 753402 body bytes, 15031 header bytes, 53 chunking overhead bytes  	[MsgId: MMSG-26385]
Action.c(35): Notify: Transaction "1_begin" ended with a "Pass" status (Duration: 10,5951 Wasted Time: 0,0028).	[MsgId: MMSG-16871]
Action.c(37): Notify: Transaction "2_login" started.	[MsgId: MMSG-16999]
Action.c(46): web_reg_save_param_regexp started  	[MsgId: MMSG-26355]
Action.c(46): Registering web_reg_save_param_regexp was successful  	[MsgId: MMSG-26390]
Action.c(56): web_reg_find started  	[MsgId: MMSG-26355]
Action.c(56): Registering web_reg_find was successful  	[MsgId: MMSG-26390]
Action.c(60): web_submit_data("index.php_2") started  	[MsgId: MMSG-26355]
Action.c(60): Warning -26665: HTTP Status Code is missing or invalid. Assuming "200 OK"  	[MsgId: MWAR-26665]
Action.c(60): Error -35049: No match found for the requested parameter "token". Check whether the requested regular expression exists in the response data  	[MsgId: MERR-35049]
Action.c(60): Error -26366: "Text=Sign out" not found for web_reg_find  	[MsgId: MERR-26366]
End auto log messages stack.	[MsgId: MMSG-10544]


