Start auto log messages stack - Iteration 16.	[MsgId: MMSG-10545]
Action.c(60): Registered web_reg_find successful for "Text=Sign out" (count=3)  	[MsgId: MMSG-26364]
Action.c(60): web_submit_data("index.php_2") was successful, 29353 body bytes, 2723 header bytes, 33 chunking overhead bytes  	[MsgId: MMSG-26385]
Action.c(76): Notify: Transaction "2_login" ended with a "Pass" status (Duration: 16,8470 Wasted Time: 0,0003).	[MsgId: MMSG-16871]
Action.c(77): Notify: Transaction "3_choose_clothes" started.	[MsgId: MMSG-16999]
Action.c(80): web_reg_find started  	[MsgId: MMSG-26355]
Action.c(80): Registering web_reg_find was successful  	[MsgId: MMSG-26390]
Action.c(84): web_url("Dresses") started  	[MsgId: MMSG-26355]
Action.c(84): Warning -26665: HTTP Status Code is missing or invalid. Assuming "200 OK"  	[MsgId: MWAR-26665]
Action.c(84): Error -26366: "Text=Showing 1 - 5 of 5 items" not found for web_reg_find  	[MsgId: MERR-26366]
End auto log messages stack.	[MsgId: MMSG-10544]


Start auto log messages stack - Iteration 24.	[MsgId: MMSG-10545]
Action.c(129): web_url("index.php_4") was successful, 79427 body bytes, 1424 header bytes, 37 chunking overhead bytes  	[MsgId: MMSG-26385]
Action.c(146): web_reg_save_param_regexp started  	[MsgId: MMSG-26355]
Action.c(146): Registering web_reg_save_param_regexp was successful  	[MsgId: MMSG-26390]
Action.c(155): web_reg_find started  	[MsgId: MMSG-26355]
Action.c(155): Registering web_reg_find was successful  	[MsgId: MMSG-26390]
Action.c(159): web_url("Proceed to checkout") started  	[MsgId: MMSG-26355]
Action.c(159): Warning -26665: HTTP Status Code is missing or invalid. Assuming "200 OK"  	[MsgId: MWAR-26665]
Action.c(159): Error -35049: No match found for the requested parameter "controller_1". Check whether the requested regular expression exists in the response data  	[MsgId: MERR-35049]
Action.c(159): Error -26366: "Text=Choose a delivery address:" not found for web_reg_find  	[MsgId: MERR-26366]
End auto log messages stack.	[MsgId: MMSG-10544]


Start auto log messages stack - Iteration 10.	[MsgId: MMSG-10545]
Action.c(322): Registering web_reg_save_param_regexp was successful  	[MsgId: MMSG-26390]
Action.c(331): web_reg_find started  	[MsgId: MMSG-26355]
Action.c(331): Registering web_reg_find was successful  	[MsgId: MMSG-26390]
Action.c(335): web_submit_data("index.php_7") started  	[MsgId: MMSG-26355]
Action.c(335): Redirecting "http://automationpractice.com/index.php?fc=module&module=bankwire&controller=validation" (redirection depth is 0)  	[MsgId: MMSG-26694]
Action.c(335): To location "http://automationpractice.com/index.php?controller=order-confirmation&id_cart=4282145&id_module=3&id_order=406534&key=506da3c69546d65b3e851e980a9967ff"  	[MsgId: MMSG-26693]
Action.c(335): Warning -26665: HTTP Status Code is missing or invalid. Assuming "200 OK"  	[MsgId: MWAR-26665]
Action.c(335): Error -26366: "Text=Your order on My Store is complete." not found for web_reg_find  	[MsgId: MERR-26366]
End auto log messages stack.	[MsgId: MMSG-10544]


