Start auto log messages stack - Iteration 2.	[MsgId: MMSG-10545]
Action.c(159): web_url("Proceed to checkout") was successful, 56533 body bytes, 616 header bytes, 52 chunking overhead bytes  	[MsgId: MMSG-26385]
Action.c(176): web_reg_save_param_regexp started  	[MsgId: MMSG-26355]
Action.c(176): Registering web_reg_save_param_regexp was successful  	[MsgId: MMSG-26390]
Action.c(185): web_reg_find started  	[MsgId: MMSG-26355]
Action.c(185): Registering web_reg_find was successful  	[MsgId: MMSG-26390]
Action.c(189): web_submit_data("index.php_5") started  	[MsgId: MMSG-26355]
Action.c(189): Warning -26665: HTTP Status Code is missing or invalid. Assuming "200 OK"  	[MsgId: MWAR-26665]
Action.c(189): Error -35049: No match found for the requested parameter "CorrelationParameter". Check whether the requested regular expression exists in the response data  	[MsgId: MERR-35049]
Action.c(189): Error -26366: "Text=Choose a shipping option for this address" not found for web_reg_find  	[MsgId: MERR-26366]
End auto log messages stack.	[MsgId: MMSG-10544]


Start auto log messages stack - Iteration 1.	[MsgId: MMSG-10545]
Action.c(307): web_reg_save_param_regexp started  	[MsgId: MMSG-26355]
Action.c(307): Registering web_reg_save_param_regexp was successful  	[MsgId: MMSG-26390]
Action.c(322): web_reg_save_param_regexp started  	[MsgId: MMSG-26355]
Action.c(322): Registering web_reg_save_param_regexp was successful  	[MsgId: MMSG-26390]
Action.c(331): web_reg_find started  	[MsgId: MMSG-26355]
Action.c(331): Registering web_reg_find was successful  	[MsgId: MMSG-26390]
Action.c(335): web_submit_data("index.php_7") started  	[MsgId: MMSG-26355]
Action.c(335): Warning -26665: HTTP Status Code is missing or invalid. Assuming "200 OK"  	[MsgId: MWAR-26665]
Action.c(335): Error -35049: No match found for the requested parameter "controller_3". Check whether the requested regular expression exists in the response data  	[MsgId: MERR-35049]
Action.c(335): Error -35049: No match found for the requested parameter "id_cart". Check whether the requested regular expression exists in the response data  	[MsgId: MERR-35049]
Action.c(335): Error -35049: No match found for the requested parameter "id_order". Check whether the requested regular expression exists in the response data  	[MsgId: MERR-35049]
Action.c(335): Error -35049: No match found for the requested parameter "key". Check whether the requested regular expression exists in the response data  	[MsgId: MERR-35049]
Action.c(335): Error -26366: "Text=Your order on My Store is complete." not found for web_reg_find  	[MsgId: MERR-26366]
End auto log messages stack.	[MsgId: MMSG-10544]


Start auto log messages stack - Iteration 3.	[MsgId: MMSG-10545]
Action.c(335): Registered web_reg_find successful for "Text=Your order on My Store is complete." (count=1)  	[MsgId: MMSG-26364]
Action.c(335): web_submit_data("index.php_7") was successful, 27450 body bytes, 1320 header bytes, 34 chunking overhead bytes  	[MsgId: MMSG-26385]
Action.c(347): Notify: Transaction "4_checkout" ended with a "Pass" status (Duration: 75,3030 Think Time: 4,0099 Wasted Time: 0,0068).	[MsgId: MMSG-16870]
Action.c(349): Notify: Transaction "5_logout" started.	[MsgId: MMSG-16999]
Action.c(351): web_reg_find started  	[MsgId: MMSG-26355]
Action.c(351): Registering web_reg_find was successful  	[MsgId: MMSG-26390]
Action.c(355): web_url("Sign out") started  	[MsgId: MMSG-26355]
Action.c(355): Warning -26665: HTTP Status Code is missing or invalid. Assuming "200 OK"  	[MsgId: MWAR-26665]
Action.c(355): Error -26366: "Text=Sign in" not found for web_reg_find  	[MsgId: MERR-26366]
End auto log messages stack.	[MsgId: MMSG-10544]


Start auto log messages stack - Iteration 2.	[MsgId: MMSG-10545]
Action.c(355): Redirecting "http://automationpractice.com/index.php?mylogout=" (redirection depth is 0)  	[MsgId: MMSG-26694]
Action.c(355): To location "http://automationpractice.com/index.php?controller=order-confirmation&id_cart=4270538&id_module=3&id_order=405294&key=b8e9623afc5aa25ffdcba4d810aed091"  	[MsgId: MMSG-26693]
Action.c(355): Redirecting "http://automationpractice.com/index.php?controller=order-confirmation&id_cart=4270538&id_module=3&id_order=405294&key=b8e9623afc5aa25ffdcba4d810aed091" (redirection depth is 1)  	[MsgId: MMSG-26694]
Action.c(355): To location "http://automationpractice.com/index.php?controller=history"  	[MsgId: MMSG-26693]
Action.c(355): Warning -26665: HTTP Status Code is missing or invalid. Assuming "200 OK"  	[MsgId: MWAR-26665]
Action.c(355): Error -26366: "Text=Sign in" not found for web_reg_find  	[MsgId: MERR-26366]
End auto log messages stack.	[MsgId: MMSG-10544]


Start auto log messages stack - Iteration 2.	[MsgId: MMSG-10545]
Action.c(355): Redirecting "http://automationpractice.com/index.php?controller=order-confirmation&id_cart=4270541&id_module=3&id_order=405295&key=506da3c69546d65b3e851e980a9967ff" (redirection depth is 1)  	[MsgId: MMSG-26694]
Action.c(355): To location "http://automationpractice.com/index.php?controller=history"  	[MsgId: MMSG-26693]
Action.c(355): Redirecting "http://automationpractice.com/index.php?controller=history" (redirection depth is 2)  	[MsgId: MMSG-26694]
Action.c(355): To location "http://automationpractice.com/index.php?controller=authentication&back=history"  	[MsgId: MMSG-26693]
Action.c(355): Warning -26665: HTTP Status Code is missing or invalid. Assuming "200 OK"  	[MsgId: MWAR-26665]
Action.c(355): Error -26366: "Text=Sign in" not found for web_reg_find  	[MsgId: MERR-26366]
End auto log messages stack.	[MsgId: MMSG-10544]


Start auto log messages stack - Iteration 3.	[MsgId: MMSG-10545]
Action.c(129): web_url("index.php_4") was successful, 79419 body bytes, 1424 header bytes, 45 chunking overhead bytes  	[MsgId: MMSG-26385]
Action.c(146): web_reg_save_param_regexp started  	[MsgId: MMSG-26355]
Action.c(146): Registering web_reg_save_param_regexp was successful  	[MsgId: MMSG-26390]
Action.c(155): web_reg_find started  	[MsgId: MMSG-26355]
Action.c(155): Registering web_reg_find was successful  	[MsgId: MMSG-26390]
Action.c(159): web_url("Proceed to checkout") started  	[MsgId: MMSG-26355]
Action.c(159): Warning -26665: HTTP Status Code is missing or invalid. Assuming "200 OK"  	[MsgId: MWAR-26665]
Action.c(159): Error -35049: No match found for the requested parameter "controller_1". Check whether the requested regular expression exists in the response data  	[MsgId: MERR-35049]
Action.c(159): Error -26366: "Text=Choose a delivery address:" not found for web_reg_find  	[MsgId: MERR-26366]
End auto log messages stack.	[MsgId: MMSG-10544]


Start auto log messages stack - Iteration 5.	[MsgId: MMSG-10545]
Action.c(189): web_submit_data("index.php_5") was successful, 35146 body bytes, 886 header bytes, 37 chunking overhead bytes  	[MsgId: MMSG-26385]
Action.c(206): lr_think_time: 4,00 seconds.	[MsgId: MMSG-15948]
Action.c(214): web_reg_save_param_regexp started  	[MsgId: MMSG-26355]
Action.c(214): Registering web_reg_save_param_regexp was successful  	[MsgId: MMSG-26390]
Action.c(222): web_reg_find started  	[MsgId: MMSG-26355]
Action.c(222): Registering web_reg_find was successful  	[MsgId: MMSG-26390]
Action.c(226): web_submit_data("index.php_6") started  	[MsgId: MMSG-26355]
Action.c(226): Warning -26665: HTTP Status Code is missing or invalid. Assuming "200 OK"  	[MsgId: MWAR-26665]
Action.c(226): Error -35049: No match found for the requested parameter "module". Check whether the requested regular expression exists in the response data  	[MsgId: MERR-35049]
Action.c(226): Error -26366: "Text=Pay by bank wire" not found for web_reg_find  	[MsgId: MERR-26366]
End auto log messages stack.	[MsgId: MMSG-10544]


Start auto log messages stack - Iteration 4.	[MsgId: MMSG-10545]
Action.c(355): Redirecting "http://automationpractice.com/index.php?controller=order-confirmation&id_cart=4270576&id_module=3&id_order=405299&key=b8e9623afc5aa25ffdcba4d810aed091" (redirection depth is 1)  	[MsgId: MMSG-26694]
Action.c(355): To location "http://automationpractice.com/index.php?controller=history"  	[MsgId: MMSG-26693]
Action.c(355): Redirecting "http://automationpractice.com/index.php?controller=history" (redirection depth is 2)  	[MsgId: MMSG-26694]
Action.c(355): To location "http://automationpractice.com/index.php?controller=authentication&back=history"  	[MsgId: MMSG-26693]
Action.c(355): Warning -26665: HTTP Status Code is missing or invalid. Assuming "200 OK"  	[MsgId: MWAR-26665]
Action.c(355): Error -26366: "Text=Sign in" not found for web_reg_find  	[MsgId: MERR-26366]
End auto log messages stack.	[MsgId: MMSG-10544]


