Start auto log messages stack - Iteration 1.	[MsgId: MMSG-10545]
Action.c(159): web_url("Proceed to checkout") was successful, 135932 body bytes, 616 header bytes, 132 chunking overhead bytes  	[MsgId: MMSG-26385]
Action.c(176): web_reg_save_param_regexp started  	[MsgId: MMSG-26355]
Action.c(176): Registering web_reg_save_param_regexp was successful  	[MsgId: MMSG-26390]
Action.c(185): web_reg_find started  	[MsgId: MMSG-26355]
Action.c(185): Registering web_reg_find was successful  	[MsgId: MMSG-26390]
Action.c(189): web_submit_data("index.php_5") started  	[MsgId: MMSG-26355]
Action.c(189): Warning -26665: HTTP Status Code is missing or invalid. Assuming "200 OK"  	[MsgId: MWAR-26665]
Action.c(189): Error -35049: No match found for the requested parameter "CorrelationParameter". Check whether the requested regular expression exists in the response data  	[MsgId: MERR-35049]
Action.c(189): Error -26366: "Text=Choose a shipping option for this address" not found for web_reg_find  	[MsgId: MERR-26366]
End auto log messages stack.	[MsgId: MMSG-10544]


Start auto log messages stack - Iteration 2.	[MsgId: MMSG-10545]
Action.c(46): web_reg_save_param_regexp started  	[MsgId: MMSG-26355]
Action.c(46): Registering web_reg_save_param_regexp was successful  	[MsgId: MMSG-26390]
Action.c(56): web_reg_find started  	[MsgId: MMSG-26355]
Action.c(56): Registering web_reg_find was successful  	[MsgId: MMSG-26390]
Action.c(60): web_submit_data("index.php_2") started  	[MsgId: MMSG-26355]
Action.c(60): Redirecting "http://automationpractice.com/index.php?controller=authentication" (redirection depth is 0)  	[MsgId: MMSG-26694]
Action.c(60): To location "http://automationpractice.com/index.php?controller=my-account"  	[MsgId: MMSG-26693]
Action.c(60): Warning -26665: HTTP Status Code is missing or invalid. Assuming "200 OK"  	[MsgId: MWAR-26665]
Action.c(60): Error -35049: No match found for the requested parameter "token". Check whether the requested regular expression exists in the response data  	[MsgId: MERR-35049]
Action.c(60): Error -26366: "Text=Sign out" not found for web_reg_find  	[MsgId: MERR-26366]
End auto log messages stack.	[MsgId: MMSG-10544]


Start auto log messages stack - Iteration 3.	[MsgId: MMSG-10545]
Action.c(129): web_url("index.php_4") was successful, 79419 body bytes, 1424 header bytes, 45 chunking overhead bytes  	[MsgId: MMSG-26385]
Action.c(146): web_reg_save_param_regexp started  	[MsgId: MMSG-26355]
Action.c(146): Registering web_reg_save_param_regexp was successful  	[MsgId: MMSG-26390]
Action.c(155): web_reg_find started  	[MsgId: MMSG-26355]
Action.c(155): Registering web_reg_find was successful  	[MsgId: MMSG-26390]
Action.c(159): web_url("Proceed to checkout") started  	[MsgId: MMSG-26355]
Action.c(159): Warning -26665: HTTP Status Code is missing or invalid. Assuming "200 OK"  	[MsgId: MWAR-26665]
Action.c(159): Error -35049: No match found for the requested parameter "controller_1". Check whether the requested regular expression exists in the response data  	[MsgId: MERR-35049]
Action.c(159): Error -26366: "Text=Choose a delivery address:" not found for web_reg_find  	[MsgId: MERR-26366]
End auto log messages stack.	[MsgId: MMSG-10544]


Start auto log messages stack - Iteration 7.	[MsgId: MMSG-10545]
Starting action Action.	[MsgId: MMSG-15919]
Action.c(4): Notify: Transaction "1_begin" started.	[MsgId: MMSG-16999]
Action.c(12): web_reg_save_param_regexp started  	[MsgId: MMSG-26355]
Action.c(12): Registering web_reg_save_param_regexp was successful  	[MsgId: MMSG-26390]
Action.c(21): web_reg_find started  	[MsgId: MMSG-26355]
Action.c(21): Registering web_reg_find was successful  	[MsgId: MMSG-26390]
Action.c(25): web_url("index.php") started  	[MsgId: MMSG-26355]
Action.c(25): Warning -26665: HTTP Status Code is missing or invalid. Assuming "200 OK"  	[MsgId: MWAR-26665]
Action.c(25): Error -35049: No match found for the requested parameter "controller". Check whether the requested regular expression exists in the response data  	[MsgId: MERR-35049]
Action.c(25): Error -26366: "Text=Sign in" not found for web_reg_find  	[MsgId: MERR-26366]
End auto log messages stack.	[MsgId: MMSG-10544]


Start auto log messages stack - Iteration 8.	[MsgId: MMSG-10545]
Action.c(355): Redirecting "http://automationpractice.com/index.php?controller=order-confirmation&id_cart=4281290&id_module=3&id_order=406406&key=b8e9623afc5aa25ffdcba4d810aed091" (redirection depth is 1)  	[MsgId: MMSG-26694]
Action.c(355): To location "http://automationpractice.com/index.php?controller=history"  	[MsgId: MMSG-26693]
Action.c(355): Redirecting "http://automationpractice.com/index.php?controller=history" (redirection depth is 2)  	[MsgId: MMSG-26694]
Action.c(355): To location "http://automationpractice.com/index.php?controller=authentication&back=history"  	[MsgId: MMSG-26693]
Action.c(355): Warning -26665: HTTP Status Code is missing or invalid. Assuming "200 OK"  	[MsgId: MWAR-26665]
Action.c(355): Error -26366: "Text=Sign in" not found for web_reg_find  	[MsgId: MERR-26366]
End auto log messages stack.	[MsgId: MMSG-10544]


Start auto log messages stack - Iteration 9.	[MsgId: MMSG-10545]
Action.c(355): Redirecting "http://automationpractice.com/index.php?controller=order-confirmation&id_cart=4281307&id_module=3&id_order=406410&key=2f13eaba89bc90acb1971431caf0f730" (redirection depth is 1)  	[MsgId: MMSG-26694]
Action.c(355): To location "http://automationpractice.com/index.php?controller=history"  	[MsgId: MMSG-26693]
Action.c(355): Redirecting "http://automationpractice.com/index.php?controller=history" (redirection depth is 2)  	[MsgId: MMSG-26694]
Action.c(355): To location "http://automationpractice.com/index.php?controller=authentication&back=history"  	[MsgId: MMSG-26693]
Action.c(355): Warning -26665: HTTP Status Code is missing or invalid. Assuming "200 OK"  	[MsgId: MWAR-26665]
Action.c(355): Error -26366: "Text=Sign in" not found for web_reg_find  	[MsgId: MERR-26366]
End auto log messages stack.	[MsgId: MMSG-10544]


Start auto log messages stack - Iteration 13.	[MsgId: MMSG-10545]
Action.c(84): Found resource "http://automationpractice.com/img/p/1/0/10-home_default.jpg" in HTML "http://automationpractice.com/index.php?id_category=8&controller=category"  	[MsgId: MMSG-26659]
Action.c(84): Found resource "http://automationpractice.com/img/p/1/2/12-home_default.jpg" in HTML "http://automationpractice.com/index.php?id_category=8&controller=category"  	[MsgId: MMSG-26659]
Action.c(84): Found resource "http://automationpractice.com/img/p/1/6/16-home_default.jpg" in HTML "http://automationpractice.com/index.php?id_category=8&controller=category"  	[MsgId: MMSG-26659]
Action.c(84): Found resource "http://automationpractice.com/img/p/2/0/20-home_default.jpg" in HTML "http://automationpractice.com/index.php?id_category=8&controller=category"  	[MsgId: MMSG-26659]
Action.c(84): Error -27720: Step download timeout (120 seconds) has expired when downloading resource "http://automationpractice.com/img/c/9-medium_default.jpg". Set the "Step Timeout caused by resources is a warning" Runtime Setting to Yes/No to have this message as a warning/error, respectively  	[MsgId: MERR-27720]
End auto log messages stack.	[MsgId: MMSG-10544]


Start auto log messages stack - Iteration 15.	[MsgId: MMSG-10545]
Action.c(25): web_url("index.php") was successful, 753402 body bytes, 15031 header bytes, 61 chunking overhead bytes  	[MsgId: MMSG-26385]
Action.c(35): Notify: Transaction "1_begin" ended with a "Pass" status (Duration: 13,9053 Wasted Time: 0,0043).	[MsgId: MMSG-16871]
Action.c(37): Notify: Transaction "2_login" started.	[MsgId: MMSG-16999]
Action.c(46): web_reg_save_param_regexp started  	[MsgId: MMSG-26355]
Action.c(46): Registering web_reg_save_param_regexp was successful  	[MsgId: MMSG-26390]
Action.c(56): web_reg_find started  	[MsgId: MMSG-26355]
Action.c(56): Registering web_reg_find was successful  	[MsgId: MMSG-26390]
Action.c(60): web_submit_data("index.php_2") started  	[MsgId: MMSG-26355]
Action.c(60): Warning -26665: HTTP Status Code is missing or invalid. Assuming "200 OK"  	[MsgId: MWAR-26665]
Action.c(60): Error -35049: No match found for the requested parameter "token". Check whether the requested regular expression exists in the response data  	[MsgId: MERR-35049]
Action.c(60): Error -26366: "Text=Sign out" not found for web_reg_find  	[MsgId: MERR-26366]
End auto log messages stack.	[MsgId: MMSG-10544]


Start auto log messages stack - Iteration 19.	[MsgId: MMSG-10545]
Action.c(84): Found resource "http://automationpractice.com/img/p/1/0/10-home_default.jpg" in HTML "http://automationpractice.com/index.php?id_category=8&controller=category"  	[MsgId: MMSG-26659]
Action.c(84): Found resource "http://automationpractice.com/img/p/1/2/12-home_default.jpg" in HTML "http://automationpractice.com/index.php?id_category=8&controller=category"  	[MsgId: MMSG-26659]
Action.c(84): Found resource "http://automationpractice.com/img/p/1/6/16-home_default.jpg" in HTML "http://automationpractice.com/index.php?id_category=8&controller=category"  	[MsgId: MMSG-26659]
Action.c(84): Found resource "http://automationpractice.com/img/p/2/0/20-home_default.jpg" in HTML "http://automationpractice.com/index.php?id_category=8&controller=category"  	[MsgId: MMSG-26659]
Action.c(84): Error -27720: Step download timeout (120 seconds) has expired when downloading resource "http://automationpractice.com/themes/default-bootstrap/css/modules/blocklayered/blocklayered.css". Set the "Step Timeout caused by resources is a warning" Runtime Setting to Yes/No to have this message as a warning/error, respectively  	[MsgId: MERR-27720]
End auto log messages stack.	[MsgId: MMSG-10544]


