Start auto log messages stack - Iteration 2.	[MsgId: MMSG-10545]
Action.c(107): Notify: Transaction "4_add_wishlist" ended with a "Pass" status (Duration: 19,2870 Wasted Time: 0,0003).	[MsgId: MMSG-16871]
Action.c(109): Notify: Transaction "5_logout" started.	[MsgId: MMSG-16999]
Action.c(111): web_reg_find started  	[MsgId: MMSG-26355]
Action.c(111): Registering web_reg_find was successful  	[MsgId: MMSG-26390]
Action.c(115): web_url("Sign out") started  	[MsgId: MMSG-26355]
Action.c(115): Redirecting "http://automationpractice.com/index.php?mylogout=" (redirection depth is 0)  	[MsgId: MMSG-26694]
Action.c(115): To location "http://automationpractice.com/index.php?fc=module&module=blockwishlist&controller=mywishlist"  	[MsgId: MMSG-26693]
Action.c(115): Warning -26665: HTTP Status Code is missing or invalid. Assuming "200 OK"  	[MsgId: MWAR-26665]
Action.c(115): Continuing after Error -26366: "Text=Sign in" not found for web_reg_find  	[MsgId: MERR-26366]
End auto log messages stack.	[MsgId: MMSG-10544]


Start auto log messages stack - Iteration 2.	[MsgId: MMSG-10545]
Starting action Action.	[MsgId: MMSG-15919]
Action.c(6): Notify: Transaction "1_begin" started.	[MsgId: MMSG-16999]
Action.c(14): web_reg_save_param_regexp started  	[MsgId: MMSG-26355]
Action.c(14): Registering web_reg_save_param_regexp was successful  	[MsgId: MMSG-26390]
Action.c(23): web_reg_find started  	[MsgId: MMSG-26355]
Action.c(23): Registering web_reg_find was successful  	[MsgId: MMSG-26390]
Action.c(27): web_url("index.php") started  	[MsgId: MMSG-26355]
Action.c(27): Warning -26665: HTTP Status Code is missing or invalid. Assuming "200 OK"  	[MsgId: MWAR-26665]
Action.c(27): Continuing after Error -35049: No match found for the requested parameter "controller". Check whether the requested regular expression exists in the response data  	[MsgId: MERR-35049]
Action.c(27): Continuing after Error -26366: "Text=Already registered" not found for web_reg_find  	[MsgId: MERR-26366]
End auto log messages stack.	[MsgId: MMSG-10544]


Start auto log messages stack - Iteration 2.	[MsgId: MMSG-10545]
Action.c(27): Continuing after error in Vuser script.	[MsgId: MMSG-10678]
Action.c(37): Notify: Transaction "1_begin" ended with a "Fail" status (Duration: 0,2684 Wasted Time: 0,0001).	[MsgId: MMSG-16871]
Action.c(37): Notify: Transaction "1_begin" has 1 error message(s).	[MsgId: MMSG-16818]
Action.c(37): Notify: The 1st error message associated with transaction "1_begin" is "Error -26366: "Text=Already registered" not found for web_reg_find"	[MsgId: MMSG-16819]
Action.c(39): Notify: Transaction "2_login" started.	[MsgId: MMSG-16999]
Action.c(42): web_reg_save_param_regexp started  	[MsgId: MMSG-26355]
Action.c(42): Registering web_reg_save_param_regexp was successful  	[MsgId: MMSG-26390]
Action.c(51): web_reg_find started  	[MsgId: MMSG-26355]
Action.c(51): Registering web_reg_find was successful  	[MsgId: MMSG-26390]
Action.c(55): web_submit_data("index.php_2") started  	[MsgId: MMSG-26355]
Action.c(55): Warning -26665: HTTP Status Code is missing or invalid. Assuming "200 OK"  	[MsgId: MWAR-26665]
Action.c(55): Continuing after Error -35049: No match found for the requested parameter "token". Check whether the requested regular expression exists in the response data  	[MsgId: MERR-35049]
Action.c(55): Continuing after Error -26366: "Text=My account" not found for web_reg_find  	[MsgId: MERR-26366]
End auto log messages stack.	[MsgId: MMSG-10544]


Start auto log messages stack - Iteration 2.	[MsgId: MMSG-10545]
Action.c(75): web_url("My wishlists") started  	[MsgId: MMSG-26355]
Action.c(75): Warning -26665: HTTP Status Code is missing or invalid. Assuming "200 OK"  	[MsgId: MWAR-26665]
Action.c(75): web_url("My wishlists") highest severity level was "warning", 288 body bytes, 204 header bytes  	[MsgId: MMSG-26388]
Action.c(85): Notify: Transaction "3_wishlist" ended with a "Pass" status (Duration: 0,1346).	[MsgId: MMSG-16873]
Action.c(87): Notify: Transaction "4_add_wishlist" started.	[MsgId: MMSG-16999]
Action.c(89): web_reg_find started  	[MsgId: MMSG-26355]
Action.c(89): Registering web_reg_find was successful  	[MsgId: MMSG-26390]
Action.c(93): web_submit_data("index.php_3") started  	[MsgId: MMSG-26355]
Action.c(93): Warning -26665: HTTP Status Code is missing or invalid. Assuming "200 OK"  	[MsgId: MWAR-26665]
Action.c(93): Continuing after Error -26366: "Text=My wishlists" not found for web_reg_find  	[MsgId: MERR-26366]
End auto log messages stack.	[MsgId: MMSG-10544]


Start auto log messages stack - Iteration 2.	[MsgId: MMSG-10545]
Action.c(93): web_submit_data("index.php_3") highest severity level was "continue on error", 288 body bytes, 204 header bytes  	[MsgId: MMSG-26388]
Action.c(93): Continuing after error in Vuser script.	[MsgId: MMSG-10678]
Action.c(107): Notify: Transaction "4_add_wishlist" ended with a "Fail" status (Duration: 0,1343 Wasted Time: 0,0000).	[MsgId: MMSG-16871]
Action.c(107): Notify: Transaction "4_add_wishlist" has 1 error message(s).	[MsgId: MMSG-16818]
Action.c(107): Notify: The 1st error message associated with transaction "4_add_wishlist" is "Error -26366: "Text=My wishlists" not found for web_reg_find"	[MsgId: MMSG-16819]
Action.c(109): Notify: Transaction "5_logout" started.	[MsgId: MMSG-16999]
Action.c(111): web_reg_find started  	[MsgId: MMSG-26355]
Action.c(111): Registering web_reg_find was successful  	[MsgId: MMSG-26390]
Action.c(115): web_url("Sign out") started  	[MsgId: MMSG-26355]
Action.c(115): Warning -26665: HTTP Status Code is missing or invalid. Assuming "200 OK"  	[MsgId: MWAR-26665]
Action.c(115): Continuing after Error -26366: "Text=Sign in" not found for web_reg_find  	[MsgId: MERR-26366]
End auto log messages stack.	[MsgId: MMSG-10544]


Start auto log messages stack - Iteration 1.	[MsgId: MMSG-10545]
Action.c(107): Notify: Transaction "4_add_wishlist" ended with a "Pass" status (Duration: 25,2922 Wasted Time: 0,0002).	[MsgId: MMSG-16871]
Action.c(109): Notify: Transaction "5_logout" started.	[MsgId: MMSG-16999]
Action.c(111): web_reg_find started  	[MsgId: MMSG-26355]
Action.c(111): Registering web_reg_find was successful  	[MsgId: MMSG-26390]
Action.c(115): web_url("Sign out") started  	[MsgId: MMSG-26355]
Action.c(115): Redirecting "http://automationpractice.com/index.php?mylogout=" (redirection depth is 0)  	[MsgId: MMSG-26694]
Action.c(115): To location "http://automationpractice.com/index.php?fc=module&module=blockwishlist&controller=mywishlist"  	[MsgId: MMSG-26693]
Action.c(115): Warning -26665: HTTP Status Code is missing or invalid. Assuming "200 OK"  	[MsgId: MWAR-26665]
Action.c(115): Continuing after Error -26366: "Text=Sign in" not found for web_reg_find  	[MsgId: MERR-26366]
End auto log messages stack.	[MsgId: MMSG-10544]


Start auto log messages stack - Iteration 3.	[MsgId: MMSG-10545]
Starting action Action.	[MsgId: MMSG-15919]
Action.c(6): Notify: Transaction "1_begin" started.	[MsgId: MMSG-16999]
Action.c(14): web_reg_save_param_regexp started  	[MsgId: MMSG-26355]
Action.c(14): Registering web_reg_save_param_regexp was successful  	[MsgId: MMSG-26390]
Action.c(23): web_reg_find started  	[MsgId: MMSG-26355]
Action.c(23): Registering web_reg_find was successful  	[MsgId: MMSG-26390]
Action.c(27): web_url("index.php") started  	[MsgId: MMSG-26355]
Action.c(27): Warning -26665: HTTP Status Code is missing or invalid. Assuming "200 OK"  	[MsgId: MWAR-26665]
Action.c(27): Continuing after Error -35049: No match found for the requested parameter "controller". Check whether the requested regular expression exists in the response data  	[MsgId: MERR-35049]
Action.c(27): Continuing after Error -26366: "Text=Already registered" not found for web_reg_find  	[MsgId: MERR-26366]
End auto log messages stack.	[MsgId: MMSG-10544]


Start auto log messages stack - Iteration 3.	[MsgId: MMSG-10545]
Action.c(27): Continuing after error in Vuser script.	[MsgId: MMSG-10678]
Action.c(37): Notify: Transaction "1_begin" ended with a "Fail" status (Duration: 1,2737 Wasted Time: 0,0001).	[MsgId: MMSG-16871]
Action.c(37): Notify: Transaction "1_begin" has 1 error message(s).	[MsgId: MMSG-16818]
Action.c(37): Notify: The 1st error message associated with transaction "1_begin" is "Error -26366: "Text=Already registered" not found for web_reg_find"	[MsgId: MMSG-16819]
Action.c(39): Notify: Transaction "2_login" started.	[MsgId: MMSG-16999]
Action.c(42): web_reg_save_param_regexp started  	[MsgId: MMSG-26355]
Action.c(42): Registering web_reg_save_param_regexp was successful  	[MsgId: MMSG-26390]
Action.c(51): web_reg_find started  	[MsgId: MMSG-26355]
Action.c(51): Registering web_reg_find was successful  	[MsgId: MMSG-26390]
Action.c(55): web_submit_data("index.php_2") started  	[MsgId: MMSG-26355]
Action.c(55): Warning -26665: HTTP Status Code is missing or invalid. Assuming "200 OK"  	[MsgId: MWAR-26665]
Action.c(55): Continuing after Error -35049: No match found for the requested parameter "token". Check whether the requested regular expression exists in the response data  	[MsgId: MERR-35049]
Action.c(55): Continuing after Error -26366: "Text=My account" not found for web_reg_find  	[MsgId: MERR-26366]
End auto log messages stack.	[MsgId: MMSG-10544]


Start auto log messages stack - Iteration 3.	[MsgId: MMSG-10545]
Action.c(75): web_url("My wishlists") started  	[MsgId: MMSG-26355]
Action.c(75): Warning -26665: HTTP Status Code is missing or invalid. Assuming "200 OK"  	[MsgId: MWAR-26665]
Action.c(75): web_url("My wishlists") highest severity level was "warning", 288 body bytes, 204 header bytes  	[MsgId: MMSG-26388]
Action.c(85): Notify: Transaction "3_wishlist" ended with a "Pass" status (Duration: 0,1335).	[MsgId: MMSG-16873]
Action.c(87): Notify: Transaction "4_add_wishlist" started.	[MsgId: MMSG-16999]
Action.c(89): web_reg_find started  	[MsgId: MMSG-26355]
Action.c(89): Registering web_reg_find was successful  	[MsgId: MMSG-26390]
Action.c(93): web_submit_data("index.php_3") started  	[MsgId: MMSG-26355]
Action.c(93): Warning -26665: HTTP Status Code is missing or invalid. Assuming "200 OK"  	[MsgId: MWAR-26665]
Action.c(93): Continuing after Error -26366: "Text=My wishlists" not found for web_reg_find  	[MsgId: MERR-26366]
End auto log messages stack.	[MsgId: MMSG-10544]


Start auto log messages stack - Iteration 3.	[MsgId: MMSG-10545]
Action.c(93): web_submit_data("index.php_3") highest severity level was "continue on error", 288 body bytes, 204 header bytes  	[MsgId: MMSG-26388]
Action.c(93): Continuing after error in Vuser script.	[MsgId: MMSG-10678]
Action.c(107): Notify: Transaction "4_add_wishlist" ended with a "Fail" status (Duration: 0,1373 Wasted Time: 0,0000).	[MsgId: MMSG-16871]
Action.c(107): Notify: Transaction "4_add_wishlist" has 1 error message(s).	[MsgId: MMSG-16818]
Action.c(107): Notify: The 1st error message associated with transaction "4_add_wishlist" is "Error -26366: "Text=My wishlists" not found for web_reg_find"	[MsgId: MMSG-16819]
Action.c(109): Notify: Transaction "5_logout" started.	[MsgId: MMSG-16999]
Action.c(111): web_reg_find started  	[MsgId: MMSG-26355]
Action.c(111): Registering web_reg_find was successful  	[MsgId: MMSG-26390]
Action.c(115): web_url("Sign out") started  	[MsgId: MMSG-26355]
Action.c(115): Warning -26665: HTTP Status Code is missing or invalid. Assuming "200 OK"  	[MsgId: MWAR-26665]
Action.c(115): Continuing after Error -26366: "Text=Sign in" not found for web_reg_find  	[MsgId: MERR-26366]
End auto log messages stack.	[MsgId: MMSG-10544]


Start auto log messages stack - Iteration 3.	[MsgId: MMSG-10545]
Action.c(42): web_reg_save_param_regexp started  	[MsgId: MMSG-26355]
Action.c(42): Registering web_reg_save_param_regexp was successful  	[MsgId: MMSG-26390]
Action.c(51): web_reg_find started  	[MsgId: MMSG-26355]
Action.c(51): Registering web_reg_find was successful  	[MsgId: MMSG-26390]
Action.c(55): web_submit_data("index.php_2") started  	[MsgId: MMSG-26355]
Action.c(55): Redirecting "http://automationpractice.com/index.php?controller=authentication" (redirection depth is 0)  	[MsgId: MMSG-26694]
Action.c(55): To location "http://automationpractice.com/index.php?controller=my-account"  	[MsgId: MMSG-26693]
Action.c(55): Warning -26665: HTTP Status Code is missing or invalid. Assuming "200 OK"  	[MsgId: MWAR-26665]
Action.c(55): Continuing after Error -35049: No match found for the requested parameter "token". Check whether the requested regular expression exists in the response data  	[MsgId: MERR-35049]
Action.c(55): Continuing after Error -26366: "Text=My account" not found for web_reg_find  	[MsgId: MERR-26366]
End auto log messages stack.	[MsgId: MMSG-10544]


Start auto log messages stack - Iteration 2.	[MsgId: MMSG-10545]
Action.c(75): Found resource "http://automationpractice.com/modules/blockstore/store.jpg" in HTML "http://automationpractice.com/index.php?fc=module&module=blockwishlist&controller=mywishlist"  	[MsgId: MMSG-26659]
Action.c(75): web_url("My wishlists") was successful, 121876 body bytes, 2332 header bytes, 100 chunking overhead bytes  	[MsgId: MMSG-26385]
Action.c(85): Notify: Transaction "3_wishlist" ended with a "Pass" status (Duration: 12,0248).	[MsgId: MMSG-16873]
Action.c(87): Notify: Transaction "4_add_wishlist" started.	[MsgId: MMSG-16999]
Action.c(89): web_reg_find started  	[MsgId: MMSG-26355]
Action.c(89): Registering web_reg_find was successful  	[MsgId: MMSG-26390]
Action.c(93): web_submit_data("index.php_3") started  	[MsgId: MMSG-26355]
Action.c(93): Warning -26665: HTTP Status Code is missing or invalid. Assuming "200 OK"  	[MsgId: MWAR-26665]
Action.c(93): Continuing after Error -26366: "Text=My wishlists" not found for web_reg_find  	[MsgId: MERR-26366]
End auto log messages stack.	[MsgId: MMSG-10544]


Start auto log messages stack - Iteration 2.	[MsgId: MMSG-10545]
Action.c(93): web_submit_data("index.php_3") highest severity level was "continue on error", 288 body bytes, 204 header bytes  	[MsgId: MMSG-26388]
Action.c(93): Continuing after error in Vuser script.	[MsgId: MMSG-10678]
Action.c(107): Notify: Transaction "4_add_wishlist" ended with a "Fail" status (Duration: 0,1355 Wasted Time: 0,0000).	[MsgId: MMSG-16871]
Action.c(107): Notify: Transaction "4_add_wishlist" has 1 error message(s).	[MsgId: MMSG-16818]
Action.c(107): Notify: The 1st error message associated with transaction "4_add_wishlist" is "Error -26366: "Text=My wishlists" not found for web_reg_find"	[MsgId: MMSG-16819]
Action.c(109): Notify: Transaction "5_logout" started.	[MsgId: MMSG-16999]
Action.c(111): web_reg_find started  	[MsgId: MMSG-26355]
Action.c(111): Registering web_reg_find was successful  	[MsgId: MMSG-26390]
Action.c(115): web_url("Sign out") started  	[MsgId: MMSG-26355]
Action.c(115): Warning -26665: HTTP Status Code is missing or invalid. Assuming "200 OK"  	[MsgId: MWAR-26665]
Action.c(115): Continuing after Error -26366: "Text=Sign in" not found for web_reg_find  	[MsgId: MERR-26366]
End auto log messages stack.	[MsgId: MMSG-10544]


