Start auto log messages stack - Iteration 3.	[MsgId: MMSG-10545]
Action.c(27): web_url("index.php") was successful, 753402 body bytes, 15031 header bytes, 53 chunking overhead bytes  	[MsgId: MMSG-26385]
Action.c(37): Notify: Transaction "1_begin" ended with a "Pass" status (Duration: 7,3267 Wasted Time: 0,0029).	[MsgId: MMSG-16871]
Action.c(39): Notify: Transaction "2_login" started.	[MsgId: MMSG-16999]
Action.c(42): web_reg_save_param_regexp started  	[MsgId: MMSG-26355]
Action.c(42): Registering web_reg_save_param_regexp was successful  	[MsgId: MMSG-26390]
Action.c(51): web_reg_find started  	[MsgId: MMSG-26355]
Action.c(51): Registering web_reg_find was successful  	[MsgId: MMSG-26390]
Action.c(55): web_submit_data("index.php_2") started  	[MsgId: MMSG-26355]
Action.c(55): Warning -26665: HTTP Status Code is missing or invalid. Assuming "200 OK"  	[MsgId: MWAR-26665]
Action.c(55): Error -35049: No match found for the requested parameter "token". Check whether the requested regular expression exists in the response data  	[MsgId: MERR-35049]
Action.c(55): Error -26366: "Text=My account" not found for web_reg_find  	[MsgId: MERR-26366]
End auto log messages stack.	[MsgId: MMSG-10544]


Start auto log messages stack - Iteration 1.	[MsgId: MMSG-10545]
Action.c(107): Notify: Transaction "4_add_wishlist" ended with a "Pass" status (Duration: 17,7330 Wasted Time: 0,0002).	[MsgId: MMSG-16871]
Action.c(109): Notify: Transaction "5_logout" started.	[MsgId: MMSG-16999]
Action.c(111): web_reg_find started  	[MsgId: MMSG-26355]
Action.c(111): Registering web_reg_find was successful  	[MsgId: MMSG-26390]
Action.c(115): web_url("Sign out") started  	[MsgId: MMSG-26355]
Action.c(115): Redirecting "http://automationpractice.com/index.php?mylogout=" (redirection depth is 0)  	[MsgId: MMSG-26694]
Action.c(115): To location "http://automationpractice.com/index.php?fc=module&module=blockwishlist&controller=mywishlist"  	[MsgId: MMSG-26693]
Action.c(115): Warning -26665: HTTP Status Code is missing or invalid. Assuming "200 OK"  	[MsgId: MWAR-26665]
Action.c(115): Error -26366: "Text=Sign in" not found for web_reg_find  	[MsgId: MERR-26366]
End auto log messages stack.	[MsgId: MMSG-10544]


Start auto log messages stack - Iteration 2.	[MsgId: MMSG-10545]
Starting action Action.	[MsgId: MMSG-15919]
Action.c(6): Notify: Transaction "1_begin" started.	[MsgId: MMSG-16999]
Action.c(14): web_reg_save_param_regexp started  	[MsgId: MMSG-26355]
Action.c(14): Registering web_reg_save_param_regexp was successful  	[MsgId: MMSG-26390]
Action.c(23): web_reg_find started  	[MsgId: MMSG-26355]
Action.c(23): Registering web_reg_find was successful  	[MsgId: MMSG-26390]
Action.c(27): web_url("index.php") started  	[MsgId: MMSG-26355]
Action.c(27): Warning -26665: HTTP Status Code is missing or invalid. Assuming "200 OK"  	[MsgId: MWAR-26665]
Action.c(27): Error -35049: No match found for the requested parameter "controller". Check whether the requested regular expression exists in the response data  	[MsgId: MERR-35049]
Action.c(27): Error -26366: "Text=Already registered" not found for web_reg_find  	[MsgId: MERR-26366]
End auto log messages stack.	[MsgId: MMSG-10544]


Start auto log messages stack - Iteration 3.	[MsgId: MMSG-10545]
Starting action Action.	[MsgId: MMSG-15919]
Action.c(6): Notify: Transaction "1_begin" started.	[MsgId: MMSG-16999]
Action.c(14): web_reg_save_param_regexp started  	[MsgId: MMSG-26355]
Action.c(14): Registering web_reg_save_param_regexp was successful  	[MsgId: MMSG-26390]
Action.c(23): web_reg_find started  	[MsgId: MMSG-26355]
Action.c(23): Registering web_reg_find was successful  	[MsgId: MMSG-26390]
Action.c(27): web_url("index.php") started  	[MsgId: MMSG-26355]
Action.c(27): Warning -26665: HTTP Status Code is missing or invalid. Assuming "200 OK"  	[MsgId: MWAR-26665]
Action.c(27): Error -35049: No match found for the requested parameter "controller". Check whether the requested regular expression exists in the response data  	[MsgId: MERR-35049]
Action.c(27): Error -26366: "Text=Already registered" not found for web_reg_find  	[MsgId: MERR-26366]
End auto log messages stack.	[MsgId: MMSG-10544]


Start auto log messages stack - Iteration 4.	[MsgId: MMSG-10545]
Starting action Action.	[MsgId: MMSG-15919]
Action.c(6): Notify: Transaction "1_begin" started.	[MsgId: MMSG-16999]
Action.c(14): web_reg_save_param_regexp started  	[MsgId: MMSG-26355]
Action.c(14): Registering web_reg_save_param_regexp was successful  	[MsgId: MMSG-26390]
Action.c(23): web_reg_find started  	[MsgId: MMSG-26355]
Action.c(23): Registering web_reg_find was successful  	[MsgId: MMSG-26390]
Action.c(27): web_url("index.php") started  	[MsgId: MMSG-26355]
Action.c(27): Warning -26665: HTTP Status Code is missing or invalid. Assuming "200 OK"  	[MsgId: MWAR-26665]
Action.c(27): Error -35049: No match found for the requested parameter "controller". Check whether the requested regular expression exists in the response data  	[MsgId: MERR-35049]
Action.c(27): Error -26366: "Text=Already registered" not found for web_reg_find  	[MsgId: MERR-26366]
End auto log messages stack.	[MsgId: MMSG-10544]


Start auto log messages stack - Iteration 5.	[MsgId: MMSG-10545]
Starting action Action.	[MsgId: MMSG-15919]
Action.c(6): Notify: Transaction "1_begin" started.	[MsgId: MMSG-16999]
Action.c(14): web_reg_save_param_regexp started  	[MsgId: MMSG-26355]
Action.c(14): Registering web_reg_save_param_regexp was successful  	[MsgId: MMSG-26390]
Action.c(23): web_reg_find started  	[MsgId: MMSG-26355]
Action.c(23): Registering web_reg_find was successful  	[MsgId: MMSG-26390]
Action.c(27): web_url("index.php") started  	[MsgId: MMSG-26355]
Action.c(27): Warning -26665: HTTP Status Code is missing or invalid. Assuming "200 OK"  	[MsgId: MWAR-26665]
Action.c(27): Error -35049: No match found for the requested parameter "controller". Check whether the requested regular expression exists in the response data  	[MsgId: MERR-35049]
Action.c(27): Error -26366: "Text=Already registered" not found for web_reg_find  	[MsgId: MERR-26366]
End auto log messages stack.	[MsgId: MMSG-10544]


Start auto log messages stack - Iteration 5.	[MsgId: MMSG-10545]
Action.c(93): Registered web_reg_find successful for "Text=My wishlists" (count=4)  	[MsgId: MMSG-26364]
Action.c(93): web_submit_data("index.php_3") was successful, 70343 body bytes, 650 header bytes, 82 chunking overhead bytes  	[MsgId: MMSG-26385]
Action.c(107): Notify: Transaction "4_add_wishlist" ended with a "Pass" status (Duration: 24,3625 Wasted Time: 0,0003).	[MsgId: MMSG-16871]
Action.c(109): Notify: Transaction "5_logout" started.	[MsgId: MMSG-16999]
Action.c(111): web_reg_find started  	[MsgId: MMSG-26355]
Action.c(111): Registering web_reg_find was successful  	[MsgId: MMSG-26390]
Action.c(115): web_url("Sign out") started  	[MsgId: MMSG-26355]
Action.c(115): Warning -26665: HTTP Status Code is missing or invalid. Assuming "200 OK"  	[MsgId: MWAR-26665]
Action.c(115): Error -26366: "Text=Sign in" not found for web_reg_find  	[MsgId: MERR-26366]
End auto log messages stack.	[MsgId: MMSG-10544]


Start auto log messages stack - Iteration 6.	[MsgId: MMSG-10545]
Action.c(42): web_reg_save_param_regexp started  	[MsgId: MMSG-26355]
Action.c(42): Registering web_reg_save_param_regexp was successful  	[MsgId: MMSG-26390]
Action.c(51): web_reg_find started  	[MsgId: MMSG-26355]
Action.c(51): Registering web_reg_find was successful  	[MsgId: MMSG-26390]
Action.c(55): web_submit_data("index.php_2") started  	[MsgId: MMSG-26355]
Action.c(55): Redirecting "http://automationpractice.com/index.php?controller=authentication" (redirection depth is 0)  	[MsgId: MMSG-26694]
Action.c(55): To location "http://automationpractice.com/index.php?controller=my-account"  	[MsgId: MMSG-26693]
Action.c(55): Warning -26665: HTTP Status Code is missing or invalid. Assuming "200 OK"  	[MsgId: MWAR-26665]
Action.c(55): Error -35049: No match found for the requested parameter "token". Check whether the requested regular expression exists in the response data  	[MsgId: MERR-35049]
Action.c(55): Error -26366: "Text=My account" not found for web_reg_find  	[MsgId: MERR-26366]
End auto log messages stack.	[MsgId: MMSG-10544]


Start auto log messages stack - Iteration 7.	[MsgId: MMSG-10545]
Starting action Action.	[MsgId: MMSG-15919]
Action.c(6): Notify: Transaction "1_begin" started.	[MsgId: MMSG-16999]
Action.c(14): web_reg_save_param_regexp started  	[MsgId: MMSG-26355]
Action.c(14): Registering web_reg_save_param_regexp was successful  	[MsgId: MMSG-26390]
Action.c(23): web_reg_find started  	[MsgId: MMSG-26355]
Action.c(23): Registering web_reg_find was successful  	[MsgId: MMSG-26390]
Action.c(27): web_url("index.php") started  	[MsgId: MMSG-26355]
Action.c(27): Warning -26665: HTTP Status Code is missing or invalid. Assuming "200 OK"  	[MsgId: MWAR-26665]
Action.c(27): Error -35049: No match found for the requested parameter "controller". Check whether the requested regular expression exists in the response data  	[MsgId: MERR-35049]
Action.c(27): Error -26366: "Text=Already registered" not found for web_reg_find  	[MsgId: MERR-26366]
End auto log messages stack.	[MsgId: MMSG-10544]


Start auto log messages stack - Iteration 3.	[MsgId: MMSG-10545]
Action.c(27): web_url("index.php") was successful, 753402 body bytes, 15025 header bytes, 61 chunking overhead bytes  	[MsgId: MMSG-26385]
Action.c(37): Notify: Transaction "1_begin" ended with a "Pass" status (Duration: 13,7735 Wasted Time: 0,0030).	[MsgId: MMSG-16871]
Action.c(39): Notify: Transaction "2_login" started.	[MsgId: MMSG-16999]
Action.c(42): web_reg_save_param_regexp started  	[MsgId: MMSG-26355]
Action.c(42): Registering web_reg_save_param_regexp was successful  	[MsgId: MMSG-26390]
Action.c(51): web_reg_find started  	[MsgId: MMSG-26355]
Action.c(51): Registering web_reg_find was successful  	[MsgId: MMSG-26390]
Action.c(55): web_submit_data("index.php_2") started  	[MsgId: MMSG-26355]
Action.c(55): Warning -26665: HTTP Status Code is missing or invalid. Assuming "200 OK"  	[MsgId: MWAR-26665]
Action.c(55): Error -35049: No match found for the requested parameter "token". Check whether the requested regular expression exists in the response data  	[MsgId: MERR-35049]
Action.c(55): Error -26366: "Text=My account" not found for web_reg_find  	[MsgId: MERR-26366]
End auto log messages stack.	[MsgId: MMSG-10544]


Start auto log messages stack - Iteration 4.	[MsgId: MMSG-10545]
Starting action Action.	[MsgId: MMSG-15919]
Action.c(6): Notify: Transaction "1_begin" started.	[MsgId: MMSG-16999]
Action.c(14): web_reg_save_param_regexp started  	[MsgId: MMSG-26355]
Action.c(14): Registering web_reg_save_param_regexp was successful  	[MsgId: MMSG-26390]
Action.c(23): web_reg_find started  	[MsgId: MMSG-26355]
Action.c(23): Registering web_reg_find was successful  	[MsgId: MMSG-26390]
Action.c(27): web_url("index.php") started  	[MsgId: MMSG-26355]
Action.c(27): Warning -26665: HTTP Status Code is missing or invalid. Assuming "200 OK"  	[MsgId: MWAR-26665]
Action.c(27): Error -35049: No match found for the requested parameter "controller". Check whether the requested regular expression exists in the response data  	[MsgId: MERR-35049]
Action.c(27): Error -26366: "Text=Already registered" not found for web_reg_find  	[MsgId: MERR-26366]
End auto log messages stack.	[MsgId: MMSG-10544]


Start auto log messages stack - Iteration 5.	[MsgId: MMSG-10545]
Starting action Action.	[MsgId: MMSG-15919]
Action.c(6): Notify: Transaction "1_begin" started.	[MsgId: MMSG-16999]
Action.c(14): web_reg_save_param_regexp started  	[MsgId: MMSG-26355]
Action.c(14): Registering web_reg_save_param_regexp was successful  	[MsgId: MMSG-26390]
Action.c(23): web_reg_find started  	[MsgId: MMSG-26355]
Action.c(23): Registering web_reg_find was successful  	[MsgId: MMSG-26390]
Action.c(27): web_url("index.php") started  	[MsgId: MMSG-26355]
Action.c(27): Warning -26665: HTTP Status Code is missing or invalid. Assuming "200 OK"  	[MsgId: MWAR-26665]
Action.c(27): Error -35049: No match found for the requested parameter "controller". Check whether the requested regular expression exists in the response data  	[MsgId: MERR-35049]
Action.c(27): Error -26366: "Text=Already registered" not found for web_reg_find  	[MsgId: MERR-26366]
End auto log messages stack.	[MsgId: MMSG-10544]


Start auto log messages stack - Iteration 6.	[MsgId: MMSG-10545]
Starting action Action.	[MsgId: MMSG-15919]
Action.c(6): Notify: Transaction "1_begin" started.	[MsgId: MMSG-16999]
Action.c(14): web_reg_save_param_regexp started  	[MsgId: MMSG-26355]
Action.c(14): Registering web_reg_save_param_regexp was successful  	[MsgId: MMSG-26390]
Action.c(23): web_reg_find started  	[MsgId: MMSG-26355]
Action.c(23): Registering web_reg_find was successful  	[MsgId: MMSG-26390]
Action.c(27): web_url("index.php") started  	[MsgId: MMSG-26355]
Action.c(27): Warning -26665: HTTP Status Code is missing or invalid. Assuming "200 OK"  	[MsgId: MWAR-26665]
Action.c(27): Error -35049: No match found for the requested parameter "controller". Check whether the requested regular expression exists in the response data  	[MsgId: MERR-35049]
Action.c(27): Error -26366: "Text=Already registered" not found for web_reg_find  	[MsgId: MERR-26366]
End auto log messages stack.	[MsgId: MMSG-10544]


Start auto log messages stack - Iteration 11.	[MsgId: MMSG-10545]
Action.c(42): web_reg_save_param_regexp started  	[MsgId: MMSG-26355]
Action.c(42): Registering web_reg_save_param_regexp was successful  	[MsgId: MMSG-26390]
Action.c(51): web_reg_find started  	[MsgId: MMSG-26355]
Action.c(51): Registering web_reg_find was successful  	[MsgId: MMSG-26390]
Action.c(55): web_submit_data("index.php_2") started  	[MsgId: MMSG-26355]
Action.c(55): Redirecting "http://automationpractice.com/index.php?controller=authentication" (redirection depth is 0)  	[MsgId: MMSG-26694]
Action.c(55): To location "http://automationpractice.com/index.php?controller=my-account"  	[MsgId: MMSG-26693]
Action.c(55): Warning -26665: HTTP Status Code is missing or invalid. Assuming "200 OK"  	[MsgId: MWAR-26665]
Action.c(55): Error -35049: No match found for the requested parameter "token". Check whether the requested regular expression exists in the response data  	[MsgId: MERR-35049]
Action.c(55): Error -26366: "Text=My account" not found for web_reg_find  	[MsgId: MERR-26366]
End auto log messages stack.	[MsgId: MMSG-10544]


Start auto log messages stack - Iteration 11.	[MsgId: MMSG-10545]
Start auto log messages stack - Iteration 12.	[MsgId: MMSG-10545]
Action.c(27): web_url("index.php") was successful, 753402 body bytes, 15029 header bytes, 53 chunking overhead bytes  	[MsgId: MMSG-26385]
Action.c(75): Found resource "http://automationpractice.com/modules/blockstore/store.jpg" in HTML "http://automationpractice.com/index.php?fc=module&module=blockwishlist&controller=mywishlist"  	[MsgId: MMSG-26659]
Action.c(37): Notify: Transaction "1_begin" ended with a "Pass" status (Duration: 13,8046 Wasted Time: 0,0061).	[MsgId: MMSG-16871]
Action.c(75): web_url("My wishlists") was successful, 98739 body bytes, 2332 header bytes, 76 chunking overhead bytes  	[MsgId: MMSG-26385]
Action.c(39): Notify: Transaction "2_login" started.	[MsgId: MMSG-16999]
Action.c(42): web_reg_save_param_regexp started  	[MsgId: MMSG-26355]
Action.c(85): Notify: Transaction "3_wishlist" ended with a "Pass" status (Duration: 11,1995).	[MsgId: MMSG-16873]
Action.c(42): Registering web_reg_save_param_regexp was successful  	[MsgId: MMSG-26390]
Action.c(51): web_reg_find started  	[MsgId: MMSG-26355]
Action.c(87): Notify: Transaction "4_add_wishlist" started.	[MsgId: MMSG-16999]
Action.c(51): Registering web_reg_find was successful  	[MsgId: MMSG-26390]
Action.c(89): web_reg_find started  	[MsgId: MMSG-26355]
Action.c(55): web_submit_data("index.php_2") started  	[MsgId: MMSG-26355]
Action.c(89): Registering web_reg_find was successful  	[MsgId: MMSG-26390]
Action.c(55): Warning -26665: HTTP Status Code is missing or invalid. Assuming "200 OK"  	[MsgId: MWAR-26665]
Action.c(93): web_submit_data("index.php_3") started  	[MsgId: MMSG-26355]
Action.c(55): Error -35049: No match found for the requested parameter "token". Check whether the requested regular expression exists in the response data  	[MsgId: MERR-35049]
Action.c(93): Warning -26665: HTTP Status Code is missing or invalid. Assuming "200 OK"  	[MsgId: MWAR-26665]
Action.c(93): Error -26366: "Text=My wishlists" not found for web_reg_find  	[MsgId: MERR-26366]
Action.c(55): Error -26366: "Text=My account" not found for web_reg_find  	[MsgId: MERR-26366]
End auto log messages stack.	[MsgId: MMSG-10544]


End auto log messages stack.	[MsgId: MMSG-10544]


Start auto log messages stack - Iteration 12.	[MsgId: MMSG-10545]
Action.c(42): web_reg_save_param_regexp started  	[MsgId: MMSG-26355]
Action.c(42): Registering web_reg_save_param_regexp was successful  	[MsgId: MMSG-26390]
Action.c(51): web_reg_find started  	[MsgId: MMSG-26355]
Action.c(51): Registering web_reg_find was successful  	[MsgId: MMSG-26390]
Action.c(55): web_submit_data("index.php_2") started  	[MsgId: MMSG-26355]
Action.c(55): Redirecting "http://automationpractice.com/index.php?controller=authentication" (redirection depth is 0)  	[MsgId: MMSG-26694]
Action.c(55): To location "http://automationpractice.com/index.php?controller=my-account"  	[MsgId: MMSG-26693]
Action.c(55): Warning -26665: HTTP Status Code is missing or invalid. Assuming "200 OK"  	[MsgId: MWAR-26665]
Action.c(55): Error -35049: No match found for the requested parameter "token". Check whether the requested regular expression exists in the response data  	[MsgId: MERR-35049]
Action.c(55): Error -26366: "Text=My account" not found for web_reg_find  	[MsgId: MERR-26366]
End auto log messages stack.	[MsgId: MMSG-10544]


Start auto log messages stack - Iteration 13.	[MsgId: MMSG-10545]
Action.c(75): Found resource "http://automationpractice.com/modules/blockstore/store.jpg" in HTML "http://automationpractice.com/index.php?fc=module&module=blockwishlist&controller=mywishlist"  	[MsgId: MMSG-26659]
Action.c(75): web_url("My wishlists") was successful, 98739 body bytes, 2332 header bytes, 84 chunking overhead bytes  	[MsgId: MMSG-26385]
Action.c(85): Notify: Transaction "3_wishlist" ended with a "Pass" status (Duration: 10,2971).	[MsgId: MMSG-16873]
Action.c(87): Notify: Transaction "4_add_wishlist" started.	[MsgId: MMSG-16999]
Action.c(89): web_reg_find started  	[MsgId: MMSG-26355]
Action.c(89): Registering web_reg_find was successful  	[MsgId: MMSG-26390]
Action.c(93): web_submit_data("index.php_3") started  	[MsgId: MMSG-26355]
Action.c(93): Warning -26665: HTTP Status Code is missing or invalid. Assuming "200 OK"  	[MsgId: MWAR-26665]
Action.c(93): Error -26366: "Text=My wishlists" not found for web_reg_find  	[MsgId: MERR-26366]
End auto log messages stack.	[MsgId: MMSG-10544]


Start auto log messages stack - Iteration 13.	[MsgId: MMSG-10545]
Action.c(42): web_reg_save_param_regexp started  	[MsgId: MMSG-26355]
Action.c(42): Registering web_reg_save_param_regexp was successful  	[MsgId: MMSG-26390]
Action.c(51): web_reg_find started  	[MsgId: MMSG-26355]
Action.c(51): Registering web_reg_find was successful  	[MsgId: MMSG-26390]
Action.c(55): web_submit_data("index.php_2") started  	[MsgId: MMSG-26355]
Action.c(55): Redirecting "http://automationpractice.com/index.php?controller=authentication" (redirection depth is 0)  	[MsgId: MMSG-26694]
Action.c(55): To location "http://automationpractice.com/index.php?controller=my-account"  	[MsgId: MMSG-26693]
Action.c(55): Warning -26665: HTTP Status Code is missing or invalid. Assuming "200 OK"  	[MsgId: MWAR-26665]
Action.c(55): Error -35049: No match found for the requested parameter "token". Check whether the requested regular expression exists in the response data  	[MsgId: MERR-35049]
Action.c(55): Error -26366: "Text=My account" not found for web_reg_find  	[MsgId: MERR-26366]
End auto log messages stack.	[MsgId: MMSG-10544]


Start auto log messages stack - Iteration 13.	[MsgId: MMSG-10545]
Action.c(27): web_url("index.php") was successful, 753402 body bytes, 15033 header bytes, 53 chunking overhead bytes  	[MsgId: MMSG-26385]
Action.c(37): Notify: Transaction "1_begin" ended with a "Pass" status (Duration: 15,9918 Wasted Time: 0,0027).	[MsgId: MMSG-16871]
Action.c(39): Notify: Transaction "2_login" started.	[MsgId: MMSG-16999]
Action.c(42): web_reg_save_param_regexp started  	[MsgId: MMSG-26355]
Action.c(42): Registering web_reg_save_param_regexp was successful  	[MsgId: MMSG-26390]
Action.c(51): web_reg_find started  	[MsgId: MMSG-26355]
Action.c(51): Registering web_reg_find was successful  	[MsgId: MMSG-26390]
Action.c(55): web_submit_data("index.php_2") started  	[MsgId: MMSG-26355]
Action.c(55): Warning -26665: HTTP Status Code is missing or invalid. Assuming "200 OK"  	[MsgId: MWAR-26665]
Action.c(55): Error -35049: No match found for the requested parameter "token". Check whether the requested regular expression exists in the response data  	[MsgId: MERR-35049]
Action.c(55): Error -26366: "Text=My account" not found for web_reg_find  	[MsgId: MERR-26366]
End auto log messages stack.	[MsgId: MMSG-10544]


Start auto log messages stack - Iteration 14.	[MsgId: MMSG-10545]
Starting action Action.	[MsgId: MMSG-15919]
Action.c(6): Notify: Transaction "1_begin" started.	[MsgId: MMSG-16999]
Action.c(14): web_reg_save_param_regexp started  	[MsgId: MMSG-26355]
Action.c(14): Registering web_reg_save_param_regexp was successful  	[MsgId: MMSG-26390]
Action.c(23): web_reg_find started  	[MsgId: MMSG-26355]
Action.c(23): Registering web_reg_find was successful  	[MsgId: MMSG-26390]
Action.c(27): web_url("index.php") started  	[MsgId: MMSG-26355]
Action.c(27): Warning -26665: HTTP Status Code is missing or invalid. Assuming "200 OK"  	[MsgId: MWAR-26665]
Action.c(27): Error -35049: No match found for the requested parameter "controller". Check whether the requested regular expression exists in the response data  	[MsgId: MERR-35049]
Action.c(27): Error -26366: "Text=Already registered" not found for web_reg_find  	[MsgId: MERR-26366]
End auto log messages stack.	[MsgId: MMSG-10544]


Start auto log messages stack - Iteration 15.	[MsgId: MMSG-10545]
Starting action Action.	[MsgId: MMSG-15919]
Action.c(6): Notify: Transaction "1_begin" started.	[MsgId: MMSG-16999]
Action.c(14): web_reg_save_param_regexp started  	[MsgId: MMSG-26355]
Action.c(14): Registering web_reg_save_param_regexp was successful  	[MsgId: MMSG-26390]
Action.c(23): web_reg_find started  	[MsgId: MMSG-26355]
Action.c(23): Registering web_reg_find was successful  	[MsgId: MMSG-26390]
Action.c(27): web_url("index.php") started  	[MsgId: MMSG-26355]
Action.c(27): Warning -26665: HTTP Status Code is missing or invalid. Assuming "200 OK"  	[MsgId: MWAR-26665]
Action.c(27): Error -35049: No match found for the requested parameter "controller". Check whether the requested regular expression exists in the response data  	[MsgId: MERR-35049]
Action.c(27): Error -26366: "Text=Already registered" not found for web_reg_find  	[MsgId: MERR-26366]
End auto log messages stack.	[MsgId: MMSG-10544]


Start auto log messages stack - Iteration 16.	[MsgId: MMSG-10545]
Action.c(27): web_url("index.php") was successful, 753402 body bytes, 15033 header bytes, 61 chunking overhead bytes  	[MsgId: MMSG-26385]
Action.c(37): Notify: Transaction "1_begin" ended with a "Pass" status (Duration: 23,9119 Wasted Time: 0,0054).	[MsgId: MMSG-16871]
Action.c(39): Notify: Transaction "2_login" started.	[MsgId: MMSG-16999]
Action.c(42): web_reg_save_param_regexp started  	[MsgId: MMSG-26355]
Action.c(42): Registering web_reg_save_param_regexp was successful  	[MsgId: MMSG-26390]
Action.c(51): web_reg_find started  	[MsgId: MMSG-26355]
Action.c(51): Registering web_reg_find was successful  	[MsgId: MMSG-26390]
Action.c(55): web_submit_data("index.php_2") started  	[MsgId: MMSG-26355]
Action.c(55): Warning -26665: HTTP Status Code is missing or invalid. Assuming "200 OK"  	[MsgId: MWAR-26665]
Action.c(55): Error -35049: No match found for the requested parameter "token". Check whether the requested regular expression exists in the response data  	[MsgId: MERR-35049]
Action.c(55): Error -26366: "Text=My account" not found for web_reg_find  	[MsgId: MERR-26366]
End auto log messages stack.	[MsgId: MMSG-10544]


Start auto log messages stack - Iteration 17.	[MsgId: MMSG-10545]
Starting action Action.	[MsgId: MMSG-15919]
Action.c(6): Notify: Transaction "1_begin" started.	[MsgId: MMSG-16999]
Action.c(14): web_reg_save_param_regexp started  	[MsgId: MMSG-26355]
Action.c(14): Registering web_reg_save_param_regexp was successful  	[MsgId: MMSG-26390]
Action.c(23): web_reg_find started  	[MsgId: MMSG-26355]
Action.c(23): Registering web_reg_find was successful  	[MsgId: MMSG-26390]
Action.c(27): web_url("index.php") started  	[MsgId: MMSG-26355]
Action.c(27): Warning -26665: HTTP Status Code is missing or invalid. Assuming "200 OK"  	[MsgId: MWAR-26665]
Action.c(27): Error -35049: No match found for the requested parameter "controller". Check whether the requested regular expression exists in the response data  	[MsgId: MERR-35049]
Action.c(27): Error -26366: "Text=Already registered" not found for web_reg_find  	[MsgId: MERR-26366]
End auto log messages stack.	[MsgId: MMSG-10544]


Start auto log messages stack - Iteration 18.	[MsgId: MMSG-10545]
Starting action Action.	[MsgId: MMSG-15919]
Action.c(6): Notify: Transaction "1_begin" started.	[MsgId: MMSG-16999]
Action.c(14): web_reg_save_param_regexp started  	[MsgId: MMSG-26355]
Action.c(14): Registering web_reg_save_param_regexp was successful  	[MsgId: MMSG-26390]
Action.c(23): web_reg_find started  	[MsgId: MMSG-26355]
Action.c(23): Registering web_reg_find was successful  	[MsgId: MMSG-26390]
Action.c(27): web_url("index.php") started  	[MsgId: MMSG-26355]
Action.c(27): Warning -26665: HTTP Status Code is missing or invalid. Assuming "200 OK"  	[MsgId: MWAR-26665]
Action.c(27): Error -35049: No match found for the requested parameter "controller". Check whether the requested regular expression exists in the response data  	[MsgId: MERR-35049]
Action.c(27): Error -26366: "Text=Already registered" not found for web_reg_find  	[MsgId: MERR-26366]
End auto log messages stack.	[MsgId: MMSG-10544]


Start auto log messages stack - Iteration 19.	[MsgId: MMSG-10545]
Action.c(27): web_url("index.php") was successful, 753402 body bytes, 15039 header bytes, 53 chunking overhead bytes  	[MsgId: MMSG-26385]
Action.c(37): Notify: Transaction "1_begin" ended with a "Pass" status (Duration: 12,1874 Wasted Time: 0,0074).	[MsgId: MMSG-16871]
Action.c(39): Notify: Transaction "2_login" started.	[MsgId: MMSG-16999]
Action.c(42): web_reg_save_param_regexp started  	[MsgId: MMSG-26355]
Action.c(42): Registering web_reg_save_param_regexp was successful  	[MsgId: MMSG-26390]
Action.c(51): web_reg_find started  	[MsgId: MMSG-26355]
Action.c(51): Registering web_reg_find was successful  	[MsgId: MMSG-26390]
Action.c(55): web_submit_data("index.php_2") started  	[MsgId: MMSG-26355]
Action.c(55): Warning -26665: HTTP Status Code is missing or invalid. Assuming "200 OK"  	[MsgId: MWAR-26665]
Action.c(55): Error -35049: No match found for the requested parameter "token". Check whether the requested regular expression exists in the response data  	[MsgId: MERR-35049]
Action.c(55): Error -26366: "Text=My account" not found for web_reg_find  	[MsgId: MERR-26366]
End auto log messages stack.	[MsgId: MMSG-10544]


Start auto log messages stack - Iteration 20.	[MsgId: MMSG-10545]
Starting action Action.	[MsgId: MMSG-15919]
Action.c(6): Notify: Transaction "1_begin" started.	[MsgId: MMSG-16999]
Action.c(14): web_reg_save_param_regexp started  	[MsgId: MMSG-26355]
Action.c(14): Registering web_reg_save_param_regexp was successful  	[MsgId: MMSG-26390]
Action.c(23): web_reg_find started  	[MsgId: MMSG-26355]
Action.c(23): Registering web_reg_find was successful  	[MsgId: MMSG-26390]
Action.c(27): web_url("index.php") started  	[MsgId: MMSG-26355]
Action.c(27): Warning -26665: HTTP Status Code is missing or invalid. Assuming "200 OK"  	[MsgId: MWAR-26665]
Action.c(27): Error -35049: No match found for the requested parameter "controller". Check whether the requested regular expression exists in the response data  	[MsgId: MERR-35049]
Action.c(27): Error -26366: "Text=Already registered" not found for web_reg_find  	[MsgId: MERR-26366]
End auto log messages stack.	[MsgId: MMSG-10544]


Start auto log messages stack - Iteration 21.	[MsgId: MMSG-10545]
Starting action Action.	[MsgId: MMSG-15919]
Action.c(6): Notify: Transaction "1_begin" started.	[MsgId: MMSG-16999]
Action.c(14): web_reg_save_param_regexp started  	[MsgId: MMSG-26355]
Action.c(14): Registering web_reg_save_param_regexp was successful  	[MsgId: MMSG-26390]
Action.c(23): web_reg_find started  	[MsgId: MMSG-26355]
Action.c(23): Registering web_reg_find was successful  	[MsgId: MMSG-26390]
Action.c(27): web_url("index.php") started  	[MsgId: MMSG-26355]
Action.c(27): Warning -26665: HTTP Status Code is missing or invalid. Assuming "200 OK"  	[MsgId: MWAR-26665]
Action.c(27): Error -35049: No match found for the requested parameter "controller". Check whether the requested regular expression exists in the response data  	[MsgId: MERR-35049]
Action.c(27): Error -26366: "Text=Already registered" not found for web_reg_find  	[MsgId: MERR-26366]
End auto log messages stack.	[MsgId: MMSG-10544]


Start auto log messages stack - Iteration 22.	[MsgId: MMSG-10545]
Action.c(27): web_url("index.php") was successful, 753402 body bytes, 15031 header bytes, 53 chunking overhead bytes  	[MsgId: MMSG-26385]
Action.c(37): Notify: Transaction "1_begin" ended with a "Pass" status (Duration: 14,5490 Wasted Time: 0,0053).	[MsgId: MMSG-16871]
Action.c(39): Notify: Transaction "2_login" started.	[MsgId: MMSG-16999]
Action.c(42): web_reg_save_param_regexp started  	[MsgId: MMSG-26355]
Action.c(42): Registering web_reg_save_param_regexp was successful  	[MsgId: MMSG-26390]
Action.c(51): web_reg_find started  	[MsgId: MMSG-26355]
Action.c(51): Registering web_reg_find was successful  	[MsgId: MMSG-26390]
Action.c(55): web_submit_data("index.php_2") started  	[MsgId: MMSG-26355]
Action.c(55): Warning -26665: HTTP Status Code is missing or invalid. Assuming "200 OK"  	[MsgId: MWAR-26665]
Action.c(55): Error -35049: No match found for the requested parameter "token". Check whether the requested regular expression exists in the response data  	[MsgId: MERR-35049]
Action.c(55): Error -26366: "Text=My account" not found for web_reg_find  	[MsgId: MERR-26366]
End auto log messages stack.	[MsgId: MMSG-10544]


