Start auto log messages stack - Iteration 2.	[MsgId: MMSG-10545]
Starting action Action.	[MsgId: MMSG-15919]
Action.c(6): Notify: Transaction "1_begin" started.	[MsgId: MMSG-16999]
Action.c(14): web_reg_save_param_regexp started  	[MsgId: MMSG-26355]
Action.c(14): Registering web_reg_save_param_regexp was successful  	[MsgId: MMSG-26390]
Action.c(23): web_reg_find started  	[MsgId: MMSG-26355]
Action.c(23): Registering web_reg_find was successful  	[MsgId: MMSG-26390]
Action.c(27): web_url("index.php") started  	[MsgId: MMSG-26355]
Action.c(27): Warning -26665: HTTP Status Code is missing or invalid. Assuming "200 OK"  	[MsgId: MWAR-26665]
Action.c(27): Continuing after Error -35049: No match found for the requested parameter "controller". Check whether the requested regular expression exists in the response data  	[MsgId: MERR-35049]
Action.c(27): Continuing after Error -26366: "Text=Already registered" not found for web_reg_find  	[MsgId: MERR-26366]
End auto log messages stack.	[MsgId: MMSG-10544]


Start auto log messages stack - Iteration 2.	[MsgId: MMSG-10545]
Action.c(27): Continuing after error in Vuser script.	[MsgId: MMSG-10678]
Action.c(37): Notify: Transaction "1_begin" ended with a "Fail" status (Duration: 0,3117 Wasted Time: 0,0001).	[MsgId: MMSG-16871]
Action.c(37): Notify: Transaction "1_begin" has 1 error message(s).	[MsgId: MMSG-16818]
Action.c(37): Notify: The 1st error message associated with transaction "1_begin" is "Error -26366: "Text=Already registered" not found for web_reg_find"	[MsgId: MMSG-16819]
Action.c(39): Notify: Transaction "2_login" started.	[MsgId: MMSG-16999]
Action.c(42): web_reg_save_param_regexp started  	[MsgId: MMSG-26355]
Action.c(42): Registering web_reg_save_param_regexp was successful  	[MsgId: MMSG-26390]
Action.c(51): web_reg_find started  	[MsgId: MMSG-26355]
Action.c(51): Registering web_reg_find was successful  	[MsgId: MMSG-26390]
Action.c(55): web_submit_data("index.php_2") started  	[MsgId: MMSG-26355]
Action.c(55): Warning -26665: HTTP Status Code is missing or invalid. Assuming "200 OK"  	[MsgId: MWAR-26665]
Action.c(55): Continuing after Error -35049: No match found for the requested parameter "token". Check whether the requested regular expression exists in the response data  	[MsgId: MERR-35049]
Action.c(55): Continuing after Error -26366: "Text=My account" not found for web_reg_find  	[MsgId: MERR-26366]
End auto log messages stack.	[MsgId: MMSG-10544]


Start auto log messages stack - Iteration 2.	[MsgId: MMSG-10545]
Action.c(93): Found resource "http://automationpractice.com/img/logo.jpg" in HTML "http://automationpractice.com/index.php?controller=authentication&back=http%3A%2F%2Fautomationpractice.com%2Findex.php%3Ffc%3Dmodule%26module%3Dblockwishlist%26controller%3Dmywishlist"  	[MsgId: MMSG-26659]
Action.c(93): Found resource "http://automationpractice.com/img/c/3-0_thumb.jpg" in HTML "http://automationpractice.com/index.php?controller=authentication&back=http%3A%2F%2Fautomationpractice.com%2Findex.php%3Ffc%3Dmodule%26module%3Dblockwishlist%26controller%3Dmywishlist"  	[MsgId: MMSG-26659]
Action.c(93): Found resource "http://automationpractice.com/img/c/3-1_thumb.jpg" in HTML "http://automationpractice.com/index.php?controller=authentication&back=http%3A%2F%2Fautomationpractice.com%2Findex.php%3Ffc%3Dmodule%26module%3Dblockwishlist%26controller%3Dmywishlist"  	[MsgId: MMSG-26659]
Action.c(93): Continuing after Error -26366: "Text=My wishlists" not found for web_reg_find  	[MsgId: MERR-26366]
End auto log messages stack.	[MsgId: MMSG-10544]


Start auto log messages stack - Iteration 3.	[MsgId: MMSG-10545]
Action.c(107): Notify: Transaction "4_add_wishlist" ended with a "Pass" status (Duration: 16,0458 Wasted Time: 0,0003).	[MsgId: MMSG-16871]
Action.c(109): Notify: Transaction "5_logout" started.	[MsgId: MMSG-16999]
Action.c(111): web_reg_find started  	[MsgId: MMSG-26355]
Action.c(111): Registering web_reg_find was successful  	[MsgId: MMSG-26390]
Action.c(115): web_url("Sign out") started  	[MsgId: MMSG-26355]
Action.c(115): Redirecting "http://automationpractice.com/index.php?mylogout=" (redirection depth is 0)  	[MsgId: MMSG-26694]
Action.c(115): To location "http://automationpractice.com/index.php?fc=module&module=blockwishlist&controller=mywishlist"  	[MsgId: MMSG-26693]
Action.c(115): Warning -26665: HTTP Status Code is missing or invalid. Assuming "200 OK"  	[MsgId: MWAR-26665]
Action.c(115): Continuing after Error -26366: "Text=Sign in" not found for web_reg_find  	[MsgId: MERR-26366]
End auto log messages stack.	[MsgId: MMSG-10544]


Start auto log messages stack - Iteration 3.	[MsgId: MMSG-10545]
Action.c(27): web_url("index.php") was successful, 753402 body bytes, 15023 header bytes, 53 chunking overhead bytes  	[MsgId: MMSG-26385]
Action.c(37): Notify: Transaction "1_begin" ended with a "Pass" status (Duration: 10,3139 Wasted Time: 0,0030).	[MsgId: MMSG-16871]
Action.c(39): Notify: Transaction "2_login" started.	[MsgId: MMSG-16999]
Action.c(42): web_reg_save_param_regexp started  	[MsgId: MMSG-26355]
Action.c(42): Registering web_reg_save_param_regexp was successful  	[MsgId: MMSG-26390]
Action.c(51): web_reg_find started  	[MsgId: MMSG-26355]
Action.c(51): Registering web_reg_find was successful  	[MsgId: MMSG-26390]
Action.c(55): web_submit_data("index.php_2") started  	[MsgId: MMSG-26355]
Action.c(55): Warning -26665: HTTP Status Code is missing or invalid. Assuming "200 OK"  	[MsgId: MWAR-26665]
Action.c(55): Continuing after Error -35049: No match found for the requested parameter "token". Check whether the requested regular expression exists in the response data  	[MsgId: MERR-35049]
Action.c(55): Continuing after Error -26366: "Text=My account" not found for web_reg_find  	[MsgId: MERR-26366]
End auto log messages stack.	[MsgId: MMSG-10544]


Start auto log messages stack - Iteration 3.	[MsgId: MMSG-10545]
Action.c(75): web_url("My wishlists") started  	[MsgId: MMSG-26355]
Action.c(75): Warning -26665: HTTP Status Code is missing or invalid. Assuming "200 OK"  	[MsgId: MWAR-26665]
Action.c(75): web_url("My wishlists") highest severity level was "warning", 288 body bytes, 204 header bytes  	[MsgId: MMSG-26388]
Action.c(85): Notify: Transaction "3_wishlist" ended with a "Pass" status (Duration: 0,1341).	[MsgId: MMSG-16873]
Action.c(87): Notify: Transaction "4_add_wishlist" started.	[MsgId: MMSG-16999]
Action.c(89): web_reg_find started  	[MsgId: MMSG-26355]
Action.c(89): Registering web_reg_find was successful  	[MsgId: MMSG-26390]
Action.c(93): web_submit_data("index.php_3") started  	[MsgId: MMSG-26355]
Action.c(93): Warning -26665: HTTP Status Code is missing or invalid. Assuming "200 OK"  	[MsgId: MWAR-26665]
Action.c(93): Continuing after Error -26366: "Text=My wishlists" not found for web_reg_find  	[MsgId: MERR-26366]
End auto log messages stack.	[MsgId: MMSG-10544]


Start auto log messages stack - Iteration 3.	[MsgId: MMSG-10545]
Action.c(115): Redirecting "http://automationpractice.com/index.php?mylogout=" (redirection depth is 0)  	[MsgId: MMSG-26694]
Action.c(115): To location "http://automationpractice.com/index.php?fc=module&module=blockwishlist&controller=mywishlist"  	[MsgId: MMSG-26693]
Action.c(115): Redirecting "http://automationpractice.com/index.php?fc=module&module=blockwishlist&controller=mywishlist" (redirection depth is 1)  	[MsgId: MMSG-26694]
Action.c(115): To location "http://automationpractice.com/index.php?controller=authentication&back=http%3A%2F%2Fautomationpractice.com%2Findex.php%3Ffc%3Dmodule%26module%3Dblockwishlist%26controller%3Dmywishlist"  	[MsgId: MMSG-26693]
Action.c(115): Warning -26665: HTTP Status Code is missing or invalid. Assuming "200 OK"  	[MsgId: MWAR-26665]
Action.c(115): Continuing after Error -26366: "Text=Sign in" not found for web_reg_find  	[MsgId: MERR-26366]
End auto log messages stack.	[MsgId: MMSG-10544]


Start auto log messages stack - Iteration 4.	[MsgId: MMSG-10545]
Action.c(42): web_reg_save_param_regexp started  	[MsgId: MMSG-26355]
Action.c(42): Registering web_reg_save_param_regexp was successful  	[MsgId: MMSG-26390]
Action.c(51): web_reg_find started  	[MsgId: MMSG-26355]
Action.c(51): Registering web_reg_find was successful  	[MsgId: MMSG-26390]
Action.c(55): web_submit_data("index.php_2") started  	[MsgId: MMSG-26355]
Action.c(55): Redirecting "http://automationpractice.com/index.php?controller=authentication" (redirection depth is 0)  	[MsgId: MMSG-26694]
Action.c(55): To location "http://automationpractice.com/index.php?controller=my-account"  	[MsgId: MMSG-26693]
Action.c(55): Warning -26665: HTTP Status Code is missing or invalid. Assuming "200 OK"  	[MsgId: MWAR-26665]
Action.c(55): Continuing after Error -35049: No match found for the requested parameter "token". Check whether the requested regular expression exists in the response data  	[MsgId: MERR-35049]
Action.c(55): Continuing after Error -26366: "Text=My account" not found for web_reg_find  	[MsgId: MERR-26366]
End auto log messages stack.	[MsgId: MMSG-10544]


Start auto log messages stack - Iteration 4.	[MsgId: MMSG-10545]
Action.c(75): web_url("My wishlists") started  	[MsgId: MMSG-26355]
Action.c(75): Warning -26665: HTTP Status Code is missing or invalid. Assuming "200 OK"  	[MsgId: MWAR-26665]
Action.c(75): web_url("My wishlists") highest severity level was "warning", 288 body bytes, 204 header bytes  	[MsgId: MMSG-26388]
Action.c(85): Notify: Transaction "3_wishlist" ended with a "Pass" status (Duration: 0,1401).	[MsgId: MMSG-16873]
Action.c(87): Notify: Transaction "4_add_wishlist" started.	[MsgId: MMSG-16999]
Action.c(89): web_reg_find started  	[MsgId: MMSG-26355]
Action.c(89): Registering web_reg_find was successful  	[MsgId: MMSG-26390]
Action.c(93): web_submit_data("index.php_3") started  	[MsgId: MMSG-26355]
Action.c(93): Warning -26665: HTTP Status Code is missing or invalid. Assuming "200 OK"  	[MsgId: MWAR-26665]
Action.c(93): Continuing after Error -26366: "Text=My wishlists" not found for web_reg_find  	[MsgId: MERR-26366]
End auto log messages stack.	[MsgId: MMSG-10544]


Start auto log messages stack - Iteration 4.	[MsgId: MMSG-10545]
Action.c(93): web_submit_data("index.php_3") highest severity level was "continue on error", 288 body bytes, 204 header bytes  	[MsgId: MMSG-26388]
Action.c(93): Continuing after error in Vuser script.	[MsgId: MMSG-10678]
Action.c(107): Notify: Transaction "4_add_wishlist" ended with a "Fail" status (Duration: 0,1683 Wasted Time: 0,0000).	[MsgId: MMSG-16871]
Action.c(107): Notify: Transaction "4_add_wishlist" has 1 error message(s).	[MsgId: MMSG-16818]
Action.c(107): Notify: The 1st error message associated with transaction "4_add_wishlist" is "Error -26366: "Text=My wishlists" not found for web_reg_find"	[MsgId: MMSG-16819]
Action.c(109): Notify: Transaction "5_logout" started.	[MsgId: MMSG-16999]
Action.c(111): web_reg_find started  	[MsgId: MMSG-26355]
Action.c(111): Registering web_reg_find was successful  	[MsgId: MMSG-26390]
Action.c(115): web_url("Sign out") started  	[MsgId: MMSG-26355]
Action.c(115): Warning -26665: HTTP Status Code is missing or invalid. Assuming "200 OK"  	[MsgId: MWAR-26665]
Action.c(115): Continuing after Error -26366: "Text=Sign in" not found for web_reg_find  	[MsgId: MERR-26366]
End auto log messages stack.	[MsgId: MMSG-10544]


Start auto log messages stack - Iteration 6.	[MsgId: MMSG-10545]
Action.c(75): web_url("My wishlists") started  	[MsgId: MMSG-26355]
Action.c(75): Warning -26665: HTTP Status Code is missing or invalid. Assuming "200 OK"  	[MsgId: MWAR-26665]
Action.c(75): web_url("My wishlists") highest severity level was "warning", 288 body bytes, 204 header bytes  	[MsgId: MMSG-26388]
Action.c(85): Notify: Transaction "3_wishlist" ended with a "Pass" status (Duration: 0,1361).	[MsgId: MMSG-16873]
Action.c(87): Notify: Transaction "4_add_wishlist" started.	[MsgId: MMSG-16999]
Action.c(89): web_reg_find started  	[MsgId: MMSG-26355]
Action.c(89): Registering web_reg_find was successful  	[MsgId: MMSG-26390]
Action.c(93): web_submit_data("index.php_3") started  	[MsgId: MMSG-26355]
Action.c(93): Warning -26665: HTTP Status Code is missing or invalid. Assuming "200 OK"  	[MsgId: MWAR-26665]
Action.c(93): Continuing after Error -26366: "Text=My wishlists" not found for web_reg_find  	[MsgId: MERR-26366]
End auto log messages stack.	[MsgId: MMSG-10544]


Start auto log messages stack - Iteration 7.	[MsgId: MMSG-10545]
Action.c(107): Notify: Transaction "4_add_wishlist" ended with a "Pass" status (Duration: 20,7611 Wasted Time: 0,0002).	[MsgId: MMSG-16871]
Action.c(109): Notify: Transaction "5_logout" started.	[MsgId: MMSG-16999]
Action.c(111): web_reg_find started  	[MsgId: MMSG-26355]
Action.c(111): Registering web_reg_find was successful  	[MsgId: MMSG-26390]
Action.c(115): web_url("Sign out") started  	[MsgId: MMSG-26355]
Action.c(115): Redirecting "http://automationpractice.com/index.php?mylogout=" (redirection depth is 0)  	[MsgId: MMSG-26694]
Action.c(115): To location "http://automationpractice.com/index.php?fc=module&module=blockwishlist&controller=mywishlist"  	[MsgId: MMSG-26693]
Action.c(115): Warning -26665: HTTP Status Code is missing or invalid. Assuming "200 OK"  	[MsgId: MWAR-26665]
Action.c(115): Continuing after Error -26366: "Text=Sign in" not found for web_reg_find  	[MsgId: MERR-26366]
End auto log messages stack.	[MsgId: MMSG-10544]


Start auto log messages stack - Iteration 8.	[MsgId: MMSG-10545]
Action.c(42): web_reg_save_param_regexp started  	[MsgId: MMSG-26355]
Action.c(42): Registering web_reg_save_param_regexp was successful  	[MsgId: MMSG-26390]
Action.c(51): web_reg_find started  	[MsgId: MMSG-26355]
Action.c(51): Registering web_reg_find was successful  	[MsgId: MMSG-26390]
Action.c(55): web_submit_data("index.php_2") started  	[MsgId: MMSG-26355]
Action.c(55): Redirecting "http://automationpractice.com/index.php?controller=authentication" (redirection depth is 0)  	[MsgId: MMSG-26694]
Action.c(55): To location "http://automationpractice.com/index.php?controller=my-account"  	[MsgId: MMSG-26693]
Action.c(55): Warning -26665: HTTP Status Code is missing or invalid. Assuming "200 OK"  	[MsgId: MWAR-26665]
Action.c(55): Continuing after Error -35049: No match found for the requested parameter "token". Check whether the requested regular expression exists in the response data  	[MsgId: MERR-35049]
Action.c(55): Continuing after Error -26366: "Text=My account" not found for web_reg_find  	[MsgId: MERR-26366]
End auto log messages stack.	[MsgId: MMSG-10544]


Start auto log messages stack - Iteration 8.	[MsgId: MMSG-10545]
Action.c(75): web_url("My wishlists") started  	[MsgId: MMSG-26355]
Action.c(75): Warning -26665: HTTP Status Code is missing or invalid. Assuming "200 OK"  	[MsgId: MWAR-26665]
Action.c(75): web_url("My wishlists") highest severity level was "warning", 288 body bytes, 204 header bytes  	[MsgId: MMSG-26388]
Action.c(85): Notify: Transaction "3_wishlist" ended with a "Pass" status (Duration: 0,1923).	[MsgId: MMSG-16873]
Action.c(87): Notify: Transaction "4_add_wishlist" started.	[MsgId: MMSG-16999]
Action.c(89): web_reg_find started  	[MsgId: MMSG-26355]
Action.c(89): Registering web_reg_find was successful  	[MsgId: MMSG-26390]
Action.c(93): web_submit_data("index.php_3") started  	[MsgId: MMSG-26355]
Action.c(93): Warning -26665: HTTP Status Code is missing or invalid. Assuming "200 OK"  	[MsgId: MWAR-26665]
Action.c(93): Continuing after Error -26366: "Text=My wishlists" not found for web_reg_find  	[MsgId: MERR-26366]
End auto log messages stack.	[MsgId: MMSG-10544]


Start auto log messages stack - Iteration 8.	[MsgId: MMSG-10545]
Action.c(93): web_submit_data("index.php_3") highest severity level was "continue on error", 288 body bytes, 204 header bytes  	[MsgId: MMSG-26388]
Action.c(93): Continuing after error in Vuser script.	[MsgId: MMSG-10678]
Action.c(107): Notify: Transaction "4_add_wishlist" ended with a "Fail" status (Duration: 0,1570 Wasted Time: 0,0000).	[MsgId: MMSG-16871]
Action.c(107): Notify: Transaction "4_add_wishlist" has 1 error message(s).	[MsgId: MMSG-16818]
Action.c(107): Notify: The 1st error message associated with transaction "4_add_wishlist" is "Error -26366: "Text=My wishlists" not found for web_reg_find"	[MsgId: MMSG-16819]
Action.c(109): Notify: Transaction "5_logout" started.	[MsgId: MMSG-16999]
Action.c(111): web_reg_find started  	[MsgId: MMSG-26355]
Action.c(111): Registering web_reg_find was successful  	[MsgId: MMSG-26390]
Action.c(115): web_url("Sign out") started  	[MsgId: MMSG-26355]
Action.c(115): Warning -26665: HTTP Status Code is missing or invalid. Assuming "200 OK"  	[MsgId: MWAR-26665]
Action.c(115): Continuing after Error -26366: "Text=Sign in" not found for web_reg_find  	[MsgId: MERR-26366]
End auto log messages stack.	[MsgId: MMSG-10544]


Start auto log messages stack - Iteration 9.	[MsgId: MMSG-10545]
Action.c(27): web_url("index.php") was successful, 753402 body bytes, 15029 header bytes, 61 chunking overhead bytes  	[MsgId: MMSG-26385]
Action.c(37): Notify: Transaction "1_begin" ended with a "Pass" status (Duration: 11,8104 Wasted Time: 0,0029).	[MsgId: MMSG-16871]
Action.c(39): Notify: Transaction "2_login" started.	[MsgId: MMSG-16999]
Action.c(42): web_reg_save_param_regexp started  	[MsgId: MMSG-26355]
Action.c(42): Registering web_reg_save_param_regexp was successful  	[MsgId: MMSG-26390]
Action.c(51): web_reg_find started  	[MsgId: MMSG-26355]
Action.c(51): Registering web_reg_find was successful  	[MsgId: MMSG-26390]
Action.c(55): web_submit_data("index.php_2") started  	[MsgId: MMSG-26355]
Action.c(55): Warning -26665: HTTP Status Code is missing or invalid. Assuming "200 OK"  	[MsgId: MWAR-26665]
Action.c(55): Continuing after Error -35049: No match found for the requested parameter "token". Check whether the requested regular expression exists in the response data  	[MsgId: MERR-35049]
Action.c(55): Continuing after Error -26366: "Text=My account" not found for web_reg_find  	[MsgId: MERR-26366]
End auto log messages stack.	[MsgId: MMSG-10544]


Start auto log messages stack - Iteration 9.	[MsgId: MMSG-10545]
Action.c(93): Resource "http://fonts.googleapis.com/css?family=Open+Sans:300,600&subset=latin,latin-ext" is in the cache already and will not be downloaded again  	[MsgId: MMSG-26655]
Action.c(93): Resource "http://automationpractice.com/modules/blockbanner/img/sale70.png" is in the cache already and will not be downloaded again  	[MsgId: MMSG-26655]
Action.c(93): Resource "http://automationpractice.com/img/logo.jpg" is in the cache already and will not be downloaded again  	[MsgId: MMSG-26655]
Action.c(93): Resource "http://automationpractice.com/img/c/3-0_thumb.jpg" is in the cache already and will not be downloaded again  	[MsgId: MMSG-26655]
Action.c(93): Resource "http://automationpractice.com/img/c/3-1_thumb.jpg" is in the cache already and will not be downloaded again  	[MsgId: MMSG-26655]
Action.c(93): Continuing after Error -26366: "Text=My wishlists" not found for web_reg_find  	[MsgId: MERR-26366]
End auto log messages stack.	[MsgId: MMSG-10544]


Start auto log messages stack - Iteration 10.	[MsgId: MMSG-10545]
Starting action Action.	[MsgId: MMSG-15919]
Action.c(6): Notify: Transaction "1_begin" started.	[MsgId: MMSG-16999]
Action.c(14): web_reg_save_param_regexp started  	[MsgId: MMSG-26355]
Action.c(14): Registering web_reg_save_param_regexp was successful  	[MsgId: MMSG-26390]
Action.c(23): web_reg_find started  	[MsgId: MMSG-26355]
Action.c(23): Registering web_reg_find was successful  	[MsgId: MMSG-26390]
Action.c(27): web_url("index.php") started  	[MsgId: MMSG-26355]
Action.c(27): Warning -26665: HTTP Status Code is missing or invalid. Assuming "200 OK"  	[MsgId: MWAR-26665]
Action.c(27): Continuing after Error -35049: No match found for the requested parameter "controller". Check whether the requested regular expression exists in the response data  	[MsgId: MERR-35049]
Action.c(27): Continuing after Error -26366: "Text=Already registered" not found for web_reg_find  	[MsgId: MERR-26366]
End auto log messages stack.	[MsgId: MMSG-10544]


Start auto log messages stack - Iteration 10.	[MsgId: MMSG-10545]
Action.c(27): Continuing after error in Vuser script.	[MsgId: MMSG-10678]
Action.c(37): Notify: Transaction "1_begin" ended with a "Fail" status (Duration: 0,3660 Wasted Time: 0,0008).	[MsgId: MMSG-16871]
Action.c(37): Notify: Transaction "1_begin" has 1 error message(s).	[MsgId: MMSG-16818]
Action.c(37): Notify: The 1st error message associated with transaction "1_begin" is "Error -26366: "Text=Already registered" not found for web_reg_find"	[MsgId: MMSG-16819]
Action.c(39): Notify: Transaction "2_login" started.	[MsgId: MMSG-16999]
Action.c(42): web_reg_save_param_regexp started  	[MsgId: MMSG-26355]
Action.c(42): Registering web_reg_save_param_regexp was successful  	[MsgId: MMSG-26390]
Action.c(51): web_reg_find started  	[MsgId: MMSG-26355]
Action.c(51): Registering web_reg_find was successful  	[MsgId: MMSG-26390]
Action.c(55): web_submit_data("index.php_2") started  	[MsgId: MMSG-26355]
Action.c(55): Warning -26665: HTTP Status Code is missing or invalid. Assuming "200 OK"  	[MsgId: MWAR-26665]
Action.c(55): Continuing after Error -35049: No match found for the requested parameter "token". Check whether the requested regular expression exists in the response data  	[MsgId: MERR-35049]
Action.c(55): Continuing after Error -26366: "Text=My account" not found for web_reg_find  	[MsgId: MERR-26366]
End auto log messages stack.	[MsgId: MMSG-10544]


Start auto log messages stack - Iteration 10.	[MsgId: MMSG-10545]
Action.c(27): web_url("index.php") was successful, 753402 body bytes, 15031 header bytes, 53 chunking overhead bytes  	[MsgId: MMSG-26385]
Action.c(37): Notify: Transaction "1_begin" ended with a "Pass" status (Duration: 8,7110 Wasted Time: 0,0088).	[MsgId: MMSG-16871]
Action.c(39): Notify: Transaction "2_login" started.	[MsgId: MMSG-16999]
Action.c(42): web_reg_save_param_regexp started  	[MsgId: MMSG-26355]
Action.c(42): Registering web_reg_save_param_regexp was successful  	[MsgId: MMSG-26390]
Action.c(51): web_reg_find started  	[MsgId: MMSG-26355]
Action.c(51): Registering web_reg_find was successful  	[MsgId: MMSG-26390]
Action.c(55): web_submit_data("index.php_2") started  	[MsgId: MMSG-26355]
Action.c(55): Warning -26665: HTTP Status Code is missing or invalid. Assuming "200 OK"  	[MsgId: MWAR-26665]
Action.c(55): Continuing after Error -35049: No match found for the requested parameter "token". Check whether the requested regular expression exists in the response data  	[MsgId: MERR-35049]
Action.c(55): Continuing after Error -26366: "Text=My account" not found for web_reg_find  	[MsgId: MERR-26366]
End auto log messages stack.	[MsgId: MMSG-10544]


Start auto log messages stack - Iteration 10.	[MsgId: MMSG-10545]
Action.c(75): web_url("My wishlists") started  	[MsgId: MMSG-26355]
Action.c(75): Warning -26665: HTTP Status Code is missing or invalid. Assuming "200 OK"  	[MsgId: MWAR-26665]
Action.c(75): web_url("My wishlists") highest severity level was "warning", 288 body bytes, 204 header bytes  	[MsgId: MMSG-26388]
Action.c(85): Notify: Transaction "3_wishlist" ended with a "Pass" status (Duration: 0,1368).	[MsgId: MMSG-16873]
Action.c(87): Notify: Transaction "4_add_wishlist" started.	[MsgId: MMSG-16999]
Action.c(89): web_reg_find started  	[MsgId: MMSG-26355]
Action.c(89): Registering web_reg_find was successful  	[MsgId: MMSG-26390]
Action.c(93): web_submit_data("index.php_3") started  	[MsgId: MMSG-26355]
Action.c(93): Warning -26665: HTTP Status Code is missing or invalid. Assuming "200 OK"  	[MsgId: MWAR-26665]
Action.c(93): Continuing after Error -26366: "Text=My wishlists" not found for web_reg_find  	[MsgId: MERR-26366]
End auto log messages stack.	[MsgId: MMSG-10544]


Start auto log messages stack - Iteration 10.	[MsgId: MMSG-10545]
Action.c(93): web_submit_data("index.php_3") highest severity level was "continue on error", 288 body bytes, 204 header bytes  	[MsgId: MMSG-26388]
Action.c(93): Continuing after error in Vuser script.	[MsgId: MMSG-10678]
Action.c(107): Notify: Transaction "4_add_wishlist" ended with a "Fail" status (Duration: 0,1359 Wasted Time: 0,0000).	[MsgId: MMSG-16871]
Action.c(107): Notify: Transaction "4_add_wishlist" has 1 error message(s).	[MsgId: MMSG-16818]
Action.c(107): Notify: The 1st error message associated with transaction "4_add_wishlist" is "Error -26366: "Text=My wishlists" not found for web_reg_find"	[MsgId: MMSG-16819]
Action.c(109): Notify: Transaction "5_logout" started.	[MsgId: MMSG-16999]
Action.c(111): web_reg_find started  	[MsgId: MMSG-26355]
Action.c(111): Registering web_reg_find was successful  	[MsgId: MMSG-26390]
Action.c(115): web_url("Sign out") started  	[MsgId: MMSG-26355]
Action.c(115): Warning -26665: HTTP Status Code is missing or invalid. Assuming "200 OK"  	[MsgId: MWAR-26665]
Action.c(115): Continuing after Error -26366: "Text=Sign in" not found for web_reg_find  	[MsgId: MERR-26366]
End auto log messages stack.	[MsgId: MMSG-10544]


Start auto log messages stack - Iteration 10.	[MsgId: MMSG-10545]
Action.c(93): Resource "http://fonts.googleapis.com/css?family=Open+Sans:300,600&subset=latin,latin-ext" is in the cache already and will not be downloaded again  	[MsgId: MMSG-26655]
Action.c(93): Resource "http://automationpractice.com/modules/blockbanner/img/sale70.png" is in the cache already and will not be downloaded again  	[MsgId: MMSG-26655]
Action.c(93): Resource "http://automationpractice.com/img/logo.jpg" is in the cache already and will not be downloaded again  	[MsgId: MMSG-26655]
Action.c(93): Resource "http://automationpractice.com/img/c/3-0_thumb.jpg" is in the cache already and will not be downloaded again  	[MsgId: MMSG-26655]
Action.c(93): Resource "http://automationpractice.com/img/c/3-1_thumb.jpg" is in the cache already and will not be downloaded again  	[MsgId: MMSG-26655]
Action.c(93): Continuing after Error -26366: "Text=My wishlists" not found for web_reg_find  	[MsgId: MERR-26366]
End auto log messages stack.	[MsgId: MMSG-10544]


Start auto log messages stack - Iteration 12.	[MsgId: MMSG-10545]
Starting action Action.	[MsgId: MMSG-15919]
Action.c(6): Notify: Transaction "1_begin" started.	[MsgId: MMSG-16999]
Action.c(14): web_reg_save_param_regexp started  	[MsgId: MMSG-26355]
Action.c(14): Registering web_reg_save_param_regexp was successful  	[MsgId: MMSG-26390]
Action.c(23): web_reg_find started  	[MsgId: MMSG-26355]
Action.c(23): Registering web_reg_find was successful  	[MsgId: MMSG-26390]
Action.c(27): web_url("index.php") started  	[MsgId: MMSG-26355]
Action.c(27): Warning -26665: HTTP Status Code is missing or invalid. Assuming "200 OK"  	[MsgId: MWAR-26665]
Action.c(27): Continuing after Error -35049: No match found for the requested parameter "controller". Check whether the requested regular expression exists in the response data  	[MsgId: MERR-35049]
Action.c(27): Continuing after Error -26366: "Text=Already registered" not found for web_reg_find  	[MsgId: MERR-26366]
End auto log messages stack.	[MsgId: MMSG-10544]


Start auto log messages stack - Iteration 12.	[MsgId: MMSG-10545]
Action.c(27): Continuing after error in Vuser script.	[MsgId: MMSG-10678]
Action.c(37): Notify: Transaction "1_begin" ended with a "Fail" status (Duration: 0,2901 Wasted Time: 0,0002).	[MsgId: MMSG-16871]
Action.c(37): Notify: Transaction "1_begin" has 1 error message(s).	[MsgId: MMSG-16818]
Action.c(37): Notify: The 1st error message associated with transaction "1_begin" is "Error -26366: "Text=Already registered" not found for web_reg_find"	[MsgId: MMSG-16819]
Action.c(39): Notify: Transaction "2_login" started.	[MsgId: MMSG-16999]
Action.c(42): web_reg_save_param_regexp started  	[MsgId: MMSG-26355]
Action.c(42): Registering web_reg_save_param_regexp was successful  	[MsgId: MMSG-26390]
Action.c(51): web_reg_find started  	[MsgId: MMSG-26355]
Action.c(51): Registering web_reg_find was successful  	[MsgId: MMSG-26390]
Action.c(55): web_submit_data("index.php_2") started  	[MsgId: MMSG-26355]
Action.c(55): Warning -26665: HTTP Status Code is missing or invalid. Assuming "200 OK"  	[MsgId: MWAR-26665]
Action.c(55): Continuing after Error -35049: No match found for the requested parameter "token". Check whether the requested regular expression exists in the response data  	[MsgId: MERR-35049]
Action.c(55): Continuing after Error -26366: "Text=My account" not found for web_reg_find  	[MsgId: MERR-26366]
End auto log messages stack.	[MsgId: MMSG-10544]


Start auto log messages stack - Iteration 12.	[MsgId: MMSG-10545]
Action.c(93): Found resource "http://automationpractice.com/img/logo.jpg" in HTML "http://automationpractice.com/index.php?controller=authentication&back=http%3A%2F%2Fautomationpractice.com%2Findex.php%3Ffc%3Dmodule%26module%3Dblockwishlist%26controller%3Dmywishlist"  	[MsgId: MMSG-26659]
Action.c(93): Found resource "http://automationpractice.com/img/c/3-0_thumb.jpg" in HTML "http://automationpractice.com/index.php?controller=authentication&back=http%3A%2F%2Fautomationpractice.com%2Findex.php%3Ffc%3Dmodule%26module%3Dblockwishlist%26controller%3Dmywishlist"  	[MsgId: MMSG-26659]
Action.c(93): Found resource "http://automationpractice.com/img/c/3-1_thumb.jpg" in HTML "http://automationpractice.com/index.php?controller=authentication&back=http%3A%2F%2Fautomationpractice.com%2Findex.php%3Ffc%3Dmodule%26module%3Dblockwishlist%26controller%3Dmywishlist"  	[MsgId: MMSG-26659]
Action.c(93): Continuing after Error -26366: "Text=My wishlists" not found for web_reg_find  	[MsgId: MERR-26366]
End auto log messages stack.	[MsgId: MMSG-10544]


Start auto log messages stack - Iteration 12.	[MsgId: MMSG-10545]
Action.c(115): Redirecting "http://automationpractice.com/index.php?mylogout=" (redirection depth is 0)  	[MsgId: MMSG-26694]
Action.c(115): To location "http://automationpractice.com/index.php?fc=module&module=blockwishlist&controller=mywishlist"  	[MsgId: MMSG-26693]
Action.c(115): Redirecting "http://automationpractice.com/index.php?fc=module&module=blockwishlist&controller=mywishlist" (redirection depth is 1)  	[MsgId: MMSG-26694]
Action.c(115): To location "http://automationpractice.com/index.php?controller=authentication&back=http%3A%2F%2Fautomationpractice.com%2Findex.php%3Ffc%3Dmodule%26module%3Dblockwishlist%26controller%3Dmywishlist"  	[MsgId: MMSG-26693]
Action.c(115): Warning -26665: HTTP Status Code is missing or invalid. Assuming "200 OK"  	[MsgId: MWAR-26665]
Action.c(115): Continuing after Error -26366: "Text=Sign in" not found for web_reg_find  	[MsgId: MERR-26366]
End auto log messages stack.	[MsgId: MMSG-10544]


Start auto log messages stack - Iteration 14.	[MsgId: MMSG-10545]
Action.c(27): web_url("index.php") was successful, 753402 body bytes, 15031 header bytes, 53 chunking overhead bytes  	[MsgId: MMSG-26385]
Action.c(37): Notify: Transaction "1_begin" ended with a "Pass" status (Duration: 11,7051 Wasted Time: 0,0030).	[MsgId: MMSG-16871]
Action.c(39): Notify: Transaction "2_login" started.	[MsgId: MMSG-16999]
Action.c(42): web_reg_save_param_regexp started  	[MsgId: MMSG-26355]
Action.c(42): Registering web_reg_save_param_regexp was successful  	[MsgId: MMSG-26390]
Action.c(51): web_reg_find started  	[MsgId: MMSG-26355]
Action.c(51): Registering web_reg_find was successful  	[MsgId: MMSG-26390]
Action.c(55): web_submit_data("index.php_2") started  	[MsgId: MMSG-26355]
Action.c(55): Warning -26665: HTTP Status Code is missing or invalid. Assuming "200 OK"  	[MsgId: MWAR-26665]
Action.c(55): Continuing after Error -35049: No match found for the requested parameter "token". Check whether the requested regular expression exists in the response data  	[MsgId: MERR-35049]
Action.c(55): Continuing after Error -26366: "Text=My account" not found for web_reg_find  	[MsgId: MERR-26366]
End auto log messages stack.	[MsgId: MMSG-10544]


Start auto log messages stack - Iteration 14.	[MsgId: MMSG-10545]
Action.c(75): web_url("My wishlists") started  	[MsgId: MMSG-26355]
Action.c(75): Warning -26665: HTTP Status Code is missing or invalid. Assuming "200 OK"  	[MsgId: MWAR-26665]
Action.c(75): web_url("My wishlists") highest severity level was "warning", 288 body bytes, 204 header bytes  	[MsgId: MMSG-26388]
Action.c(85): Notify: Transaction "3_wishlist" ended with a "Pass" status (Duration: 0,1337).	[MsgId: MMSG-16873]
Action.c(87): Notify: Transaction "4_add_wishlist" started.	[MsgId: MMSG-16999]
Action.c(89): web_reg_find started  	[MsgId: MMSG-26355]
Action.c(89): Registering web_reg_find was successful  	[MsgId: MMSG-26390]
Action.c(93): web_submit_data("index.php_3") started  	[MsgId: MMSG-26355]
Action.c(93): Warning -26665: HTTP Status Code is missing or invalid. Assuming "200 OK"  	[MsgId: MWAR-26665]
Action.c(93): Continuing after Error -26366: "Text=My wishlists" not found for web_reg_find  	[MsgId: MERR-26366]
End auto log messages stack.	[MsgId: MMSG-10544]


Start auto log messages stack - Iteration 14.	[MsgId: MMSG-10545]
Action.c(85): Notify: Transaction "3_wishlist" ended with a "Pass" status (Duration: 10,2679).	[MsgId: MMSG-16873]
Action.c(87): Notify: Transaction "4_add_wishlist" started.	[MsgId: MMSG-16999]
Action.c(89): web_reg_find started  	[MsgId: MMSG-26355]
Action.c(89): Registering web_reg_find was successful  	[MsgId: MMSG-26390]
Action.c(93): web_submit_data("index.php_3") started  	[MsgId: MMSG-26355]
Action.c(93): Redirecting "http://automationpractice.com/index.php?fc=module&module=blockwishlist&controller=mywishlist" (redirection depth is 0)  	[MsgId: MMSG-26694]
Action.c(93): To location "http://automationpractice.com/index.php?fc=module&module=blockwishlist&controller=mywishlist"  	[MsgId: MMSG-26693]
Action.c(93): Warning -26665: HTTP Status Code is missing or invalid. Assuming "200 OK"  	[MsgId: MWAR-26665]
Action.c(93): Continuing after Error -26366: "Text=My wishlists" not found for web_reg_find  	[MsgId: MERR-26366]
End auto log messages stack.	[MsgId: MMSG-10544]


Start auto log messages stack - Iteration 14.	[MsgId: MMSG-10545]
Action.c(93): web_submit_data("index.php_3") highest severity level was "continue on error", 288 body bytes, 576 header bytes, 5 chunking overhead bytes  	[MsgId: MMSG-26387]
Action.c(93): Continuing after error in Vuser script.	[MsgId: MMSG-10678]
Action.c(107): Notify: Transaction "4_add_wishlist" ended with a "Fail" status (Duration: 10,9688 Wasted Time: 0,0000).	[MsgId: MMSG-16871]
Action.c(107): Notify: Transaction "4_add_wishlist" has 1 error message(s).	[MsgId: MMSG-16818]
Action.c(107): Notify: The 1st error message associated with transaction "4_add_wishlist" is "Error -26366: "Text=My wishlists" not found for web_reg_find"	[MsgId: MMSG-16819]
Action.c(109): Notify: Transaction "5_logout" started.	[MsgId: MMSG-16999]
Action.c(111): web_reg_find started  	[MsgId: MMSG-26355]
Action.c(111): Registering web_reg_find was successful  	[MsgId: MMSG-26390]
Action.c(115): web_url("Sign out") started  	[MsgId: MMSG-26355]
Action.c(115): Warning -26665: HTTP Status Code is missing or invalid. Assuming "200 OK"  	[MsgId: MWAR-26665]
Action.c(115): Continuing after Error -26366: "Text=Sign in" not found for web_reg_find  	[MsgId: MERR-26366]
End auto log messages stack.	[MsgId: MMSG-10544]


Start auto log messages stack - Iteration 13.	[MsgId: MMSG-10545]
Action.c(75): Found resource "http://automationpractice.com/modules/blockstore/store.jpg" in HTML "http://automationpractice.com/index.php?fc=module&module=blockwishlist&controller=mywishlist"  	[MsgId: MMSG-26659]
Action.c(75): web_url("My wishlists") was successful, 111964 body bytes, 2332 header bytes, 85 chunking overhead bytes  	[MsgId: MMSG-26385]
Action.c(85): Notify: Transaction "3_wishlist" ended with a "Pass" status (Duration: 10,6167).	[MsgId: MMSG-16873]
Action.c(87): Notify: Transaction "4_add_wishlist" started.	[MsgId: MMSG-16999]
Action.c(89): web_reg_find started  	[MsgId: MMSG-26355]
Action.c(89): Registering web_reg_find was successful  	[MsgId: MMSG-26390]
Action.c(93): web_submit_data("index.php_3") started  	[MsgId: MMSG-26355]
Action.c(93): Warning -26665: HTTP Status Code is missing or invalid. Assuming "200 OK"  	[MsgId: MWAR-26665]
Action.c(93): Continuing after Error -26366: "Text=My wishlists" not found for web_reg_find  	[MsgId: MERR-26366]
End auto log messages stack.	[MsgId: MMSG-10544]


Start auto log messages stack - Iteration 15.	[MsgId: MMSG-10545]
Action.c(85): Notify: Transaction "3_wishlist" ended with a "Pass" status (Duration: 9,7588).	[MsgId: MMSG-16873]
Action.c(87): Notify: Transaction "4_add_wishlist" started.	[MsgId: MMSG-16999]
Action.c(89): web_reg_find started  	[MsgId: MMSG-26355]
Action.c(89): Registering web_reg_find was successful  	[MsgId: MMSG-26390]
Action.c(93): web_submit_data("index.php_3") started  	[MsgId: MMSG-26355]
Action.c(93): Redirecting "http://automationpractice.com/index.php?fc=module&module=blockwishlist&controller=mywishlist" (redirection depth is 0)  	[MsgId: MMSG-26694]
Action.c(93): To location "http://automationpractice.com/index.php?fc=module&module=blockwishlist&controller=mywishlist"  	[MsgId: MMSG-26693]
Action.c(93): Warning -26665: HTTP Status Code is missing or invalid. Assuming "200 OK"  	[MsgId: MWAR-26665]
Action.c(93): Continuing after Error -26366: "Text=My wishlists" not found for web_reg_find  	[MsgId: MERR-26366]
End auto log messages stack.	[MsgId: MMSG-10544]


Start auto log messages stack - Iteration 15.	[MsgId: MMSG-10545]
Action.c(93): web_submit_data("index.php_3") highest severity level was "continue on error", 288 body bytes, 576 header bytes, 5 chunking overhead bytes  	[MsgId: MMSG-26387]
Action.c(93): Continuing after error in Vuser script.	[MsgId: MMSG-10678]
Action.c(107): Notify: Transaction "4_add_wishlist" ended with a "Fail" status (Duration: 8,4288 Wasted Time: 0,0000).	[MsgId: MMSG-16871]
Action.c(107): Notify: Transaction "4_add_wishlist" has 1 error message(s).	[MsgId: MMSG-16818]
Action.c(107): Notify: The 1st error message associated with transaction "4_add_wishlist" is "Error -26366: "Text=My wishlists" not found for web_reg_find"	[MsgId: MMSG-16819]
Action.c(109): Notify: Transaction "5_logout" started.	[MsgId: MMSG-16999]
Action.c(111): web_reg_find started  	[MsgId: MMSG-26355]
Action.c(111): Registering web_reg_find was successful  	[MsgId: MMSG-26390]
Action.c(115): web_url("Sign out") started  	[MsgId: MMSG-26355]
Action.c(115): Warning -26665: HTTP Status Code is missing or invalid. Assuming "200 OK"  	[MsgId: MWAR-26665]
Action.c(115): Continuing after Error -26366: "Text=Sign in" not found for web_reg_find  	[MsgId: MERR-26366]
End auto log messages stack.	[MsgId: MMSG-10544]


Start auto log messages stack - Iteration 14.	[MsgId: MMSG-10545]
Action.c(27): web_url("index.php") was successful, 753402 body bytes, 15027 header bytes, 53 chunking overhead bytes  	[MsgId: MMSG-26385]
Action.c(37): Notify: Transaction "1_begin" ended with a "Pass" status (Duration: 10,7535 Wasted Time: 0,0028).	[MsgId: MMSG-16871]
Action.c(39): Notify: Transaction "2_login" started.	[MsgId: MMSG-16999]
Action.c(42): web_reg_save_param_regexp started  	[MsgId: MMSG-26355]
Action.c(42): Registering web_reg_save_param_regexp was successful  	[MsgId: MMSG-26390]
Action.c(51): web_reg_find started  	[MsgId: MMSG-26355]
Action.c(51): Registering web_reg_find was successful  	[MsgId: MMSG-26390]
Action.c(55): web_submit_data("index.php_2") started  	[MsgId: MMSG-26355]
Action.c(55): Warning -26665: HTTP Status Code is missing or invalid. Assuming "200 OK"  	[MsgId: MWAR-26665]
Action.c(55): Continuing after Error -35049: No match found for the requested parameter "token". Check whether the requested regular expression exists in the response data  	[MsgId: MERR-35049]
Action.c(55): Continuing after Error -26366: "Text=My account" not found for web_reg_find  	[MsgId: MERR-26366]
End auto log messages stack.	[MsgId: MMSG-10544]


Start auto log messages stack - Iteration 14.	[MsgId: MMSG-10545]
Action.c(75): web_url("My wishlists") started  	[MsgId: MMSG-26355]
Action.c(75): Warning -26665: HTTP Status Code is missing or invalid. Assuming "200 OK"  	[MsgId: MWAR-26665]
Action.c(75): web_url("My wishlists") highest severity level was "warning", 288 body bytes, 204 header bytes  	[MsgId: MMSG-26388]
Action.c(85): Notify: Transaction "3_wishlist" ended with a "Pass" status (Duration: 0,1365).	[MsgId: MMSG-16873]
Action.c(87): Notify: Transaction "4_add_wishlist" started.	[MsgId: MMSG-16999]
Action.c(89): web_reg_find started  	[MsgId: MMSG-26355]
Action.c(89): Registering web_reg_find was successful  	[MsgId: MMSG-26390]
Action.c(93): web_submit_data("index.php_3") started  	[MsgId: MMSG-26355]
Action.c(93): Warning -26665: HTTP Status Code is missing or invalid. Assuming "200 OK"  	[MsgId: MWAR-26665]
Action.c(93): Continuing after Error -26366: "Text=My wishlists" not found for web_reg_find  	[MsgId: MERR-26366]
End auto log messages stack.	[MsgId: MMSG-10544]


Start auto log messages stack - Iteration 16.	[MsgId: MMSG-10545]
Action.c(85): Notify: Transaction "3_wishlist" ended with a "Pass" status (Duration: 5,0679).	[MsgId: MMSG-16873]
Action.c(87): Notify: Transaction "4_add_wishlist" started.	[MsgId: MMSG-16999]
Action.c(89): web_reg_find started  	[MsgId: MMSG-26355]
Action.c(89): Registering web_reg_find was successful  	[MsgId: MMSG-26390]
Action.c(93): web_submit_data("index.php_3") started  	[MsgId: MMSG-26355]
Action.c(93): Redirecting "http://automationpractice.com/index.php?fc=module&module=blockwishlist&controller=mywishlist" (redirection depth is 0)  	[MsgId: MMSG-26694]
Action.c(93): To location "http://automationpractice.com/index.php?fc=module&module=blockwishlist&controller=mywishlist"  	[MsgId: MMSG-26693]
Action.c(93): Warning -26665: HTTP Status Code is missing or invalid. Assuming "200 OK"  	[MsgId: MWAR-26665]
Action.c(93): Continuing after Error -26366: "Text=My wishlists" not found for web_reg_find  	[MsgId: MERR-26366]
End auto log messages stack.	[MsgId: MMSG-10544]


Start auto log messages stack - Iteration 16.	[MsgId: MMSG-10545]
Action.c(93): web_submit_data("index.php_3") highest severity level was "continue on error", 288 body bytes, 576 header bytes, 5 chunking overhead bytes  	[MsgId: MMSG-26387]
Action.c(93): Continuing after error in Vuser script.	[MsgId: MMSG-10678]
Action.c(107): Notify: Transaction "4_add_wishlist" ended with a "Fail" status (Duration: 8,4370 Wasted Time: 0,0000).	[MsgId: MMSG-16871]
Action.c(107): Notify: Transaction "4_add_wishlist" has 1 error message(s).	[MsgId: MMSG-16818]
Action.c(107): Notify: The 1st error message associated with transaction "4_add_wishlist" is "Error -26366: "Text=My wishlists" not found for web_reg_find"	[MsgId: MMSG-16819]
Action.c(109): Notify: Transaction "5_logout" started.	[MsgId: MMSG-16999]
Action.c(111): web_reg_find started  	[MsgId: MMSG-26355]
Action.c(111): Registering web_reg_find was successful  	[MsgId: MMSG-26390]
Action.c(115): web_url("Sign out") started  	[MsgId: MMSG-26355]
Action.c(115): Warning -26665: HTTP Status Code is missing or invalid. Assuming "200 OK"  	[MsgId: MWAR-26665]
Action.c(115): Continuing after Error -26366: "Text=Sign in" not found for web_reg_find  	[MsgId: MERR-26366]
End auto log messages stack.	[MsgId: MMSG-10544]


Start auto log messages stack - Iteration 17.	[MsgId: MMSG-10545]
Action.c(75): web_url("My wishlists") was successful, 117746 body bytes, 2332 header bytes, 101 chunking overhead bytes  	[MsgId: MMSG-26385]
Action.c(85): Notify: Transaction "3_wishlist" ended with a "Pass" status (Duration: 10,1120).	[MsgId: MMSG-16873]
Action.c(87): Notify: Transaction "4_add_wishlist" started.	[MsgId: MMSG-16999]
Action.c(89): web_reg_find started  	[MsgId: MMSG-26355]
Action.c(89): Registering web_reg_find was successful  	[MsgId: MMSG-26390]
Action.c(93): web_submit_data("index.php_3") started  	[MsgId: MMSG-26355]
Action.c(93): Redirecting "http://automationpractice.com/index.php?fc=module&module=blockwishlist&controller=mywishlist" (redirection depth is 0)  	[MsgId: MMSG-26694]
Action.c(93): To location "http://automationpractice.com/index.php?fc=module&module=blockwishlist&controller=mywishlist"  	[MsgId: MMSG-26693]
Action.c(93): Continuing after Error -27792: Failed to connect to server "automationpractice.com:80": [10060] Connection timed out  	[MsgId: MERR-27792]
Action.c(93): Continuing after Error -26366: "Text=My wishlists" not found for web_reg_find  	[MsgId: MERR-26366]
Action.c(93): Continuing after Error -26374: The above "not found" error(s) may be explained by header and body byte counts being 371 and 0, respectively.  	[MsgId: MERR-26374]
End auto log messages stack.	[MsgId: MMSG-10544]


Start auto log messages stack - Iteration 17.	[MsgId: MMSG-10545]
Action.c(115): Redirecting "http://automationpractice.com/index.php?mylogout=" (redirection depth is 0)  	[MsgId: MMSG-26694]
Action.c(115): To location "http://automationpractice.com/index.php?fc=module&module=blockwishlist&controller=mywishlist"  	[MsgId: MMSG-26693]
Action.c(115): Redirecting "http://automationpractice.com/index.php?fc=module&module=blockwishlist&controller=mywishlist" (redirection depth is 1)  	[MsgId: MMSG-26694]
Action.c(115): To location "http://automationpractice.com/index.php?controller=authentication&back=http%3A%2F%2Fautomationpractice.com%2Findex.php%3Ffc%3Dmodule%26module%3Dblockwishlist%26controller%3Dmywishlist"  	[MsgId: MMSG-26693]
Action.c(115): Warning -26665: HTTP Status Code is missing or invalid. Assuming "200 OK"  	[MsgId: MWAR-26665]
Action.c(115): Continuing after Error -26366: "Text=Sign in" not found for web_reg_find  	[MsgId: MERR-26366]
End auto log messages stack.	[MsgId: MMSG-10544]


Start auto log messages stack - Iteration 19.	[MsgId: MMSG-10545]
Action.c(27): web_url("index.php") was successful, 753402 body bytes, 15037 header bytes, 53 chunking overhead bytes  	[MsgId: MMSG-26385]
Action.c(37): Notify: Transaction "1_begin" ended with a "Pass" status (Duration: 14,2580 Wasted Time: 0,0046).	[MsgId: MMSG-16871]
Action.c(39): Notify: Transaction "2_login" started.	[MsgId: MMSG-16999]
Action.c(42): web_reg_save_param_regexp started  	[MsgId: MMSG-26355]
Action.c(42): Registering web_reg_save_param_regexp was successful  	[MsgId: MMSG-26390]
Action.c(51): web_reg_find started  	[MsgId: MMSG-26355]
Action.c(51): Registering web_reg_find was successful  	[MsgId: MMSG-26390]
Action.c(55): web_submit_data("index.php_2") started  	[MsgId: MMSG-26355]
Action.c(55): Warning -26665: HTTP Status Code is missing or invalid. Assuming "200 OK"  	[MsgId: MWAR-26665]
Action.c(55): Continuing after Error -35049: No match found for the requested parameter "token". Check whether the requested regular expression exists in the response data  	[MsgId: MERR-35049]
Action.c(55): Continuing after Error -26366: "Text=My account" not found for web_reg_find  	[MsgId: MERR-26366]
End auto log messages stack.	[MsgId: MMSG-10544]


Start auto log messages stack - Iteration 19.	[MsgId: MMSG-10545]
Action.c(75): web_url("My wishlists") started  	[MsgId: MMSG-26355]
Action.c(75): Warning -26665: HTTP Status Code is missing or invalid. Assuming "200 OK"  	[MsgId: MWAR-26665]
Action.c(75): web_url("My wishlists") highest severity level was "warning", 288 body bytes, 204 header bytes  	[MsgId: MMSG-26388]
Action.c(85): Notify: Transaction "3_wishlist" ended with a "Pass" status (Duration: 0,1337).	[MsgId: MMSG-16873]
Action.c(87): Notify: Transaction "4_add_wishlist" started.	[MsgId: MMSG-16999]
Action.c(89): web_reg_find started  	[MsgId: MMSG-26355]
Action.c(89): Registering web_reg_find was successful  	[MsgId: MMSG-26390]
Action.c(93): web_submit_data("index.php_3") started  	[MsgId: MMSG-26355]
Action.c(93): Warning -26665: HTTP Status Code is missing or invalid. Assuming "200 OK"  	[MsgId: MWAR-26665]
Action.c(93): Continuing after Error -26366: "Text=My wishlists" not found for web_reg_find  	[MsgId: MERR-26366]
End auto log messages stack.	[MsgId: MMSG-10544]


Start auto log messages stack - Iteration 19.	[MsgId: MMSG-10545]
Action.c(93): web_submit_data("index.php_3") highest severity level was "continue on error", 288 body bytes, 204 header bytes  	[MsgId: MMSG-26388]
Action.c(93): Continuing after error in Vuser script.	[MsgId: MMSG-10678]
Action.c(107): Notify: Transaction "4_add_wishlist" ended with a "Fail" status (Duration: 0,1344 Wasted Time: 0,0000).	[MsgId: MMSG-16871]
Action.c(107): Notify: Transaction "4_add_wishlist" has 1 error message(s).	[MsgId: MMSG-16818]
Action.c(107): Notify: The 1st error message associated with transaction "4_add_wishlist" is "Error -26366: "Text=My wishlists" not found for web_reg_find"	[MsgId: MMSG-16819]
Action.c(109): Notify: Transaction "5_logout" started.	[MsgId: MMSG-16999]
Action.c(111): web_reg_find started  	[MsgId: MMSG-26355]
Action.c(111): Registering web_reg_find was successful  	[MsgId: MMSG-26390]
Action.c(115): web_url("Sign out") started  	[MsgId: MMSG-26355]
Action.c(115): Warning -26665: HTTP Status Code is missing or invalid. Assuming "200 OK"  	[MsgId: MWAR-26665]
Action.c(115): Continuing after Error -26366: "Text=Sign in" not found for web_reg_find  	[MsgId: MERR-26366]
End auto log messages stack.	[MsgId: MMSG-10544]


Start auto log messages stack - Iteration 19.	[MsgId: MMSG-10545]
Action.c(75): web_url("My wishlists") started  	[MsgId: MMSG-26355]
Action.c(75): Warning -26665: HTTP Status Code is missing or invalid. Assuming "200 OK"  	[MsgId: MWAR-26665]
Action.c(75): web_url("My wishlists") highest severity level was "warning", 288 body bytes, 204 header bytes  	[MsgId: MMSG-26388]
Action.c(85): Notify: Transaction "3_wishlist" ended with a "Pass" status (Duration: 0,1357).	[MsgId: MMSG-16873]
Action.c(87): Notify: Transaction "4_add_wishlist" started.	[MsgId: MMSG-16999]
Action.c(89): web_reg_find started  	[MsgId: MMSG-26355]
Action.c(89): Registering web_reg_find was successful  	[MsgId: MMSG-26390]
Action.c(93): web_submit_data("index.php_3") started  	[MsgId: MMSG-26355]
Action.c(93): Warning -26665: HTTP Status Code is missing or invalid. Assuming "200 OK"  	[MsgId: MWAR-26665]
Action.c(93): Continuing after Error -26366: "Text=My wishlists" not found for web_reg_find  	[MsgId: MERR-26366]
End auto log messages stack.	[MsgId: MMSG-10544]


Start auto log messages stack - Iteration 19.	[MsgId: MMSG-10545]
Action.c(93): Registered web_reg_find successful for "Text=My wishlists" (count=4)  	[MsgId: MMSG-26364]
Action.c(93): web_submit_data("index.php_3") was successful, 90984 body bytes, 650 header bytes, 97 chunking overhead bytes  	[MsgId: MMSG-26385]
Action.c(107): Notify: Transaction "4_add_wishlist" ended with a "Pass" status (Duration: 15,5502 Wasted Time: 0,0002).	[MsgId: MMSG-16871]
Action.c(109): Notify: Transaction "5_logout" started.	[MsgId: MMSG-16999]
Action.c(111): web_reg_find started  	[MsgId: MMSG-26355]
Action.c(111): Registering web_reg_find was successful  	[MsgId: MMSG-26390]
Action.c(115): web_url("Sign out") started  	[MsgId: MMSG-26355]
Action.c(115): Warning -26665: HTTP Status Code is missing or invalid. Assuming "200 OK"  	[MsgId: MWAR-26665]
Action.c(115): Continuing after Error -26366: "Text=Sign in" not found for web_reg_find  	[MsgId: MERR-26366]
End auto log messages stack.	[MsgId: MMSG-10544]


Start auto log messages stack - Iteration 20.	[MsgId: MMSG-10545]
Action.c(85): Notify: Transaction "3_wishlist" ended with a "Pass" status (Duration: 6,4770).	[MsgId: MMSG-16873]
Action.c(87): Notify: Transaction "4_add_wishlist" started.	[MsgId: MMSG-16999]
Action.c(89): web_reg_find started  	[MsgId: MMSG-26355]
Action.c(89): Registering web_reg_find was successful  	[MsgId: MMSG-26390]
Action.c(93): web_submit_data("index.php_3") started  	[MsgId: MMSG-26355]
Action.c(93): Redirecting "http://automationpractice.com/index.php?fc=module&module=blockwishlist&controller=mywishlist" (redirection depth is 0)  	[MsgId: MMSG-26694]
Action.c(93): To location "http://automationpractice.com/index.php?fc=module&module=blockwishlist&controller=mywishlist"  	[MsgId: MMSG-26693]
Action.c(93): Warning -26665: HTTP Status Code is missing or invalid. Assuming "200 OK"  	[MsgId: MWAR-26665]
Action.c(93): Continuing after Error -26366: "Text=My wishlists" not found for web_reg_find  	[MsgId: MERR-26366]
End auto log messages stack.	[MsgId: MMSG-10544]


Start auto log messages stack - Iteration 20.	[MsgId: MMSG-10545]
Action.c(93): web_submit_data("index.php_3") highest severity level was "continue on error", 288 body bytes, 576 header bytes, 5 chunking overhead bytes  	[MsgId: MMSG-26387]
Action.c(93): Continuing after error in Vuser script.	[MsgId: MMSG-10678]
Action.c(107): Notify: Transaction "4_add_wishlist" ended with a "Fail" status (Duration: 11,3162 Wasted Time: 0,0000).	[MsgId: MMSG-16871]
Action.c(107): Notify: Transaction "4_add_wishlist" has 1 error message(s).	[MsgId: MMSG-16818]
Action.c(107): Notify: The 1st error message associated with transaction "4_add_wishlist" is "Error -26366: "Text=My wishlists" not found for web_reg_find"	[MsgId: MMSG-16819]
Action.c(109): Notify: Transaction "5_logout" started.	[MsgId: MMSG-16999]
Action.c(111): web_reg_find started  	[MsgId: MMSG-26355]
Action.c(111): Registering web_reg_find was successful  	[MsgId: MMSG-26390]
Action.c(115): web_url("Sign out") started  	[MsgId: MMSG-26355]
Action.c(115): Warning -26665: HTTP Status Code is missing or invalid. Assuming "200 OK"  	[MsgId: MWAR-26665]
Action.c(115): Continuing after Error -26366: "Text=Sign in" not found for web_reg_find  	[MsgId: MERR-26366]
End auto log messages stack.	[MsgId: MMSG-10544]


Start auto log messages stack - Iteration 21.	[MsgId: MMSG-10545]
Action.c(85): Notify: Transaction "3_wishlist" ended with a "Pass" status (Duration: 7,9531).	[MsgId: MMSG-16873]
Action.c(87): Notify: Transaction "4_add_wishlist" started.	[MsgId: MMSG-16999]
Action.c(89): web_reg_find started  	[MsgId: MMSG-26355]
Action.c(89): Registering web_reg_find was successful  	[MsgId: MMSG-26390]
Action.c(93): web_submit_data("index.php_3") started  	[MsgId: MMSG-26355]
Action.c(93): Redirecting "http://automationpractice.com/index.php?fc=module&module=blockwishlist&controller=mywishlist" (redirection depth is 0)  	[MsgId: MMSG-26694]
Action.c(93): To location "http://automationpractice.com/index.php?fc=module&module=blockwishlist&controller=mywishlist"  	[MsgId: MMSG-26693]
Action.c(93): Warning -26665: HTTP Status Code is missing or invalid. Assuming "200 OK"  	[MsgId: MWAR-26665]
Action.c(93): Continuing after Error -26366: "Text=My wishlists" not found for web_reg_find  	[MsgId: MERR-26366]
End auto log messages stack.	[MsgId: MMSG-10544]


Start auto log messages stack - Iteration 21.	[MsgId: MMSG-10545]
Action.c(93): web_submit_data("index.php_3") highest severity level was "continue on error", 288 body bytes, 576 header bytes, 5 chunking overhead bytes  	[MsgId: MMSG-26387]
Action.c(93): Continuing after error in Vuser script.	[MsgId: MMSG-10678]
Action.c(107): Notify: Transaction "4_add_wishlist" ended with a "Fail" status (Duration: 9,4501 Wasted Time: 0,0000).	[MsgId: MMSG-16871]
Action.c(107): Notify: Transaction "4_add_wishlist" has 1 error message(s).	[MsgId: MMSG-16818]
Action.c(107): Notify: The 1st error message associated with transaction "4_add_wishlist" is "Error -26366: "Text=My wishlists" not found for web_reg_find"	[MsgId: MMSG-16819]
Action.c(109): Notify: Transaction "5_logout" started.	[MsgId: MMSG-16999]
Action.c(111): web_reg_find started  	[MsgId: MMSG-26355]
Action.c(111): Registering web_reg_find was successful  	[MsgId: MMSG-26390]
Action.c(115): web_url("Sign out") started  	[MsgId: MMSG-26355]
Action.c(115): Warning -26665: HTTP Status Code is missing or invalid. Assuming "200 OK"  	[MsgId: MWAR-26665]
Action.c(115): Continuing after Error -26366: "Text=Sign in" not found for web_reg_find  	[MsgId: MERR-26366]
End auto log messages stack.	[MsgId: MMSG-10544]


Start auto log messages stack - Iteration 23.	[MsgId: MMSG-10545]
Starting action Action.	[MsgId: MMSG-15919]
Action.c(6): Notify: Transaction "1_begin" started.	[MsgId: MMSG-16999]
Action.c(14): web_reg_save_param_regexp started  	[MsgId: MMSG-26355]
Action.c(14): Registering web_reg_save_param_regexp was successful  	[MsgId: MMSG-26390]
Action.c(23): web_reg_find started  	[MsgId: MMSG-26355]
Action.c(23): Registering web_reg_find was successful  	[MsgId: MMSG-26390]
Action.c(27): web_url("index.php") started  	[MsgId: MMSG-26355]
Action.c(27): Warning -26665: HTTP Status Code is missing or invalid. Assuming "200 OK"  	[MsgId: MWAR-26665]
Action.c(27): Continuing after Error -35049: No match found for the requested parameter "controller". Check whether the requested regular expression exists in the response data  	[MsgId: MERR-35049]
Action.c(27): Continuing after Error -26366: "Text=Already registered" not found for web_reg_find  	[MsgId: MERR-26366]
End auto log messages stack.	[MsgId: MMSG-10544]


Start auto log messages stack - Iteration 23.	[MsgId: MMSG-10545]
Action.c(27): Continuing after error in Vuser script.	[MsgId: MMSG-10678]
Action.c(37): Notify: Transaction "1_begin" ended with a "Fail" status (Duration: 1,3015 Wasted Time: 0,0002).	[MsgId: MMSG-16871]
Action.c(37): Notify: Transaction "1_begin" has 1 error message(s).	[MsgId: MMSG-16818]
Action.c(37): Notify: The 1st error message associated with transaction "1_begin" is "Error -26366: "Text=Already registered" not found for web_reg_find"	[MsgId: MMSG-16819]
Action.c(39): Notify: Transaction "2_login" started.	[MsgId: MMSG-16999]
Action.c(42): web_reg_save_param_regexp started  	[MsgId: MMSG-26355]
Action.c(42): Registering web_reg_save_param_regexp was successful  	[MsgId: MMSG-26390]
Action.c(51): web_reg_find started  	[MsgId: MMSG-26355]
Action.c(51): Registering web_reg_find was successful  	[MsgId: MMSG-26390]
Action.c(55): web_submit_data("index.php_2") started  	[MsgId: MMSG-26355]
Action.c(55): Warning -26665: HTTP Status Code is missing or invalid. Assuming "200 OK"  	[MsgId: MWAR-26665]
Action.c(55): Continuing after Error -35049: No match found for the requested parameter "token". Check whether the requested regular expression exists in the response data  	[MsgId: MERR-35049]
Action.c(55): Continuing after Error -26366: "Text=My account" not found for web_reg_find  	[MsgId: MERR-26366]
End auto log messages stack.	[MsgId: MMSG-10544]


Start auto log messages stack - Iteration 23.	[MsgId: MMSG-10545]
Action.c(93): Found resource "http://automationpractice.com/img/logo.jpg" in HTML "http://automationpractice.com/index.php?controller=authentication&back=http%3A%2F%2Fautomationpractice.com%2Findex.php%3Ffc%3Dmodule%26module%3Dblockwishlist%26controller%3Dmywishlist"  	[MsgId: MMSG-26659]
Action.c(93): Found resource "http://automationpractice.com/img/c/3-0_thumb.jpg" in HTML "http://automationpractice.com/index.php?controller=authentication&back=http%3A%2F%2Fautomationpractice.com%2Findex.php%3Ffc%3Dmodule%26module%3Dblockwishlist%26controller%3Dmywishlist"  	[MsgId: MMSG-26659]
Action.c(93): Found resource "http://automationpractice.com/img/c/3-1_thumb.jpg" in HTML "http://automationpractice.com/index.php?controller=authentication&back=http%3A%2F%2Fautomationpractice.com%2Findex.php%3Ffc%3Dmodule%26module%3Dblockwishlist%26controller%3Dmywishlist"  	[MsgId: MMSG-26659]
Action.c(93): Continuing after Error -26366: "Text=My wishlists" not found for web_reg_find  	[MsgId: MERR-26366]
End auto log messages stack.	[MsgId: MMSG-10544]


Start auto log messages stack - Iteration 24.	[MsgId: MMSG-10545]
Starting action Action.	[MsgId: MMSG-15919]
Action.c(6): Notify: Transaction "1_begin" started.	[MsgId: MMSG-16999]
Action.c(14): web_reg_save_param_regexp started  	[MsgId: MMSG-26355]
Action.c(14): Registering web_reg_save_param_regexp was successful  	[MsgId: MMSG-26390]
Action.c(23): web_reg_find started  	[MsgId: MMSG-26355]
Action.c(23): Registering web_reg_find was successful  	[MsgId: MMSG-26390]
Action.c(27): web_url("index.php") started  	[MsgId: MMSG-26355]
Action.c(27): Warning -26665: HTTP Status Code is missing or invalid. Assuming "200 OK"  	[MsgId: MWAR-26665]
Action.c(27): Continuing after Error -35049: No match found for the requested parameter "controller". Check whether the requested regular expression exists in the response data  	[MsgId: MERR-35049]
Action.c(27): Continuing after Error -26366: "Text=Already registered" not found for web_reg_find  	[MsgId: MERR-26366]
End auto log messages stack.	[MsgId: MMSG-10544]


Start auto log messages stack - Iteration 24.	[MsgId: MMSG-10545]
Action.c(27): Continuing after error in Vuser script.	[MsgId: MMSG-10678]
Action.c(37): Notify: Transaction "1_begin" ended with a "Fail" status (Duration: 0,2837 Wasted Time: 0,0001).	[MsgId: MMSG-16871]
Action.c(37): Notify: Transaction "1_begin" has 1 error message(s).	[MsgId: MMSG-16818]
Action.c(37): Notify: The 1st error message associated with transaction "1_begin" is "Error -26366: "Text=Already registered" not found for web_reg_find"	[MsgId: MMSG-16819]
Action.c(39): Notify: Transaction "2_login" started.	[MsgId: MMSG-16999]
Action.c(42): web_reg_save_param_regexp started  	[MsgId: MMSG-26355]
Action.c(42): Registering web_reg_save_param_regexp was successful  	[MsgId: MMSG-26390]
Action.c(51): web_reg_find started  	[MsgId: MMSG-26355]
Action.c(51): Registering web_reg_find was successful  	[MsgId: MMSG-26390]
Action.c(55): web_submit_data("index.php_2") started  	[MsgId: MMSG-26355]
Action.c(55): Warning -26665: HTTP Status Code is missing or invalid. Assuming "200 OK"  	[MsgId: MWAR-26665]
Action.c(55): Continuing after Error -35049: No match found for the requested parameter "token". Check whether the requested regular expression exists in the response data  	[MsgId: MERR-35049]
Action.c(55): Continuing after Error -26366: "Text=My account" not found for web_reg_find  	[MsgId: MERR-26366]
End auto log messages stack.	[MsgId: MMSG-10544]


Start auto log messages stack - Iteration 24.	[MsgId: MMSG-10545]
Action.c(75): web_url("My wishlists") started  	[MsgId: MMSG-26355]
Action.c(75): Warning -26665: HTTP Status Code is missing or invalid. Assuming "200 OK"  	[MsgId: MWAR-26665]
Action.c(75): web_url("My wishlists") highest severity level was "warning", 288 body bytes, 204 header bytes  	[MsgId: MMSG-26388]
Action.c(85): Notify: Transaction "3_wishlist" ended with a "Pass" status (Duration: 0,1378).	[MsgId: MMSG-16873]
Action.c(87): Notify: Transaction "4_add_wishlist" started.	[MsgId: MMSG-16999]
Action.c(89): web_reg_find started  	[MsgId: MMSG-26355]
Action.c(89): Registering web_reg_find was successful  	[MsgId: MMSG-26390]
Action.c(93): web_submit_data("index.php_3") started  	[MsgId: MMSG-26355]
Action.c(93): Warning -26665: HTTP Status Code is missing or invalid. Assuming "200 OK"  	[MsgId: MWAR-26665]
Action.c(93): Continuing after Error -26366: "Text=My wishlists" not found for web_reg_find  	[MsgId: MERR-26366]
End auto log messages stack.	[MsgId: MMSG-10544]


Start auto log messages stack - Iteration 24.	[MsgId: MMSG-10545]
Action.c(93): web_submit_data("index.php_3") highest severity level was "continue on error", 288 body bytes, 204 header bytes  	[MsgId: MMSG-26388]
Action.c(93): Continuing after error in Vuser script.	[MsgId: MMSG-10678]
Action.c(107): Notify: Transaction "4_add_wishlist" ended with a "Fail" status (Duration: 0,1435 Wasted Time: 0,0000).	[MsgId: MMSG-16871]
Action.c(107): Notify: Transaction "4_add_wishlist" has 1 error message(s).	[MsgId: MMSG-16818]
Action.c(107): Notify: The 1st error message associated with transaction "4_add_wishlist" is "Error -26366: "Text=My wishlists" not found for web_reg_find"	[MsgId: MMSG-16819]
Action.c(109): Notify: Transaction "5_logout" started.	[MsgId: MMSG-16999]
Action.c(111): web_reg_find started  	[MsgId: MMSG-26355]
Action.c(111): Registering web_reg_find was successful  	[MsgId: MMSG-26390]
Action.c(115): web_url("Sign out") started  	[MsgId: MMSG-26355]
Action.c(115): Warning -26665: HTTP Status Code is missing or invalid. Assuming "200 OK"  	[MsgId: MWAR-26665]
Action.c(115): Continuing after Error -26366: "Text=Sign in" not found for web_reg_find  	[MsgId: MERR-26366]
End auto log messages stack.	[MsgId: MMSG-10544]


Start auto log messages stack - Iteration 26.	[MsgId: MMSG-10545]
Action.c(115): Redirecting "http://automationpractice.com/index.php?mylogout=" (redirection depth is 0)  	[MsgId: MMSG-26694]
Action.c(115): To location "http://automationpractice.com/index.php?fc=module&module=blockwishlist&controller=mywishlist"  	[MsgId: MMSG-26693]
Action.c(115): Redirecting "http://automationpractice.com/index.php?fc=module&module=blockwishlist&controller=mywishlist" (redirection depth is 1)  	[MsgId: MMSG-26694]
Action.c(115): To location "http://automationpractice.com/index.php?controller=authentication&back=http%3A%2F%2Fautomationpractice.com%2Findex.php%3Ffc%3Dmodule%26module%3Dblockwishlist%26controller%3Dmywishlist"  	[MsgId: MMSG-26693]
Action.c(115): Warning -26665: HTTP Status Code is missing or invalid. Assuming "200 OK"  	[MsgId: MWAR-26665]
Action.c(115): Continuing after Error -26366: "Text=Sign in" not found for web_reg_find  	[MsgId: MERR-26366]
End auto log messages stack.	[MsgId: MMSG-10544]


Start auto log messages stack - Iteration 26.	[MsgId: MMSG-10545]
Starting action Action.	[MsgId: MMSG-15919]
Action.c(6): Notify: Transaction "1_begin" started.	[MsgId: MMSG-16999]
Action.c(14): web_reg_save_param_regexp started  	[MsgId: MMSG-26355]
Action.c(14): Registering web_reg_save_param_regexp was successful  	[MsgId: MMSG-26390]
Action.c(23): web_reg_find started  	[MsgId: MMSG-26355]
Action.c(23): Registering web_reg_find was successful  	[MsgId: MMSG-26390]
Action.c(27): web_url("index.php") started  	[MsgId: MMSG-26355]
Action.c(27): Warning -26665: HTTP Status Code is missing or invalid. Assuming "200 OK"  	[MsgId: MWAR-26665]
Action.c(27): Continuing after Error -35049: No match found for the requested parameter "controller". Check whether the requested regular expression exists in the response data  	[MsgId: MERR-35049]
Action.c(27): Continuing after Error -26366: "Text=Already registered" not found for web_reg_find  	[MsgId: MERR-26366]
End auto log messages stack.	[MsgId: MMSG-10544]


Start auto log messages stack - Iteration 26.	[MsgId: MMSG-10545]
Action.c(27): Continuing after error in Vuser script.	[MsgId: MMSG-10678]
Action.c(37): Notify: Transaction "1_begin" ended with a "Fail" status (Duration: 0,2670 Wasted Time: 0,0003).	[MsgId: MMSG-16871]
Action.c(37): Notify: Transaction "1_begin" has 1 error message(s).	[MsgId: MMSG-16818]
Action.c(37): Notify: The 1st error message associated with transaction "1_begin" is "Error -26366: "Text=Already registered" not found for web_reg_find"	[MsgId: MMSG-16819]
Action.c(39): Notify: Transaction "2_login" started.	[MsgId: MMSG-16999]
Action.c(42): web_reg_save_param_regexp started  	[MsgId: MMSG-26355]
Action.c(42): Registering web_reg_save_param_regexp was successful  	[MsgId: MMSG-26390]
Action.c(51): web_reg_find started  	[MsgId: MMSG-26355]
Action.c(51): Registering web_reg_find was successful  	[MsgId: MMSG-26390]
Action.c(55): web_submit_data("index.php_2") started  	[MsgId: MMSG-26355]
Action.c(55): Warning -26665: HTTP Status Code is missing or invalid. Assuming "200 OK"  	[MsgId: MWAR-26665]
Action.c(55): Continuing after Error -35049: No match found for the requested parameter "token". Check whether the requested regular expression exists in the response data  	[MsgId: MERR-35049]
Action.c(55): Continuing after Error -26366: "Text=My account" not found for web_reg_find  	[MsgId: MERR-26366]
End auto log messages stack.	[MsgId: MMSG-10544]


Start auto log messages stack - Iteration 26.	[MsgId: MMSG-10545]
Action.c(75): web_url("My wishlists") started  	[MsgId: MMSG-26355]
Action.c(75): Warning -26665: HTTP Status Code is missing or invalid. Assuming "200 OK"  	[MsgId: MWAR-26665]
Action.c(75): web_url("My wishlists") highest severity level was "warning", 288 body bytes, 204 header bytes  	[MsgId: MMSG-26388]
Action.c(85): Notify: Transaction "3_wishlist" ended with a "Pass" status (Duration: 0,1330).	[MsgId: MMSG-16873]
Action.c(87): Notify: Transaction "4_add_wishlist" started.	[MsgId: MMSG-16999]
Action.c(89): web_reg_find started  	[MsgId: MMSG-26355]
Action.c(89): Registering web_reg_find was successful  	[MsgId: MMSG-26390]
Action.c(93): web_submit_data("index.php_3") started  	[MsgId: MMSG-26355]
Action.c(93): Warning -26665: HTTP Status Code is missing or invalid. Assuming "200 OK"  	[MsgId: MWAR-26665]
Action.c(93): Continuing after Error -26366: "Text=My wishlists" not found for web_reg_find  	[MsgId: MERR-26366]
End auto log messages stack.	[MsgId: MMSG-10544]


Start auto log messages stack - Iteration 25.	[MsgId: MMSG-10545]
Action.c(115): Redirecting "http://automationpractice.com/index.php?mylogout=" (redirection depth is 0)  	[MsgId: MMSG-26694]
Action.c(115): To location "http://automationpractice.com/index.php?fc=module&module=blockwishlist&controller=mywishlist"  	[MsgId: MMSG-26693]
Action.c(115): Redirecting "http://automationpractice.com/index.php?fc=module&module=blockwishlist&controller=mywishlist" (redirection depth is 1)  	[MsgId: MMSG-26694]
Action.c(115): To location "http://automationpractice.com/index.php?controller=authentication&back=http%3A%2F%2Fautomationpractice.com%2Findex.php%3Ffc%3Dmodule%26module%3Dblockwishlist%26controller%3Dmywishlist"  	[MsgId: MMSG-26693]
Action.c(115): Warning -26665: HTTP Status Code is missing or invalid. Assuming "200 OK"  	[MsgId: MWAR-26665]
Action.c(115): Continuing after Error -26366: "Text=Sign in" not found for web_reg_find  	[MsgId: MERR-26366]
End auto log messages stack.	[MsgId: MMSG-10544]


Start auto log messages stack - Iteration 27.	[MsgId: MMSG-10545]
Action.c(42): web_reg_save_param_regexp started  	[MsgId: MMSG-26355]
Action.c(42): Registering web_reg_save_param_regexp was successful  	[MsgId: MMSG-26390]
Action.c(51): web_reg_find started  	[MsgId: MMSG-26355]
Action.c(51): Registering web_reg_find was successful  	[MsgId: MMSG-26390]
Action.c(55): web_submit_data("index.php_2") started  	[MsgId: MMSG-26355]
Action.c(55): Redirecting "http://automationpractice.com/index.php?controller=authentication" (redirection depth is 0)  	[MsgId: MMSG-26694]
Action.c(55): To location "http://automationpractice.com/index.php?controller=my-account"  	[MsgId: MMSG-26693]
Action.c(55): Warning -26665: HTTP Status Code is missing or invalid. Assuming "200 OK"  	[MsgId: MWAR-26665]
Action.c(55): Continuing after Error -35049: No match found for the requested parameter "token". Check whether the requested regular expression exists in the response data  	[MsgId: MERR-35049]
Action.c(55): Continuing after Error -26366: "Text=My account" not found for web_reg_find  	[MsgId: MERR-26366]
End auto log messages stack.	[MsgId: MMSG-10544]


Start auto log messages stack - Iteration 27.	[MsgId: MMSG-10545]
Action.c(85): Notify: Transaction "3_wishlist" ended with a "Pass" status (Duration: 8,4434).	[MsgId: MMSG-16873]
Action.c(87): Notify: Transaction "4_add_wishlist" started.	[MsgId: MMSG-16999]
Action.c(89): web_reg_find started  	[MsgId: MMSG-26355]
Action.c(89): Registering web_reg_find was successful  	[MsgId: MMSG-26390]
Action.c(93): web_submit_data("index.php_3") started  	[MsgId: MMSG-26355]
Action.c(93): Redirecting "http://automationpractice.com/index.php?fc=module&module=blockwishlist&controller=mywishlist" (redirection depth is 0)  	[MsgId: MMSG-26694]
Action.c(93): To location "http://automationpractice.com/index.php?fc=module&module=blockwishlist&controller=mywishlist"  	[MsgId: MMSG-26693]
Action.c(93): Warning -26665: HTTP Status Code is missing or invalid. Assuming "200 OK"  	[MsgId: MWAR-26665]
Action.c(93): Continuing after Error -26366: "Text=My wishlists" not found for web_reg_find  	[MsgId: MERR-26366]
End auto log messages stack.	[MsgId: MMSG-10544]


Start auto log messages stack - Iteration 27.	[MsgId: MMSG-10545]
Action.c(93): web_submit_data("index.php_3") highest severity level was "continue on error", 288 body bytes, 576 header bytes, 5 chunking overhead bytes  	[MsgId: MMSG-26387]
Action.c(93): Continuing after error in Vuser script.	[MsgId: MMSG-10678]
Action.c(107): Notify: Transaction "4_add_wishlist" ended with a "Fail" status (Duration: 7,2677 Wasted Time: 0,0000).	[MsgId: MMSG-16871]
Action.c(107): Notify: Transaction "4_add_wishlist" has 1 error message(s).	[MsgId: MMSG-16818]
Action.c(107): Notify: The 1st error message associated with transaction "4_add_wishlist" is "Error -26366: "Text=My wishlists" not found for web_reg_find"	[MsgId: MMSG-16819]
Action.c(109): Notify: Transaction "5_logout" started.	[MsgId: MMSG-16999]
Action.c(111): web_reg_find started  	[MsgId: MMSG-26355]
Action.c(111): Registering web_reg_find was successful  	[MsgId: MMSG-26390]
Action.c(115): web_url("Sign out") started  	[MsgId: MMSG-26355]
Action.c(115): Warning -26665: HTTP Status Code is missing or invalid. Assuming "200 OK"  	[MsgId: MWAR-26665]
Action.c(115): Continuing after Error -26366: "Text=Sign in" not found for web_reg_find  	[MsgId: MERR-26366]
End auto log messages stack.	[MsgId: MMSG-10544]


