Virtual User Script started at: 01.03.2022 12:15:29
Starting action vuser_init.
Web Turbo Replay of LoadRunner 2021.0.0 for Windows 10; build 430 (џэт 05 2021 19:27:22)  	[MsgId: MMSG-26983]
Run mode: HTML  	[MsgId: MMSG-26993]
Replay user agent: Mozilla/5.0 (Windows NT 10.0; Win64; x64) AppleWebKit/537.36 (KHTML, like Gecko) Chrome/98.0.4758.102 Safari/537.36  	[MsgId: MMSG-26988]
Runtime Settings file: "C:\Users\Vanya\Documents\VuGen\Scripts\IPR\Wishlist_2\\default.cfg"  	[MsgId: MMSG-27141]
Ending action vuser_init.
Running Vuser...
Starting iteration 1.
Maximum number of concurrent connections per server: 6  	[MsgId: MMSG-26989]
Starting action Action.
Action.c(6): Notify: Transaction "1_begin" started.
Action.c(14): web_reg_save_param_regexp started  	[MsgId: MMSG-26355]
Action.c(14): Registering web_reg_save_param_regexp was successful  	[MsgId: MMSG-26390]
Action.c(23): web_reg_find started  	[MsgId: MMSG-26355]
Action.c(23): Registering web_reg_find was successful  	[MsgId: MMSG-26390]
Action.c(33): web_reg_save_param_regexp started  	[MsgId: MMSG-26355]
Action.c(33): Registering web_reg_save_param_regexp was successful  	[MsgId: MMSG-26390]
Action.c(42): web_url("index.php") started  	[MsgId: MMSG-26355]
Action.c(42): Found resource "http://automationpractice.com/themes/default-bootstrap/css/global.css" in HTML "http://automationpractice.com/index.php?controller=authentication&back=my-account"  	[MsgId: MMSG-26659]
Action.c(42): Found resource "http://automationpractice.com/themes/default-bootstrap/css/autoload/highdpi.css" in HTML "http://automationpractice.com/index.php?controller=authentication&back=my-account"  	[MsgId: MMSG-26659]
Action.c(42): Found resource "http://automationpractice.com/themes/default-bootstrap/css/autoload/responsive-tables.css" in HTML "http://automationpractice.com/index.php?controller=authentication&back=my-account"  	[MsgId: MMSG-26659]
Action.c(42): Found resource "http://automationpractice.com/themes/default-bootstrap/css/autoload/uniform.default.css" in HTML "http://automationpractice.com/index.php?controller=authentication&back=my-account"  	[MsgId: MMSG-26659]
Action.c(42): Found resource "http://automationpractice.com/js/jquery/plugins/fancybox/jquery.fancybox.css" in HTML "http://automationpractice.com/index.php?controller=authentication&back=my-account"  	[MsgId: MMSG-26659]
Action.c(42): Found resource "http://automationpractice.com/themes/default-bootstrap/css/authentication.css" in HTML "http://automationpractice.com/index.php?controller=authentication&back=my-account"  	[MsgId: MMSG-26659]
Action.c(42): Found resource "http://automationpractice.com/themes/default-bootstrap/css/modules/blockbanner/blockbanner.css" in HTML "http://automationpractice.com/index.php?controller=authentication&back=my-account"  	[MsgId: MMSG-26659]
Action.c(42): Found resource "http://automationpractice.com/themes/default-bootstrap/css/modules/blockcart/blockcart.css" in HTML "http://automationpractice.com/index.php?controller=authentication&back=my-account"  	[MsgId: MMSG-26659]
Action.c(42): Found resource "http://automationpractice.com/themes/default-bootstrap/css/modules/blockcategories/blockcategories.css" in HTML "http://automationpractice.com/index.php?controller=authentication&back=my-account"  	[MsgId: MMSG-26659]
Action.c(42): Found resource "http://automationpractice.com/themes/default-bootstrap/css/modules/blockcurrencies/blockcurrencies.css" in HTML "http://automationpractice.com/index.php?controller=authentication&back=my-account"  	[MsgId: MMSG-26659]
Action.c(42): Found resource "http://automationpractice.com/themes/default-bootstrap/css/modules/blocklanguages/blocklanguages.css" in HTML "http://automationpractice.com/index.php?controller=authentication&back=my-account"  	[MsgId: MMSG-26659]
Action.c(42): Found resource "http://automationpractice.com/themes/default-bootstrap/css/modules/blockcontact/blockcontact.css" in HTML "http://automationpractice.com/index.php?controller=authentication&back=my-account"  	[MsgId: MMSG-26659]
Action.c(42): Found resource "http://automationpractice.com/themes/default-bootstrap/css/modules/blocknewsletter/blocknewsletter.css" in HTML "http://automationpractice.com/index.php?controller=authentication&back=my-account"  	[MsgId: MMSG-26659]
Action.c(42): Found resource "http://automationpractice.com/js/jquery/plugins/autocomplete/jquery.autocomplete.css" in HTML "http://automationpractice.com/index.php?controller=authentication&back=my-account"  	[MsgId: MMSG-26659]
Action.c(42): Found resource "http://automationpractice.com/themes/default-bootstrap/css/product_list.css" in HTML "http://automationpractice.com/index.php?controller=authentication&back=my-account"  	[MsgId: MMSG-26659]
Action.c(42): Found resource "http://automationpractice.com/themes/default-bootstrap/css/modules/blocksearch/blocksearch.css" in HTML "http://automationpractice.com/index.php?controller=authentication&back=my-account"  	[MsgId: MMSG-26659]
Action.c(42): Found resource "http://automationpractice.com/themes/default-bootstrap/css/modules/blocktags/blocktags.css" in HTML "http://automationpractice.com/index.php?controller=authentication&back=my-account"  	[MsgId: MMSG-26659]
Action.c(42): Found resource "http://automationpractice.com/themes/default-bootstrap/css/modules/blockuserinfo/blockuserinfo.css" in HTML "http://automationpractice.com/index.php?controller=authentication&back=my-account"  	[MsgId: MMSG-26659]
Action.c(42): Found resource "http://automationpractice.com/themes/default-bootstrap/css/modules/blockviewed/blockviewed.css" in HTML "http://automationpractice.com/index.php?controller=authentication&back=my-account"  	[MsgId: MMSG-26659]
Action.c(42): Found resource "http://automationpractice.com/modules/themeconfigurator/css/hooks.css" in HTML "http://automationpractice.com/index.php?controller=authentication&back=my-account"  	[MsgId: MMSG-26659]
Action.c(42): Found resource "http://automationpractice.com/themes/default-bootstrap/css/modules/blockwishlist/blockwishlist.css" in HTML "http://automationpractice.com/index.php?controller=authentication&back=my-account"  	[MsgId: MMSG-26659]
Action.c(42): Found resource "http://automationpractice.com/themes/default-bootstrap/css/modules/productcomments/productcomments.css" in HTML "http://automationpractice.com/index.php?controller=authentication&back=my-account"  	[MsgId: MMSG-26659]
Action.c(42): Found resource "http://automationpractice.com/themes/default-bootstrap/css/modules/blocktopmenu/css/blocktopmenu.css" in HTML "http://automationpractice.com/index.php?controller=authentication&back=my-account"  	[MsgId: MMSG-26659]
Action.c(42): Found resource "http://automationpractice.com/themes/default-bootstrap/css/modules/blocktopmenu/css/superfish-modified.css" in HTML "http://automationpractice.com/index.php?controller=authentication&back=my-account"  	[MsgId: MMSG-26659]
Action.c(42): Found resource "http://automationpractice.com/js/jquery/jquery-1.11.0.min.js" in HTML "http://automationpractice.com/index.php?controller=authentication&back=my-account"  	[MsgId: MMSG-26659]
Action.c(42): Found resource "http://automationpractice.com/js/jquery/jquery-migrate-1.2.1.min.js" in HTML "http://automationpractice.com/index.php?controller=authentication&back=my-account"  	[MsgId: MMSG-26659]
Action.c(42): Found resource "http://automationpractice.com/js/jquery/plugins/jquery.easing.js" in HTML "http://automationpractice.com/index.php?controller=authentication&back=my-account"  	[MsgId: MMSG-26659]
Action.c(42): Found resource "http://automationpractice.com/js/tools.js" in HTML "http://automationpractice.com/index.php?controller=authentication&back=my-account"  	[MsgId: MMSG-26659]
Action.c(42): Found resource "http://automationpractice.com/themes/default-bootstrap/js/global.js" in HTML "http://automationpractice.com/index.php?controller=authentication&back=my-account"  	[MsgId: MMSG-26659]
Action.c(42): Found resource "http://automationpractice.com/themes/default-bootstrap/js/autoload/10-bootstrap.min.js" in HTML "http://automationpractice.com/index.php?controller=authentication&back=my-account"  	[MsgId: MMSG-26659]
Action.c(42): Found resource "http://automationpractice.com/themes/default-bootstrap/js/autoload/15-jquery.total-storage.min.js" in HTML "http://automationpractice.com/index.php?controller=authentication&back=my-account"  	[MsgId: MMSG-26659]
Action.c(42): Found resource "http://automationpractice.com/themes/default-bootstrap/js/autoload/15-jquery.uniform-modified.js" in HTML "http://automationpractice.com/index.php?controller=authentication&back=my-account"  	[MsgId: MMSG-26659]
Action.c(42): Found resource "http://automationpractice.com/js/jquery/plugins/fancybox/jquery.fancybox.js" in HTML "http://automationpractice.com/index.php?controller=authentication&back=my-account"  	[MsgId: MMSG-26659]
Action.c(42): Found resource "http://automationpractice.com/themes/default-bootstrap/js/products-comparison.js" in HTML "http://automationpractice.com/index.php?controller=authentication&back=my-account"  	[MsgId: MMSG-26659]
Action.c(42): Found resource "http://automationpractice.com/js/jquery/plugins/jquery.typewatch.js" in HTML "http://automationpractice.com/index.php?controller=authentication&back=my-account"  	[MsgId: MMSG-26659]
Action.c(42): Found resource "http://automationpractice.com/themes/default-bootstrap/js/tools/vatManagement.js" in HTML "http://automationpractice.com/index.php?controller=authentication&back=my-account"  	[MsgId: MMSG-26659]
Action.c(42): Found resource "http://automationpractice.com/themes/default-bootstrap/js/tools/statesManagement.js" in HTML "http://automationpractice.com/index.php?controller=authentication&back=my-account"  	[MsgId: MMSG-26659]
Action.c(42): Found resource "http://automationpractice.com/themes/default-bootstrap/js/authentication.js" in HTML "http://automationpractice.com/index.php?controller=authentication&back=my-account"  	[MsgId: MMSG-26659]
Action.c(42): Found resource "http://automationpractice.com/js/validate.js" in HTML "http://automationpractice.com/index.php?controller=authentication&back=my-account"  	[MsgId: MMSG-26659]
Action.c(42): Found resource "http://automationpractice.com/themes/default-bootstrap/js/modules/blockcart/ajax-cart.js" in HTML "http://automationpractice.com/index.php?controller=authentication&back=my-account"  	[MsgId: MMSG-26659]
Action.c(42): Found resource "http://automationpractice.com/js/jquery/plugins/jquery.scrollTo.js" in HTML "http://automationpractice.com/index.php?controller=authentication&back=my-account"  	[MsgId: MMSG-26659]
Action.c(42): Found resource "http://automationpractice.com/js/jquery/plugins/jquery.serialScroll.js" in HTML "http://automationpractice.com/index.php?controller=authentication&back=my-account"  	[MsgId: MMSG-26659]
Action.c(42): Found resource "http://automationpractice.com/js/jquery/plugins/bxslider/jquery.bxslider.js" in HTML "http://automationpractice.com/index.php?controller=authentication&back=my-account"  	[MsgId: MMSG-26659]
Action.c(42): Found resource "http://automationpractice.com/themes/default-bootstrap/js/tools/treeManagement.js" in HTML "http://automationpractice.com/index.php?controller=authentication&back=my-account"  	[MsgId: MMSG-26659]
Action.c(42): Found resource "http://automationpractice.com/themes/default-bootstrap/js/modules/blocknewsletter/blocknewsletter.js" in HTML "http://automationpractice.com/index.php?controller=authentication&back=my-account"  	[MsgId: MMSG-26659]
Action.c(42): Found resource "http://automationpractice.com/js/jquery/plugins/autocomplete/jquery.autocomplete.js" in HTML "http://automationpractice.com/index.php?controller=authentication&back=my-account"  	[MsgId: MMSG-26659]
Action.c(42): Found resource "http://automationpractice.com/themes/default-bootstrap/js/modules/blocksearch/blocksearch.js" in HTML "http://automationpractice.com/index.php?controller=authentication&back=my-account"  	[MsgId: MMSG-26659]
Action.c(42): Found resource "http://automationpractice.com/themes/default-bootstrap/js/modules/blockwishlist/js/ajax-wishlist.js" in HTML "http://automationpractice.com/index.php?controller=authentication&back=my-account"  	[MsgId: MMSG-26659]
Action.c(42): Found resource "http://automationpractice.com/themes/default-bootstrap/js/modules/blocktopmenu/js/hoverIntent.js" in HTML "http://automationpractice.com/index.php?controller=authentication&back=my-account"  	[MsgId: MMSG-26659]
Action.c(42): Found resource "http://automationpractice.com/themes/default-bootstrap/js/modules/blocktopmenu/js/superfish-modified.js" in HTML "http://automationpractice.com/index.php?controller=authentication&back=my-account"  	[MsgId: MMSG-26659]
Action.c(42): Found resource "http://automationpractice.com/themes/default-bootstrap/js/modules/blocktopmenu/js/blocktopmenu.js" in HTML "http://automationpractice.com/index.php?controller=authentication&back=my-account"  	[MsgId: MMSG-26659]
Action.c(42): Found resource "http://fonts.googleapis.com/css?family=Open+Sans:300,600&subset=latin,latin-ext" in HTML "http://automationpractice.com/index.php?controller=authentication&back=my-account"  	[MsgId: MMSG-26659]
Action.c(42): Found resource "http://automationpractice.com/modules/blockbanner/img/sale70.png" in HTML "http://automationpractice.com/index.php?controller=authentication&back=my-account"  	[MsgId: MMSG-26659]
Action.c(42): Found resource "http://automationpractice.com/img/logo.jpg" in HTML "http://automationpractice.com/index.php?controller=authentication&back=my-account"  	[MsgId: MMSG-26659]
Action.c(42): Found resource "http://automationpractice.com/img/c/3-0_thumb.jpg" in HTML "http://automationpractice.com/index.php?controller=authentication&back=my-account"  	[MsgId: MMSG-26659]
Action.c(42): Found resource "http://automationpractice.com/img/c/3-1_thumb.jpg" in HTML "http://automationpractice.com/index.php?controller=authentication&back=my-account"  	[MsgId: MMSG-26659]
Action.c(42): Registered web_reg_find successful for "Text=Already registered" (count=1)  	[MsgId: MMSG-26364]
Action.c(42): web_url("index.php") was successful, 753402 body bytes, 15027 header bytes, 53 chunking overhead bytes  	[MsgId: MMSG-26385]
Action.c(52): Notify: Transaction "1_begin" ended with a "Pass" status (Duration: 3,8002 Wasted Time: 0,2151).
Action.c(54): Notify: Transaction "2_login" started.
Action.c(57): web_reg_save_param_regexp started  	[MsgId: MMSG-26355]
Action.c(57): Registering web_reg_save_param_regexp was successful  	[MsgId: MMSG-26390]
Action.c(66): web_reg_find started  	[MsgId: MMSG-26355]
Action.c(66): Registering web_reg_find was successful  	[MsgId: MMSG-26390]
Action.c(76): web_reg_save_param_regexp started  	[MsgId: MMSG-26355]
Action.c(76): Registering web_reg_save_param_regexp was successful  	[MsgId: MMSG-26390]
Action.c(86): web_submit_data("index.php_2") started  	[MsgId: MMSG-26355]
Action.c(86): Redirecting "http://automationpractice.com/index.php?controller=authentication" (redirection depth is 0)  	[MsgId: MMSG-26694]
Action.c(86): To location "http://automationpractice.com/index.php?controller=my-account"  	[MsgId: MMSG-26693]
Action.c(86): Resource "http://automationpractice.com/themes/default-bootstrap/css/global.css" is in the cache already and will not be downloaded again  	[MsgId: MMSG-26655]
Action.c(86): Resource "http://automationpractice.com/themes/default-bootstrap/css/autoload/highdpi.css" is in the cache already and will not be downloaded again  	[MsgId: MMSG-26655]
Action.c(86): Resource "http://automationpractice.com/themes/default-bootstrap/css/autoload/responsive-tables.css" is in the cache already and will not be downloaded again  	[MsgId: MMSG-26655]
Action.c(86): Resource "http://automationpractice.com/themes/default-bootstrap/css/autoload/uniform.default.css" is in the cache already and will not be downloaded again  	[MsgId: MMSG-26655]
Action.c(86): Resource "http://automationpractice.com/js/jquery/plugins/fancybox/jquery.fancybox.css" is in the cache already and will not be downloaded again  	[MsgId: MMSG-26655]
Action.c(86): Found resource "http://automationpractice.com/themes/default-bootstrap/css/my-account.css" in HTML "http://automationpractice.com/index.php?controller=my-account"  	[MsgId: MMSG-26659]
Action.c(86): Resource "http://automationpractice.com/themes/default-bootstrap/css/modules/blockbanner/blockbanner.css" is in the cache already and will not be downloaded again  	[MsgId: MMSG-26655]
Action.c(86): Resource "http://automationpractice.com/themes/default-bootstrap/css/modules/blockcart/blockcart.css" is in the cache already and will not be downloaded again  	[MsgId: MMSG-26655]
Action.c(86): Resource "http://automationpractice.com/themes/default-bootstrap/css/modules/blockcategories/blockcategories.css" is in the cache already and will not be downloaded again  	[MsgId: MMSG-26655]
Action.c(86): Resource "http://automationpractice.com/themes/default-bootstrap/css/modules/blockcurrencies/blockcurrencies.css" is in the cache already and will not be downloaded again  	[MsgId: MMSG-26655]
Action.c(86): Resource "http://automationpractice.com/themes/default-bootstrap/css/modules/blocklanguages/blocklanguages.css" is in the cache already and will not be downloaded again  	[MsgId: MMSG-26655]
Action.c(86): Resource "http://automationpractice.com/themes/default-bootstrap/css/modules/blockcontact/blockcontact.css" is in the cache already and will not be downloaded again  	[MsgId: MMSG-26655]
Action.c(86): Resource "http://automationpractice.com/themes/default-bootstrap/css/modules/blocknewsletter/blocknewsletter.css" is in the cache already and will not be downloaded again  	[MsgId: MMSG-26655]
Action.c(86): Resource "http://automationpractice.com/js/jquery/plugins/autocomplete/jquery.autocomplete.css" is in the cache already and will not be downloaded again  	[MsgId: MMSG-26655]
Action.c(86): Resource "http://automationpractice.com/themes/default-bootstrap/css/product_list.css" is in the cache already and will not be downloaded again  	[MsgId: MMSG-26655]
Action.c(86): Resource "http://automationpractice.com/themes/default-bootstrap/css/modules/blocksearch/blocksearch.css" is in the cache already and will not be downloaded again  	[MsgId: MMSG-26655]
Action.c(86): Resource "http://automationpractice.com/themes/default-bootstrap/css/modules/blocktags/blocktags.css" is in the cache already and will not be downloaded again  	[MsgId: MMSG-26655]
Action.c(86): Resource "http://automationpractice.com/themes/default-bootstrap/css/modules/blockuserinfo/blockuserinfo.css" is in the cache already and will not be downloaded again  	[MsgId: MMSG-26655]
Action.c(86): Resource "http://automationpractice.com/themes/default-bootstrap/css/modules/blockviewed/blockviewed.css" is in the cache already and will not be downloaded again  	[MsgId: MMSG-26655]
Action.c(86): Resource "http://automationpractice.com/modules/themeconfigurator/css/hooks.css" is in the cache already and will not be downloaded again  	[MsgId: MMSG-26655]
Action.c(86): Resource "http://automationpractice.com/themes/default-bootstrap/css/modules/blockwishlist/blockwishlist.css" is in the cache already and will not be downloaded again  	[MsgId: MMSG-26655]
Action.c(86): Resource "http://automationpractice.com/themes/default-bootstrap/css/modules/productcomments/productcomments.css" is in the cache already and will not be downloaded again  	[MsgId: MMSG-26655]
Action.c(86): Resource "http://automationpractice.com/themes/default-bootstrap/css/modules/blocktopmenu/css/blocktopmenu.css" is in the cache already and will not be downloaded again  	[MsgId: MMSG-26655]
Action.c(86): Resource "http://automationpractice.com/themes/default-bootstrap/css/modules/blocktopmenu/css/superfish-modified.css" is in the cache already and will not be downloaded again  	[MsgId: MMSG-26655]
Action.c(86): Resource "http://automationpractice.com/js/jquery/jquery-1.11.0.min.js" is in the cache already and will not be downloaded again  	[MsgId: MMSG-26655]
Action.c(86): Resource "http://automationpractice.com/js/jquery/jquery-migrate-1.2.1.min.js" is in the cache already and will not be downloaded again  	[MsgId: MMSG-26655]
Action.c(86): Resource "http://automationpractice.com/js/jquery/plugins/jquery.easing.js" is in the cache already and will not be downloaded again  	[MsgId: MMSG-26655]
Action.c(86): Resource "http://automationpractice.com/js/tools.js" is in the cache already and will not be downloaded again  	[MsgId: MMSG-26655]
Action.c(86): Resource "http://automationpractice.com/themes/default-bootstrap/js/global.js" is in the cache already and will not be downloaded again  	[MsgId: MMSG-26655]
Action.c(86): Resource "http://automationpractice.com/themes/default-bootstrap/js/autoload/10-bootstrap.min.js" is in the cache already and will not be downloaded again  	[MsgId: MMSG-26655]
Action.c(86): Resource "http://automationpractice.com/themes/default-bootstrap/js/autoload/15-jquery.total-storage.min.js" is in the cache already and will not be downloaded again  	[MsgId: MMSG-26655]
Action.c(86): Resource "http://automationpractice.com/themes/default-bootstrap/js/autoload/15-jquery.uniform-modified.js" is in the cache already and will not be downloaded again  	[MsgId: MMSG-26655]
Action.c(86): Resource "http://automationpractice.com/js/jquery/plugins/fancybox/jquery.fancybox.js" is in the cache already and will not be downloaded again  	[MsgId: MMSG-26655]
Action.c(86): Resource "http://automationpractice.com/themes/default-bootstrap/js/products-comparison.js" is in the cache already and will not be downloaded again  	[MsgId: MMSG-26655]
Action.c(86): Resource "http://automationpractice.com/themes/default-bootstrap/js/modules/blockcart/ajax-cart.js" is in the cache already and will not be downloaded again  	[MsgId: MMSG-26655]
Action.c(86): Resource "http://automationpractice.com/js/jquery/plugins/jquery.scrollTo.js" is in the cache already and will not be downloaded again  	[MsgId: MMSG-26655]
Action.c(86): Resource "http://automationpractice.com/js/jquery/plugins/jquery.serialScroll.js" is in the cache already and will not be downloaded again  	[MsgId: MMSG-26655]
Action.c(86): Resource "http://automationpractice.com/js/jquery/plugins/bxslider/jquery.bxslider.js" is in the cache already and will not be downloaded again  	[MsgId: MMSG-26655]
Action.c(86): Resource "http://automationpractice.com/themes/default-bootstrap/js/tools/treeManagement.js" is in the cache already and will not be downloaded again  	[MsgId: MMSG-26655]
Action.c(86): Resource "http://automationpractice.com/themes/default-bootstrap/js/modules/blocknewsletter/blocknewsletter.js" is in the cache already and will not be downloaded again  	[MsgId: MMSG-26655]
Action.c(86): Resource "http://automationpractice.com/js/jquery/plugins/autocomplete/jquery.autocomplete.js" is in the cache already and will not be downloaded again  	[MsgId: MMSG-26655]
Action.c(86): Resource "http://automationpractice.com/themes/default-bootstrap/js/modules/blocksearch/blocksearch.js" is in the cache already and will not be downloaded again  	[MsgId: MMSG-26655]
Action.c(86): Resource "http://automationpractice.com/themes/default-bootstrap/js/modules/blockwishlist/js/ajax-wishlist.js" is in the cache already and will not be downloaded again  	[MsgId: MMSG-26655]
Action.c(86): Resource "http://automationpractice.com/themes/default-bootstrap/js/modules/blocktopmenu/js/hoverIntent.js" is in the cache already and will not be downloaded again  	[MsgId: MMSG-26655]
Action.c(86): Resource "http://automationpractice.com/themes/default-bootstrap/js/modules/blocktopmenu/js/superfish-modified.js" is in the cache already and will not be downloaded again  	[MsgId: MMSG-26655]
Action.c(86): Resource "http://automationpractice.com/themes/default-bootstrap/js/modules/blocktopmenu/js/blocktopmenu.js" is in the cache already and will not be downloaded again  	[MsgId: MMSG-26655]
Action.c(86): Resource "http://fonts.googleapis.com/css?family=Open+Sans:300,600&subset=latin,latin-ext" is in the cache already and will not be downloaded again  	[MsgId: MMSG-26655]
Action.c(86): Resource "http://automationpractice.com/modules/blockbanner/img/sale70.png" is in the cache already and will not be downloaded again  	[MsgId: MMSG-26655]
Action.c(86): Resource "http://automationpractice.com/img/logo.jpg" is in the cache already and will not be downloaded again  	[MsgId: MMSG-26655]
Action.c(86): Resource "http://automationpractice.com/img/c/3-0_thumb.jpg" is in the cache already and will not be downloaded again  	[MsgId: MMSG-26655]
Action.c(86): Resource "http://automationpractice.com/img/c/3-1_thumb.jpg" is in the cache already and will not be downloaded again  	[MsgId: MMSG-26655]
Action.c(86): Registered web_reg_find successful for "Text=My account" (count=4)  	[MsgId: MMSG-26364]
Action.c(86): web_submit_data("index.php_2") was successful, 29353 body bytes, 2629 header bytes, 33 chunking overhead bytes  	[MsgId: MMSG-26385]
Action.c(102): Notify: Transaction "2_login" ended with a "Pass" status (Duration: 3,1649 Wasted Time: 0,0131).
Action.c(104): Notify: Transaction "3_wishlist" started.
Action.c(106): web_url("My wishlists") started  	[MsgId: MMSG-26355]
Action.c(106): Resource "http://automationpractice.com/themes/default-bootstrap/css/global.css" is in the cache already and will not be downloaded again  	[MsgId: MMSG-26655]
Action.c(106): Resource "http://automationpractice.com/themes/default-bootstrap/css/autoload/highdpi.css" is in the cache already and will not be downloaded again  	[MsgId: MMSG-26655]
Action.c(106): Resource "http://automationpractice.com/themes/default-bootstrap/css/autoload/responsive-tables.css" is in the cache already and will not be downloaded again  	[MsgId: MMSG-26655]
Action.c(106): Resource "http://automationpractice.com/themes/default-bootstrap/css/autoload/uniform.default.css" is in the cache already and will not be downloaded again  	[MsgId: MMSG-26655]
Action.c(106): Resource "http://automationpractice.com/js/jquery/plugins/fancybox/jquery.fancybox.css" is in the cache already and will not be downloaded again  	[MsgId: MMSG-26655]
Action.c(106): Resource "http://automationpractice.com/themes/default-bootstrap/css/modules/blockbanner/blockbanner.css" is in the cache already and will not be downloaded again  	[MsgId: MMSG-26655]
Action.c(106): Resource "http://automationpractice.com/themes/default-bootstrap/css/modules/blockcart/blockcart.css" is in the cache already and will not be downloaded again  	[MsgId: MMSG-26655]
Action.c(106): Resource "http://automationpractice.com/themes/default-bootstrap/css/modules/blockcategories/blockcategories.css" is in the cache already and will not be downloaded again  	[MsgId: MMSG-26655]
Action.c(106): Resource "http://automationpractice.com/themes/default-bootstrap/css/modules/blockcurrencies/blockcurrencies.css" is in the cache already and will not be downloaded again  	[MsgId: MMSG-26655]
Action.c(106): Resource "http://automationpractice.com/themes/default-bootstrap/css/modules/blocklanguages/blocklanguages.css" is in the cache already and will not be downloaded again  	[MsgId: MMSG-26655]
Action.c(106): Resource "http://automationpractice.com/themes/default-bootstrap/css/modules/blockcontact/blockcontact.css" is in the cache already and will not be downloaded again  	[MsgId: MMSG-26655]
Action.c(106): Resource "http://automationpractice.com/themes/default-bootstrap/css/modules/blocknewsletter/blocknewsletter.css" is in the cache already and will not be downloaded again  	[MsgId: MMSG-26655]
Action.c(106): Resource "http://automationpractice.com/js/jquery/plugins/autocomplete/jquery.autocomplete.css" is in the cache already and will not be downloaded again  	[MsgId: MMSG-26655]
Action.c(106): Resource "http://automationpractice.com/themes/default-bootstrap/css/product_list.css" is in the cache already and will not be downloaded again  	[MsgId: MMSG-26655]
Action.c(106): Resource "http://automationpractice.com/themes/default-bootstrap/css/modules/blocksearch/blocksearch.css" is in the cache already and will not be downloaded again  	[MsgId: MMSG-26655]
Action.c(106): Resource "http://automationpractice.com/themes/default-bootstrap/css/modules/blocktags/blocktags.css" is in the cache already and will not be downloaded again  	[MsgId: MMSG-26655]
Action.c(106): Resource "http://automationpractice.com/themes/default-bootstrap/css/modules/blockuserinfo/blockuserinfo.css" is in the cache already and will not be downloaded again  	[MsgId: MMSG-26655]
Action.c(106): Resource "http://automationpractice.com/themes/default-bootstrap/css/modules/blockviewed/blockviewed.css" is in the cache already and will not be downloaded again  	[MsgId: MMSG-26655]
Action.c(106): Resource "http://automationpractice.com/modules/themeconfigurator/css/hooks.css" is in the cache already and will not be downloaded again  	[MsgId: MMSG-26655]
Action.c(106): Resource "http://automationpractice.com/themes/default-bootstrap/css/modules/blockwishlist/blockwishlist.css" is in the cache already and will not be downloaded again  	[MsgId: MMSG-26655]
Action.c(106): Resource "http://automationpractice.com/themes/default-bootstrap/css/modules/productcomments/productcomments.css" is in the cache already and will not be downloaded again  	[MsgId: MMSG-26655]
Action.c(106): Resource "http://automationpractice.com/themes/default-bootstrap/css/modules/blocktopmenu/css/blocktopmenu.css" is in the cache already and will not be downloaded again  	[MsgId: MMSG-26655]
Action.c(106): Resource "http://automationpractice.com/themes/default-bootstrap/css/modules/blocktopmenu/css/superfish-modified.css" is in the cache already and will not be downloaded again  	[MsgId: MMSG-26655]
Action.c(106): Resource "http://automationpractice.com/js/jquery/jquery-1.11.0.min.js" is in the cache already and will not be downloaded again  	[MsgId: MMSG-26655]
Action.c(106): Resource "http://automationpractice.com/js/jquery/jquery-migrate-1.2.1.min.js" is in the cache already and will not be downloaded again  	[MsgId: MMSG-26655]
Action.c(106): Resource "http://automationpractice.com/js/jquery/plugins/jquery.easing.js" is in the cache already and will not be downloaded again  	[MsgId: MMSG-26655]
Action.c(106): Resource "http://automationpractice.com/js/tools.js" is in the cache already and will not be downloaded again  	[MsgId: MMSG-26655]
Action.c(106): Resource "http://automationpractice.com/themes/default-bootstrap/js/global.js" is in the cache already and will not be downloaded again  	[MsgId: MMSG-26655]
Action.c(106): Resource "http://automationpractice.com/themes/default-bootstrap/js/autoload/10-bootstrap.min.js" is in the cache already and will not be downloaded again  	[MsgId: MMSG-26655]
Action.c(106): Resource "http://automationpractice.com/themes/default-bootstrap/js/autoload/15-jquery.total-storage.min.js" is in the cache already and will not be downloaded again  	[MsgId: MMSG-26655]
Action.c(106): Resource "http://automationpractice.com/themes/default-bootstrap/js/autoload/15-jquery.uniform-modified.js" is in the cache already and will not be downloaded again  	[MsgId: MMSG-26655]
Action.c(106): Resource "http://automationpractice.com/js/jquery/plugins/fancybox/jquery.fancybox.js" is in the cache already and will not be downloaded again  	[MsgId: MMSG-26655]
Action.c(106): Resource "http://automationpractice.com/themes/default-bootstrap/js/products-comparison.js" is in the cache already and will not be downloaded again  	[MsgId: MMSG-26655]
Action.c(106): Resource "http://automationpractice.com/themes/default-bootstrap/js/modules/blockcart/ajax-cart.js" is in the cache already and will not be downloaded again  	[MsgId: MMSG-26655]
Action.c(106): Resource "http://automationpractice.com/js/jquery/plugins/jquery.scrollTo.js" is in the cache already and will not be downloaded again  	[MsgId: MMSG-26655]
Action.c(106): Resource "http://automationpractice.com/js/jquery/plugins/jquery.serialScroll.js" is in the cache already and will not be downloaded again  	[MsgId: MMSG-26655]
Action.c(106): Resource "http://automationpractice.com/js/jquery/plugins/bxslider/jquery.bxslider.js" is in the cache already and will not be downloaded again  	[MsgId: MMSG-26655]
Action.c(106): Resource "http://automationpractice.com/themes/default-bootstrap/js/tools/treeManagement.js" is in the cache already and will not be downloaded again  	[MsgId: MMSG-26655]
Action.c(106): Resource "http://automationpractice.com/themes/default-bootstrap/js/modules/blocknewsletter/blocknewsletter.js" is in the cache already and will not be downloaded again  	[MsgId: MMSG-26655]
Action.c(106): Resource "http://automationpractice.com/js/jquery/plugins/autocomplete/jquery.autocomplete.js" is in the cache already and will not be downloaded again  	[MsgId: MMSG-26655]
Action.c(106): Resource "http://automationpractice.com/themes/default-bootstrap/js/modules/blocksearch/blocksearch.js" is in the cache already and will not be downloaded again  	[MsgId: MMSG-26655]
Action.c(106): Resource "http://automationpractice.com/themes/default-bootstrap/js/modules/blockwishlist/js/ajax-wishlist.js" is in the cache already and will not be downloaded again  	[MsgId: MMSG-26655]
Action.c(106): Resource "http://automationpractice.com/themes/default-bootstrap/js/modules/blocktopmenu/js/hoverIntent.js" is in the cache already and will not be downloaded again  	[MsgId: MMSG-26655]
Action.c(106): Resource "http://automationpractice.com/themes/default-bootstrap/js/modules/blocktopmenu/js/superfish-modified.js" is in the cache already and will not be downloaded again  	[MsgId: MMSG-26655]
Action.c(106): Resource "http://automationpractice.com/themes/default-bootstrap/js/modules/blocktopmenu/js/blocktopmenu.js" is in the cache already and will not be downloaded again  	[MsgId: MMSG-26655]
Action.c(106): Resource "http://fonts.googleapis.com/css?family=Open+Sans:300,600&subset=latin,latin-ext" is in the cache already and will not be downloaded again  	[MsgId: MMSG-26655]
Action.c(106): Resource "http://automationpractice.com/modules/blockbanner/img/sale70.png" is in the cache already and will not be downloaded again  	[MsgId: MMSG-26655]
Action.c(106): Resource "http://automationpractice.com/img/logo.jpg" is in the cache already and will not be downloaded again  	[MsgId: MMSG-26655]
Action.c(106): Resource "http://automationpractice.com/img/c/3-0_thumb.jpg" is in the cache already and will not be downloaded again  	[MsgId: MMSG-26655]
Action.c(106): Resource "http://automationpractice.com/img/c/3-1_thumb.jpg" is in the cache already and will not be downloaded again  	[MsgId: MMSG-26655]
Action.c(106): Found resource "http://automationpractice.com/img/p/2/0/20-small_default.jpg" in HTML "http://automationpractice.com/index.php?fc=module&module=blockwishlist&controller=mywishlist"  	[MsgId: MMSG-26659]
Action.c(106): Found resource "http://automationpractice.com/img/p/1/1-small_default.jpg" in HTML "http://automationpractice.com/index.php?fc=module&module=blockwishlist&controller=mywishlist"  	[MsgId: MMSG-26659]
Action.c(106): Found resource "http://automationpractice.com/img/p/7/7-small_default.jpg" in HTML "http://automationpractice.com/index.php?fc=module&module=blockwishlist&controller=mywishlist"  	[MsgId: MMSG-26659]
Action.c(106): Found resource "http://automationpractice.com/img/p/1/2/12-small_default.jpg" in HTML "http://automationpractice.com/index.php?fc=module&module=blockwishlist&controller=mywishlist"  	[MsgId: MMSG-26659]
Action.c(106): Found resource "http://automationpractice.com/img/p/8/8-small_default.jpg" in HTML "http://automationpractice.com/index.php?fc=module&module=blockwishlist&controller=mywishlist"  	[MsgId: MMSG-26659]
Action.c(106): Found resource "http://automationpractice.com/img/p/1/6/16-small_default.jpg" in HTML "http://automationpractice.com/index.php?fc=module&module=blockwishlist&controller=mywishlist"  	[MsgId: MMSG-26659]
Action.c(106): Found resource "http://automationpractice.com/img/p/1/0/10-small_default.jpg" in HTML "http://automationpractice.com/index.php?fc=module&module=blockwishlist&controller=mywishlist"  	[MsgId: MMSG-26659]
Action.c(106): Found resource "http://automationpractice.com/modules/blockstore/store.jpg" in HTML "http://automationpractice.com/index.php?fc=module&module=blockwishlist&controller=mywishlist"  	[MsgId: MMSG-26659]
Action.c(106): web_url("My wishlists") was successful, 194555 body bytes, 2332 header bytes, 172 chunking overhead bytes  	[MsgId: MMSG-26385]
Action.c(116): Notify: Transaction "3_wishlist" ended with a "Pass" status (Duration: 3,3181 Wasted Time: 0,0199).
Action.c(118): Notify: Transaction "4_add_wishlist" started.
Action.c(120): web_reg_find started  	[MsgId: MMSG-26355]
Action.c(120): Registering web_reg_find was successful  	[MsgId: MMSG-26390]
Action.c(124): web_submit_data("index.php_3") started  	[MsgId: MMSG-26355]
Action.c(124): Redirecting "http://automationpractice.com/index.php?fc=module&module=blockwishlist&controller=mywishlist" (redirection depth is 0)  	[MsgId: MMSG-26694]
Action.c(124): To location "http://automationpractice.com/index.php?fc=module&module=blockwishlist&controller=mywishlist"  	[MsgId: MMSG-26693]
Action.c(124): Resource "http://automationpractice.com/themes/default-bootstrap/css/global.css" is in the cache already and will not be downloaded again  	[MsgId: MMSG-26655]
Action.c(124): Resource "http://automationpractice.com/themes/default-bootstrap/css/autoload/highdpi.css" is in the cache already and will not be downloaded again  	[MsgId: MMSG-26655]
Action.c(124): Resource "http://automationpractice.com/themes/default-bootstrap/css/autoload/responsive-tables.css" is in the cache already and will not be downloaded again  	[MsgId: MMSG-26655]
Action.c(124): Resource "http://automationpractice.com/themes/default-bootstrap/css/autoload/uniform.default.css" is in the cache already and will not be downloaded again  	[MsgId: MMSG-26655]
Action.c(124): Resource "http://automationpractice.com/js/jquery/plugins/fancybox/jquery.fancybox.css" is in the cache already and will not be downloaded again  	[MsgId: MMSG-26655]
Action.c(124): Resource "http://automationpractice.com/themes/default-bootstrap/css/modules/blockbanner/blockbanner.css" is in the cache already and will not be downloaded again  	[MsgId: MMSG-26655]
Action.c(124): Resource "http://automationpractice.com/themes/default-bootstrap/css/modules/blockcart/blockcart.css" is in the cache already and will not be downloaded again  	[MsgId: MMSG-26655]
Action.c(124): Resource "http://automationpractice.com/themes/default-bootstrap/css/modules/blockcategories/blockcategories.css" is in the cache already and will not be downloaded again  	[MsgId: MMSG-26655]
Action.c(124): Resource "http://automationpractice.com/themes/default-bootstrap/css/modules/blockcurrencies/blockcurrencies.css" is in the cache already and will not be downloaded again  	[MsgId: MMSG-26655]
Action.c(124): Resource "http://automationpractice.com/themes/default-bootstrap/css/modules/blocklanguages/blocklanguages.css" is in the cache already and will not be downloaded again  	[MsgId: MMSG-26655]
Action.c(124): Resource "http://automationpractice.com/themes/default-bootstrap/css/modules/blockcontact/blockcontact.css" is in the cache already and will not be downloaded again  	[MsgId: MMSG-26655]
Action.c(124): Resource "http://automationpractice.com/themes/default-bootstrap/css/modules/blocknewsletter/blocknewsletter.css" is in the cache already and will not be downloaded again  	[MsgId: MMSG-26655]
Action.c(124): Resource "http://automationpractice.com/js/jquery/plugins/autocomplete/jquery.autocomplete.css" is in the cache already and will not be downloaded again  	[MsgId: MMSG-26655]
Action.c(124): Resource "http://automationpractice.com/themes/default-bootstrap/css/product_list.css" is in the cache already and will not be downloaded again  	[MsgId: MMSG-26655]
Action.c(124): Resource "http://automationpractice.com/themes/default-bootstrap/css/modules/blocksearch/blocksearch.css" is in the cache already and will not be downloaded again  	[MsgId: MMSG-26655]
Action.c(124): Resource "http://automationpractice.com/themes/default-bootstrap/css/modules/blocktags/blocktags.css" is in the cache already and will not be downloaded again  	[MsgId: MMSG-26655]
Action.c(124): Resource "http://automationpractice.com/themes/default-bootstrap/css/modules/blockuserinfo/blockuserinfo.css" is in the cache already and will not be downloaded again  	[MsgId: MMSG-26655]
Action.c(124): Resource "http://automationpractice.com/themes/default-bootstrap/css/modules/blockviewed/blockviewed.css" is in the cache already and will not be downloaded again  	[MsgId: MMSG-26655]
Action.c(124): Resource "http://automationpractice.com/modules/themeconfigurator/css/hooks.css" is in the cache already and will not be downloaded again  	[MsgId: MMSG-26655]
Action.c(124): Resource "http://automationpractice.com/themes/default-bootstrap/css/modules/blockwishlist/blockwishlist.css" is in the cache already and will not be downloaded again  	[MsgId: MMSG-26655]
Action.c(124): Resource "http://automationpractice.com/themes/default-bootstrap/css/modules/productcomments/productcomments.css" is in the cache already and will not be downloaded again  	[MsgId: MMSG-26655]
Action.c(124): Resource "http://automationpractice.com/themes/default-bootstrap/css/modules/blocktopmenu/css/blocktopmenu.css" is in the cache already and will not be downloaded again  	[MsgId: MMSG-26655]
Action.c(124): Resource "http://automationpractice.com/themes/default-bootstrap/css/modules/blocktopmenu/css/superfish-modified.css" is in the cache already and will not be downloaded again  	[MsgId: MMSG-26655]
Action.c(124): Resource "http://automationpractice.com/js/jquery/jquery-1.11.0.min.js" is in the cache already and will not be downloaded again  	[MsgId: MMSG-26655]
Action.c(124): Resource "http://automationpractice.com/js/jquery/jquery-migrate-1.2.1.min.js" is in the cache already and will not be downloaded again  	[MsgId: MMSG-26655]
Action.c(124): Resource "http://automationpractice.com/js/jquery/plugins/jquery.easing.js" is in the cache already and will not be downloaded again  	[MsgId: MMSG-26655]
Action.c(124): Resource "http://automationpractice.com/js/tools.js" is in the cache already and will not be downloaded again  	[MsgId: MMSG-26655]
Action.c(124): Resource "http://automationpractice.com/themes/default-bootstrap/js/global.js" is in the cache already and will not be downloaded again  	[MsgId: MMSG-26655]
Action.c(124): Resource "http://automationpractice.com/themes/default-bootstrap/js/autoload/10-bootstrap.min.js" is in the cache already and will not be downloaded again  	[MsgId: MMSG-26655]
Action.c(124): Resource "http://automationpractice.com/themes/default-bootstrap/js/autoload/15-jquery.total-storage.min.js" is in the cache already and will not be downloaded again  	[MsgId: MMSG-26655]
Action.c(124): Resource "http://automationpractice.com/themes/default-bootstrap/js/autoload/15-jquery.uniform-modified.js" is in the cache already and will not be downloaded again  	[MsgId: MMSG-26655]
Action.c(124): Resource "http://automationpractice.com/js/jquery/plugins/fancybox/jquery.fancybox.js" is in the cache already and will not be downloaded again  	[MsgId: MMSG-26655]
Action.c(124): Resource "http://automationpractice.com/themes/default-bootstrap/js/products-comparison.js" is in the cache already and will not be downloaded again  	[MsgId: MMSG-26655]
Action.c(124): Resource "http://automationpractice.com/themes/default-bootstrap/js/modules/blockcart/ajax-cart.js" is in the cache already and will not be downloaded again  	[MsgId: MMSG-26655]
Action.c(124): Resource "http://automationpractice.com/js/jquery/plugins/jquery.scrollTo.js" is in the cache already and will not be downloaded again  	[MsgId: MMSG-26655]
Action.c(124): Resource "http://automationpractice.com/js/jquery/plugins/jquery.serialScroll.js" is in the cache already and will not be downloaded again  	[MsgId: MMSG-26655]
Action.c(124): Resource "http://automationpractice.com/js/jquery/plugins/bxslider/jquery.bxslider.js" is in the cache already and will not be downloaded again  	[MsgId: MMSG-26655]
Action.c(124): Resource "http://automationpractice.com/themes/default-bootstrap/js/tools/treeManagement.js" is in the cache already and will not be downloaded again  	[MsgId: MMSG-26655]
Action.c(124): Resource "http://automationpractice.com/themes/default-bootstrap/js/modules/blocknewsletter/blocknewsletter.js" is in the cache already and will not be downloaded again  	[MsgId: MMSG-26655]
Action.c(124): Resource "http://automationpractice.com/js/jquery/plugins/autocomplete/jquery.autocomplete.js" is in the cache already and will not be downloaded again  	[MsgId: MMSG-26655]
Action.c(124): Resource "http://automationpractice.com/themes/default-bootstrap/js/modules/blocksearch/blocksearch.js" is in the cache already and will not be downloaded again  	[MsgId: MMSG-26655]
Action.c(124): Resource "http://automationpractice.com/themes/default-bootstrap/js/modules/blockwishlist/js/ajax-wishlist.js" is in the cache already and will not be downloaded again  	[MsgId: MMSG-26655]
Action.c(124): Resource "http://automationpractice.com/themes/default-bootstrap/js/modules/blocktopmenu/js/hoverIntent.js" is in the cache already and will not be downloaded again  	[MsgId: MMSG-26655]
Action.c(124): Resource "http://automationpractice.com/themes/default-bootstrap/js/modules/blocktopmenu/js/superfish-modified.js" is in the cache already and will not be downloaded again  	[MsgId: MMSG-26655]
Action.c(124): Resource "http://automationpractice.com/themes/default-bootstrap/js/modules/blocktopmenu/js/blocktopmenu.js" is in the cache already and will not be downloaded again  	[MsgId: MMSG-26655]
Action.c(124): Resource "http://fonts.googleapis.com/css?family=Open+Sans:300,600&subset=latin,latin-ext" is in the cache already and will not be downloaded again  	[MsgId: MMSG-26655]
Action.c(124): Resource "http://automationpractice.com/modules/blockbanner/img/sale70.png" is in the cache already and will not be downloaded again  	[MsgId: MMSG-26655]
Action.c(124): Resource "http://automationpractice.com/img/logo.jpg" is in the cache already and will not be downloaded again  	[MsgId: MMSG-26655]
Action.c(124): Resource "http://automationpractice.com/img/c/3-0_thumb.jpg" is in the cache already and will not be downloaded again  	[MsgId: MMSG-26655]
Action.c(124): Resource "http://automationpractice.com/img/c/3-1_thumb.jpg" is in the cache already and will not be downloaded again  	[MsgId: MMSG-26655]
Action.c(124): Resource "http://automationpractice.com/img/p/2/0/20-small_default.jpg" is in the cache already and will not be downloaded again  	[MsgId: MMSG-26655]
Action.c(124): Resource "http://automationpractice.com/img/p/1/1-small_default.jpg" is in the cache already and will not be downloaded again  	[MsgId: MMSG-26655]
Action.c(124): Resource "http://automationpractice.com/img/p/7/7-small_default.jpg" is in the cache already and will not be downloaded again  	[MsgId: MMSG-26655]
Action.c(124): Resource "http://automationpractice.com/img/p/1/2/12-small_default.jpg" is in the cache already and will not be downloaded again  	[MsgId: MMSG-26655]
Action.c(124): Resource "http://automationpractice.com/img/p/8/8-small_default.jpg" is in the cache already and will not be downloaded again  	[MsgId: MMSG-26655]
Action.c(124): Resource "http://automationpractice.com/img/p/1/6/16-small_default.jpg" is in the cache already and will not be downloaded again  	[MsgId: MMSG-26655]
Action.c(124): Resource "http://automationpractice.com/img/p/1/0/10-small_default.jpg" is in the cache already and will not be downloaded again  	[MsgId: MMSG-26655]
Action.c(124): Resource "http://automationpractice.com/modules/blockstore/store.jpg" is in the cache already and will not be downloaded again  	[MsgId: MMSG-26655]
Action.c(124): Registered web_reg_find successful for "Text=My wishlists" (count=4)  	[MsgId: MMSG-26364]
Action.c(124): web_submit_data("index.php_3") was successful, 170278 body bytes, 623 header bytes, 177 chunking overhead bytes  	[MsgId: MMSG-26385]
Action.c(138): Notify: Transaction "4_add_wishlist" ended with a "Pass" status (Duration: 1,9712 Wasted Time: 0,0169).
Action.c(140): Notify: Transaction "5_logout" started.
Action.c(142): web_reg_find started  	[MsgId: MMSG-26355]
Action.c(142): Registering web_reg_find was successful  	[MsgId: MMSG-26390]
Action.c(146): web_url("Sign out") started  	[MsgId: MMSG-26355]
Action.c(146): Redirecting "http://automationpractice.com/index.php?mylogout=" (redirection depth is 0)  	[MsgId: MMSG-26694]
Action.c(146): To location "http://automationpractice.com/index.php?fc=module&module=blockwishlist&controller=mywishlist"  	[MsgId: MMSG-26693]
Action.c(146): Redirecting "http://automationpractice.com/index.php?fc=module&module=blockwishlist&controller=mywishlist" (redirection depth is 1)  	[MsgId: MMSG-26694]
Action.c(146): To location "http://automationpractice.com/index.php?controller=authentication&back=http%3A%2F%2Fautomationpractice.com%2Findex.php%3Ffc%3Dmodule%26module%3Dblockwishlist%26controller%3Dmywishlist"  	[MsgId: MMSG-26693]
Action.c(146): Resource "http://automationpractice.com/themes/default-bootstrap/css/global.css" is in the cache already and will not be downloaded again  	[MsgId: MMSG-26655]
Action.c(146): Resource "http://automationpractice.com/themes/default-bootstrap/css/autoload/highdpi.css" is in the cache already and will not be downloaded again  	[MsgId: MMSG-26655]
Action.c(146): Resource "http://automationpractice.com/themes/default-bootstrap/css/autoload/responsive-tables.css" is in the cache already and will not be downloaded again  	[MsgId: MMSG-26655]
Action.c(146): Resource "http://automationpractice.com/themes/default-bootstrap/css/autoload/uniform.default.css" is in the cache already and will not be downloaded again  	[MsgId: MMSG-26655]
Action.c(146): Resource "http://automationpractice.com/js/jquery/plugins/fancybox/jquery.fancybox.css" is in the cache already and will not be downloaded again  	[MsgId: MMSG-26655]
Action.c(146): Resource "http://automationpractice.com/themes/default-bootstrap/css/authentication.css" is in the cache already and will not be downloaded again  	[MsgId: MMSG-26655]
Action.c(146): Resource "http://automationpractice.com/themes/default-bootstrap/css/modules/blockbanner/blockbanner.css" is in the cache already and will not be downloaded again  	[MsgId: MMSG-26655]
Action.c(146): Resource "http://automationpractice.com/themes/default-bootstrap/css/modules/blockcart/blockcart.css" is in the cache already and will not be downloaded again  	[MsgId: MMSG-26655]
Action.c(146): Resource "http://automationpractice.com/themes/default-bootstrap/css/modules/blockcategories/blockcategories.css" is in the cache already and will not be downloaded again  	[MsgId: MMSG-26655]
Action.c(146): Resource "http://automationpractice.com/themes/default-bootstrap/css/modules/blockcurrencies/blockcurrencies.css" is in the cache already and will not be downloaded again  	[MsgId: MMSG-26655]
Action.c(146): Resource "http://automationpractice.com/themes/default-bootstrap/css/modules/blocklanguages/blocklanguages.css" is in the cache already and will not be downloaded again  	[MsgId: MMSG-26655]
Action.c(146): Resource "http://automationpractice.com/themes/default-bootstrap/css/modules/blockcontact/blockcontact.css" is in the cache already and will not be downloaded again  	[MsgId: MMSG-26655]
Action.c(146): Resource "http://automationpractice.com/themes/default-bootstrap/css/modules/blocknewsletter/blocknewsletter.css" is in the cache already and will not be downloaded again  	[MsgId: MMSG-26655]
Action.c(146): Resource "http://automationpractice.com/js/jquery/plugins/autocomplete/jquery.autocomplete.css" is in the cache already and will not be downloaded again  	[MsgId: MMSG-26655]
Action.c(146): Resource "http://automationpractice.com/themes/default-bootstrap/css/product_list.css" is in the cache already and will not be downloaded again  	[MsgId: MMSG-26655]
Action.c(146): Resource "http://automationpractice.com/themes/default-bootstrap/css/modules/blocksearch/blocksearch.css" is in the cache already and will not be downloaded again  	[MsgId: MMSG-26655]
Action.c(146): Resource "http://automationpractice.com/themes/default-bootstrap/css/modules/blocktags/blocktags.css" is in the cache already and will not be downloaded again  	[MsgId: MMSG-26655]
Action.c(146): Resource "http://automationpractice.com/themes/default-bootstrap/css/modules/blockuserinfo/blockuserinfo.css" is in the cache already and will not be downloaded again  	[MsgId: MMSG-26655]
Action.c(146): Resource "http://automationpractice.com/themes/default-bootstrap/css/modules/blockviewed/blockviewed.css" is in the cache already and will not be downloaded again  	[MsgId: MMSG-26655]
Action.c(146): Resource "http://automationpractice.com/modules/themeconfigurator/css/hooks.css" is in the cache already and will not be downloaded again  	[MsgId: MMSG-26655]
Action.c(146): Resource "http://automationpractice.com/themes/default-bootstrap/css/modules/blockwishlist/blockwishlist.css" is in the cache already and will not be downloaded again  	[MsgId: MMSG-26655]
Action.c(146): Resource "http://automationpractice.com/themes/default-bootstrap/css/modules/productcomments/productcomments.css" is in the cache already and will not be downloaded again  	[MsgId: MMSG-26655]
Action.c(146): Resource "http://automationpractice.com/themes/default-bootstrap/css/modules/blocktopmenu/css/blocktopmenu.css" is in the cache already and will not be downloaded again  	[MsgId: MMSG-26655]
Action.c(146): Resource "http://automationpractice.com/themes/default-bootstrap/css/modules/blocktopmenu/css/superfish-modified.css" is in the cache already and will not be downloaded again  	[MsgId: MMSG-26655]
Action.c(146): Resource "http://automationpractice.com/js/jquery/jquery-1.11.0.min.js" is in the cache already and will not be downloaded again  	[MsgId: MMSG-26655]
Action.c(146): Resource "http://automationpractice.com/js/jquery/jquery-migrate-1.2.1.min.js" is in the cache already and will not be downloaded again  	[MsgId: MMSG-26655]
Action.c(146): Resource "http://automationpractice.com/js/jquery/plugins/jquery.easing.js" is in the cache already and will not be downloaded again  	[MsgId: MMSG-26655]
Action.c(146): Resource "http://automationpractice.com/js/tools.js" is in the cache already and will not be downloaded again  	[MsgId: MMSG-26655]
Action.c(146): Resource "http://automationpractice.com/themes/default-bootstrap/js/global.js" is in the cache already and will not be downloaded again  	[MsgId: MMSG-26655]
Action.c(146): Resource "http://automationpractice.com/themes/default-bootstrap/js/autoload/10-bootstrap.min.js" is in the cache already and will not be downloaded again  	[MsgId: MMSG-26655]
Action.c(146): Resource "http://automationpractice.com/themes/default-bootstrap/js/autoload/15-jquery.total-storage.min.js" is in the cache already and will not be downloaded again  	[MsgId: MMSG-26655]
Action.c(146): Resource "http://automationpractice.com/themes/default-bootstrap/js/autoload/15-jquery.uniform-modified.js" is in the cache already and will not be downloaded again  	[MsgId: MMSG-26655]
Action.c(146): Resource "http://automationpractice.com/js/jquery/plugins/fancybox/jquery.fancybox.js" is in the cache already and will not be downloaded again  	[MsgId: MMSG-26655]
Action.c(146): Resource "http://automationpractice.com/themes/default-bootstrap/js/products-comparison.js" is in the cache already and will not be downloaded again  	[MsgId: MMSG-26655]
Action.c(146): Resource "http://automationpractice.com/js/jquery/plugins/jquery.typewatch.js" is in the cache already and will not be downloaded again  	[MsgId: MMSG-26655]
Action.c(146): Resource "http://automationpractice.com/themes/default-bootstrap/js/tools/vatManagement.js" is in the cache already and will not be downloaded again  	[MsgId: MMSG-26655]
Action.c(146): Resource "http://automationpractice.com/themes/default-bootstrap/js/tools/statesManagement.js" is in the cache already and will not be downloaded again  	[MsgId: MMSG-26655]
Action.c(146): Resource "http://automationpractice.com/themes/default-bootstrap/js/authentication.js" is in the cache already and will not be downloaded again  	[MsgId: MMSG-26655]
Action.c(146): Resource "http://automationpractice.com/js/validate.js" is in the cache already and will not be downloaded again  	[MsgId: MMSG-26655]
Action.c(146): Resource "http://automationpractice.com/themes/default-bootstrap/js/modules/blockcart/ajax-cart.js" is in the cache already and will not be downloaded again  	[MsgId: MMSG-26655]
Action.c(146): Resource "http://automationpractice.com/js/jquery/plugins/jquery.scrollTo.js" is in the cache already and will not be downloaded again  	[MsgId: MMSG-26655]
Action.c(146): Resource "http://automationpractice.com/js/jquery/plugins/jquery.serialScroll.js" is in the cache already and will not be downloaded again  	[MsgId: MMSG-26655]
Action.c(146): Resource "http://automationpractice.com/js/jquery/plugins/bxslider/jquery.bxslider.js" is in the cache already and will not be downloaded again  	[MsgId: MMSG-26655]
Action.c(146): Resource "http://automationpractice.com/themes/default-bootstrap/js/tools/treeManagement.js" is in the cache already and will not be downloaded again  	[MsgId: MMSG-26655]
Action.c(146): Resource "http://automationpractice.com/themes/default-bootstrap/js/modules/blocknewsletter/blocknewsletter.js" is in the cache already and will not be downloaded again  	[MsgId: MMSG-26655]
Action.c(146): Resource "http://automationpractice.com/js/jquery/plugins/autocomplete/jquery.autocomplete.js" is in the cache already and will not be downloaded again  	[MsgId: MMSG-26655]
Action.c(146): Resource "http://automationpractice.com/themes/default-bootstrap/js/modules/blocksearch/blocksearch.js" is in the cache already and will not be downloaded again  	[MsgId: MMSG-26655]
Action.c(146): Resource "http://automationpractice.com/themes/default-bootstrap/js/modules/blockwishlist/js/ajax-wishlist.js" is in the cache already and will not be downloaded again  	[MsgId: MMSG-26655]
Action.c(146): Resource "http://automationpractice.com/themes/default-bootstrap/js/modules/blocktopmenu/js/hoverIntent.js" is in the cache already and will not be downloaded again  	[MsgId: MMSG-26655]
Action.c(146): Resource "http://automationpractice.com/themes/default-bootstrap/js/modules/blocktopmenu/js/superfish-modified.js" is in the cache already and will not be downloaded again  	[MsgId: MMSG-26655]
Action.c(146): Resource "http://automationpractice.com/themes/default-bootstrap/js/modules/blocktopmenu/js/blocktopmenu.js" is in the cache already and will not be downloaded again  	[MsgId: MMSG-26655]
Action.c(146): Resource "http://fonts.googleapis.com/css?family=Open+Sans:300,600&subset=latin,latin-ext" is in the cache already and will not be downloaded again  	[MsgId: MMSG-26655]
Action.c(146): Resource "http://automationpractice.com/modules/blockbanner/img/sale70.png" is in the cache already and will not be downloaded again  	[MsgId: MMSG-26655]
Action.c(146): Resource "http://automationpractice.com/img/logo.jpg" is in the cache already and will not be downloaded again  	[MsgId: MMSG-26655]
Action.c(146): Resource "http://automationpractice.com/img/c/3-0_thumb.jpg" is in the cache already and will not be downloaded again  	[MsgId: MMSG-26655]
Action.c(146): Resource "http://automationpractice.com/img/c/3-1_thumb.jpg" is in the cache already and will not be downloaded again  	[MsgId: MMSG-26655]
Action.c(146): Registered web_reg_find successful for "Text=Sign in" (count=3)  	[MsgId: MMSG-26364]
Action.c(146): web_url("Sign out") was successful, 35614 body bytes, 1696 header bytes, 46 chunking overhead bytes  	[MsgId: MMSG-26385]
Action.c(156): Notify: Transaction "5_logout" ended with a "Pass" status (Duration: 3,3702 Wasted Time: 0,0076).
Ending action Action.
Ending iteration 1.
Ending Vuser...
Starting action vuser_end.
Ending action vuser_end.
Vuser Terminated.
