Start auto log messages stack - Iteration 3.	[MsgId: MMSG-10545]
Starting action Action.	[MsgId: MMSG-15919]
Action.c(6): Notify: Transaction "1_begin" started.	[MsgId: MMSG-16999]
Action.c(14): web_reg_save_param_regexp started  	[MsgId: MMSG-26355]
Action.c(14): Registering web_reg_save_param_regexp was successful  	[MsgId: MMSG-26390]
Action.c(23): web_reg_find started  	[MsgId: MMSG-26355]
Action.c(23): Registering web_reg_find was successful  	[MsgId: MMSG-26390]
Action.c(33): web_reg_save_param_regexp started  	[MsgId: MMSG-26355]
Action.c(33): Registering web_reg_save_param_regexp was successful  	[MsgId: MMSG-26390]
Action.c(42): web_url("index.php") started  	[MsgId: MMSG-26355]
Action.c(42): Warning -26665: HTTP Status Code is missing or invalid. Assuming "200 OK"  	[MsgId: MWAR-26665]
Action.c(42): Continuing after Error -35049: No match found for the requested parameter "controller". Check whether the requested regular expression exists in the response data  	[MsgId: MERR-35049]
Action.c(42): Continuing after Error -35049: No match found for the requested parameter "back". Check whether the requested regular expression exists in the response data  	[MsgId: MERR-35049]
Action.c(42): Continuing after Error -26366: "Text=Already registered" not found for web_reg_find  	[MsgId: MERR-26366]
End auto log messages stack.	[MsgId: MMSG-10544]


Start auto log messages stack - Iteration 3.	[MsgId: MMSG-10545]
Action.c(54): Notify: Transaction "2_login" started.	[MsgId: MMSG-16999]
Action.c(57): web_reg_save_param_regexp started  	[MsgId: MMSG-26355]
Action.c(57): Registering web_reg_save_param_regexp was successful  	[MsgId: MMSG-26390]
Action.c(66): web_reg_find started  	[MsgId: MMSG-26355]
Action.c(66): Registering web_reg_find was successful  	[MsgId: MMSG-26390]
Action.c(76): web_reg_save_param_regexp started  	[MsgId: MMSG-26355]
Action.c(76): Registering web_reg_save_param_regexp was successful  	[MsgId: MMSG-26390]
Action.c(86): web_submit_data("index.php_2") started  	[MsgId: MMSG-26355]
Action.c(86): Warning -26665: HTTP Status Code is missing or invalid. Assuming "200 OK"  	[MsgId: MWAR-26665]
Action.c(86): Continuing after Error -35049: No match found for the requested parameter "token". Check whether the requested regular expression exists in the response data  	[MsgId: MERR-35049]
Action.c(86): Continuing after Error -35049: No match found for the requested parameter "controller_1". Check whether the requested regular expression exists in the response data  	[MsgId: MERR-35049]
Action.c(86): Continuing after Error -26366: "Text=My account" not found for web_reg_find  	[MsgId: MERR-26366]
End auto log messages stack.	[MsgId: MMSG-10544]


Start auto log messages stack - Iteration 3.	[MsgId: MMSG-10545]
Action.c(106): web_url("My wishlists") started  	[MsgId: MMSG-26355]
Action.c(106): Warning -26665: HTTP Status Code is missing or invalid. Assuming "200 OK"  	[MsgId: MWAR-26665]
Action.c(106): web_url("My wishlists") highest severity level was "warning", 288 body bytes, 204 header bytes  	[MsgId: MMSG-26388]
Action.c(116): Notify: Transaction "3_wishlist" ended with a "Pass" status (Duration: 0,1345).	[MsgId: MMSG-16873]
Action.c(118): Notify: Transaction "4_add_wishlist" started.	[MsgId: MMSG-16999]
Action.c(120): web_reg_find started  	[MsgId: MMSG-26355]
Action.c(120): Registering web_reg_find was successful  	[MsgId: MMSG-26390]
Action.c(124): web_submit_data("index.php_3") started  	[MsgId: MMSG-26355]
Action.c(124): Warning -26665: HTTP Status Code is missing or invalid. Assuming "200 OK"  	[MsgId: MWAR-26665]
Action.c(124): Continuing after Error -26366: "Text=My wishlists" not found for web_reg_find  	[MsgId: MERR-26366]
End auto log messages stack.	[MsgId: MMSG-10544]


Start auto log messages stack - Iteration 3.	[MsgId: MMSG-10545]
Action.c(124): web_submit_data("index.php_3") highest severity level was "continue on error", 288 body bytes, 204 header bytes  	[MsgId: MMSG-26388]
Action.c(124): Continuing after error in Vuser script.	[MsgId: MMSG-10678]
Action.c(138): Notify: Transaction "4_add_wishlist" ended with a "Fail" status (Duration: 0,1345 Wasted Time: 0,0000).	[MsgId: MMSG-16871]
Action.c(138): Notify: Transaction "4_add_wishlist" has 1 error message(s).	[MsgId: MMSG-16818]
Action.c(138): Notify: The 1st error message associated with transaction "4_add_wishlist" is "Error -26366: "Text=My wishlists" not found for web_reg_find"	[MsgId: MMSG-16819]
Action.c(140): Notify: Transaction "5_logout" started.	[MsgId: MMSG-16999]
Action.c(142): web_reg_find started  	[MsgId: MMSG-26355]
Action.c(142): Registering web_reg_find was successful  	[MsgId: MMSG-26390]
Action.c(146): web_url("Sign out") started  	[MsgId: MMSG-26355]
Action.c(146): Warning -26665: HTTP Status Code is missing or invalid. Assuming "200 OK"  	[MsgId: MWAR-26665]
Action.c(146): Continuing after Error -26366: "Text=Sign in" not found for web_reg_find  	[MsgId: MERR-26366]
End auto log messages stack.	[MsgId: MMSG-10544]


