Start auto log messages stack - Iteration 1.	[MsgId: MMSG-10545]
Action.c(146): Redirecting "http://automationpractice.com/index.php?mylogout=" (redirection depth is 0)  	[MsgId: MMSG-26694]
Action.c(146): To location "http://automationpractice.com/index.php?fc=module&module=blockwishlist&controller=mywishlist"  	[MsgId: MMSG-26693]
Action.c(146): Redirecting "http://automationpractice.com/index.php?fc=module&module=blockwishlist&controller=mywishlist" (redirection depth is 1)  	[MsgId: MMSG-26694]
Action.c(146): To location "http://automationpractice.com/index.php?controller=authentication&back=http%3A%2F%2Fautomationpractice.com%2Findex.php%3Ffc%3Dmodule%26module%3Dblockwishlist%26controller%3Dmywishlist"  	[MsgId: MMSG-26693]
Action.c(146): Warning -26665: HTTP Status Code is missing or invalid. Assuming "200 OK"  	[MsgId: MWAR-26665]
Action.c(146): Error -26366: "Text=Sign in" not found for web_reg_find  	[MsgId: MERR-26366]
End auto log messages stack.	[MsgId: MMSG-10544]


Start auto log messages stack - Iteration 1.	[MsgId: MMSG-10545]
Action.c(138): Notify: Transaction "4_add_wishlist" ended with a "Pass" status (Duration: 22,3005 Wasted Time: 0,0004).	[MsgId: MMSG-16871]
Action.c(140): Notify: Transaction "5_logout" started.	[MsgId: MMSG-16999]
Action.c(142): web_reg_find started  	[MsgId: MMSG-26355]
Action.c(142): Registering web_reg_find was successful  	[MsgId: MMSG-26390]
Action.c(146): web_url("Sign out") started  	[MsgId: MMSG-26355]
Action.c(146): Redirecting "http://automationpractice.com/index.php?mylogout=" (redirection depth is 0)  	[MsgId: MMSG-26694]
Action.c(146): To location "http://automationpractice.com/index.php?fc=module&module=blockwishlist&controller=mywishlist"  	[MsgId: MMSG-26693]
Action.c(146): Warning -26665: HTTP Status Code is missing or invalid. Assuming "200 OK"  	[MsgId: MWAR-26665]
Action.c(146): Error -26366: "Text=Sign in" not found for web_reg_find  	[MsgId: MERR-26366]
End auto log messages stack.	[MsgId: MMSG-10544]


Start auto log messages stack - Iteration 3.	[MsgId: MMSG-10545]
Action.c(138): Notify: Transaction "4_add_wishlist" ended with a "Pass" status (Duration: 15,6006 Wasted Time: 0,0003).	[MsgId: MMSG-16871]
Action.c(140): Notify: Transaction "5_logout" started.	[MsgId: MMSG-16999]
Action.c(142): web_reg_find started  	[MsgId: MMSG-26355]
Action.c(142): Registering web_reg_find was successful  	[MsgId: MMSG-26390]
Action.c(146): web_url("Sign out") started  	[MsgId: MMSG-26355]
Action.c(146): Redirecting "http://automationpractice.com/index.php?mylogout=" (redirection depth is 0)  	[MsgId: MMSG-26694]
Action.c(146): To location "http://automationpractice.com/index.php?fc=module&module=blockwishlist&controller=mywishlist"  	[MsgId: MMSG-26693]
Action.c(146): Warning -26665: HTTP Status Code is missing or invalid. Assuming "200 OK"  	[MsgId: MWAR-26665]
Action.c(146): Error -26366: "Text=Sign in" not found for web_reg_find  	[MsgId: MERR-26366]
End auto log messages stack.	[MsgId: MMSG-10544]


Start auto log messages stack - Iteration 6.	[MsgId: MMSG-10545]
Action.c(106): web_url("My wishlists") started  	[MsgId: MMSG-26355]
Action.c(106): Warning -26665: HTTP Status Code is missing or invalid. Assuming "200 OK"  	[MsgId: MWAR-26665]
Action.c(106): web_url("My wishlists") highest severity level was "warning", 288 body bytes, 204 header bytes  	[MsgId: MMSG-26388]
Action.c(116): Notify: Transaction "3_wishlist" ended with a "Pass" status (Duration: 0,1490).	[MsgId: MMSG-16873]
Action.c(118): Notify: Transaction "4_add_wishlist" started.	[MsgId: MMSG-16999]
Action.c(120): web_reg_find started  	[MsgId: MMSG-26355]
Action.c(120): Registering web_reg_find was successful  	[MsgId: MMSG-26390]
Action.c(124): web_submit_data("index.php_3") started  	[MsgId: MMSG-26355]
Action.c(124): Warning -26665: HTTP Status Code is missing or invalid. Assuming "200 OK"  	[MsgId: MWAR-26665]
Action.c(124): Error -26366: "Text=My wishlists" not found for web_reg_find  	[MsgId: MERR-26366]
End auto log messages stack.	[MsgId: MMSG-10544]


Start auto log messages stack - Iteration 7.	[MsgId: MMSG-10545]
Starting action Action.	[MsgId: MMSG-15919]
Action.c(6): Notify: Transaction "1_begin" started.	[MsgId: MMSG-16999]
Action.c(14): web_reg_save_param_regexp started  	[MsgId: MMSG-26355]
Action.c(14): Registering web_reg_save_param_regexp was successful  	[MsgId: MMSG-26390]
Action.c(23): web_reg_find started  	[MsgId: MMSG-26355]
Action.c(23): Registering web_reg_find was successful  	[MsgId: MMSG-26390]
Action.c(33): web_reg_save_param_regexp started  	[MsgId: MMSG-26355]
Action.c(33): Registering web_reg_save_param_regexp was successful  	[MsgId: MMSG-26390]
Action.c(42): web_url("index.php") started  	[MsgId: MMSG-26355]
Action.c(42): Warning -26665: HTTP Status Code is missing or invalid. Assuming "200 OK"  	[MsgId: MWAR-26665]
Action.c(42): Error -35049: No match found for the requested parameter "controller". Check whether the requested regular expression exists in the response data  	[MsgId: MERR-35049]
Action.c(42): Error -35049: No match found for the requested parameter "back". Check whether the requested regular expression exists in the response data  	[MsgId: MERR-35049]
Action.c(42): Error -26366: "Text=Already registered" not found for web_reg_find  	[MsgId: MERR-26366]
End auto log messages stack.	[MsgId: MMSG-10544]


Start auto log messages stack - Iteration 7.	[MsgId: MMSG-10545]
Action.c(116): Notify: Transaction "3_wishlist" ended with a "Pass" status (Duration: 11,0291).	[MsgId: MMSG-16873]
Action.c(118): Notify: Transaction "4_add_wishlist" started.	[MsgId: MMSG-16999]
Action.c(120): web_reg_find started  	[MsgId: MMSG-26355]
Action.c(120): Registering web_reg_find was successful  	[MsgId: MMSG-26390]
Action.c(124): web_submit_data("index.php_3") started  	[MsgId: MMSG-26355]
Action.c(124): Redirecting "http://automationpractice.com/index.php?fc=module&module=blockwishlist&controller=mywishlist" (redirection depth is 0)  	[MsgId: MMSG-26694]
Action.c(124): To location "http://automationpractice.com/index.php?fc=module&module=blockwishlist&controller=mywishlist"  	[MsgId: MMSG-26693]
Action.c(124): Warning -26665: HTTP Status Code is missing or invalid. Assuming "200 OK"  	[MsgId: MWAR-26665]
Action.c(124): Error -26366: "Text=My wishlists" not found for web_reg_find  	[MsgId: MERR-26366]
End auto log messages stack.	[MsgId: MMSG-10544]


Start auto log messages stack - Iteration 8.	[MsgId: MMSG-10545]
Action.c(54): Notify: Transaction "2_login" started.	[MsgId: MMSG-16999]
Action.c(57): web_reg_save_param_regexp started  	[MsgId: MMSG-26355]
Action.c(57): Registering web_reg_save_param_regexp was successful  	[MsgId: MMSG-26390]
Action.c(66): web_reg_find started  	[MsgId: MMSG-26355]
Action.c(66): Registering web_reg_find was successful  	[MsgId: MMSG-26390]
Action.c(76): web_reg_save_param_regexp started  	[MsgId: MMSG-26355]
Action.c(76): Registering web_reg_save_param_regexp was successful  	[MsgId: MMSG-26390]
Action.c(86): web_submit_data("index.php_2") started  	[MsgId: MMSG-26355]
Action.c(86): Warning -26665: HTTP Status Code is missing or invalid. Assuming "200 OK"  	[MsgId: MWAR-26665]
Action.c(86): Error -35049: No match found for the requested parameter "token". Check whether the requested regular expression exists in the response data  	[MsgId: MERR-35049]
Action.c(86): Error -35049: No match found for the requested parameter "controller_1". Check whether the requested regular expression exists in the response data  	[MsgId: MERR-35049]
Action.c(86): Error -26366: "Text=My account" not found for web_reg_find  	[MsgId: MERR-26366]
End auto log messages stack.	[MsgId: MMSG-10544]


Start auto log messages stack - Iteration 10.	[MsgId: MMSG-10545]
Action.c(138): Notify: Transaction "4_add_wishlist" ended with a "Pass" status (Duration: 16,5965 Wasted Time: 0,0005).	[MsgId: MMSG-16871]
Action.c(140): Notify: Transaction "5_logout" started.	[MsgId: MMSG-16999]
Action.c(142): web_reg_find started  	[MsgId: MMSG-26355]
Action.c(142): Registering web_reg_find was successful  	[MsgId: MMSG-26390]
Action.c(146): web_url("Sign out") started  	[MsgId: MMSG-26355]
Action.c(146): Redirecting "http://automationpractice.com/index.php?mylogout=" (redirection depth is 0)  	[MsgId: MMSG-26694]
Action.c(146): To location "http://automationpractice.com/index.php?fc=module&module=blockwishlist&controller=mywishlist"  	[MsgId: MMSG-26693]
Action.c(146): Warning -26665: HTTP Status Code is missing or invalid. Assuming "200 OK"  	[MsgId: MWAR-26665]
Action.c(146): Error -26366: "Text=Sign in" not found for web_reg_find  	[MsgId: MERR-26366]
End auto log messages stack.	[MsgId: MMSG-10544]


Start auto log messages stack - Iteration 17.	[MsgId: MMSG-10545]
Action.c(106): Found resource "http://automationpractice.com/img/p/8/8-small_default.jpg" in HTML "http://automationpractice.com/index.php?fc=module&module=blockwishlist&controller=mywishlist"  	[MsgId: MMSG-26659]
Action.c(106): Found resource "http://automationpractice.com/img/p/1/6/16-small_default.jpg" in HTML "http://automationpractice.com/index.php?fc=module&module=blockwishlist&controller=mywishlist"  	[MsgId: MMSG-26659]
Action.c(106): Found resource "http://automationpractice.com/img/p/1/0/10-small_default.jpg" in HTML "http://automationpractice.com/index.php?fc=module&module=blockwishlist&controller=mywishlist"  	[MsgId: MMSG-26659]
Action.c(106): Found resource "http://automationpractice.com/modules/blockstore/store.jpg" in HTML "http://automationpractice.com/index.php?fc=module&module=blockwishlist&controller=mywishlist"  	[MsgId: MMSG-26659]
Action.c(106): Error -27720: Step download timeout (120 seconds) has expired when downloading resource "http://automationpractice.com/img/p/2/0/20-small_default.jpg". Set the "Step Timeout caused by resources is a warning" Runtime Setting to Yes/No to have this message as a warning/error, respectively  	[MsgId: MERR-27720]
End auto log messages stack.	[MsgId: MMSG-10544]


