Start auto log messages stack - Iteration 3.	[MsgId: MMSG-10545]
Action.c(124): Registered web_reg_find successful for "Text=My wishlists" (count=4)  	[MsgId: MMSG-26364]
Action.c(124): web_submit_data("index.php_3") was successful, 101722 body bytes, 650 header bytes, 114 chunking overhead bytes  	[MsgId: MMSG-26385]
Action.c(138): Notify: Transaction "4_add_wishlist" ended with a "Pass" status (Duration: 18,0974 Wasted Time: 0,0002).	[MsgId: MMSG-16871]
Action.c(140): Notify: Transaction "5_logout" started.	[MsgId: MMSG-16999]
Action.c(142): web_reg_find started  	[MsgId: MMSG-26355]
Action.c(142): Registering web_reg_find was successful  	[MsgId: MMSG-26390]
Action.c(146): web_url("Sign out") started  	[MsgId: MMSG-26355]
Action.c(146): Warning -26665: HTTP Status Code is missing or invalid. Assuming "200 OK"  	[MsgId: MWAR-26665]
Action.c(146): Continuing after Error -26366: "Text=Sign in" not found for web_reg_find  	[MsgId: MERR-26366]
End auto log messages stack.	[MsgId: MMSG-10544]


Start auto log messages stack - Iteration 5.	[MsgId: MMSG-10545]
Starting action Action.	[MsgId: MMSG-15919]
Action.c(6): Notify: Transaction "1_begin" started.	[MsgId: MMSG-16999]
Action.c(14): web_reg_save_param_regexp started  	[MsgId: MMSG-26355]
Action.c(14): Registering web_reg_save_param_regexp was successful  	[MsgId: MMSG-26390]
Action.c(23): web_reg_find started  	[MsgId: MMSG-26355]
Action.c(23): Registering web_reg_find was successful  	[MsgId: MMSG-26390]
Action.c(33): web_reg_save_param_regexp started  	[MsgId: MMSG-26355]
Action.c(33): Registering web_reg_save_param_regexp was successful  	[MsgId: MMSG-26390]
Action.c(42): web_url("index.php") started  	[MsgId: MMSG-26355]
Action.c(42): Warning -26665: HTTP Status Code is missing or invalid. Assuming "200 OK"  	[MsgId: MWAR-26665]
Action.c(42): Continuing after Error -35049: No match found for the requested parameter "controller". Check whether the requested regular expression exists in the response data  	[MsgId: MERR-35049]
Action.c(42): Continuing after Error -35049: No match found for the requested parameter "back". Check whether the requested regular expression exists in the response data  	[MsgId: MERR-35049]
Action.c(42): Continuing after Error -26366: "Text=Already registered" not found for web_reg_find  	[MsgId: MERR-26366]
End auto log messages stack.	[MsgId: MMSG-10544]


Start auto log messages stack - Iteration 5.	[MsgId: MMSG-10545]
Action.c(54): Notify: Transaction "2_login" started.	[MsgId: MMSG-16999]
Action.c(57): web_reg_save_param_regexp started  	[MsgId: MMSG-26355]
Action.c(57): Registering web_reg_save_param_regexp was successful  	[MsgId: MMSG-26390]
Action.c(66): web_reg_find started  	[MsgId: MMSG-26355]
Action.c(66): Registering web_reg_find was successful  	[MsgId: MMSG-26390]
Action.c(76): web_reg_save_param_regexp started  	[MsgId: MMSG-26355]
Action.c(76): Registering web_reg_save_param_regexp was successful  	[MsgId: MMSG-26390]
Action.c(86): web_submit_data("index.php_2") started  	[MsgId: MMSG-26355]
Action.c(86): Warning -26665: HTTP Status Code is missing or invalid. Assuming "200 OK"  	[MsgId: MWAR-26665]
Action.c(86): Continuing after Error -35049: No match found for the requested parameter "token". Check whether the requested regular expression exists in the response data  	[MsgId: MERR-35049]
Action.c(86): Continuing after Error -35049: No match found for the requested parameter "controller_1". Check whether the requested regular expression exists in the response data  	[MsgId: MERR-35049]
Action.c(86): Continuing after Error -26366: "Text=My account" not found for web_reg_find  	[MsgId: MERR-26366]
End auto log messages stack.	[MsgId: MMSG-10544]


Start auto log messages stack - Iteration 5.	[MsgId: MMSG-10545]
Action.c(106): web_url("My wishlists") started  	[MsgId: MMSG-26355]
Action.c(106): Warning -26665: HTTP Status Code is missing or invalid. Assuming "200 OK"  	[MsgId: MWAR-26665]
Action.c(106): web_url("My wishlists") highest severity level was "warning", 288 body bytes, 204 header bytes  	[MsgId: MMSG-26388]
Action.c(116): Notify: Transaction "3_wishlist" ended with a "Pass" status (Duration: 0,1362).	[MsgId: MMSG-16873]
Action.c(118): Notify: Transaction "4_add_wishlist" started.	[MsgId: MMSG-16999]
Action.c(120): web_reg_find started  	[MsgId: MMSG-26355]
Action.c(120): Registering web_reg_find was successful  	[MsgId: MMSG-26390]
Action.c(124): web_submit_data("index.php_3") started  	[MsgId: MMSG-26355]
Action.c(124): Warning -26665: HTTP Status Code is missing or invalid. Assuming "200 OK"  	[MsgId: MWAR-26665]
Action.c(124): Continuing after Error -26366: "Text=My wishlists" not found for web_reg_find  	[MsgId: MERR-26366]
End auto log messages stack.	[MsgId: MMSG-10544]


Start auto log messages stack - Iteration 5.	[MsgId: MMSG-10545]
Action.c(124): web_submit_data("index.php_3") highest severity level was "continue on error", 288 body bytes, 204 header bytes  	[MsgId: MMSG-26388]
Action.c(124): Continuing after error in Vuser script.	[MsgId: MMSG-10678]
Action.c(138): Notify: Transaction "4_add_wishlist" ended with a "Fail" status (Duration: 0,1369 Wasted Time: 0,0000).	[MsgId: MMSG-16871]
Action.c(138): Notify: Transaction "4_add_wishlist" has 1 error message(s).	[MsgId: MMSG-16818]
Action.c(138): Notify: The 1st error message associated with transaction "4_add_wishlist" is "Error -26366: "Text=My wishlists" not found for web_reg_find"	[MsgId: MMSG-16819]
Action.c(140): Notify: Transaction "5_logout" started.	[MsgId: MMSG-16999]
Action.c(142): web_reg_find started  	[MsgId: MMSG-26355]
Action.c(142): Registering web_reg_find was successful  	[MsgId: MMSG-26390]
Action.c(146): web_url("Sign out") started  	[MsgId: MMSG-26355]
Action.c(146): Warning -26665: HTTP Status Code is missing or invalid. Assuming "200 OK"  	[MsgId: MWAR-26665]
Action.c(146): Continuing after Error -26366: "Text=Sign in" not found for web_reg_find  	[MsgId: MERR-26366]
End auto log messages stack.	[MsgId: MMSG-10544]


Start auto log messages stack - Iteration 12.	[MsgId: MMSG-10545]
Action.c(106): Found resource "http://automationpractice.com/modules/blockstore/store.jpg" in HTML "http://automationpractice.com/index.php?fc=module&module=blockwishlist&controller=mywishlist"  	[MsgId: MMSG-26659]
Action.c(106): web_url("My wishlists") was successful, 148308 body bytes, 2332 header bytes, 124 chunking overhead bytes  	[MsgId: MMSG-26385]
Action.c(116): Notify: Transaction "3_wishlist" ended with a "Pass" status (Duration: 8,3129).	[MsgId: MMSG-16873]
Action.c(118): Notify: Transaction "4_add_wishlist" started.	[MsgId: MMSG-16999]
Action.c(120): web_reg_find started  	[MsgId: MMSG-26355]
Action.c(120): Registering web_reg_find was successful  	[MsgId: MMSG-26390]
Action.c(124): web_submit_data("index.php_3") started  	[MsgId: MMSG-26355]
Action.c(124): Warning -26665: HTTP Status Code is missing or invalid. Assuming "200 OK"  	[MsgId: MWAR-26665]
Action.c(124): Continuing after Error -26366: "Text=My wishlists" not found for web_reg_find  	[MsgId: MERR-26366]
End auto log messages stack.	[MsgId: MMSG-10544]


Start auto log messages stack - Iteration 12.	[MsgId: MMSG-10545]
Action.c(124): web_submit_data("index.php_3") highest severity level was "continue on error", 288 body bytes, 204 header bytes  	[MsgId: MMSG-26388]
Action.c(124): Continuing after error in Vuser script.	[MsgId: MMSG-10678]
Action.c(138): Notify: Transaction "4_add_wishlist" ended with a "Fail" status (Duration: 0,1384 Wasted Time: 0,0000).	[MsgId: MMSG-16871]
Action.c(138): Notify: Transaction "4_add_wishlist" has 1 error message(s).	[MsgId: MMSG-16818]
Action.c(138): Notify: The 1st error message associated with transaction "4_add_wishlist" is "Error -26366: "Text=My wishlists" not found for web_reg_find"	[MsgId: MMSG-16819]
Action.c(140): Notify: Transaction "5_logout" started.	[MsgId: MMSG-16999]
Action.c(142): web_reg_find started  	[MsgId: MMSG-26355]
Action.c(142): Registering web_reg_find was successful  	[MsgId: MMSG-26390]
Action.c(146): web_url("Sign out") started  	[MsgId: MMSG-26355]
Action.c(146): Warning -26665: HTTP Status Code is missing or invalid. Assuming "200 OK"  	[MsgId: MWAR-26665]
Action.c(146): Continuing after Error -26366: "Text=Sign in" not found for web_reg_find  	[MsgId: MERR-26366]
End auto log messages stack.	[MsgId: MMSG-10544]


Start auto log messages stack - Iteration 12.	[MsgId: MMSG-10545]
Starting action Action.	[MsgId: MMSG-15919]
Action.c(6): Notify: Transaction "1_begin" started.	[MsgId: MMSG-16999]
Action.c(14): web_reg_save_param_regexp started  	[MsgId: MMSG-26355]
Action.c(14): Registering web_reg_save_param_regexp was successful  	[MsgId: MMSG-26390]
Action.c(23): web_reg_find started  	[MsgId: MMSG-26355]
Action.c(23): Registering web_reg_find was successful  	[MsgId: MMSG-26390]
Action.c(33): web_reg_save_param_regexp started  	[MsgId: MMSG-26355]
Action.c(33): Registering web_reg_save_param_regexp was successful  	[MsgId: MMSG-26390]
Action.c(42): web_url("index.php") started  	[MsgId: MMSG-26355]
Action.c(42): Warning -26665: HTTP Status Code is missing or invalid. Assuming "200 OK"  	[MsgId: MWAR-26665]
Action.c(42): Continuing after Error -35049: No match found for the requested parameter "controller". Check whether the requested regular expression exists in the response data  	[MsgId: MERR-35049]
Action.c(42): Continuing after Error -35049: No match found for the requested parameter "back". Check whether the requested regular expression exists in the response data  	[MsgId: MERR-35049]
Action.c(42): Continuing after Error -26366: "Text=Already registered" not found for web_reg_find  	[MsgId: MERR-26366]
End auto log messages stack.	[MsgId: MMSG-10544]


Start auto log messages stack - Iteration 12.	[MsgId: MMSG-10545]
Action.c(54): Notify: Transaction "2_login" started.	[MsgId: MMSG-16999]
Action.c(57): web_reg_save_param_regexp started  	[MsgId: MMSG-26355]
Action.c(57): Registering web_reg_save_param_regexp was successful  	[MsgId: MMSG-26390]
Action.c(66): web_reg_find started  	[MsgId: MMSG-26355]
Action.c(66): Registering web_reg_find was successful  	[MsgId: MMSG-26390]
Action.c(76): web_reg_save_param_regexp started  	[MsgId: MMSG-26355]
Action.c(76): Registering web_reg_save_param_regexp was successful  	[MsgId: MMSG-26390]
Action.c(86): web_submit_data("index.php_2") started  	[MsgId: MMSG-26355]
Action.c(86): Warning -26665: HTTP Status Code is missing or invalid. Assuming "200 OK"  	[MsgId: MWAR-26665]
Action.c(86): Continuing after Error -35049: No match found for the requested parameter "token". Check whether the requested regular expression exists in the response data  	[MsgId: MERR-35049]
Action.c(86): Continuing after Error -35049: No match found for the requested parameter "controller_1". Check whether the requested regular expression exists in the response data  	[MsgId: MERR-35049]
Action.c(86): Continuing after Error -26366: "Text=My account" not found for web_reg_find  	[MsgId: MERR-26366]
End auto log messages stack.	[MsgId: MMSG-10544]


Start auto log messages stack - Iteration 12.	[MsgId: MMSG-10545]
Action.c(86): web_submit_data("index.php_2") highest severity level was "continue on error", 288 body bytes, 204 header bytes  	[MsgId: MMSG-26388]
Action.c(86): Continuing after error in Vuser script.	[MsgId: MMSG-10678]
Action.c(102): Notify: Transaction "2_login" ended with a "Fail" status (Duration: 0,1420 Wasted Time: 0,0004).	[MsgId: MMSG-16871]
Action.c(102): Notify: Transaction "2_login" has 1 error message(s).	[MsgId: MMSG-16818]
Action.c(102): Notify: The 1st error message associated with transaction "2_login" is "Error -26366: "Text=My account" not found for web_reg_find"	[MsgId: MMSG-16819]
Action.c(104): Notify: Transaction "3_wishlist" started.	[MsgId: MMSG-16999]
Action.c(106): web_url("My wishlists") started  	[MsgId: MMSG-26355]
Action.c(106): Continuing after Error -26627: HTTP Status-Code=404 (Not Found) for "http://automationpractice.com/index.php?fc=module&module=blockwishlist&controller="  	[MsgId: MERR-26627]
End auto log messages stack.	[MsgId: MMSG-10544]


Start auto log messages stack - Iteration 12.	[MsgId: MMSG-10545]
Action.c(106): web_url("My wishlists") highest severity level was "continue on error", 25878 body bytes, 608 header bytes, 28 chunking overhead bytes  	[MsgId: MMSG-26387]
Action.c(106): Continuing after error in Vuser script.	[MsgId: MMSG-10678]
Action.c(116): Notify: Transaction "3_wishlist" ended with a "Fail" status (Duration: 10,5850).	[MsgId: MMSG-16873]
Action.c(116): Notify: Transaction "3_wishlist" has 1 error message(s).	[MsgId: MMSG-16818]
Action.c(116): Notify: The 1st error message associated with transaction "3_wishlist" is "Error -26627: HTTP Status-Code=404 (Not Found) for "http://automationpractice.com/index.php?fc=module&module=blockwishlist&controller=""	[MsgId: MMSG-16819]
Action.c(118): Notify: Transaction "4_add_wishlist" started.	[MsgId: MMSG-16999]
Action.c(120): web_reg_find started  	[MsgId: MMSG-26355]
Action.c(120): Registering web_reg_find was successful  	[MsgId: MMSG-26390]
Action.c(124): web_submit_data("index.php_3") started  	[MsgId: MMSG-26355]
Action.c(124): Continuing after Error -26627: HTTP Status-Code=404 (Not Found) for "http://automationpractice.com/index.php?fc=module&module=blockwishlist&controller="  	[MsgId: MERR-26627]
Action.c(124): Continuing after Error -26366: "Text=My wishlists" not found for web_reg_find  	[MsgId: MERR-26366]
End auto log messages stack.	[MsgId: MMSG-10544]


Start auto log messages stack - Iteration 12.	[MsgId: MMSG-10545]
Action.c(138): Notify: The 1st error message associated with transaction "4_add_wishlist" is "Error -26627: HTTP Status-Code=404 (Not Found) for "http://automationpractice.com/index.php?fc=module&module=blockwishlist&controller=""	[MsgId: MMSG-16819]
Action.c(138): Notify: The 2nd error message associated with transaction "4_add_wishlist" is "Error -26366: "Text=My wishlists" not found for web_reg_find"	[MsgId: MMSG-16819]
Action.c(140): Notify: Transaction "5_logout" started.	[MsgId: MMSG-16999]
Action.c(142): web_reg_find started  	[MsgId: MMSG-26355]
Action.c(142): Registering web_reg_find was successful  	[MsgId: MMSG-26390]
Action.c(146): web_url("Sign out") started  	[MsgId: MMSG-26355]
Action.c(146): Redirecting "http://automationpractice.com/index.php?mylogout=" (redirection depth is 0)  	[MsgId: MMSG-26694]
Action.c(146): To location "http://automationpractice.com/index.php?fc=module&module=blockwishlist&controller="  	[MsgId: MMSG-26693]
Action.c(146): Continuing after Error -26627: HTTP Status-Code=404 (Not Found) for "http://automationpractice.com/index.php?fc=module&module=blockwishlist&controller="  	[MsgId: MERR-26627]
End auto log messages stack.	[MsgId: MMSG-10544]


Start auto log messages stack - Iteration 14.	[MsgId: MMSG-10545]
Action.c(54): Notify: Transaction "2_login" started.	[MsgId: MMSG-16999]
Action.c(57): web_reg_save_param_regexp started  	[MsgId: MMSG-26355]
Action.c(57): Registering web_reg_save_param_regexp was successful  	[MsgId: MMSG-26390]
Action.c(66): web_reg_find started  	[MsgId: MMSG-26355]
Action.c(66): Registering web_reg_find was successful  	[MsgId: MMSG-26390]
Action.c(76): web_reg_save_param_regexp started  	[MsgId: MMSG-26355]
Action.c(76): Registering web_reg_save_param_regexp was successful  	[MsgId: MMSG-26390]
Action.c(86): web_submit_data("index.php_2") started  	[MsgId: MMSG-26355]
Action.c(86): Warning -26665: HTTP Status Code is missing or invalid. Assuming "200 OK"  	[MsgId: MWAR-26665]
Action.c(86): Continuing after Error -35049: No match found for the requested parameter "token". Check whether the requested regular expression exists in the response data  	[MsgId: MERR-35049]
Action.c(86): Continuing after Error -35049: No match found for the requested parameter "controller_1". Check whether the requested regular expression exists in the response data  	[MsgId: MERR-35049]
Action.c(86): Continuing after Error -26366: "Text=My account" not found for web_reg_find  	[MsgId: MERR-26366]
End auto log messages stack.	[MsgId: MMSG-10544]


Start auto log messages stack - Iteration 14.	[MsgId: MMSG-10545]
Action.c(106): web_url("My wishlists") started  	[MsgId: MMSG-26355]
Action.c(106): Warning -26665: HTTP Status Code is missing or invalid. Assuming "200 OK"  	[MsgId: MWAR-26665]
Action.c(106): web_url("My wishlists") highest severity level was "warning", 288 body bytes, 204 header bytes  	[MsgId: MMSG-26388]
Action.c(116): Notify: Transaction "3_wishlist" ended with a "Pass" status (Duration: 0,1341).	[MsgId: MMSG-16873]
Action.c(118): Notify: Transaction "4_add_wishlist" started.	[MsgId: MMSG-16999]
Action.c(120): web_reg_find started  	[MsgId: MMSG-26355]
Action.c(120): Registering web_reg_find was successful  	[MsgId: MMSG-26390]
Action.c(124): web_submit_data("index.php_3") started  	[MsgId: MMSG-26355]
Action.c(124): Warning -26665: HTTP Status Code is missing or invalid. Assuming "200 OK"  	[MsgId: MWAR-26665]
Action.c(124): Continuing after Error -26366: "Text=My wishlists" not found for web_reg_find  	[MsgId: MERR-26366]
End auto log messages stack.	[MsgId: MMSG-10544]


Start auto log messages stack - Iteration 14.	[MsgId: MMSG-10545]
Action.c(124): web_submit_data("index.php_3") highest severity level was "continue on error", 288 body bytes, 204 header bytes  	[MsgId: MMSG-26388]
Action.c(124): Continuing after error in Vuser script.	[MsgId: MMSG-10678]
Action.c(138): Notify: Transaction "4_add_wishlist" ended with a "Fail" status (Duration: 0,1358 Wasted Time: 0,0000).	[MsgId: MMSG-16871]
Action.c(138): Notify: Transaction "4_add_wishlist" has 1 error message(s).	[MsgId: MMSG-16818]
Action.c(138): Notify: The 1st error message associated with transaction "4_add_wishlist" is "Error -26366: "Text=My wishlists" not found for web_reg_find"	[MsgId: MMSG-16819]
Action.c(140): Notify: Transaction "5_logout" started.	[MsgId: MMSG-16999]
Action.c(142): web_reg_find started  	[MsgId: MMSG-26355]
Action.c(142): Registering web_reg_find was successful  	[MsgId: MMSG-26390]
Action.c(146): web_url("Sign out") started  	[MsgId: MMSG-26355]
Action.c(146): Warning -26665: HTTP Status Code is missing or invalid. Assuming "200 OK"  	[MsgId: MWAR-26665]
Action.c(146): Continuing after Error -26366: "Text=Sign in" not found for web_reg_find  	[MsgId: MERR-26366]
End auto log messages stack.	[MsgId: MMSG-10544]


Start auto log messages stack - Iteration 15.	[MsgId: MMSG-10545]
Starting action Action.	[MsgId: MMSG-15919]
Action.c(6): Notify: Transaction "1_begin" started.	[MsgId: MMSG-16999]
Action.c(14): web_reg_save_param_regexp started  	[MsgId: MMSG-26355]
Action.c(14): Registering web_reg_save_param_regexp was successful  	[MsgId: MMSG-26390]
Action.c(23): web_reg_find started  	[MsgId: MMSG-26355]
Action.c(23): Registering web_reg_find was successful  	[MsgId: MMSG-26390]
Action.c(33): web_reg_save_param_regexp started  	[MsgId: MMSG-26355]
Action.c(33): Registering web_reg_save_param_regexp was successful  	[MsgId: MMSG-26390]
Action.c(42): web_url("index.php") started  	[MsgId: MMSG-26355]
Action.c(42): Warning -26665: HTTP Status Code is missing or invalid. Assuming "200 OK"  	[MsgId: MWAR-26665]
Action.c(42): Continuing after Error -35049: No match found for the requested parameter "controller". Check whether the requested regular expression exists in the response data  	[MsgId: MERR-35049]
Action.c(42): Continuing after Error -35049: No match found for the requested parameter "back". Check whether the requested regular expression exists in the response data  	[MsgId: MERR-35049]
Action.c(42): Continuing after Error -26366: "Text=Already registered" not found for web_reg_find  	[MsgId: MERR-26366]
End auto log messages stack.	[MsgId: MMSG-10544]


Start auto log messages stack - Iteration 15.	[MsgId: MMSG-10545]
Action.c(54): Notify: Transaction "2_login" started.	[MsgId: MMSG-16999]
Action.c(57): web_reg_save_param_regexp started  	[MsgId: MMSG-26355]
Action.c(57): Registering web_reg_save_param_regexp was successful  	[MsgId: MMSG-26390]
Action.c(66): web_reg_find started  	[MsgId: MMSG-26355]
Action.c(66): Registering web_reg_find was successful  	[MsgId: MMSG-26390]
Action.c(76): web_reg_save_param_regexp started  	[MsgId: MMSG-26355]
Action.c(76): Registering web_reg_save_param_regexp was successful  	[MsgId: MMSG-26390]
Action.c(86): web_submit_data("index.php_2") started  	[MsgId: MMSG-26355]
Action.c(86): Warning -26665: HTTP Status Code is missing or invalid. Assuming "200 OK"  	[MsgId: MWAR-26665]
Action.c(86): Continuing after Error -35049: No match found for the requested parameter "token". Check whether the requested regular expression exists in the response data  	[MsgId: MERR-35049]
Action.c(86): Continuing after Error -35049: No match found for the requested parameter "controller_1". Check whether the requested regular expression exists in the response data  	[MsgId: MERR-35049]
Action.c(86): Continuing after Error -26366: "Text=My account" not found for web_reg_find  	[MsgId: MERR-26366]
End auto log messages stack.	[MsgId: MMSG-10544]


Start auto log messages stack - Iteration 15.	[MsgId: MMSG-10545]
Action.c(102): Notify: The 1st error message associated with transaction "2_login" is "Error -26366: "Text=My account" not found for web_reg_find"	[MsgId: MMSG-16819]
Action.c(104): Notify: Transaction "3_wishlist" started.	[MsgId: MMSG-16999]
Action.c(106): web_url("My wishlists") started  	[MsgId: MMSG-26355]
Action.c(106): Warning -26665: HTTP Status Code is missing or invalid. Assuming "200 OK"  	[MsgId: MWAR-26665]
Action.c(106): web_url("My wishlists") highest severity level was "warning", 288 body bytes, 204 header bytes  	[MsgId: MMSG-26388]
Action.c(116): Notify: Transaction "3_wishlist" ended with a "Pass" status (Duration: 0,1326).	[MsgId: MMSG-16873]
Action.c(118): Notify: Transaction "4_add_wishlist" started.	[MsgId: MMSG-16999]
Action.c(120): web_reg_find started  	[MsgId: MMSG-26355]
Action.c(120): Registering web_reg_find was successful  	[MsgId: MMSG-26390]
Action.c(124): web_submit_data("index.php_3") started  	[MsgId: MMSG-26355]
Action.c(124): Continuing after Error -26627: HTTP Status-Code=404 (Not Found) for "http://automationpractice.com/index.php?fc=module&module=blockwishlist&controller="  	[MsgId: MERR-26627]
Action.c(124): Continuing after Error -26366: "Text=My wishlists" not found for web_reg_find  	[MsgId: MERR-26366]
End auto log messages stack.	[MsgId: MMSG-10544]


Start auto log messages stack - Iteration 15.	[MsgId: MMSG-10545]
Action.c(138): Notify: The 1st error message associated with transaction "4_add_wishlist" is "Error -26627: HTTP Status-Code=404 (Not Found) for "http://automationpractice.com/index.php?fc=module&module=blockwishlist&controller=""	[MsgId: MMSG-16819]
Action.c(138): Notify: The 2nd error message associated with transaction "4_add_wishlist" is "Error -26366: "Text=My wishlists" not found for web_reg_find"	[MsgId: MMSG-16819]
Action.c(140): Notify: Transaction "5_logout" started.	[MsgId: MMSG-16999]
Action.c(142): web_reg_find started  	[MsgId: MMSG-26355]
Action.c(142): Registering web_reg_find was successful  	[MsgId: MMSG-26390]
Action.c(146): web_url("Sign out") started  	[MsgId: MMSG-26355]
Action.c(146): Redirecting "http://automationpractice.com/index.php?mylogout=" (redirection depth is 0)  	[MsgId: MMSG-26694]
Action.c(146): To location "http://automationpractice.com/index.php?fc=module&module=blockwishlist&controller="  	[MsgId: MMSG-26693]
Action.c(146): Continuing after Error -26627: HTTP Status-Code=404 (Not Found) for "http://automationpractice.com/index.php?fc=module&module=blockwishlist&controller="  	[MsgId: MERR-26627]
End auto log messages stack.	[MsgId: MMSG-10544]


Start auto log messages stack - Iteration 16.	[MsgId: MMSG-10545]
Starting action Action.	[MsgId: MMSG-15919]
Action.c(6): Notify: Transaction "1_begin" started.	[MsgId: MMSG-16999]
Action.c(14): web_reg_save_param_regexp started  	[MsgId: MMSG-26355]
Action.c(14): Registering web_reg_save_param_regexp was successful  	[MsgId: MMSG-26390]
Action.c(23): web_reg_find started  	[MsgId: MMSG-26355]
Action.c(23): Registering web_reg_find was successful  	[MsgId: MMSG-26390]
Action.c(33): web_reg_save_param_regexp started  	[MsgId: MMSG-26355]
Action.c(33): Registering web_reg_save_param_regexp was successful  	[MsgId: MMSG-26390]
Action.c(42): web_url("index.php") started  	[MsgId: MMSG-26355]
Action.c(42): Warning -26665: HTTP Status Code is missing or invalid. Assuming "200 OK"  	[MsgId: MWAR-26665]
Action.c(42): Continuing after Error -35049: No match found for the requested parameter "controller". Check whether the requested regular expression exists in the response data  	[MsgId: MERR-35049]
Action.c(42): Continuing after Error -35049: No match found for the requested parameter "back". Check whether the requested regular expression exists in the response data  	[MsgId: MERR-35049]
Action.c(42): Continuing after Error -26366: "Text=Already registered" not found for web_reg_find  	[MsgId: MERR-26366]
End auto log messages stack.	[MsgId: MMSG-10544]


Start auto log messages stack - Iteration 16.	[MsgId: MMSG-10545]
Action.c(54): Notify: Transaction "2_login" started.	[MsgId: MMSG-16999]
Action.c(57): web_reg_save_param_regexp started  	[MsgId: MMSG-26355]
Action.c(57): Registering web_reg_save_param_regexp was successful  	[MsgId: MMSG-26390]
Action.c(66): web_reg_find started  	[MsgId: MMSG-26355]
Action.c(66): Registering web_reg_find was successful  	[MsgId: MMSG-26390]
Action.c(76): web_reg_save_param_regexp started  	[MsgId: MMSG-26355]
Action.c(76): Registering web_reg_save_param_regexp was successful  	[MsgId: MMSG-26390]
Action.c(86): web_submit_data("index.php_2") started  	[MsgId: MMSG-26355]
Action.c(86): Warning -26665: HTTP Status Code is missing or invalid. Assuming "200 OK"  	[MsgId: MWAR-26665]
Action.c(86): Continuing after Error -35049: No match found for the requested parameter "token". Check whether the requested regular expression exists in the response data  	[MsgId: MERR-35049]
Action.c(86): Continuing after Error -35049: No match found for the requested parameter "controller_1". Check whether the requested regular expression exists in the response data  	[MsgId: MERR-35049]
Action.c(86): Continuing after Error -26366: "Text=My account" not found for web_reg_find  	[MsgId: MERR-26366]
End auto log messages stack.	[MsgId: MMSG-10544]


Start auto log messages stack - Iteration 16.	[MsgId: MMSG-10545]
Action.c(106): web_url("My wishlists") started  	[MsgId: MMSG-26355]
Action.c(106): Warning -26665: HTTP Status Code is missing or invalid. Assuming "200 OK"  	[MsgId: MWAR-26665]
Action.c(106): web_url("My wishlists") highest severity level was "warning", 288 body bytes, 204 header bytes  	[MsgId: MMSG-26388]
Action.c(116): Notify: Transaction "3_wishlist" ended with a "Pass" status (Duration: 0,1371).	[MsgId: MMSG-16873]
Action.c(118): Notify: Transaction "4_add_wishlist" started.	[MsgId: MMSG-16999]
Action.c(120): web_reg_find started  	[MsgId: MMSG-26355]
Action.c(120): Registering web_reg_find was successful  	[MsgId: MMSG-26390]
Action.c(124): web_submit_data("index.php_3") started  	[MsgId: MMSG-26355]
Action.c(124): Warning -26665: HTTP Status Code is missing or invalid. Assuming "200 OK"  	[MsgId: MWAR-26665]
Action.c(124): Continuing after Error -26366: "Text=My wishlists" not found for web_reg_find  	[MsgId: MERR-26366]
End auto log messages stack.	[MsgId: MMSG-10544]


Start auto log messages stack - Iteration 16.	[MsgId: MMSG-10545]
Action.c(124): web_submit_data("index.php_3") highest severity level was "continue on error", 288 body bytes, 204 header bytes  	[MsgId: MMSG-26388]
Action.c(124): Continuing after error in Vuser script.	[MsgId: MMSG-10678]
Action.c(138): Notify: Transaction "4_add_wishlist" ended with a "Fail" status (Duration: 0,1383 Wasted Time: 0,0000).	[MsgId: MMSG-16871]
Action.c(138): Notify: Transaction "4_add_wishlist" has 1 error message(s).	[MsgId: MMSG-16818]
Action.c(138): Notify: The 1st error message associated with transaction "4_add_wishlist" is "Error -26366: "Text=My wishlists" not found for web_reg_find"	[MsgId: MMSG-16819]
Action.c(140): Notify: Transaction "5_logout" started.	[MsgId: MMSG-16999]
Action.c(142): web_reg_find started  	[MsgId: MMSG-26355]
Action.c(142): Registering web_reg_find was successful  	[MsgId: MMSG-26390]
Action.c(146): web_url("Sign out") started  	[MsgId: MMSG-26355]
Action.c(146): Warning -26665: HTTP Status Code is missing or invalid. Assuming "200 OK"  	[MsgId: MWAR-26665]
Action.c(146): Continuing after Error -26366: "Text=Sign in" not found for web_reg_find  	[MsgId: MERR-26366]
End auto log messages stack.	[MsgId: MMSG-10544]


Start auto log messages stack - Iteration 15.	[MsgId: MMSG-10545]
Action.c(146): Resource "http://automationpractice.com/themes/default-bootstrap/js/modules/blocktopmenu/js/blocktopmenu.js" is in the cache already and will not be downloaded again  	[MsgId: MMSG-26655]
Action.c(146): Resource "http://fonts.googleapis.com/css?family=Open+Sans:300,600&subset=latin,latin-ext" is in the cache already and will not be downloaded again  	[MsgId: MMSG-26655]
Action.c(146): Resource "http://automationpractice.com/modules/blockbanner/img/sale70.png" is in the cache already and will not be downloaded again  	[MsgId: MMSG-26655]
Action.c(146): Resource "http://automationpractice.com/img/logo.jpg" is in the cache already and will not be downloaded again  	[MsgId: MMSG-26655]
Action.c(146): Continuing after Error -27721: Step download timeout (120 seconds) has expired when downloading resource "http://automationpractice.com/index.php?controller=authentication&back=http%3A%2F%2Fautomationpractice.com%2Findex.php%3Ffc%3Dmodule%26module%3Dblockwishlist%26controller%3Dmywishlist"  	[MsgId: MERR-27721]
End auto log messages stack.	[MsgId: MMSG-10544]


Start auto log messages stack - Iteration 16.	[MsgId: MMSG-10545]
Action.c(42): Found resource "http://automationpractice.com/themes/default-bootstrap/css/modules/productcomments/productcomments.css" in HTML "http://automationpractice.com/index.php?controller=authentication&back=my-account"  	[MsgId: MMSG-26659]
Action.c(42): Found resource "http://automationpractice.com/themes/default-bootstrap/css/modules/blocktopmenu/css/blocktopmenu.css" in HTML "http://automationpractice.com/index.php?controller=authentication&back=my-account"  	[MsgId: MMSG-26659]
Action.c(42): Found resource "http://automationpractice.com/themes/default-bootstrap/css/modules/blocktopmenu/css/superfish-modified.css" in HTML "http://automationpractice.com/index.php?controller=authentication&back=my-account"  	[MsgId: MMSG-26659]
Action.c(42): Continuing after Error -27721: Step download timeout (120 seconds) has expired when downloading resource "http://automationpractice.com/index.php?controller=authentication&back=my-account"  	[MsgId: MERR-27721]
End auto log messages stack.	[MsgId: MMSG-10544]


Start auto log messages stack - Iteration 16.	[MsgId: MMSG-10545]
Action.c(42): Aborting pending download of URL="http://automationpractice.com/themes/default-bootstrap/css/modules/blocktopmenu/css/blocktopmenu.css" (RelFrameId=, Internal ID=998)  	[MsgId: MMSG-27649]
Action.c(42): Aborting pending download of URL="http://automationpractice.com/themes/default-bootstrap/css/modules/blocktopmenu/css/superfish-modified.css" (RelFrameId=, Internal ID=999)  	[MsgId: MMSG-27649]
Action.c(42): Aborting pending download of URL="http://automationpractice.com/index.php?controller=authentication&back=my-account" (RelFrameId=1, Internal ID=975)  	[MsgId: MMSG-27649]
Action.c(42): Aborting pending download of URL="http://automationpractice.com/themes/default-bootstrap/css/global.css" (RelFrameId=, Internal ID=976)  	[MsgId: MMSG-27649]
Action.c(42): Continuing after Error -35049: No match found for the requested parameter "controller". Check whether the requested regular expression exists in the response data  	[MsgId: MERR-35049]
Action.c(42): Continuing after Error -35049: No match found for the requested parameter "back". Check whether the requested regular expression exists in the response data  	[MsgId: MERR-35049]
Action.c(42): Continuing after Error -26366: "Text=Already registered" not found for web_reg_find  	[MsgId: MERR-26366]
End auto log messages stack.	[MsgId: MMSG-10544]


Start auto log messages stack - Iteration 17.	[MsgId: MMSG-10545]
Action.c(42): Found resource "http://automationpractice.com/themes/default-bootstrap/css/modules/blockwishlist/blockwishlist.css" in HTML "http://automationpractice.com/index.php?controller=authentication&back=my-account"  	[MsgId: MMSG-26659]
Action.c(42): Found resource "http://automationpractice.com/themes/default-bootstrap/css/modules/productcomments/productcomments.css" in HTML "http://automationpractice.com/index.php?controller=authentication&back=my-account"  	[MsgId: MMSG-26659]
Action.c(42): Found resource "http://automationpractice.com/themes/default-bootstrap/css/modules/blocktopmenu/css/blocktopmenu.css" in HTML "http://automationpractice.com/index.php?controller=authentication&back=my-account"  	[MsgId: MMSG-26659]
Action.c(42): Continuing after Error -27721: Step download timeout (120 seconds) has expired when downloading resource "http://automationpractice.com/index.php?controller=authentication&back=my-account"  	[MsgId: MERR-27721]
End auto log messages stack.	[MsgId: MMSG-10544]


Start auto log messages stack - Iteration 17.	[MsgId: MMSG-10545]
Action.c(42): Aborting pending download of URL="http://automationpractice.com/themes/default-bootstrap/css/modules/productcomments/productcomments.css" (RelFrameId=, Internal ID=1066)  	[MsgId: MMSG-27649]
Action.c(42): Aborting pending download of URL="http://automationpractice.com/themes/default-bootstrap/css/modules/blocktopmenu/css/blocktopmenu.css" (RelFrameId=, Internal ID=1067)  	[MsgId: MMSG-27649]
Action.c(42): Aborting pending download of URL="http://automationpractice.com/index.php?controller=authentication&back=my-account" (RelFrameId=1, Internal ID=1044)  	[MsgId: MMSG-27649]
Action.c(42): Aborting pending download of URL="http://automationpractice.com/themes/default-bootstrap/css/global.css" (RelFrameId=, Internal ID=1045)  	[MsgId: MMSG-27649]
Action.c(42): Continuing after Error -35049: No match found for the requested parameter "controller". Check whether the requested regular expression exists in the response data  	[MsgId: MERR-35049]
Action.c(42): Continuing after Error -35049: No match found for the requested parameter "back". Check whether the requested regular expression exists in the response data  	[MsgId: MERR-35049]
Action.c(42): Continuing after Error -26366: "Text=Already registered" not found for web_reg_find  	[MsgId: MERR-26366]
End auto log messages stack.	[MsgId: MMSG-10544]


Start auto log messages stack - Iteration 17.	[MsgId: MMSG-10545]
Action.c(86): Found resource "http://automationpractice.com/modules/themeconfigurator/img/banner-img4.jpg" in HTML "http://automationpractice.com/index.php?controller="  	[MsgId: MMSG-26659]
Action.c(86): Found resource "http://automationpractice.com/modules/themeconfigurator/img/banner-img5.jpg" in HTML "http://automationpractice.com/index.php?controller="  	[MsgId: MMSG-26659]
Action.c(86): Registered web_reg_find successful for "Text=My account" (count=1)  	[MsgId: MMSG-26364]
Action.c(86): web_submit_data("index.php_2") was successful, 1293085 body bytes, 18071 header bytes, 101 chunking overhead bytes  	[MsgId: MMSG-26385]
Action.c(102): Notify: Transaction "2_login" ended with a "Pass" status (Duration: 6,8436 Wasted Time: 0,0052).	[MsgId: MMSG-16871]
Action.c(104): Notify: Transaction "3_wishlist" started.	[MsgId: MMSG-16999]
Action.c(106): web_url("My wishlists") started  	[MsgId: MMSG-26355]
Action.c(106): Continuing after Error -26627: HTTP Status-Code=404 (Not Found) for "http://automationpractice.com/index.php?fc=module&module=blockwishlist&controller=product"  	[MsgId: MERR-26627]
End auto log messages stack.	[MsgId: MMSG-10544]


Start auto log messages stack - Iteration 17.	[MsgId: MMSG-10545]
Action.c(106): web_url("My wishlists") highest severity level was "continue on error", 26199 body bytes, 259 header bytes, 28 chunking overhead bytes  	[MsgId: MMSG-26387]
Action.c(106): Continuing after error in Vuser script.	[MsgId: MMSG-10678]
Action.c(116): Notify: Transaction "3_wishlist" ended with a "Fail" status (Duration: 1,2473).	[MsgId: MMSG-16873]
Action.c(116): Notify: Transaction "3_wishlist" has 1 error message(s).	[MsgId: MMSG-16818]
Action.c(116): Notify: The 1st error message associated with transaction "3_wishlist" is "Error -26627: HTTP Status-Code=404 (Not Found) for "http://automationpractice.com/index.php?fc=module&module=blockwishlist&controller=product""	[MsgId: MMSG-16819]
Action.c(118): Notify: Transaction "4_add_wishlist" started.	[MsgId: MMSG-16999]
Action.c(120): web_reg_find started  	[MsgId: MMSG-26355]
Action.c(120): Registering web_reg_find was successful  	[MsgId: MMSG-26390]
Action.c(124): web_submit_data("index.php_3") started  	[MsgId: MMSG-26355]
Action.c(124): Continuing after Error -26627: HTTP Status-Code=404 (Not Found) for "http://automationpractice.com/index.php?fc=module&module=blockwishlist&controller=product"  	[MsgId: MERR-26627]
Action.c(124): Continuing after Error -26366: "Text=My wishlists" not found for web_reg_find  	[MsgId: MERR-26366]
End auto log messages stack.	[MsgId: MMSG-10544]


Start auto log messages stack - Iteration 17.	[MsgId: MMSG-10545]
Action.c(138): Notify: The 1st error message associated with transaction "4_add_wishlist" is "Error -26627: HTTP Status-Code=404 (Not Found) for "http://automationpractice.com/index.php?fc=module&module=blockwishlist&controller=product""	[MsgId: MMSG-16819]
Action.c(138): Notify: The 2nd error message associated with transaction "4_add_wishlist" is "Error -26366: "Text=My wishlists" not found for web_reg_find"	[MsgId: MMSG-16819]
Action.c(140): Notify: Transaction "5_logout" started.	[MsgId: MMSG-16999]
Action.c(142): web_reg_find started  	[MsgId: MMSG-26355]
Action.c(142): Registering web_reg_find was successful  	[MsgId: MMSG-26390]
Action.c(146): web_url("Sign out") started  	[MsgId: MMSG-26355]
Action.c(146): Redirecting "http://automationpractice.com/index.php?mylogout=" (redirection depth is 0)  	[MsgId: MMSG-26694]
Action.c(146): To location "http://automationpractice.com/index.php?fc=module&module=blockwishlist&controller=product"  	[MsgId: MMSG-26693]
Action.c(146): Continuing after Error -26627: HTTP Status-Code=404 (Not Found) for "http://automationpractice.com/index.php?fc=module&module=blockwishlist&controller=product"  	[MsgId: MERR-26627]
End auto log messages stack.	[MsgId: MMSG-10544]


Start auto log messages stack - Iteration 16.	[MsgId: MMSG-10545]
Action.c(86): Found resource "http://automationpractice.com/modules/themeconfigurator/img/banner-img4.jpg" in HTML "http://automationpractice.com/index.php?controller="  	[MsgId: MMSG-26659]
Action.c(86): Found resource "http://automationpractice.com/modules/themeconfigurator/img/banner-img5.jpg" in HTML "http://automationpractice.com/index.php?controller="  	[MsgId: MMSG-26659]
Action.c(86): Registered web_reg_find successful for "Text=My account" (count=1)  	[MsgId: MMSG-26364]
Action.c(86): web_submit_data("index.php_2") was successful, 1243824 body bytes, 15075 header bytes, 101 chunking overhead bytes  	[MsgId: MMSG-26385]
Action.c(102): Notify: Transaction "2_login" ended with a "Pass" status (Duration: 45,0408 Wasted Time: 0,0054).	[MsgId: MMSG-16871]
Action.c(104): Notify: Transaction "3_wishlist" started.	[MsgId: MMSG-16999]
Action.c(106): web_url("My wishlists") started  	[MsgId: MMSG-26355]
Action.c(106): Continuing after Error -26627: HTTP Status-Code=404 (Not Found) for "http://automationpractice.com/index.php?fc=module&module=blockwishlist&controller=product"  	[MsgId: MERR-26627]
End auto log messages stack.	[MsgId: MMSG-10544]


Start auto log messages stack - Iteration 16.	[MsgId: MMSG-10545]
Action.c(106): web_url("My wishlists") highest severity level was "continue on error", 26199 body bytes, 259 header bytes, 28 chunking overhead bytes  	[MsgId: MMSG-26387]
Action.c(106): Continuing after error in Vuser script.	[MsgId: MMSG-10678]
Action.c(116): Notify: Transaction "3_wishlist" ended with a "Fail" status (Duration: 1,5818).	[MsgId: MMSG-16873]
Action.c(116): Notify: Transaction "3_wishlist" has 1 error message(s).	[MsgId: MMSG-16818]
Action.c(116): Notify: The 1st error message associated with transaction "3_wishlist" is "Error -26627: HTTP Status-Code=404 (Not Found) for "http://automationpractice.com/index.php?fc=module&module=blockwishlist&controller=product""	[MsgId: MMSG-16819]
Action.c(118): Notify: Transaction "4_add_wishlist" started.	[MsgId: MMSG-16999]
Action.c(120): web_reg_find started  	[MsgId: MMSG-26355]
Action.c(120): Registering web_reg_find was successful  	[MsgId: MMSG-26390]
Action.c(124): web_submit_data("index.php_3") started  	[MsgId: MMSG-26355]
Action.c(124): Continuing after Error -26627: HTTP Status-Code=404 (Not Found) for "http://automationpractice.com/index.php?fc=module&module=blockwishlist&controller=product"  	[MsgId: MERR-26627]
Action.c(124): Continuing after Error -26366: "Text=My wishlists" not found for web_reg_find  	[MsgId: MERR-26366]
End auto log messages stack.	[MsgId: MMSG-10544]


Start auto log messages stack - Iteration 16.	[MsgId: MMSG-10545]
Action.c(138): Notify: The 1st error message associated with transaction "4_add_wishlist" is "Error -26627: HTTP Status-Code=404 (Not Found) for "http://automationpractice.com/index.php?fc=module&module=blockwishlist&controller=product""	[MsgId: MMSG-16819]
Action.c(138): Notify: The 2nd error message associated with transaction "4_add_wishlist" is "Error -26366: "Text=My wishlists" not found for web_reg_find"	[MsgId: MMSG-16819]
Action.c(140): Notify: Transaction "5_logout" started.	[MsgId: MMSG-16999]
Action.c(142): web_reg_find started  	[MsgId: MMSG-26355]
Action.c(142): Registering web_reg_find was successful  	[MsgId: MMSG-26390]
Action.c(146): web_url("Sign out") started  	[MsgId: MMSG-26355]
Action.c(146): Redirecting "http://automationpractice.com/index.php?mylogout=" (redirection depth is 0)  	[MsgId: MMSG-26694]
Action.c(146): To location "http://automationpractice.com/index.php?fc=module&module=blockwishlist&controller=product"  	[MsgId: MMSG-26693]
Action.c(146): Continuing after Error -26627: HTTP Status-Code=404 (Not Found) for "http://automationpractice.com/index.php?fc=module&module=blockwishlist&controller=product"  	[MsgId: MERR-26627]
End auto log messages stack.	[MsgId: MMSG-10544]


Start auto log messages stack - Iteration 20.	[MsgId: MMSG-10545]
Action.c(106): web_url("My wishlists") started  	[MsgId: MMSG-26355]
Action.c(106): Warning -26665: HTTP Status Code is missing or invalid. Assuming "200 OK"  	[MsgId: MWAR-26665]
Action.c(106): web_url("My wishlists") highest severity level was "warning", 288 body bytes, 204 header bytes  	[MsgId: MMSG-26388]
Action.c(116): Notify: Transaction "3_wishlist" ended with a "Pass" status (Duration: 0,1359).	[MsgId: MMSG-16873]
Action.c(118): Notify: Transaction "4_add_wishlist" started.	[MsgId: MMSG-16999]
Action.c(120): web_reg_find started  	[MsgId: MMSG-26355]
Action.c(120): Registering web_reg_find was successful  	[MsgId: MMSG-26390]
Action.c(124): web_submit_data("index.php_3") started  	[MsgId: MMSG-26355]
Action.c(124): Warning -26665: HTTP Status Code is missing or invalid. Assuming "200 OK"  	[MsgId: MWAR-26665]
Action.c(124): Continuing after Error -26366: "Text=My wishlists" not found for web_reg_find  	[MsgId: MERR-26366]
End auto log messages stack.	[MsgId: MMSG-10544]


Start auto log messages stack - Iteration 21.	[MsgId: MMSG-10545]
Action.c(124): Registered web_reg_find successful for "Text=My wishlists" (count=4)  	[MsgId: MMSG-26364]
Action.c(124): web_submit_data("index.php_3") was successful, 128980 body bytes, 650 header bytes, 137 chunking overhead bytes  	[MsgId: MMSG-26385]
Action.c(138): Notify: Transaction "4_add_wishlist" ended with a "Pass" status (Duration: 22,4842 Wasted Time: 0,0003).	[MsgId: MMSG-16871]
Action.c(140): Notify: Transaction "5_logout" started.	[MsgId: MMSG-16999]
Action.c(142): web_reg_find started  	[MsgId: MMSG-26355]
Action.c(142): Registering web_reg_find was successful  	[MsgId: MMSG-26390]
Action.c(146): web_url("Sign out") started  	[MsgId: MMSG-26355]
Action.c(146): Warning -26665: HTTP Status Code is missing or invalid. Assuming "200 OK"  	[MsgId: MWAR-26665]
Action.c(146): Continuing after Error -26366: "Text=Sign in" not found for web_reg_find  	[MsgId: MERR-26366]
End auto log messages stack.	[MsgId: MMSG-10544]


Start auto log messages stack - Iteration 21.	[MsgId: MMSG-10545]
Starting action Action.	[MsgId: MMSG-15919]
Action.c(6): Notify: Transaction "1_begin" started.	[MsgId: MMSG-16999]
Action.c(14): web_reg_save_param_regexp started  	[MsgId: MMSG-26355]
Action.c(14): Registering web_reg_save_param_regexp was successful  	[MsgId: MMSG-26390]
Action.c(23): web_reg_find started  	[MsgId: MMSG-26355]
Action.c(23): Registering web_reg_find was successful  	[MsgId: MMSG-26390]
Action.c(33): web_reg_save_param_regexp started  	[MsgId: MMSG-26355]
Action.c(33): Registering web_reg_save_param_regexp was successful  	[MsgId: MMSG-26390]
Action.c(42): web_url("index.php") started  	[MsgId: MMSG-26355]
Action.c(42): Warning -26665: HTTP Status Code is missing or invalid. Assuming "200 OK"  	[MsgId: MWAR-26665]
Action.c(42): Continuing after Error -35049: No match found for the requested parameter "controller". Check whether the requested regular expression exists in the response data  	[MsgId: MERR-35049]
Action.c(42): Continuing after Error -35049: No match found for the requested parameter "back". Check whether the requested regular expression exists in the response data  	[MsgId: MERR-35049]
Action.c(42): Continuing after Error -26366: "Text=Already registered" not found for web_reg_find  	[MsgId: MERR-26366]
End auto log messages stack.	[MsgId: MMSG-10544]


Start auto log messages stack - Iteration 21.	[MsgId: MMSG-10545]
Action.c(54): Notify: Transaction "2_login" started.	[MsgId: MMSG-16999]
Action.c(57): web_reg_save_param_regexp started  	[MsgId: MMSG-26355]
Action.c(57): Registering web_reg_save_param_regexp was successful  	[MsgId: MMSG-26390]
Action.c(66): web_reg_find started  	[MsgId: MMSG-26355]
Action.c(66): Registering web_reg_find was successful  	[MsgId: MMSG-26390]
Action.c(76): web_reg_save_param_regexp started  	[MsgId: MMSG-26355]
Action.c(76): Registering web_reg_save_param_regexp was successful  	[MsgId: MMSG-26390]
Action.c(86): web_submit_data("index.php_2") started  	[MsgId: MMSG-26355]
Action.c(86): Warning -26665: HTTP Status Code is missing or invalid. Assuming "200 OK"  	[MsgId: MWAR-26665]
Action.c(86): Continuing after Error -35049: No match found for the requested parameter "token". Check whether the requested regular expression exists in the response data  	[MsgId: MERR-35049]
Action.c(86): Continuing after Error -35049: No match found for the requested parameter "controller_1". Check whether the requested regular expression exists in the response data  	[MsgId: MERR-35049]
Action.c(86): Continuing after Error -26366: "Text=My account" not found for web_reg_find  	[MsgId: MERR-26366]
End auto log messages stack.	[MsgId: MMSG-10544]


Start auto log messages stack - Iteration 21.	[MsgId: MMSG-10545]
Action.c(102): Notify: The 1st error message associated with transaction "2_login" is "Error -26366: "Text=My account" not found for web_reg_find"	[MsgId: MMSG-16819]
Action.c(104): Notify: Transaction "3_wishlist" started.	[MsgId: MMSG-16999]
Action.c(106): web_url("My wishlists") started  	[MsgId: MMSG-26355]
Action.c(106): Warning -26665: HTTP Status Code is missing or invalid. Assuming "200 OK"  	[MsgId: MWAR-26665]
Action.c(106): web_url("My wishlists") highest severity level was "warning", 288 body bytes, 204 header bytes  	[MsgId: MMSG-26388]
Action.c(116): Notify: Transaction "3_wishlist" ended with a "Pass" status (Duration: 0,1332).	[MsgId: MMSG-16873]
Action.c(118): Notify: Transaction "4_add_wishlist" started.	[MsgId: MMSG-16999]
Action.c(120): web_reg_find started  	[MsgId: MMSG-26355]
Action.c(120): Registering web_reg_find was successful  	[MsgId: MMSG-26390]
Action.c(124): web_submit_data("index.php_3") started  	[MsgId: MMSG-26355]
Action.c(124): Continuing after Error -26627: HTTP Status-Code=404 (Not Found) for "http://automationpractice.com/index.php?fc=module&module=blockwishlist&controller="  	[MsgId: MERR-26627]
Action.c(124): Continuing after Error -26366: "Text=My wishlists" not found for web_reg_find  	[MsgId: MERR-26366]
End auto log messages stack.	[MsgId: MMSG-10544]


Start auto log messages stack - Iteration 21.	[MsgId: MMSG-10545]
Action.c(138): Notify: The 1st error message associated with transaction "4_add_wishlist" is "Error -26627: HTTP Status-Code=404 (Not Found) for "http://automationpractice.com/index.php?fc=module&module=blockwishlist&controller=""	[MsgId: MMSG-16819]
Action.c(138): Notify: The 2nd error message associated with transaction "4_add_wishlist" is "Error -26366: "Text=My wishlists" not found for web_reg_find"	[MsgId: MMSG-16819]
Action.c(140): Notify: Transaction "5_logout" started.	[MsgId: MMSG-16999]
Action.c(142): web_reg_find started  	[MsgId: MMSG-26355]
Action.c(142): Registering web_reg_find was successful  	[MsgId: MMSG-26390]
Action.c(146): web_url("Sign out") started  	[MsgId: MMSG-26355]
Action.c(146): Redirecting "http://automationpractice.com/index.php?mylogout=" (redirection depth is 0)  	[MsgId: MMSG-26694]
Action.c(146): To location "http://automationpractice.com/index.php?fc=module&module=blockwishlist&controller="  	[MsgId: MMSG-26693]
Action.c(146): Continuing after Error -26627: HTTP Status-Code=404 (Not Found) for "http://automationpractice.com/index.php?fc=module&module=blockwishlist&controller="  	[MsgId: MERR-26627]
End auto log messages stack.	[MsgId: MMSG-10544]


