Start auto log messages stack - Iteration 1.	[MsgId: MMSG-10545]
Action.c(57): Registering web_reg_save_param_regexp was successful  	[MsgId: MMSG-26390]
Action.c(66): web_reg_find started  	[MsgId: MMSG-26355]
Action.c(66): Registering web_reg_find was successful  	[MsgId: MMSG-26390]
Action.c(76): web_reg_save_param_regexp started  	[MsgId: MMSG-26355]
Action.c(76): Registering web_reg_save_param_regexp was successful  	[MsgId: MMSG-26390]
Action.c(86): web_submit_data("index.php_2") started  	[MsgId: MMSG-26355]
Action.c(86): Redirecting "http://automationpractice.com/index.php?controller=authentication" (redirection depth is 0)  	[MsgId: MMSG-26694]
Action.c(86): To location "http://automationpractice.com/index.php?controller=my-account"  	[MsgId: MMSG-26693]
Action.c(86): Continuing after Error -27735: Overlapped transmission of request to "automationpractice.com" for URL "http://automationpractice.com/index.php?controller=my-account" failed: WSA_IO_PENDING  	[MsgId: MERR-27735]
Action.c(86): Continuing after Error -35049: No match found for the requested parameter "token". Check whether the requested regular expression exists in the response data  	[MsgId: MERR-35049]
Action.c(86): Continuing after Error -35049: No match found for the requested parameter "controller_1". Check whether the requested regular expression exists in the response data  	[MsgId: MERR-35049]
Action.c(86): Continuing after Error -26366: "Text=My account" not found for web_reg_find  	[MsgId: MERR-26366]
Action.c(86): Continuing after Error -26374: The above "not found" error(s) may be explained by header and body byte counts being 1493 and 0, respectively.  	[MsgId: MERR-26374]
End auto log messages stack.	[MsgId: MMSG-10544]


Start auto log messages stack - Iteration 1.	[MsgId: MMSG-10545]
Action.c(86): web_submit_data("index.php_2") highest severity level was "continue on error", 0 body bytes, 1493 header bytes, 5 chunking overhead bytes  	[MsgId: MMSG-26387]
Action.c(86): Continuing after error in Vuser script.	[MsgId: MMSG-10678]
Action.c(102): Notify: Transaction "2_login" ended with a "Fail" status (Duration: 4,0689 Wasted Time: 0,0003).	[MsgId: MMSG-16871]
Action.c(102): Notify: Transaction "2_login" has 3 error message(s).	[MsgId: MMSG-16818]
Action.c(102): Notify: The 1st error message associated with transaction "2_login" is "Error -27735: Overlapped transmission of request to "automationpractice.com" for URL "http://automationpractice.com/index.php?controller=my-account" failed: WSA_IO_PENDING"	[MsgId: MMSG-16819]
Action.c(102): Notify: The 2nd error message associated with transaction "2_login" is "Error -26366: "Text=My account" not found for web_reg_find"	[MsgId: MMSG-16819]
Action.c(102): Notify: The 3rd error message associated with transaction "2_login" is "Error -26374: The above "not found" error(s) may be explained by header and body byte counts being 1493 and 0, respectively."	[MsgId: MMSG-16819]
Action.c(104): Notify: Transaction "3_wishlist" started.	[MsgId: MMSG-16999]
Action.c(106): web_url("My wishlists") started  	[MsgId: MMSG-26355]
Action.c(106): Continuing after Error -27792: Failed to connect to server "automationpractice.com:80": [10051] Network is unreachable  	[MsgId: MERR-27792]
End auto log messages stack.	[MsgId: MMSG-10544]


Start auto log messages stack - Iteration 1.	[MsgId: MMSG-10545]
Action.c(106): web_url("My wishlists") highest severity level was "continue on error", 0 body bytes, 0 header bytes  	[MsgId: MMSG-26388]
Action.c(106): Continuing after error in Vuser script.	[MsgId: MMSG-10678]
Action.c(116): Notify: Transaction "3_wishlist" ended with a "Fail" status (Duration: 0,0015).	[MsgId: MMSG-16873]
Action.c(116): Notify: Transaction "3_wishlist" has 1 error message(s).	[MsgId: MMSG-16818]
Action.c(116): Notify: The 1st error message associated with transaction "3_wishlist" is "Error -27792: Failed to connect to server "automationpractice.com:80": [10051] Network is unreachable"	[MsgId: MMSG-16819]
Action.c(118): Notify: Transaction "4_add_wishlist" started.	[MsgId: MMSG-16999]
Action.c(120): web_reg_find started  	[MsgId: MMSG-26355]
Action.c(120): Registering web_reg_find was successful  	[MsgId: MMSG-26390]
Action.c(124): web_submit_data("index.php_3") started  	[MsgId: MMSG-26355]
Action.c(124): Continuing after Error -27792: Failed to connect to server "automationpractice.com:80": [10051] Network is unreachable  	[MsgId: MERR-27792]
Action.c(124): Continuing after Error -26366: "Text=My wishlists" not found for web_reg_find  	[MsgId: MERR-26366]
Action.c(124): Continuing after Error -26374: The above "not found" error(s) may be explained by header and body byte counts being 0 and 0, respectively.  	[MsgId: MERR-26374]
End auto log messages stack.	[MsgId: MMSG-10544]


Start auto log messages stack - Iteration 1.	[MsgId: MMSG-10545]
Action.c(124): Continuing after error in Vuser script.	[MsgId: MMSG-10678]
Action.c(138): Notify: Transaction "4_add_wishlist" ended with a "Fail" status (Duration: 0,0018).	[MsgId: MMSG-16873]
Action.c(138): Notify: Transaction "4_add_wishlist" has 3 error message(s).	[MsgId: MMSG-16818]
Action.c(138): Notify: The 1st error message associated with transaction "4_add_wishlist" is "Error -27792: Failed to connect to server "automationpractice.com:80": [10051] Network is unreachable"	[MsgId: MMSG-16819]
Action.c(138): Notify: The 2nd error message associated with transaction "4_add_wishlist" is "Error -26366: "Text=My wishlists" not found for web_reg_find"	[MsgId: MMSG-16819]
Action.c(138): Notify: The 3rd error message associated with transaction "4_add_wishlist" is "Error -26374: The above "not found" error(s) may be explained by header and body byte counts being 0 and 0, respectively."	[MsgId: MMSG-16819]
Action.c(140): Notify: Transaction "5_logout" started.	[MsgId: MMSG-16999]
Action.c(142): web_reg_find started  	[MsgId: MMSG-26355]
Action.c(142): Registering web_reg_find was successful  	[MsgId: MMSG-26390]
Action.c(146): web_url("Sign out") started  	[MsgId: MMSG-26355]
Action.c(146): Continuing after Error -27792: Failed to connect to server "automationpractice.com:80": [10051] Network is unreachable  	[MsgId: MERR-27792]
Action.c(146): Continuing after Error -26366: "Text=Sign in" not found for web_reg_find  	[MsgId: MERR-26366]
Action.c(146): Continuing after Error -26374: The above "not found" error(s) may be explained by header and body byte counts being 0 and 0, respectively.  	[MsgId: MERR-26374]
End auto log messages stack.	[MsgId: MMSG-10544]


