Start auto log messages stack - Iteration 6.	[MsgId: MMSG-10545]
Action.c(47): web_reg_save_param_regexp started  	[MsgId: MMSG-26355]
Action.c(47): Registering web_reg_save_param_regexp was successful  	[MsgId: MMSG-26390]
Action.c(57): web_reg_find started  	[MsgId: MMSG-26355]
Action.c(57): Registering web_reg_find was successful  	[MsgId: MMSG-26390]
Action.c(61): web_submit_data("index.php_2") started  	[MsgId: MMSG-26355]
Action.c(61): Redirecting "http://automationpractice.com/index.php?controller=authentication" (redirection depth is 0)  	[MsgId: MMSG-26694]
Action.c(61): To location "http://automationpractice.com/index.php?controller=my-account"  	[MsgId: MMSG-26693]
Action.c(61): Warning -26665: HTTP Status Code is missing or invalid. Assuming "200 OK"  	[MsgId: MWAR-26665]
Action.c(61): Error -35049: No match found for the requested parameter "token". Check whether the requested regular expression exists in the response data  	[MsgId: MERR-35049]
Action.c(61): Error -26366: "Text=Sign out" not found for web_reg_find  	[MsgId: MERR-26366]
End auto log messages stack.	[MsgId: MMSG-10544]


Start auto log messages stack - Iteration 7.	[MsgId: MMSG-10545]
Starting action Action.	[MsgId: MMSG-15919]
Action.c(6): Notify: Transaction "1_begin" started.	[MsgId: MMSG-16999]
Action.c(14): web_reg_save_param_regexp started  	[MsgId: MMSG-26355]
Action.c(14): Registering web_reg_save_param_regexp was successful  	[MsgId: MMSG-26390]
Action.c(23): web_reg_find started  	[MsgId: MMSG-26355]
Action.c(23): Registering web_reg_find was successful  	[MsgId: MMSG-26390]
Action.c(27): web_url("index.php") started  	[MsgId: MMSG-26355]
Action.c(27): Warning -26665: HTTP Status Code is missing or invalid. Assuming "200 OK"  	[MsgId: MWAR-26665]
Action.c(27): Error -35049: No match found for the requested parameter "controller". Check whether the requested regular expression exists in the response data  	[MsgId: MERR-35049]
Action.c(27): Error -26366: "Text=Already registered" not found for web_reg_find  	[MsgId: MERR-26366]
End auto log messages stack.	[MsgId: MMSG-10544]


Start auto log messages stack - Iteration 8.	[MsgId: MMSG-10545]
Starting action Action.	[MsgId: MMSG-15919]
Action.c(6): Notify: Transaction "1_begin" started.	[MsgId: MMSG-16999]
Action.c(14): web_reg_save_param_regexp started  	[MsgId: MMSG-26355]
Action.c(14): Registering web_reg_save_param_regexp was successful  	[MsgId: MMSG-26390]
Action.c(23): web_reg_find started  	[MsgId: MMSG-26355]
Action.c(23): Registering web_reg_find was successful  	[MsgId: MMSG-26390]
Action.c(27): web_url("index.php") started  	[MsgId: MMSG-26355]
Action.c(27): Warning -26665: HTTP Status Code is missing or invalid. Assuming "200 OK"  	[MsgId: MWAR-26665]
Action.c(27): Error -35049: No match found for the requested parameter "controller". Check whether the requested regular expression exists in the response data  	[MsgId: MERR-35049]
Action.c(27): Error -26366: "Text=Already registered" not found for web_reg_find  	[MsgId: MERR-26366]
End auto log messages stack.	[MsgId: MMSG-10544]


Start auto log messages stack - Iteration 9.	[MsgId: MMSG-10545]
Action.c(27): web_url("index.php") was successful, 753402 body bytes, 15033 header bytes, 53 chunking overhead bytes  	[MsgId: MMSG-26385]
Action.c(37): Notify: Transaction "1_begin" ended with a "Pass" status (Duration: 10,3705 Wasted Time: 0,0043).	[MsgId: MMSG-16871]
Action.c(39): Notify: Transaction "2_login" started.	[MsgId: MMSG-16999]
Action.c(47): web_reg_save_param_regexp started  	[MsgId: MMSG-26355]
Action.c(47): Registering web_reg_save_param_regexp was successful  	[MsgId: MMSG-26390]
Action.c(57): web_reg_find started  	[MsgId: MMSG-26355]
Action.c(57): Registering web_reg_find was successful  	[MsgId: MMSG-26390]
Action.c(61): web_submit_data("index.php_2") started  	[MsgId: MMSG-26355]
Action.c(61): Warning -26665: HTTP Status Code is missing or invalid. Assuming "200 OK"  	[MsgId: MWAR-26665]
Action.c(61): Error -35049: No match found for the requested parameter "token". Check whether the requested regular expression exists in the response data  	[MsgId: MERR-35049]
Action.c(61): Error -26366: "Text=Sign out" not found for web_reg_find  	[MsgId: MERR-26366]
End auto log messages stack.	[MsgId: MMSG-10544]


Start auto log messages stack - Iteration 10.	[MsgId: MMSG-10545]
Starting action Action.	[MsgId: MMSG-15919]
Action.c(6): Notify: Transaction "1_begin" started.	[MsgId: MMSG-16999]
Action.c(14): web_reg_save_param_regexp started  	[MsgId: MMSG-26355]
Action.c(14): Registering web_reg_save_param_regexp was successful  	[MsgId: MMSG-26390]
Action.c(23): web_reg_find started  	[MsgId: MMSG-26355]
Action.c(23): Registering web_reg_find was successful  	[MsgId: MMSG-26390]
Action.c(27): web_url("index.php") started  	[MsgId: MMSG-26355]
Action.c(27): Warning -26665: HTTP Status Code is missing or invalid. Assuming "200 OK"  	[MsgId: MWAR-26665]
Action.c(27): Error -35049: No match found for the requested parameter "controller". Check whether the requested regular expression exists in the response data  	[MsgId: MERR-35049]
Action.c(27): Error -26366: "Text=Already registered" not found for web_reg_find  	[MsgId: MERR-26366]
End auto log messages stack.	[MsgId: MMSG-10544]


Start auto log messages stack - Iteration 11.	[MsgId: MMSG-10545]
Action.c(47): web_reg_save_param_regexp started  	[MsgId: MMSG-26355]
Action.c(47): Registering web_reg_save_param_regexp was successful  	[MsgId: MMSG-26390]
Action.c(57): web_reg_find started  	[MsgId: MMSG-26355]
Action.c(57): Registering web_reg_find was successful  	[MsgId: MMSG-26390]
Action.c(61): web_submit_data("index.php_2") started  	[MsgId: MMSG-26355]
Action.c(61): Redirecting "http://automationpractice.com/index.php?controller=authentication" (redirection depth is 0)  	[MsgId: MMSG-26694]
Action.c(61): To location "http://automationpractice.com/index.php?controller=my-account"  	[MsgId: MMSG-26693]
Action.c(61): Warning -26665: HTTP Status Code is missing or invalid. Assuming "200 OK"  	[MsgId: MWAR-26665]
Action.c(61): Error -35049: No match found for the requested parameter "token". Check whether the requested regular expression exists in the response data  	[MsgId: MERR-35049]
Action.c(61): Error -26366: "Text=Sign out" not found for web_reg_find  	[MsgId: MERR-26366]
End auto log messages stack.	[MsgId: MMSG-10544]


Start auto log messages stack - Iteration 22.	[MsgId: MMSG-10545]
Action.c(27): web_url("index.php") was successful, 753402 body bytes, 15033 header bytes, 53 chunking overhead bytes  	[MsgId: MMSG-26385]
Action.c(37): Notify: Transaction "1_begin" ended with a "Pass" status (Duration: 10,7628 Wasted Time: 0,0052).	[MsgId: MMSG-16871]
Action.c(39): Notify: Transaction "2_login" started.	[MsgId: MMSG-16999]
Action.c(47): web_reg_save_param_regexp started  	[MsgId: MMSG-26355]
Action.c(47): Registering web_reg_save_param_regexp was successful  	[MsgId: MMSG-26390]
Action.c(57): web_reg_find started  	[MsgId: MMSG-26355]
Action.c(57): Registering web_reg_find was successful  	[MsgId: MMSG-26390]
Action.c(61): web_submit_data("index.php_2") started  	[MsgId: MMSG-26355]
Action.c(61): Warning -26665: HTTP Status Code is missing or invalid. Assuming "200 OK"  	[MsgId: MWAR-26665]
Action.c(61): Error -35049: No match found for the requested parameter "token". Check whether the requested regular expression exists in the response data  	[MsgId: MERR-35049]
Action.c(61): Error -26366: "Text=Sign out" not found for web_reg_find  	[MsgId: MERR-26366]
End auto log messages stack.	[MsgId: MMSG-10544]


Start auto log messages stack - Iteration 20.	[MsgId: MMSG-10545]
Action.c(61): Registered web_reg_find successful for "Text=Sign out" (count=3)  	[MsgId: MMSG-26364]
Action.c(61): web_submit_data("index.php_2") was successful, 29353 body bytes, 2717 header bytes, 33 chunking overhead bytes  	[MsgId: MMSG-26385]
Action.c(77): Notify: Transaction "2_login" ended with a "Pass" status (Duration: 21,0210 Wasted Time: 0,0004).	[MsgId: MMSG-16871]
Action.c(79): Notify: Transaction "3_adress" started.	[MsgId: MMSG-16999]
Action.c(81): web_reg_find started  	[MsgId: MMSG-26355]
Action.c(81): Registering web_reg_find was successful  	[MsgId: MMSG-26390]
Action.c(85): web_url("My addresses") started  	[MsgId: MMSG-26355]
Action.c(85): Warning -26665: HTTP Status Code is missing or invalid. Assuming "200 OK"  	[MsgId: MWAR-26665]
Action.c(85): Error -26366: "Text=Your addresses are listed below" not found for web_reg_find  	[MsgId: MERR-26366]
End auto log messages stack.	[MsgId: MMSG-10544]


Start auto log messages stack - Iteration 33.	[MsgId: MMSG-10545]
Action.c(27): web_url("index.php") was successful, 753402 body bytes, 15037 header bytes, 61 chunking overhead bytes  	[MsgId: MMSG-26385]
Action.c(37): Notify: Transaction "1_begin" ended with a "Pass" status (Duration: 11,2379 Wasted Time: 0,0032).	[MsgId: MMSG-16871]
Action.c(39): Notify: Transaction "2_login" started.	[MsgId: MMSG-16999]
Action.c(47): web_reg_save_param_regexp started  	[MsgId: MMSG-26355]
Action.c(47): Registering web_reg_save_param_regexp was successful  	[MsgId: MMSG-26390]
Action.c(57): web_reg_find started  	[MsgId: MMSG-26355]
Action.c(57): Registering web_reg_find was successful  	[MsgId: MMSG-26390]
Action.c(61): web_submit_data("index.php_2") started  	[MsgId: MMSG-26355]
Action.c(61): Warning -26665: HTTP Status Code is missing or invalid. Assuming "200 OK"  	[MsgId: MWAR-26665]
Action.c(61): Error -35049: No match found for the requested parameter "token". Check whether the requested regular expression exists in the response data  	[MsgId: MERR-35049]
Action.c(61): Error -26366: "Text=Sign out" not found for web_reg_find  	[MsgId: MERR-26366]
End auto log messages stack.	[MsgId: MMSG-10544]


Start auto log messages stack - Iteration 34.	[MsgId: MMSG-10545]
Starting action Action.	[MsgId: MMSG-15919]
Action.c(6): Notify: Transaction "1_begin" started.	[MsgId: MMSG-16999]
Action.c(14): web_reg_save_param_regexp started  	[MsgId: MMSG-26355]
Action.c(14): Registering web_reg_save_param_regexp was successful  	[MsgId: MMSG-26390]
Action.c(23): web_reg_find started  	[MsgId: MMSG-26355]
Action.c(23): Registering web_reg_find was successful  	[MsgId: MMSG-26390]
Action.c(27): web_url("index.php") started  	[MsgId: MMSG-26355]
Action.c(27): Warning -26665: HTTP Status Code is missing or invalid. Assuming "200 OK"  	[MsgId: MWAR-26665]
Action.c(27): Error -35049: No match found for the requested parameter "controller". Check whether the requested regular expression exists in the response data  	[MsgId: MERR-35049]
Action.c(27): Error -26366: "Text=Already registered" not found for web_reg_find  	[MsgId: MERR-26366]
End auto log messages stack.	[MsgId: MMSG-10544]


Start auto log messages stack - Iteration 35.	[MsgId: MMSG-10545]
Starting action Action.	[MsgId: MMSG-15919]
Action.c(6): Notify: Transaction "1_begin" started.	[MsgId: MMSG-16999]
Action.c(14): web_reg_save_param_regexp started  	[MsgId: MMSG-26355]
Action.c(14): Registering web_reg_save_param_regexp was successful  	[MsgId: MMSG-26390]
Action.c(23): web_reg_find started  	[MsgId: MMSG-26355]
Action.c(23): Registering web_reg_find was successful  	[MsgId: MMSG-26390]
Action.c(27): web_url("index.php") started  	[MsgId: MMSG-26355]
Action.c(27): Warning -26665: HTTP Status Code is missing or invalid. Assuming "200 OK"  	[MsgId: MWAR-26665]
Action.c(27): Error -35049: No match found for the requested parameter "controller". Check whether the requested regular expression exists in the response data  	[MsgId: MERR-35049]
Action.c(27): Error -26366: "Text=Already registered" not found for web_reg_find  	[MsgId: MERR-26366]
End auto log messages stack.	[MsgId: MMSG-10544]


Start auto log messages stack - Iteration 36.	[MsgId: MMSG-10545]
Action.c(27): web_url("index.php") was successful, 753402 body bytes, 15033 header bytes, 53 chunking overhead bytes  	[MsgId: MMSG-26385]
Action.c(37): Notify: Transaction "1_begin" ended with a "Pass" status (Duration: 11,2424 Wasted Time: 0,0049).	[MsgId: MMSG-16871]
Action.c(39): Notify: Transaction "2_login" started.	[MsgId: MMSG-16999]
Action.c(47): web_reg_save_param_regexp started  	[MsgId: MMSG-26355]
Action.c(47): Registering web_reg_save_param_regexp was successful  	[MsgId: MMSG-26390]
Action.c(57): web_reg_find started  	[MsgId: MMSG-26355]
Action.c(57): Registering web_reg_find was successful  	[MsgId: MMSG-26390]
Action.c(61): web_submit_data("index.php_2") started  	[MsgId: MMSG-26355]
Action.c(61): Warning -26665: HTTP Status Code is missing or invalid. Assuming "200 OK"  	[MsgId: MWAR-26665]
Action.c(61): Error -35049: No match found for the requested parameter "token". Check whether the requested regular expression exists in the response data  	[MsgId: MERR-35049]
Action.c(61): Error -26366: "Text=Sign out" not found for web_reg_find  	[MsgId: MERR-26366]
End auto log messages stack.	[MsgId: MMSG-10544]


Start auto log messages stack - Iteration 37.	[MsgId: MMSG-10545]
Action.c(162): Registering web_reg_find was successful  	[MsgId: MMSG-26390]
Action.c(166): web_url("Sign out") started  	[MsgId: MMSG-26355]
Action.c(166): Redirecting "http://automationpractice.com/index.php?mylogout=" (redirection depth is 0)  	[MsgId: MMSG-26694]
Action.c(166): To location "http://automationpractice.com/index.php?controller=addresses"  	[MsgId: MMSG-26693]
Action.c(166): Redirecting "http://automationpractice.com/index.php?controller=addresses" (redirection depth is 1)  	[MsgId: MMSG-26694]
Action.c(166): To location "http://automationpractice.com/index.php?controller=authentication&back=addresses"  	[MsgId: MMSG-26693]
Action.c(166): Warning -26665: HTTP Status Code is missing or invalid. Assuming "200 OK"  	[MsgId: MWAR-26665]
Action.c(166): Error -26366: "Text=Already registered" not found for web_reg_find  	[MsgId: MERR-26366]
End auto log messages stack.	[MsgId: MMSG-10544]


Start auto log messages stack - Iteration 38.	[MsgId: MMSG-10545]
Starting action Action.	[MsgId: MMSG-15919]
Action.c(6): Notify: Transaction "1_begin" started.	[MsgId: MMSG-16999]
Action.c(14): web_reg_save_param_regexp started  	[MsgId: MMSG-26355]
Action.c(14): Registering web_reg_save_param_regexp was successful  	[MsgId: MMSG-26390]
Action.c(23): web_reg_find started  	[MsgId: MMSG-26355]
Action.c(23): Registering web_reg_find was successful  	[MsgId: MMSG-26390]
Action.c(27): web_url("index.php") started  	[MsgId: MMSG-26355]
Action.c(27): Warning -26665: HTTP Status Code is missing or invalid. Assuming "200 OK"  	[MsgId: MWAR-26665]
Action.c(27): Error -35049: No match found for the requested parameter "controller". Check whether the requested regular expression exists in the response data  	[MsgId: MERR-35049]
Action.c(27): Error -26366: "Text=Already registered" not found for web_reg_find  	[MsgId: MERR-26366]
End auto log messages stack.	[MsgId: MMSG-10544]


Start auto log messages stack - Iteration 40.	[MsgId: MMSG-10545]
Action.c(61): Registered web_reg_find successful for "Text=Sign out" (count=3)  	[MsgId: MMSG-26364]
Action.c(61): web_submit_data("index.php_2") was successful, 29353 body bytes, 2753 header bytes, 41 chunking overhead bytes  	[MsgId: MMSG-26385]
Action.c(77): Notify: Transaction "2_login" ended with a "Pass" status (Duration: 16,6968 Wasted Time: 0,0004).	[MsgId: MMSG-16871]
Action.c(79): Notify: Transaction "3_adress" started.	[MsgId: MMSG-16999]
Action.c(81): web_reg_find started  	[MsgId: MMSG-26355]
Action.c(81): Registering web_reg_find was successful  	[MsgId: MMSG-26390]
Action.c(85): web_url("My addresses") started  	[MsgId: MMSG-26355]
Action.c(85): Warning -26665: HTTP Status Code is missing or invalid. Assuming "200 OK"  	[MsgId: MWAR-26665]
Action.c(85): Error -26366: "Text=Your addresses are listed below" not found for web_reg_find  	[MsgId: MERR-26366]
End auto log messages stack.	[MsgId: MMSG-10544]


Start auto log messages stack - Iteration 31.	[MsgId: MMSG-10545]
Action.c(129): web_submit_data("index.php_3") started  	[MsgId: MMSG-26355]
Action.c(129): Warning -26665: HTTP Status Code is missing or invalid. Assuming "200 OK"  	[MsgId: MWAR-26665]
Action.c(129): web_submit_data("index.php_3") highest severity level was "warning", 288 body bytes, 204 header bytes  	[MsgId: MMSG-26388]
Action.c(158): Notify: Transaction "4_new_adress" ended with a "Pass" status (Duration: 9,4328 Wasted Time: 0,0007).	[MsgId: MMSG-16871]
Action.c(160): Notify: Transaction "5_logout" started.	[MsgId: MMSG-16999]
Action.c(162): web_reg_find started  	[MsgId: MMSG-26355]
Action.c(162): Registering web_reg_find was successful  	[MsgId: MMSG-26390]
Action.c(166): web_url("Sign out") started  	[MsgId: MMSG-26355]
Action.c(166): Warning -26665: HTTP Status Code is missing or invalid. Assuming "200 OK"  	[MsgId: MWAR-26665]
Action.c(166): Error -26366: "Text=Already registered" not found for web_reg_find  	[MsgId: MERR-26366]
End auto log messages stack.	[MsgId: MMSG-10544]


Start auto log messages stack - Iteration 32.	[MsgId: MMSG-10545]
Starting action Action.	[MsgId: MMSG-15919]
Action.c(6): Notify: Transaction "1_begin" started.	[MsgId: MMSG-16999]
Action.c(14): web_reg_save_param_regexp started  	[MsgId: MMSG-26355]
Action.c(14): Registering web_reg_save_param_regexp was successful  	[MsgId: MMSG-26390]
Action.c(23): web_reg_find started  	[MsgId: MMSG-26355]
Action.c(23): Registering web_reg_find was successful  	[MsgId: MMSG-26390]
Action.c(27): web_url("index.php") started  	[MsgId: MMSG-26355]
Action.c(27): Warning -26665: HTTP Status Code is missing or invalid. Assuming "200 OK"  	[MsgId: MWAR-26665]
Action.c(27): Error -35049: No match found for the requested parameter "controller". Check whether the requested regular expression exists in the response data  	[MsgId: MERR-35049]
Action.c(27): Error -26366: "Text=Already registered" not found for web_reg_find  	[MsgId: MERR-26366]
End auto log messages stack.	[MsgId: MMSG-10544]


Start auto log messages stack - Iteration 33.	[MsgId: MMSG-10545]
Starting action Action.	[MsgId: MMSG-15919]
Action.c(6): Notify: Transaction "1_begin" started.	[MsgId: MMSG-16999]
Action.c(14): web_reg_save_param_regexp started  	[MsgId: MMSG-26355]
Action.c(14): Registering web_reg_save_param_regexp was successful  	[MsgId: MMSG-26390]
Action.c(23): web_reg_find started  	[MsgId: MMSG-26355]
Action.c(23): Registering web_reg_find was successful  	[MsgId: MMSG-26390]
Action.c(27): web_url("index.php") started  	[MsgId: MMSG-26355]
Action.c(27): Warning -26665: HTTP Status Code is missing or invalid. Assuming "200 OK"  	[MsgId: MWAR-26665]
Action.c(27): Error -35049: No match found for the requested parameter "controller". Check whether the requested regular expression exists in the response data  	[MsgId: MERR-35049]
Action.c(27): Error -26366: "Text=Already registered" not found for web_reg_find  	[MsgId: MERR-26366]
End auto log messages stack.	[MsgId: MMSG-10544]


Start auto log messages stack - Iteration 31.	[MsgId: MMSG-10545]
Action.c(129): web_submit_data("index.php_3") started  	[MsgId: MMSG-26355]
Action.c(129): Warning -26665: HTTP Status Code is missing or invalid. Assuming "200 OK"  	[MsgId: MWAR-26665]
Action.c(129): web_submit_data("index.php_3") highest severity level was "warning", 288 body bytes, 204 header bytes  	[MsgId: MMSG-26388]
Action.c(158): Notify: Transaction "4_new_adress" ended with a "Pass" status (Duration: 10,4182 Wasted Time: 0,0007).	[MsgId: MMSG-16871]
Action.c(160): Notify: Transaction "5_logout" started.	[MsgId: MMSG-16999]
Action.c(162): web_reg_find started  	[MsgId: MMSG-26355]
Action.c(162): Registering web_reg_find was successful  	[MsgId: MMSG-26390]
Action.c(166): web_url("Sign out") started  	[MsgId: MMSG-26355]
Action.c(166): Warning -26665: HTTP Status Code is missing or invalid. Assuming "200 OK"  	[MsgId: MWAR-26665]
Action.c(166): Error -26366: "Text=Already registered" not found for web_reg_find  	[MsgId: MERR-26366]
End auto log messages stack.	[MsgId: MMSG-10544]


Start auto log messages stack - Iteration 34.	[MsgId: MMSG-10545]
Starting action Action.	[MsgId: MMSG-15919]
Action.c(6): Notify: Transaction "1_begin" started.	[MsgId: MMSG-16999]
Action.c(14): web_reg_save_param_regexp started  	[MsgId: MMSG-26355]
Action.c(14): Registering web_reg_save_param_regexp was successful  	[MsgId: MMSG-26390]
Action.c(23): web_reg_find started  	[MsgId: MMSG-26355]
Action.c(23): Registering web_reg_find was successful  	[MsgId: MMSG-26390]
Action.c(27): web_url("index.php") started  	[MsgId: MMSG-26355]
Action.c(27): Warning -26665: HTTP Status Code is missing or invalid. Assuming "200 OK"  	[MsgId: MWAR-26665]
Action.c(27): Error -35049: No match found for the requested parameter "controller". Check whether the requested regular expression exists in the response data  	[MsgId: MERR-35049]
Action.c(27): Error -26366: "Text=Already registered" not found for web_reg_find  	[MsgId: MERR-26366]
End auto log messages stack.	[MsgId: MMSG-10544]


Start auto log messages stack - Iteration 32.	[MsgId: MMSG-10545]
Starting action Action.	[MsgId: MMSG-15919]
Action.c(6): Notify: Transaction "1_begin" started.	[MsgId: MMSG-16999]
Action.c(14): web_reg_save_param_regexp started  	[MsgId: MMSG-26355]
Action.c(14): Registering web_reg_save_param_regexp was successful  	[MsgId: MMSG-26390]
Action.c(23): web_reg_find started  	[MsgId: MMSG-26355]
Action.c(23): Registering web_reg_find was successful  	[MsgId: MMSG-26390]
Action.c(27): web_url("index.php") started  	[MsgId: MMSG-26355]
Action.c(27): Warning -26665: HTTP Status Code is missing or invalid. Assuming "200 OK"  	[MsgId: MWAR-26665]
Action.c(27): Error -35049: No match found for the requested parameter "controller". Check whether the requested regular expression exists in the response data  	[MsgId: MERR-35049]
Action.c(27): Error -26366: "Text=Already registered" not found for web_reg_find  	[MsgId: MERR-26366]
End auto log messages stack.	[MsgId: MMSG-10544]


Start auto log messages stack - Iteration 35.	[MsgId: MMSG-10545]
Starting action Action.	[MsgId: MMSG-15919]
Action.c(6): Notify: Transaction "1_begin" started.	[MsgId: MMSG-16999]
Action.c(14): web_reg_save_param_regexp started  	[MsgId: MMSG-26355]
Action.c(14): Registering web_reg_save_param_regexp was successful  	[MsgId: MMSG-26390]
Action.c(23): web_reg_find started  	[MsgId: MMSG-26355]
Action.c(23): Registering web_reg_find was successful  	[MsgId: MMSG-26390]
Action.c(27): web_url("index.php") started  	[MsgId: MMSG-26355]
Action.c(27): Warning -26665: HTTP Status Code is missing or invalid. Assuming "200 OK"  	[MsgId: MWAR-26665]
Action.c(27): Error -35049: No match found for the requested parameter "controller". Check whether the requested regular expression exists in the response data  	[MsgId: MERR-35049]
Action.c(27): Error -26366: "Text=Already registered" not found for web_reg_find  	[MsgId: MERR-26366]
End auto log messages stack.	[MsgId: MMSG-10544]


Start auto log messages stack - Iteration 33.	[MsgId: MMSG-10545]
Starting action Action.	[MsgId: MMSG-15919]
Action.c(6): Notify: Transaction "1_begin" started.	[MsgId: MMSG-16999]
Action.c(14): web_reg_save_param_regexp started  	[MsgId: MMSG-26355]
Action.c(14): Registering web_reg_save_param_regexp was successful  	[MsgId: MMSG-26390]
Action.c(23): web_reg_find started  	[MsgId: MMSG-26355]
Action.c(23): Registering web_reg_find was successful  	[MsgId: MMSG-26390]
Action.c(27): web_url("index.php") started  	[MsgId: MMSG-26355]
Action.c(27): Warning -26665: HTTP Status Code is missing or invalid. Assuming "200 OK"  	[MsgId: MWAR-26665]
Action.c(27): Error -35049: No match found for the requested parameter "controller". Check whether the requested regular expression exists in the response data  	[MsgId: MERR-35049]
Action.c(27): Error -26366: "Text=Already registered" not found for web_reg_find  	[MsgId: MERR-26366]
End auto log messages stack.	[MsgId: MMSG-10544]


Start auto log messages stack - Iteration 34.	[MsgId: MMSG-10545]
Starting action Action.	[MsgId: MMSG-15919]
Action.c(6): Notify: Transaction "1_begin" started.	[MsgId: MMSG-16999]
Action.c(14): web_reg_save_param_regexp started  	[MsgId: MMSG-26355]
Action.c(14): Registering web_reg_save_param_regexp was successful  	[MsgId: MMSG-26390]
Action.c(23): web_reg_find started  	[MsgId: MMSG-26355]
Action.c(23): Registering web_reg_find was successful  	[MsgId: MMSG-26390]
Action.c(27): web_url("index.php") started  	[MsgId: MMSG-26355]
Action.c(27): Warning -26665: HTTP Status Code is missing or invalid. Assuming "200 OK"  	[MsgId: MWAR-26665]
Action.c(27): Error -35049: No match found for the requested parameter "controller". Check whether the requested regular expression exists in the response data  	[MsgId: MERR-35049]
Action.c(27): Error -26366: "Text=Already registered" not found for web_reg_find  	[MsgId: MERR-26366]
End auto log messages stack.	[MsgId: MMSG-10544]


Start auto log messages stack - Iteration 36.	[MsgId: MMSG-10545]
Starting action Action.	[MsgId: MMSG-15919]
Action.c(6): Notify: Transaction "1_begin" started.	[MsgId: MMSG-16999]
Action.c(14): web_reg_save_param_regexp started  	[MsgId: MMSG-26355]
Action.c(14): Registering web_reg_save_param_regexp was successful  	[MsgId: MMSG-26390]
Action.c(23): web_reg_find started  	[MsgId: MMSG-26355]
Action.c(23): Registering web_reg_find was successful  	[MsgId: MMSG-26390]
Action.c(27): web_url("index.php") started  	[MsgId: MMSG-26355]
Action.c(27): Warning -26665: HTTP Status Code is missing or invalid. Assuming "200 OK"  	[MsgId: MWAR-26665]
Action.c(27): Error -35049: No match found for the requested parameter "controller". Check whether the requested regular expression exists in the response data  	[MsgId: MERR-35049]
Action.c(27): Error -26366: "Text=Already registered" not found for web_reg_find  	[MsgId: MERR-26366]
End auto log messages stack.	[MsgId: MMSG-10544]


Start auto log messages stack - Iteration 42.	[MsgId: MMSG-10545]
Action.c(158): Notify: Transaction "4_new_adress" ended with a "Pass" status (Duration: 27,8812 Wasted Time: 0,0013).	[MsgId: MMSG-16871]
Action.c(160): Notify: Transaction "5_logout" started.	[MsgId: MMSG-16999]
Action.c(162): web_reg_find started  	[MsgId: MMSG-26355]
Action.c(162): Registering web_reg_find was successful  	[MsgId: MMSG-26390]
Action.c(166): web_url("Sign out") started  	[MsgId: MMSG-26355]
Action.c(166): Redirecting "http://automationpractice.com/index.php?mylogout=" (redirection depth is 0)  	[MsgId: MMSG-26694]
Action.c(166): To location "http://automationpractice.com/index.php?controller=addresses"  	[MsgId: MMSG-26693]
Action.c(166): Warning -26665: HTTP Status Code is missing or invalid. Assuming "200 OK"  	[MsgId: MWAR-26665]
Action.c(166): Error -26366: "Text=Already registered" not found for web_reg_find  	[MsgId: MERR-26366]
End auto log messages stack.	[MsgId: MMSG-10544]


Start auto log messages stack - Iteration 36.	[MsgId: MMSG-10545]
Action.c(129): web_submit_data("index.php_3") started  	[MsgId: MMSG-26355]
Action.c(129): Warning -26665: HTTP Status Code is missing or invalid. Assuming "200 OK"  	[MsgId: MWAR-26665]
Action.c(129): web_submit_data("index.php_3") highest severity level was "warning", 288 body bytes, 204 header bytes  	[MsgId: MMSG-26388]
Action.c(158): Notify: Transaction "4_new_adress" ended with a "Pass" status (Duration: 10,6088 Wasted Time: 0,0019).	[MsgId: MMSG-16871]
Action.c(160): Notify: Transaction "5_logout" started.	[MsgId: MMSG-16999]
Action.c(162): web_reg_find started  	[MsgId: MMSG-26355]
Action.c(162): Registering web_reg_find was successful  	[MsgId: MMSG-26390]
Action.c(166): web_url("Sign out") started  	[MsgId: MMSG-26355]
Action.c(166): Warning -26665: HTTP Status Code is missing or invalid. Assuming "200 OK"  	[MsgId: MWAR-26665]
Action.c(166): Error -26366: "Text=Already registered" not found for web_reg_find  	[MsgId: MERR-26366]
End auto log messages stack.	[MsgId: MMSG-10544]


Start auto log messages stack - Iteration 39.	[MsgId: MMSG-10545]
Action.c(129): Resource "http://automationpractice.com/img/c/3-1_thumb.jpg" is in the cache already and will not be downloaded again  	[MsgId: MMSG-26655]
Action.c(129): web_submit_data("index.php_3") was successful, 212006 body bytes, 561 header bytes, 218 chunking overhead bytes  	[MsgId: MMSG-26385]
Action.c(158): Notify: Transaction "4_new_adress" ended with a "Pass" status (Duration: 25,1601 Wasted Time: 0,0020).	[MsgId: MMSG-16871]
Action.c(160): Notify: Transaction "5_logout" started.	[MsgId: MMSG-16999]
Action.c(162): web_reg_find started  	[MsgId: MMSG-26355]
Action.c(162): Registering web_reg_find was successful  	[MsgId: MMSG-26390]
Action.c(166): web_url("Sign out") started  	[MsgId: MMSG-26355]
Action.c(166): Warning -26665: HTTP Status Code is missing or invalid. Assuming "200 OK"  	[MsgId: MWAR-26665]
Action.c(166): Error -26366: "Text=Already registered" not found for web_reg_find  	[MsgId: MERR-26366]
End auto log messages stack.	[MsgId: MMSG-10544]


Start auto log messages stack - Iteration 40.	[MsgId: MMSG-10545]
Action.c(47): web_reg_save_param_regexp started  	[MsgId: MMSG-26355]
Action.c(47): Registering web_reg_save_param_regexp was successful  	[MsgId: MMSG-26390]
Action.c(57): web_reg_find started  	[MsgId: MMSG-26355]
Action.c(57): Registering web_reg_find was successful  	[MsgId: MMSG-26390]
Action.c(61): web_submit_data("index.php_2") started  	[MsgId: MMSG-26355]
Action.c(61): Redirecting "http://automationpractice.com/index.php?controller=authentication" (redirection depth is 0)  	[MsgId: MMSG-26694]
Action.c(61): To location "http://automationpractice.com/index.php?controller=my-account"  	[MsgId: MMSG-26693]
Action.c(61): Warning -26665: HTTP Status Code is missing or invalid. Assuming "200 OK"  	[MsgId: MWAR-26665]
Action.c(61): Error -35049: No match found for the requested parameter "token". Check whether the requested regular expression exists in the response data  	[MsgId: MERR-35049]
Action.c(61): Error -26366: "Text=Sign out" not found for web_reg_find  	[MsgId: MERR-26366]
End auto log messages stack.	[MsgId: MMSG-10544]


Start auto log messages stack - Iteration 39.	[MsgId: MMSG-10545]
Action.c(162): Registering web_reg_find was successful  	[MsgId: MMSG-26390]
Action.c(166): web_url("Sign out") started  	[MsgId: MMSG-26355]
Action.c(166): Redirecting "http://automationpractice.com/index.php?mylogout=" (redirection depth is 0)  	[MsgId: MMSG-26694]
Action.c(166): To location "http://automationpractice.com/index.php?controller=addresses"  	[MsgId: MMSG-26693]
Action.c(166): Connection to automationpractice.com:80 closed after being inactive for 78 seconds, exceeding the "HTTP Keep-Alive timeout" Runtime Setting (60 seconds). URL="http://automationpractice.com/index.php?controller=addresses"  	[MsgId: MMSG-27647]
Action.c(166): Warning -26665: HTTP Status Code is missing or invalid. Assuming "200 OK"  	[MsgId: MWAR-26665]
Action.c(166): Error -26366: "Text=Already registered" not found for web_reg_find  	[MsgId: MERR-26366]
End auto log messages stack.	[MsgId: MMSG-10544]


Start auto log messages stack - Iteration 46.	[MsgId: MMSG-10545]
Action.c(27): web_url("index.php") was successful, 753402 body bytes, 15037 header bytes, 61 chunking overhead bytes  	[MsgId: MMSG-26385]
Action.c(37): Notify: Transaction "1_begin" ended with a "Pass" status (Duration: 11,1443 Wasted Time: 0,0048).	[MsgId: MMSG-16871]
Action.c(39): Notify: Transaction "2_login" started.	[MsgId: MMSG-16999]
Action.c(47): web_reg_save_param_regexp started  	[MsgId: MMSG-26355]
Action.c(47): Registering web_reg_save_param_regexp was successful  	[MsgId: MMSG-26390]
Action.c(57): web_reg_find started  	[MsgId: MMSG-26355]
Action.c(57): Registering web_reg_find was successful  	[MsgId: MMSG-26390]
Action.c(61): web_submit_data("index.php_2") started  	[MsgId: MMSG-26355]
Action.c(61): Warning -26665: HTTP Status Code is missing or invalid. Assuming "200 OK"  	[MsgId: MWAR-26665]
Action.c(61): Error -35049: No match found for the requested parameter "token". Check whether the requested regular expression exists in the response data  	[MsgId: MERR-35049]
Action.c(61): Error -26366: "Text=Sign out" not found for web_reg_find  	[MsgId: MERR-26366]
End auto log messages stack.	[MsgId: MMSG-10544]


Start auto log messages stack - Iteration 47.	[MsgId: MMSG-10545]
Starting action Action.	[MsgId: MMSG-15919]
Action.c(6): Notify: Transaction "1_begin" started.	[MsgId: MMSG-16999]
Action.c(14): web_reg_save_param_regexp started  	[MsgId: MMSG-26355]
Action.c(14): Registering web_reg_save_param_regexp was successful  	[MsgId: MMSG-26390]
Action.c(23): web_reg_find started  	[MsgId: MMSG-26355]
Action.c(23): Registering web_reg_find was successful  	[MsgId: MMSG-26390]
Action.c(27): web_url("index.php") started  	[MsgId: MMSG-26355]
Action.c(27): Warning -26665: HTTP Status Code is missing or invalid. Assuming "200 OK"  	[MsgId: MWAR-26665]
Action.c(27): Error -35049: No match found for the requested parameter "controller". Check whether the requested regular expression exists in the response data  	[MsgId: MERR-35049]
Action.c(27): Error -26366: "Text=Already registered" not found for web_reg_find  	[MsgId: MERR-26366]
End auto log messages stack.	[MsgId: MMSG-10544]


Start auto log messages stack - Iteration 48.	[MsgId: MMSG-10545]
Starting action Action.	[MsgId: MMSG-15919]
Action.c(6): Notify: Transaction "1_begin" started.	[MsgId: MMSG-16999]
Action.c(14): web_reg_save_param_regexp started  	[MsgId: MMSG-26355]
Action.c(14): Registering web_reg_save_param_regexp was successful  	[MsgId: MMSG-26390]
Action.c(23): web_reg_find started  	[MsgId: MMSG-26355]
Action.c(23): Registering web_reg_find was successful  	[MsgId: MMSG-26390]
Action.c(27): web_url("index.php") started  	[MsgId: MMSG-26355]
Action.c(27): Warning -26665: HTTP Status Code is missing or invalid. Assuming "200 OK"  	[MsgId: MWAR-26665]
Action.c(27): Error -35049: No match found for the requested parameter "controller". Check whether the requested regular expression exists in the response data  	[MsgId: MERR-35049]
Action.c(27): Error -26366: "Text=Already registered" not found for web_reg_find  	[MsgId: MERR-26366]
End auto log messages stack.	[MsgId: MMSG-10544]


Start auto log messages stack - Iteration 49.	[MsgId: MMSG-10545]
Starting action Action.	[MsgId: MMSG-15919]
Action.c(6): Notify: Transaction "1_begin" started.	[MsgId: MMSG-16999]
Action.c(14): web_reg_save_param_regexp started  	[MsgId: MMSG-26355]
Action.c(14): Registering web_reg_save_param_regexp was successful  	[MsgId: MMSG-26390]
Action.c(23): web_reg_find started  	[MsgId: MMSG-26355]
Action.c(23): Registering web_reg_find was successful  	[MsgId: MMSG-26390]
Action.c(27): web_url("index.php") started  	[MsgId: MMSG-26355]
Action.c(27): Warning -26665: HTTP Status Code is missing or invalid. Assuming "200 OK"  	[MsgId: MWAR-26665]
Action.c(27): Error -35049: No match found for the requested parameter "controller". Check whether the requested regular expression exists in the response data  	[MsgId: MERR-35049]
Action.c(27): Error -26366: "Text=Already registered" not found for web_reg_find  	[MsgId: MERR-26366]
End auto log messages stack.	[MsgId: MMSG-10544]


Start auto log messages stack - Iteration 50.	[MsgId: MMSG-10545]
Starting action Action.	[MsgId: MMSG-15919]
Action.c(6): Notify: Transaction "1_begin" started.	[MsgId: MMSG-16999]
Action.c(14): web_reg_save_param_regexp started  	[MsgId: MMSG-26355]
Action.c(14): Registering web_reg_save_param_regexp was successful  	[MsgId: MMSG-26390]
Action.c(23): web_reg_find started  	[MsgId: MMSG-26355]
Action.c(23): Registering web_reg_find was successful  	[MsgId: MMSG-26390]
Action.c(27): web_url("index.php") started  	[MsgId: MMSG-26355]
Action.c(27): Warning -26665: HTTP Status Code is missing or invalid. Assuming "200 OK"  	[MsgId: MWAR-26665]
Action.c(27): Error -35049: No match found for the requested parameter "controller". Check whether the requested regular expression exists in the response data  	[MsgId: MERR-35049]
Action.c(27): Error -26366: "Text=Already registered" not found for web_reg_find  	[MsgId: MERR-26366]
End auto log messages stack.	[MsgId: MMSG-10544]


Start auto log messages stack - Iteration 51.	[MsgId: MMSG-10545]
Starting action Action.	[MsgId: MMSG-15919]
Action.c(6): Notify: Transaction "1_begin" started.	[MsgId: MMSG-16999]
Action.c(14): web_reg_save_param_regexp started  	[MsgId: MMSG-26355]
Action.c(14): Registering web_reg_save_param_regexp was successful  	[MsgId: MMSG-26390]
Action.c(23): web_reg_find started  	[MsgId: MMSG-26355]
Action.c(23): Registering web_reg_find was successful  	[MsgId: MMSG-26390]
Action.c(27): web_url("index.php") started  	[MsgId: MMSG-26355]
Action.c(27): Warning -26665: HTTP Status Code is missing or invalid. Assuming "200 OK"  	[MsgId: MWAR-26665]
Action.c(27): Error -35049: No match found for the requested parameter "controller". Check whether the requested regular expression exists in the response data  	[MsgId: MERR-35049]
Action.c(27): Error -26366: "Text=Already registered" not found for web_reg_find  	[MsgId: MERR-26366]
End auto log messages stack.	[MsgId: MMSG-10544]


Start auto log messages stack - Iteration 52.	[MsgId: MMSG-10545]
Starting action Action.	[MsgId: MMSG-15919]
Action.c(6): Notify: Transaction "1_begin" started.	[MsgId: MMSG-16999]
Action.c(14): web_reg_save_param_regexp started  	[MsgId: MMSG-26355]
Action.c(14): Registering web_reg_save_param_regexp was successful  	[MsgId: MMSG-26390]
Action.c(23): web_reg_find started  	[MsgId: MMSG-26355]
Action.c(23): Registering web_reg_find was successful  	[MsgId: MMSG-26390]
Action.c(27): web_url("index.php") started  	[MsgId: MMSG-26355]
Action.c(27): Warning -26665: HTTP Status Code is missing or invalid. Assuming "200 OK"  	[MsgId: MWAR-26665]
Action.c(27): Error -35049: No match found for the requested parameter "controller". Check whether the requested regular expression exists in the response data  	[MsgId: MERR-35049]
Action.c(27): Error -26366: "Text=Already registered" not found for web_reg_find  	[MsgId: MERR-26366]
End auto log messages stack.	[MsgId: MMSG-10544]


Start auto log messages stack - Iteration 53.	[MsgId: MMSG-10545]
Action.c(61): Registered web_reg_find successful for "Text=Sign out" (count=3)  	[MsgId: MMSG-26364]
Action.c(61): web_submit_data("index.php_2") was successful, 29353 body bytes, 2689 header bytes, 33 chunking overhead bytes  	[MsgId: MMSG-26385]
Action.c(77): Notify: Transaction "2_login" ended with a "Pass" status (Duration: 15,7591 Wasted Time: 0,0003).	[MsgId: MMSG-16871]
Action.c(79): Notify: Transaction "3_adress" started.	[MsgId: MMSG-16999]
Action.c(81): web_reg_find started  	[MsgId: MMSG-26355]
Action.c(81): Registering web_reg_find was successful  	[MsgId: MMSG-26390]
Action.c(85): web_url("My addresses") started  	[MsgId: MMSG-26355]
Action.c(85): Warning -26665: HTTP Status Code is missing or invalid. Assuming "200 OK"  	[MsgId: MWAR-26665]
Action.c(85): Error -26366: "Text=Your addresses are listed below" not found for web_reg_find  	[MsgId: MERR-26366]
End auto log messages stack.	[MsgId: MMSG-10544]


Start auto log messages stack - Iteration 54.	[MsgId: MMSG-10545]
Starting action Action.	[MsgId: MMSG-15919]
Action.c(6): Notify: Transaction "1_begin" started.	[MsgId: MMSG-16999]
Action.c(14): web_reg_save_param_regexp started  	[MsgId: MMSG-26355]
Action.c(14): Registering web_reg_save_param_regexp was successful  	[MsgId: MMSG-26390]
Action.c(23): web_reg_find started  	[MsgId: MMSG-26355]
Action.c(23): Registering web_reg_find was successful  	[MsgId: MMSG-26390]
Action.c(27): web_url("index.php") started  	[MsgId: MMSG-26355]
Action.c(27): Warning -26665: HTTP Status Code is missing or invalid. Assuming "200 OK"  	[MsgId: MWAR-26665]
Action.c(27): Error -35049: No match found for the requested parameter "controller". Check whether the requested regular expression exists in the response data  	[MsgId: MERR-35049]
Action.c(27): Error -26366: "Text=Already registered" not found for web_reg_find  	[MsgId: MERR-26366]
End auto log messages stack.	[MsgId: MMSG-10544]


Start auto log messages stack - Iteration 55.	[MsgId: MMSG-10545]
Starting action Action.	[MsgId: MMSG-15919]
Action.c(6): Notify: Transaction "1_begin" started.	[MsgId: MMSG-16999]
Action.c(14): web_reg_save_param_regexp started  	[MsgId: MMSG-26355]
Action.c(14): Registering web_reg_save_param_regexp was successful  	[MsgId: MMSG-26390]
Action.c(23): web_reg_find started  	[MsgId: MMSG-26355]
Action.c(23): Registering web_reg_find was successful  	[MsgId: MMSG-26390]
Action.c(27): web_url("index.php") started  	[MsgId: MMSG-26355]
Action.c(27): Warning -26665: HTTP Status Code is missing or invalid. Assuming "200 OK"  	[MsgId: MWAR-26665]
Action.c(27): Error -35049: No match found for the requested parameter "controller". Check whether the requested regular expression exists in the response data  	[MsgId: MERR-35049]
Action.c(27): Error -26366: "Text=Already registered" not found for web_reg_find  	[MsgId: MERR-26366]
End auto log messages stack.	[MsgId: MMSG-10544]


Start auto log messages stack - Iteration 40.	[MsgId: MMSG-10545]
Action.c(129): web_submit_data("index.php_3") started  	[MsgId: MMSG-26355]
Action.c(129): Warning -26665: HTTP Status Code is missing or invalid. Assuming "200 OK"  	[MsgId: MWAR-26665]
Action.c(129): web_submit_data("index.php_3") highest severity level was "warning", 288 body bytes, 204 header bytes  	[MsgId: MMSG-26388]
Action.c(158): Notify: Transaction "4_new_adress" ended with a "Pass" status (Duration: 9,4273 Wasted Time: 0,0022).	[MsgId: MMSG-16871]
Action.c(160): Notify: Transaction "5_logout" started.	[MsgId: MMSG-16999]
Action.c(162): web_reg_find started  	[MsgId: MMSG-26355]
Action.c(162): Registering web_reg_find was successful  	[MsgId: MMSG-26390]
Action.c(166): web_url("Sign out") started  	[MsgId: MMSG-26355]
Action.c(166): Warning -26665: HTTP Status Code is missing or invalid. Assuming "200 OK"  	[MsgId: MWAR-26665]
Action.c(166): Error -26366: "Text=Already registered" not found for web_reg_find  	[MsgId: MERR-26366]
End auto log messages stack.	[MsgId: MMSG-10544]


Start auto log messages stack - Iteration 41.	[MsgId: MMSG-10545]
Starting action Action.	[MsgId: MMSG-15919]
Action.c(6): Notify: Transaction "1_begin" started.	[MsgId: MMSG-16999]
Action.c(14): web_reg_save_param_regexp started  	[MsgId: MMSG-26355]
Action.c(14): Registering web_reg_save_param_regexp was successful  	[MsgId: MMSG-26390]
Action.c(23): web_reg_find started  	[MsgId: MMSG-26355]
Action.c(23): Registering web_reg_find was successful  	[MsgId: MMSG-26390]
Action.c(27): web_url("index.php") started  	[MsgId: MMSG-26355]
Action.c(27): Warning -26665: HTTP Status Code is missing or invalid. Assuming "200 OK"  	[MsgId: MWAR-26665]
Action.c(27): Error -35049: No match found for the requested parameter "controller". Check whether the requested regular expression exists in the response data  	[MsgId: MERR-35049]
Action.c(27): Error -26366: "Text=Already registered" not found for web_reg_find  	[MsgId: MERR-26366]
End auto log messages stack.	[MsgId: MMSG-10544]


Start auto log messages stack - Iteration 43.	[MsgId: MMSG-10545]
Action.c(27): web_url("index.php") was successful, 753402 body bytes, 15031 header bytes, 53 chunking overhead bytes  	[MsgId: MMSG-26385]
Action.c(37): Notify: Transaction "1_begin" ended with a "Pass" status (Duration: 12,6979 Wasted Time: 0,0050).	[MsgId: MMSG-16871]
Action.c(39): Notify: Transaction "2_login" started.	[MsgId: MMSG-16999]
Action.c(47): web_reg_save_param_regexp started  	[MsgId: MMSG-26355]
Action.c(47): Registering web_reg_save_param_regexp was successful  	[MsgId: MMSG-26390]
Action.c(57): web_reg_find started  	[MsgId: MMSG-26355]
Action.c(57): Registering web_reg_find was successful  	[MsgId: MMSG-26390]
Action.c(61): web_submit_data("index.php_2") started  	[MsgId: MMSG-26355]
Action.c(61): Warning -26665: HTTP Status Code is missing or invalid. Assuming "200 OK"  	[MsgId: MWAR-26665]
Action.c(61): Error -35049: No match found for the requested parameter "token". Check whether the requested regular expression exists in the response data  	[MsgId: MERR-35049]
Action.c(61): Error -26366: "Text=Sign out" not found for web_reg_find  	[MsgId: MERR-26366]
End auto log messages stack.	[MsgId: MMSG-10544]


Start auto log messages stack - Iteration 44.	[MsgId: MMSG-10545]
Starting action Action.	[MsgId: MMSG-15919]
Action.c(6): Notify: Transaction "1_begin" started.	[MsgId: MMSG-16999]
Action.c(14): web_reg_save_param_regexp started  	[MsgId: MMSG-26355]
Action.c(14): Registering web_reg_save_param_regexp was successful  	[MsgId: MMSG-26390]
Action.c(23): web_reg_find started  	[MsgId: MMSG-26355]
Action.c(23): Registering web_reg_find was successful  	[MsgId: MMSG-26390]
Action.c(27): web_url("index.php") started  	[MsgId: MMSG-26355]
Action.c(27): Warning -26665: HTTP Status Code is missing or invalid. Assuming "200 OK"  	[MsgId: MWAR-26665]
Action.c(27): Error -35049: No match found for the requested parameter "controller". Check whether the requested regular expression exists in the response data  	[MsgId: MERR-35049]
Action.c(27): Error -26366: "Text=Already registered" not found for web_reg_find  	[MsgId: MERR-26366]
End auto log messages stack.	[MsgId: MMSG-10544]


Start auto log messages stack - Iteration 56.	[MsgId: MMSG-10545]
Action.c(129): Warning -26665: HTTP Status Code is missing or invalid. Assuming "200 OK"  	[MsgId: MWAR-26665]
Action.c(129): web_submit_data("index.php_3") highest severity level was "warning", 288 body bytes, 487 header bytes, 5 chunking overhead bytes  	[MsgId: MMSG-26387]
Action.c(158): Notify: Transaction "4_new_adress" ended with a "Pass" status (Duration: 18,3355 Wasted Time: 0,0015).	[MsgId: MMSG-16871]
Action.c(160): Notify: Transaction "5_logout" started.	[MsgId: MMSG-16999]
Action.c(162): web_reg_find started  	[MsgId: MMSG-26355]
Action.c(162): Registering web_reg_find was successful  	[MsgId: MMSG-26390]
Action.c(166): web_url("Sign out") started  	[MsgId: MMSG-26355]
Action.c(166): Warning -26665: HTTP Status Code is missing or invalid. Assuming "200 OK"  	[MsgId: MWAR-26665]
Action.c(166): Error -26366: "Text=Already registered" not found for web_reg_find  	[MsgId: MERR-26366]
End auto log messages stack.	[MsgId: MMSG-10544]


Start auto log messages stack - Iteration 42.	[MsgId: MMSG-10545]
Action.c(129): Warning -26665: HTTP Status Code is missing or invalid. Assuming "200 OK"  	[MsgId: MWAR-26665]
Action.c(129): web_submit_data("index.php_3") highest severity level was "warning", 288 body bytes, 487 header bytes, 5 chunking overhead bytes  	[MsgId: MMSG-26387]
Action.c(158): Notify: Transaction "4_new_adress" ended with a "Pass" status (Duration: 14,0432 Wasted Time: 0,0012).	[MsgId: MMSG-16871]
Action.c(160): Notify: Transaction "5_logout" started.	[MsgId: MMSG-16999]
Action.c(162): web_reg_find started  	[MsgId: MMSG-26355]
Action.c(162): Registering web_reg_find was successful  	[MsgId: MMSG-26390]
Action.c(166): web_url("Sign out") started  	[MsgId: MMSG-26355]
Action.c(166): Warning -26665: HTTP Status Code is missing or invalid. Assuming "200 OK"  	[MsgId: MWAR-26665]
Action.c(166): Error -26366: "Text=Already registered" not found for web_reg_find  	[MsgId: MERR-26366]
End auto log messages stack.	[MsgId: MMSG-10544]


Start auto log messages stack - Iteration 43.	[MsgId: MMSG-10545]
Starting action Action.	[MsgId: MMSG-15919]
Action.c(6): Notify: Transaction "1_begin" started.	[MsgId: MMSG-16999]
Action.c(14): web_reg_save_param_regexp started  	[MsgId: MMSG-26355]
Action.c(14): Registering web_reg_save_param_regexp was successful  	[MsgId: MMSG-26390]
Action.c(23): web_reg_find started  	[MsgId: MMSG-26355]
Action.c(23): Registering web_reg_find was successful  	[MsgId: MMSG-26390]
Action.c(27): web_url("index.php") started  	[MsgId: MMSG-26355]
Action.c(27): Warning -26665: HTTP Status Code is missing or invalid. Assuming "200 OK"  	[MsgId: MWAR-26665]
Action.c(27): Error -35049: No match found for the requested parameter "controller". Check whether the requested regular expression exists in the response data  	[MsgId: MERR-35049]
Action.c(27): Error -26366: "Text=Already registered" not found for web_reg_find  	[MsgId: MERR-26366]
End auto log messages stack.	[MsgId: MMSG-10544]


Start auto log messages stack - Iteration 44.	[MsgId: MMSG-10545]
Starting action Action.	[MsgId: MMSG-15919]
Action.c(6): Notify: Transaction "1_begin" started.	[MsgId: MMSG-16999]
Action.c(14): web_reg_save_param_regexp started  	[MsgId: MMSG-26355]
Action.c(14): Registering web_reg_save_param_regexp was successful  	[MsgId: MMSG-26390]
Action.c(23): web_reg_find started  	[MsgId: MMSG-26355]
Action.c(23): Registering web_reg_find was successful  	[MsgId: MMSG-26390]
Action.c(27): web_url("index.php") started  	[MsgId: MMSG-26355]
Action.c(27): Warning -26665: HTTP Status Code is missing or invalid. Assuming "200 OK"  	[MsgId: MWAR-26665]
Action.c(27): Error -35049: No match found for the requested parameter "controller". Check whether the requested regular expression exists in the response data  	[MsgId: MERR-35049]
Action.c(27): Error -26366: "Text=Already registered" not found for web_reg_find  	[MsgId: MERR-26366]
End auto log messages stack.	[MsgId: MMSG-10544]


Start auto log messages stack - Iteration 45.	[MsgId: MMSG-10545]
Action.c(129): Warning -26665: HTTP Status Code is missing or invalid. Assuming "200 OK"  	[MsgId: MWAR-26665]
Action.c(129): web_submit_data("index.php_3") highest severity level was "warning", 288 body bytes, 487 header bytes, 5 chunking overhead bytes  	[MsgId: MMSG-26387]
Action.c(158): Notify: Transaction "4_new_adress" ended with a "Pass" status (Duration: 15,8985 Wasted Time: 0,0014).	[MsgId: MMSG-16871]
Action.c(160): Notify: Transaction "5_logout" started.	[MsgId: MMSG-16999]
Action.c(162): web_reg_find started  	[MsgId: MMSG-26355]
Action.c(162): Registering web_reg_find was successful  	[MsgId: MMSG-26390]
Action.c(166): web_url("Sign out") started  	[MsgId: MMSG-26355]
Action.c(166): Warning -26665: HTTP Status Code is missing or invalid. Assuming "200 OK"  	[MsgId: MWAR-26665]
Action.c(166): Error -26366: "Text=Already registered" not found for web_reg_find  	[MsgId: MERR-26366]
End auto log messages stack.	[MsgId: MMSG-10544]


Start auto log messages stack - Iteration 46.	[MsgId: MMSG-10545]
Starting action Action.	[MsgId: MMSG-15919]
Action.c(6): Notify: Transaction "1_begin" started.	[MsgId: MMSG-16999]
Action.c(14): web_reg_save_param_regexp started  	[MsgId: MMSG-26355]
Action.c(14): Registering web_reg_save_param_regexp was successful  	[MsgId: MMSG-26390]
Action.c(23): web_reg_find started  	[MsgId: MMSG-26355]
Action.c(23): Registering web_reg_find was successful  	[MsgId: MMSG-26390]
Action.c(27): web_url("index.php") started  	[MsgId: MMSG-26355]
Action.c(27): Warning -26665: HTTP Status Code is missing or invalid. Assuming "200 OK"  	[MsgId: MWAR-26665]
Action.c(27): Error -35049: No match found for the requested parameter "controller". Check whether the requested regular expression exists in the response data  	[MsgId: MERR-35049]
Action.c(27): Error -26366: "Text=Already registered" not found for web_reg_find  	[MsgId: MERR-26366]
End auto log messages stack.	[MsgId: MMSG-10544]


Start auto log messages stack - Iteration 47.	[MsgId: MMSG-10545]
Starting action Action.	[MsgId: MMSG-15919]
Action.c(6): Notify: Transaction "1_begin" started.	[MsgId: MMSG-16999]
Action.c(14): web_reg_save_param_regexp started  	[MsgId: MMSG-26355]
Action.c(14): Registering web_reg_save_param_regexp was successful  	[MsgId: MMSG-26390]
Action.c(23): web_reg_find started  	[MsgId: MMSG-26355]
Action.c(23): Registering web_reg_find was successful  	[MsgId: MMSG-26390]
Action.c(27): web_url("index.php") started  	[MsgId: MMSG-26355]
Action.c(27): Warning -26665: HTTP Status Code is missing or invalid. Assuming "200 OK"  	[MsgId: MWAR-26665]
Action.c(27): Error -35049: No match found for the requested parameter "controller". Check whether the requested regular expression exists in the response data  	[MsgId: MERR-35049]
Action.c(27): Error -26366: "Text=Already registered" not found for web_reg_find  	[MsgId: MERR-26366]
End auto log messages stack.	[MsgId: MMSG-10544]


Start auto log messages stack - Iteration 48.	[MsgId: MMSG-10545]
Starting action Action.	[MsgId: MMSG-15919]
Action.c(6): Notify: Transaction "1_begin" started.	[MsgId: MMSG-16999]
Action.c(14): web_reg_save_param_regexp started  	[MsgId: MMSG-26355]
Action.c(14): Registering web_reg_save_param_regexp was successful  	[MsgId: MMSG-26390]
Action.c(23): web_reg_find started  	[MsgId: MMSG-26355]
Action.c(23): Registering web_reg_find was successful  	[MsgId: MMSG-26390]
Action.c(27): web_url("index.php") started  	[MsgId: MMSG-26355]
Action.c(27): Warning -26665: HTTP Status Code is missing or invalid. Assuming "200 OK"  	[MsgId: MWAR-26665]
Action.c(27): Error -35049: No match found for the requested parameter "controller". Check whether the requested regular expression exists in the response data  	[MsgId: MERR-35049]
Action.c(27): Error -26366: "Text=Already registered" not found for web_reg_find  	[MsgId: MERR-26366]
End auto log messages stack.	[MsgId: MMSG-10544]


Start auto log messages stack - Iteration 49.	[MsgId: MMSG-10545]
Starting action Action.	[MsgId: MMSG-15919]
Action.c(6): Notify: Transaction "1_begin" started.	[MsgId: MMSG-16999]
Action.c(14): web_reg_save_param_regexp started  	[MsgId: MMSG-26355]
Action.c(14): Registering web_reg_save_param_regexp was successful  	[MsgId: MMSG-26390]
Action.c(23): web_reg_find started  	[MsgId: MMSG-26355]
Action.c(23): Registering web_reg_find was successful  	[MsgId: MMSG-26390]
Action.c(27): web_url("index.php") started  	[MsgId: MMSG-26355]
Action.c(27): Warning -26665: HTTP Status Code is missing or invalid. Assuming "200 OK"  	[MsgId: MWAR-26665]
Action.c(27): Error -35049: No match found for the requested parameter "controller". Check whether the requested regular expression exists in the response data  	[MsgId: MERR-35049]
Action.c(27): Error -26366: "Text=Already registered" not found for web_reg_find  	[MsgId: MERR-26366]
End auto log messages stack.	[MsgId: MMSG-10544]


Start auto log messages stack - Iteration 45.	[MsgId: MMSG-10545]
Action.c(129): Resource "http://automationpractice.com/img/c/3-1_thumb.jpg" is in the cache already and will not be downloaded again  	[MsgId: MMSG-26655]
Action.c(129): web_submit_data("index.php_3") was successful, 244886 body bytes, 561 header bytes, 250 chunking overhead bytes  	[MsgId: MMSG-26385]
Action.c(158): Notify: Transaction "4_new_adress" ended with a "Pass" status (Duration: 30,3291 Wasted Time: 0,0007).	[MsgId: MMSG-16871]
Action.c(160): Notify: Transaction "5_logout" started.	[MsgId: MMSG-16999]
Action.c(162): web_reg_find started  	[MsgId: MMSG-26355]
Action.c(162): Registering web_reg_find was successful  	[MsgId: MMSG-26390]
Action.c(166): web_url("Sign out") started  	[MsgId: MMSG-26355]
Action.c(166): Warning -26665: HTTP Status Code is missing or invalid. Assuming "200 OK"  	[MsgId: MWAR-26665]
Action.c(166): Error -26366: "Text=Already registered" not found for web_reg_find  	[MsgId: MERR-26366]
End auto log messages stack.	[MsgId: MMSG-10544]


Start auto log messages stack - Iteration 58.	[MsgId: MMSG-10545]
Action.c(160): Notify: Transaction "5_logout" started.	[MsgId: MMSG-16999]
Action.c(162): web_reg_find started  	[MsgId: MMSG-26355]
Action.c(162): Registering web_reg_find was successful  	[MsgId: MMSG-26390]
Action.c(166): web_url("Sign out") started  	[MsgId: MMSG-26355]
Action.c(166): Redirecting "http://automationpractice.com/index.php?mylogout=" (redirection depth is 0)  	[MsgId: MMSG-26694]
Action.c(166): To location "http://automationpractice.com/index.php?controller=addresses"  	[MsgId: MMSG-26693]
Action.c(166): Redirecting "http://automationpractice.com/index.php?controller=addresses" (redirection depth is 1)  	[MsgId: MMSG-26694]
Action.c(166): To location "http://automationpractice.com/index.php?controller=authentication&back=addresses"  	[MsgId: MMSG-26693]
Action.c(166): Error -27792: Failed to connect to server "automationpractice.com:80": [10060] Connection timed out  	[MsgId: MERR-27792]
Action.c(166): Error -26366: "Text=Already registered" not found for web_reg_find  	[MsgId: MERR-26366]
Action.c(166): Error -26374: The above "not found" error(s) may be explained by header and body byte counts being 912 and 0, respectively.  	[MsgId: MERR-26374]
End auto log messages stack.	[MsgId: MMSG-10544]


Start auto log messages stack - Iteration 59.	[MsgId: MMSG-10545]
Starting action Action.	[MsgId: MMSG-15919]
Action.c(6): Notify: Transaction "1_begin" started.	[MsgId: MMSG-16999]
Action.c(14): web_reg_save_param_regexp started  	[MsgId: MMSG-26355]
Action.c(14): Registering web_reg_save_param_regexp was successful  	[MsgId: MMSG-26390]
Action.c(23): web_reg_find started  	[MsgId: MMSG-26355]
Action.c(23): Registering web_reg_find was successful  	[MsgId: MMSG-26390]
Action.c(27): web_url("index.php") started  	[MsgId: MMSG-26355]
Action.c(27): Error -27792: Failed to connect to server "automationpractice.com:80": [10060] Connection timed out  	[MsgId: MERR-27792]
Action.c(27): Error -35049: No match found for the requested parameter "controller". Check whether the requested regular expression exists in the response data  	[MsgId: MERR-35049]
Action.c(27): Error -26366: "Text=Already registered" not found for web_reg_find  	[MsgId: MERR-26366]
Action.c(27): Error -26374: The above "not found" error(s) may be explained by header and body byte counts being 0 and 0, respectively.  	[MsgId: MERR-26374]
End auto log messages stack.	[MsgId: MMSG-10544]


Start auto log messages stack - Iteration 46.	[MsgId: MMSG-10545]
Action.c(118): Resource "http://automationpractice.com/img/c/3-1_thumb.jpg" is in the cache already and will not be downloaded again  	[MsgId: MMSG-26655]
Action.c(118): Registered web_reg_find successful for "Text=To add a new address, please fill out the form below" (count=1)  	[MsgId: MMSG-26364]
Action.c(118): web_url("Add a new address") was successful, 37535 body bytes, 252 header bytes, 37 chunking overhead bytes  	[MsgId: MMSG-26385]
Action.c(129): web_submit_data("index.php_3") started  	[MsgId: MMSG-26355]
Action.c(129): Redirecting "http://automationpractice.com/index.php?controller=address" (redirection depth is 0)  	[MsgId: MMSG-26694]
Action.c(129): To location "http://automationpractice.com/index.php?controller=addresses"  	[MsgId: MMSG-26693]
Action.c(129): Error -27721: Step download timeout (120 seconds) has expired when downloading resource "http://automationpractice.com/index.php?controller=addresses"  	[MsgId: MERR-27721]
End auto log messages stack.	[MsgId: MMSG-10544]


Start auto log messages stack - Iteration 52.	[MsgId: MMSG-10545]
Starting action Action.	[MsgId: MMSG-15919]
Action.c(6): Notify: Transaction "1_begin" started.	[MsgId: MMSG-16999]
Action.c(14): web_reg_save_param_regexp started  	[MsgId: MMSG-26355]
Action.c(14): Registering web_reg_save_param_regexp was successful  	[MsgId: MMSG-26390]
Action.c(23): web_reg_find started  	[MsgId: MMSG-26355]
Action.c(23): Registering web_reg_find was successful  	[MsgId: MMSG-26390]
Action.c(27): web_url("index.php") started  	[MsgId: MMSG-26355]
Action.c(27): Warning -26665: HTTP Status Code is missing or invalid. Assuming "200 OK"  	[MsgId: MWAR-26665]
Action.c(27): Error -35049: No match found for the requested parameter "controller". Check whether the requested regular expression exists in the response data  	[MsgId: MERR-35049]
Action.c(27): Error -26366: "Text=Already registered" not found for web_reg_find  	[MsgId: MERR-26366]
End auto log messages stack.	[MsgId: MMSG-10544]


Start auto log messages stack - Iteration 62.	[MsgId: MMSG-10545]
Action.c(27): web_url("index.php") was successful, 753402 body bytes, 15035 header bytes, 53 chunking overhead bytes  	[MsgId: MMSG-26385]
Action.c(37): Notify: Transaction "1_begin" ended with a "Pass" status (Duration: 8,1199 Wasted Time: 0,0030).	[MsgId: MMSG-16871]
Action.c(39): Notify: Transaction "2_login" started.	[MsgId: MMSG-16999]
Action.c(47): web_reg_save_param_regexp started  	[MsgId: MMSG-26355]
Action.c(47): Registering web_reg_save_param_regexp was successful  	[MsgId: MMSG-26390]
Action.c(57): web_reg_find started  	[MsgId: MMSG-26355]
Action.c(57): Registering web_reg_find was successful  	[MsgId: MMSG-26390]
Action.c(61): web_submit_data("index.php_2") started  	[MsgId: MMSG-26355]
Action.c(61): Warning -26665: HTTP Status Code is missing or invalid. Assuming "200 OK"  	[MsgId: MWAR-26665]
Action.c(61): Error -35049: No match found for the requested parameter "token". Check whether the requested regular expression exists in the response data  	[MsgId: MERR-35049]
Action.c(61): Error -26366: "Text=Sign out" not found for web_reg_find  	[MsgId: MERR-26366]
End auto log messages stack.	[MsgId: MMSG-10544]


Start auto log messages stack - Iteration 63.	[MsgId: MMSG-10545]
Starting action Action.	[MsgId: MMSG-15919]
Action.c(6): Notify: Transaction "1_begin" started.	[MsgId: MMSG-16999]
Action.c(14): web_reg_save_param_regexp started  	[MsgId: MMSG-26355]
Action.c(14): Registering web_reg_save_param_regexp was successful  	[MsgId: MMSG-26390]
Action.c(23): web_reg_find started  	[MsgId: MMSG-26355]
Action.c(23): Registering web_reg_find was successful  	[MsgId: MMSG-26390]
Action.c(27): web_url("index.php") started  	[MsgId: MMSG-26355]
Action.c(27): Warning -26665: HTTP Status Code is missing or invalid. Assuming "200 OK"  	[MsgId: MWAR-26665]
Action.c(27): Error -35049: No match found for the requested parameter "controller". Check whether the requested regular expression exists in the response data  	[MsgId: MERR-35049]
Action.c(27): Error -26366: "Text=Already registered" not found for web_reg_find  	[MsgId: MERR-26366]
End auto log messages stack.	[MsgId: MMSG-10544]


Start auto log messages stack - Iteration 56.	[MsgId: MMSG-10545]
Action.c(27): web_url("index.php") was successful, 753402 body bytes, 15031 header bytes, 53 chunking overhead bytes  	[MsgId: MMSG-26385]
Action.c(37): Notify: Transaction "1_begin" ended with a "Pass" status (Duration: 8,1213 Wasted Time: 0,0032).	[MsgId: MMSG-16871]
Action.c(39): Notify: Transaction "2_login" started.	[MsgId: MMSG-16999]
Action.c(47): web_reg_save_param_regexp started  	[MsgId: MMSG-26355]
Action.c(47): Registering web_reg_save_param_regexp was successful  	[MsgId: MMSG-26390]
Action.c(57): web_reg_find started  	[MsgId: MMSG-26355]
Action.c(57): Registering web_reg_find was successful  	[MsgId: MMSG-26390]
Action.c(61): web_submit_data("index.php_2") started  	[MsgId: MMSG-26355]
Action.c(61): Warning -26665: HTTP Status Code is missing or invalid. Assuming "200 OK"  	[MsgId: MWAR-26665]
Action.c(61): Error -35049: No match found for the requested parameter "token". Check whether the requested regular expression exists in the response data  	[MsgId: MERR-35049]
Action.c(61): Error -26366: "Text=Sign out" not found for web_reg_find  	[MsgId: MERR-26366]
End auto log messages stack.	[MsgId: MMSG-10544]


Start auto log messages stack - Iteration 57.	[MsgId: MMSG-10545]
Starting action Action.	[MsgId: MMSG-15919]
Action.c(6): Notify: Transaction "1_begin" started.	[MsgId: MMSG-16999]
Action.c(14): web_reg_save_param_regexp started  	[MsgId: MMSG-26355]
Action.c(14): Registering web_reg_save_param_regexp was successful  	[MsgId: MMSG-26390]
Action.c(23): web_reg_find started  	[MsgId: MMSG-26355]
Action.c(23): Registering web_reg_find was successful  	[MsgId: MMSG-26390]
Action.c(27): web_url("index.php") started  	[MsgId: MMSG-26355]
Action.c(27): Warning -26665: HTTP Status Code is missing or invalid. Assuming "200 OK"  	[MsgId: MWAR-26665]
Action.c(27): Error -35049: No match found for the requested parameter "controller". Check whether the requested regular expression exists in the response data  	[MsgId: MERR-35049]
Action.c(27): Error -26366: "Text=Already registered" not found for web_reg_find  	[MsgId: MERR-26366]
End auto log messages stack.	[MsgId: MMSG-10544]


Start auto log messages stack - Iteration 58.	[MsgId: MMSG-10545]
Action.c(129): web_submit_data("index.php_3") started  	[MsgId: MMSG-26355]
Action.c(129): Warning -26665: HTTP Status Code is missing or invalid. Assuming "200 OK"  	[MsgId: MWAR-26665]
Action.c(129): web_submit_data("index.php_3") highest severity level was "warning", 288 body bytes, 204 header bytes  	[MsgId: MMSG-26388]
Action.c(158): Notify: Transaction "4_new_adress" ended with a "Pass" status (Duration: 7,6745 Wasted Time: 0,0007).	[MsgId: MMSG-16871]
Action.c(160): Notify: Transaction "5_logout" started.	[MsgId: MMSG-16999]
Action.c(162): web_reg_find started  	[MsgId: MMSG-26355]
Action.c(162): Registering web_reg_find was successful  	[MsgId: MMSG-26390]
Action.c(166): web_url("Sign out") started  	[MsgId: MMSG-26355]
Action.c(166): Warning -26665: HTTP Status Code is missing or invalid. Assuming "200 OK"  	[MsgId: MWAR-26665]
Action.c(166): Error -26366: "Text=Already registered" not found for web_reg_find  	[MsgId: MERR-26366]
End auto log messages stack.	[MsgId: MMSG-10544]


Start auto log messages stack - Iteration 71.	[MsgId: MMSG-10545]
Action.c(85): web_url("My addresses") was successful, 248235 body bytes, 519 header bytes, 245 chunking overhead bytes  	[MsgId: MMSG-26385]
Action.c(95): Notify: Transaction "3_adress" ended with a "Pass" status (Duration: 9,2347 Wasted Time: 0,0009).	[MsgId: MMSG-16871]
Action.c(98): Notify: Transaction "4_new_adress" started.	[MsgId: MMSG-16999]
Action.c(106): web_reg_save_param_regexp started  	[MsgId: MMSG-26355]
Action.c(106): Registering web_reg_save_param_regexp was successful  	[MsgId: MMSG-26390]
Action.c(114): web_reg_find started  	[MsgId: MMSG-26355]
Action.c(114): Registering web_reg_find was successful  	[MsgId: MMSG-26390]
Action.c(118): web_url("Add a new address") started  	[MsgId: MMSG-26355]
Action.c(118): Warning -26665: HTTP Status Code is missing or invalid. Assuming "200 OK"  	[MsgId: MWAR-26665]
Action.c(118): Error -35049: No match found for the requested parameter "controller_1". Check whether the requested regular expression exists in the response data  	[MsgId: MERR-35049]
Action.c(118): Error -26366: "Text=To add a new address, please fill out the form below" not found for web_reg_find  	[MsgId: MERR-26366]
End auto log messages stack.	[MsgId: MMSG-10544]


Start auto log messages stack - Iteration 72.	[MsgId: MMSG-10545]
Starting action Action.	[MsgId: MMSG-15919]
Action.c(6): Notify: Transaction "1_begin" started.	[MsgId: MMSG-16999]
Action.c(14): web_reg_save_param_regexp started  	[MsgId: MMSG-26355]
Action.c(14): Registering web_reg_save_param_regexp was successful  	[MsgId: MMSG-26390]
Action.c(23): web_reg_find started  	[MsgId: MMSG-26355]
Action.c(23): Registering web_reg_find was successful  	[MsgId: MMSG-26390]
Action.c(27): web_url("index.php") started  	[MsgId: MMSG-26355]
Action.c(27): Warning -26665: HTTP Status Code is missing or invalid. Assuming "200 OK"  	[MsgId: MWAR-26665]
Action.c(27): Error -35049: No match found for the requested parameter "controller". Check whether the requested regular expression exists in the response data  	[MsgId: MERR-35049]
Action.c(27): Error -26366: "Text=Already registered" not found for web_reg_find  	[MsgId: MERR-26366]
End auto log messages stack.	[MsgId: MMSG-10544]


Start auto log messages stack - Iteration 73.	[MsgId: MMSG-10545]
Action.c(85): web_url("My addresses") was successful, 248235 body bytes, 519 header bytes, 245 chunking overhead bytes  	[MsgId: MMSG-26385]
Action.c(95): Notify: Transaction "3_adress" ended with a "Pass" status (Duration: 11,6567 Wasted Time: 0,0007).	[MsgId: MMSG-16871]
Action.c(98): Notify: Transaction "4_new_adress" started.	[MsgId: MMSG-16999]
Action.c(106): web_reg_save_param_regexp started  	[MsgId: MMSG-26355]
Action.c(106): Registering web_reg_save_param_regexp was successful  	[MsgId: MMSG-26390]
Action.c(114): web_reg_find started  	[MsgId: MMSG-26355]
Action.c(114): Registering web_reg_find was successful  	[MsgId: MMSG-26390]
Action.c(118): web_url("Add a new address") started  	[MsgId: MMSG-26355]
Action.c(118): Warning -26665: HTTP Status Code is missing or invalid. Assuming "200 OK"  	[MsgId: MWAR-26665]
Action.c(118): Error -35049: No match found for the requested parameter "controller_1". Check whether the requested regular expression exists in the response data  	[MsgId: MERR-35049]
Action.c(118): Error -26366: "Text=To add a new address, please fill out the form below" not found for web_reg_find  	[MsgId: MERR-26366]
End auto log messages stack.	[MsgId: MMSG-10544]


Start auto log messages stack - Iteration 59.	[MsgId: MMSG-10545]
Action.c(129): Resource "http://automationpractice.com/img/c/3-1_thumb.jpg" is in the cache already and will not be downloaded again  	[MsgId: MMSG-26655]
Action.c(129): web_submit_data("index.php_3") was successful, 277738 body bytes, 561 header bytes, 282 chunking overhead bytes  	[MsgId: MMSG-26385]
Action.c(158): Notify: Transaction "4_new_adress" ended with a "Pass" status (Duration: 16,7712 Wasted Time: 0,0006).	[MsgId: MMSG-16871]
Action.c(160): Notify: Transaction "5_logout" started.	[MsgId: MMSG-16999]
Action.c(162): web_reg_find started  	[MsgId: MMSG-26355]
Action.c(162): Registering web_reg_find was successful  	[MsgId: MMSG-26390]
Action.c(166): web_url("Sign out") started  	[MsgId: MMSG-26355]
Action.c(166): Warning -26665: HTTP Status Code is missing or invalid. Assuming "200 OK"  	[MsgId: MWAR-26665]
Action.c(166): Error -26366: "Text=Already registered" not found for web_reg_find  	[MsgId: MERR-26366]
End auto log messages stack.	[MsgId: MMSG-10544]


Start auto log messages stack - Iteration 60.	[MsgId: MMSG-10545]
Starting action Action.	[MsgId: MMSG-15919]
Action.c(6): Notify: Transaction "1_begin" started.	[MsgId: MMSG-16999]
Action.c(14): web_reg_save_param_regexp started  	[MsgId: MMSG-26355]
Action.c(14): Registering web_reg_save_param_regexp was successful  	[MsgId: MMSG-26390]
Action.c(23): web_reg_find started  	[MsgId: MMSG-26355]
Action.c(23): Registering web_reg_find was successful  	[MsgId: MMSG-26390]
Action.c(27): web_url("index.php") started  	[MsgId: MMSG-26355]
Action.c(27): Warning -26665: HTTP Status Code is missing or invalid. Assuming "200 OK"  	[MsgId: MWAR-26665]
Action.c(27): Error -35049: No match found for the requested parameter "controller". Check whether the requested regular expression exists in the response data  	[MsgId: MERR-35049]
Action.c(27): Error -26366: "Text=Already registered" not found for web_reg_find  	[MsgId: MERR-26366]
End auto log messages stack.	[MsgId: MMSG-10544]


Start auto log messages stack - Iteration 61.	[MsgId: MMSG-10545]
Starting action Action.	[MsgId: MMSG-15919]
Action.c(6): Notify: Transaction "1_begin" started.	[MsgId: MMSG-16999]
Action.c(14): web_reg_save_param_regexp started  	[MsgId: MMSG-26355]
Action.c(14): Registering web_reg_save_param_regexp was successful  	[MsgId: MMSG-26390]
Action.c(23): web_reg_find started  	[MsgId: MMSG-26355]
Action.c(23): Registering web_reg_find was successful  	[MsgId: MMSG-26390]
Action.c(27): web_url("index.php") started  	[MsgId: MMSG-26355]
Action.c(27): Warning -26665: HTTP Status Code is missing or invalid. Assuming "200 OK"  	[MsgId: MWAR-26665]
Action.c(27): Error -35049: No match found for the requested parameter "controller". Check whether the requested regular expression exists in the response data  	[MsgId: MERR-35049]
Action.c(27): Error -26366: "Text=Already registered" not found for web_reg_find  	[MsgId: MERR-26366]
End auto log messages stack.	[MsgId: MMSG-10544]


Start auto log messages stack - Iteration 62.	[MsgId: MMSG-10545]
Starting action Action.	[MsgId: MMSG-15919]
Action.c(6): Notify: Transaction "1_begin" started.	[MsgId: MMSG-16999]
Action.c(14): web_reg_save_param_regexp started  	[MsgId: MMSG-26355]
Action.c(14): Registering web_reg_save_param_regexp was successful  	[MsgId: MMSG-26390]
Action.c(23): web_reg_find started  	[MsgId: MMSG-26355]
Action.c(23): Registering web_reg_find was successful  	[MsgId: MMSG-26390]
Action.c(27): web_url("index.php") started  	[MsgId: MMSG-26355]
Action.c(27): Warning -26665: HTTP Status Code is missing or invalid. Assuming "200 OK"  	[MsgId: MWAR-26665]
Action.c(27): Error -35049: No match found for the requested parameter "controller". Check whether the requested regular expression exists in the response data  	[MsgId: MERR-35049]
Action.c(27): Error -26366: "Text=Already registered" not found for web_reg_find  	[MsgId: MERR-26366]
End auto log messages stack.	[MsgId: MMSG-10544]


Start auto log messages stack - Iteration 63.	[MsgId: MMSG-10545]
Starting action Action.	[MsgId: MMSG-15919]
Action.c(6): Notify: Transaction "1_begin" started.	[MsgId: MMSG-16999]
Action.c(14): web_reg_save_param_regexp started  	[MsgId: MMSG-26355]
Action.c(14): Registering web_reg_save_param_regexp was successful  	[MsgId: MMSG-26390]
Action.c(23): web_reg_find started  	[MsgId: MMSG-26355]
Action.c(23): Registering web_reg_find was successful  	[MsgId: MMSG-26390]
Action.c(27): web_url("index.php") started  	[MsgId: MMSG-26355]
Action.c(27): Warning -26665: HTTP Status Code is missing or invalid. Assuming "200 OK"  	[MsgId: MWAR-26665]
Action.c(27): Error -35049: No match found for the requested parameter "controller". Check whether the requested regular expression exists in the response data  	[MsgId: MERR-35049]
Action.c(27): Error -26366: "Text=Already registered" not found for web_reg_find  	[MsgId: MERR-26366]
End auto log messages stack.	[MsgId: MMSG-10544]


Start auto log messages stack - Iteration 64.	[MsgId: MMSG-10545]
Starting action Action.	[MsgId: MMSG-15919]
Action.c(6): Notify: Transaction "1_begin" started.	[MsgId: MMSG-16999]
Action.c(14): web_reg_save_param_regexp started  	[MsgId: MMSG-26355]
Action.c(14): Registering web_reg_save_param_regexp was successful  	[MsgId: MMSG-26390]
Action.c(23): web_reg_find started  	[MsgId: MMSG-26355]
Action.c(23): Registering web_reg_find was successful  	[MsgId: MMSG-26390]
Action.c(27): web_url("index.php") started  	[MsgId: MMSG-26355]
Action.c(27): Warning -26665: HTTP Status Code is missing or invalid. Assuming "200 OK"  	[MsgId: MWAR-26665]
Action.c(27): Error -35049: No match found for the requested parameter "controller". Check whether the requested regular expression exists in the response data  	[MsgId: MERR-35049]
Action.c(27): Error -26366: "Text=Already registered" not found for web_reg_find  	[MsgId: MERR-26366]
End auto log messages stack.	[MsgId: MMSG-10544]


Start auto log messages stack - Iteration 75.	[MsgId: MMSG-10545]
Action.c(85): web_url("My addresses") was successful, 251237 body bytes, 519 header bytes, 252 chunking overhead bytes  	[MsgId: MMSG-26385]
Action.c(95): Notify: Transaction "3_adress" ended with a "Pass" status (Duration: 10,1888 Wasted Time: 0,0006).	[MsgId: MMSG-16871]
Action.c(98): Notify: Transaction "4_new_adress" started.	[MsgId: MMSG-16999]
Action.c(106): web_reg_save_param_regexp started  	[MsgId: MMSG-26355]
Action.c(106): Registering web_reg_save_param_regexp was successful  	[MsgId: MMSG-26390]
Action.c(114): web_reg_find started  	[MsgId: MMSG-26355]
Action.c(114): Registering web_reg_find was successful  	[MsgId: MMSG-26390]
Action.c(118): web_url("Add a new address") started  	[MsgId: MMSG-26355]
Action.c(118): Warning -26665: HTTP Status Code is missing or invalid. Assuming "200 OK"  	[MsgId: MWAR-26665]
Action.c(118): Error -35049: No match found for the requested parameter "controller_1". Check whether the requested regular expression exists in the response data  	[MsgId: MERR-35049]
Action.c(118): Error -26366: "Text=To add a new address, please fill out the form below" not found for web_reg_find  	[MsgId: MERR-26366]
End auto log messages stack.	[MsgId: MMSG-10544]


Start auto log messages stack - Iteration 76.	[MsgId: MMSG-10545]
Starting action Action.	[MsgId: MMSG-15919]
Action.c(6): Notify: Transaction "1_begin" started.	[MsgId: MMSG-16999]
Action.c(14): web_reg_save_param_regexp started  	[MsgId: MMSG-26355]
Action.c(14): Registering web_reg_save_param_regexp was successful  	[MsgId: MMSG-26390]
Action.c(23): web_reg_find started  	[MsgId: MMSG-26355]
Action.c(23): Registering web_reg_find was successful  	[MsgId: MMSG-26390]
Action.c(27): web_url("index.php") started  	[MsgId: MMSG-26355]
Action.c(27): Warning -26665: HTTP Status Code is missing or invalid. Assuming "200 OK"  	[MsgId: MWAR-26665]
Action.c(27): Error -35049: No match found for the requested parameter "controller". Check whether the requested regular expression exists in the response data  	[MsgId: MERR-35049]
Action.c(27): Error -26366: "Text=Already registered" not found for web_reg_find  	[MsgId: MERR-26366]
End auto log messages stack.	[MsgId: MMSG-10544]


Start auto log messages stack - Iteration 66.	[MsgId: MMSG-10545]
Action.c(158): Notify: Transaction "4_new_adress" ended with a "Pass" status (Duration: 18,3223 Wasted Time: 0,0008).	[MsgId: MMSG-16871]
Action.c(160): Notify: Transaction "5_logout" started.	[MsgId: MMSG-16999]
Action.c(162): web_reg_find started  	[MsgId: MMSG-26355]
Action.c(162): Registering web_reg_find was successful  	[MsgId: MMSG-26390]
Action.c(166): web_url("Sign out") started  	[MsgId: MMSG-26355]
Action.c(166): Redirecting "http://automationpractice.com/index.php?mylogout=" (redirection depth is 0)  	[MsgId: MMSG-26694]
Action.c(166): To location "http://automationpractice.com/index.php?controller=addresses"  	[MsgId: MMSG-26693]
Action.c(166): Warning -26665: HTTP Status Code is missing or invalid. Assuming "200 OK"  	[MsgId: MWAR-26665]
Action.c(166): Error -26366: "Text=Already registered" not found for web_reg_find  	[MsgId: MERR-26366]
End auto log messages stack.	[MsgId: MMSG-10544]


Start auto log messages stack - Iteration 67.	[MsgId: MMSG-10545]
Starting action Action.	[MsgId: MMSG-15919]
Action.c(6): Notify: Transaction "1_begin" started.	[MsgId: MMSG-16999]
Action.c(14): web_reg_save_param_regexp started  	[MsgId: MMSG-26355]
Action.c(14): Registering web_reg_save_param_regexp was successful  	[MsgId: MMSG-26390]
Action.c(23): web_reg_find started  	[MsgId: MMSG-26355]
Action.c(23): Registering web_reg_find was successful  	[MsgId: MMSG-26390]
Action.c(27): web_url("index.php") started  	[MsgId: MMSG-26355]
Action.c(27): Warning -26665: HTTP Status Code is missing or invalid. Assuming "200 OK"  	[MsgId: MWAR-26665]
Action.c(27): Error -35049: No match found for the requested parameter "controller". Check whether the requested regular expression exists in the response data  	[MsgId: MERR-35049]
Action.c(27): Error -26366: "Text=Already registered" not found for web_reg_find  	[MsgId: MERR-26366]
End auto log messages stack.	[MsgId: MMSG-10544]


Start auto log messages stack - Iteration 68.	[MsgId: MMSG-10545]
Starting action Action.	[MsgId: MMSG-15919]
Action.c(6): Notify: Transaction "1_begin" started.	[MsgId: MMSG-16999]
Action.c(14): web_reg_save_param_regexp started  	[MsgId: MMSG-26355]
Action.c(14): Registering web_reg_save_param_regexp was successful  	[MsgId: MMSG-26390]
Action.c(23): web_reg_find started  	[MsgId: MMSG-26355]
Action.c(23): Registering web_reg_find was successful  	[MsgId: MMSG-26390]
Action.c(27): web_url("index.php") started  	[MsgId: MMSG-26355]
Action.c(27): Warning -26665: HTTP Status Code is missing or invalid. Assuming "200 OK"  	[MsgId: MWAR-26665]
Action.c(27): Error -35049: No match found for the requested parameter "controller". Check whether the requested regular expression exists in the response data  	[MsgId: MERR-35049]
Action.c(27): Error -26366: "Text=Already registered" not found for web_reg_find  	[MsgId: MERR-26366]
End auto log messages stack.	[MsgId: MMSG-10544]


Start auto log messages stack - Iteration 69.	[MsgId: MMSG-10545]
Starting action Action.	[MsgId: MMSG-15919]
Action.c(6): Notify: Transaction "1_begin" started.	[MsgId: MMSG-16999]
Action.c(14): web_reg_save_param_regexp started  	[MsgId: MMSG-26355]
Action.c(14): Registering web_reg_save_param_regexp was successful  	[MsgId: MMSG-26390]
Action.c(23): web_reg_find started  	[MsgId: MMSG-26355]
Action.c(23): Registering web_reg_find was successful  	[MsgId: MMSG-26390]
Action.c(27): web_url("index.php") started  	[MsgId: MMSG-26355]
Action.c(27): Warning -26665: HTTP Status Code is missing or invalid. Assuming "200 OK"  	[MsgId: MWAR-26665]
Action.c(27): Error -35049: No match found for the requested parameter "controller". Check whether the requested regular expression exists in the response data  	[MsgId: MERR-35049]
Action.c(27): Error -26366: "Text=Already registered" not found for web_reg_find  	[MsgId: MERR-26366]
End auto log messages stack.	[MsgId: MMSG-10544]


Start auto log messages stack - Iteration 70.	[MsgId: MMSG-10545]
Starting action Action.	[MsgId: MMSG-15919]
Action.c(6): Notify: Transaction "1_begin" started.	[MsgId: MMSG-16999]
Action.c(14): web_reg_save_param_regexp started  	[MsgId: MMSG-26355]
Action.c(14): Registering web_reg_save_param_regexp was successful  	[MsgId: MMSG-26390]
Action.c(23): web_reg_find started  	[MsgId: MMSG-26355]
Action.c(23): Registering web_reg_find was successful  	[MsgId: MMSG-26390]
Action.c(27): web_url("index.php") started  	[MsgId: MMSG-26355]
Action.c(27): Warning -26665: HTTP Status Code is missing or invalid. Assuming "200 OK"  	[MsgId: MWAR-26665]
Action.c(27): Error -35049: No match found for the requested parameter "controller". Check whether the requested regular expression exists in the response data  	[MsgId: MERR-35049]
Action.c(27): Error -26366: "Text=Already registered" not found for web_reg_find  	[MsgId: MERR-26366]
End auto log messages stack.	[MsgId: MMSG-10544]


