Start auto log messages stack - Iteration 4.	[MsgId: MMSG-10545]
Action.c(85): web_url("My addresses") was successful, 125840 body bytes, 519 header bytes, 125 chunking overhead bytes  	[MsgId: MMSG-26385]
Action.c(95): Notify: Transaction "3_adress" ended with a "Pass" status (Duration: 10,9656 Wasted Time: 0,0004).	[MsgId: MMSG-16871]
Action.c(98): Notify: Transaction "4_new_adress" started.	[MsgId: MMSG-16999]
Action.c(106): web_reg_save_param_regexp started  	[MsgId: MMSG-26355]
Action.c(106): Registering web_reg_save_param_regexp was successful  	[MsgId: MMSG-26390]
Action.c(114): web_reg_find started  	[MsgId: MMSG-26355]
Action.c(114): Registering web_reg_find was successful  	[MsgId: MMSG-26390]
Action.c(118): web_url("Add a new address") started  	[MsgId: MMSG-26355]
Action.c(118): Warning -26665: HTTP Status Code is missing or invalid. Assuming "200 OK"  	[MsgId: MWAR-26665]
Action.c(118): Error -35049: No match found for the requested parameter "controller_1". Check whether the requested regular expression exists in the response data  	[MsgId: MERR-35049]
Action.c(118): Error -26366: "Text=To add a new address, please fill out the form below" not found for web_reg_find  	[MsgId: MERR-26366]
End auto log messages stack.	[MsgId: MMSG-10544]


Start auto log messages stack - Iteration 2.	[MsgId: MMSG-10545]
Action.c(129): Warning -26665: HTTP Status Code is missing or invalid. Assuming "200 OK"  	[MsgId: MWAR-26665]
Action.c(129): web_submit_data("index.php_3") highest severity level was "warning", 288 body bytes, 487 header bytes, 5 chunking overhead bytes  	[MsgId: MMSG-26387]
Action.c(158): Notify: Transaction "4_new_adress" ended with a "Pass" status (Duration: 20,4484 Wasted Time: 0,0010).	[MsgId: MMSG-16871]
Action.c(160): Notify: Transaction "5_logout" started.	[MsgId: MMSG-16999]
Action.c(162): web_reg_find started  	[MsgId: MMSG-26355]
Action.c(162): Registering web_reg_find was successful  	[MsgId: MMSG-26390]
Action.c(166): web_url("Sign out") started  	[MsgId: MMSG-26355]
Action.c(166): Warning -26665: HTTP Status Code is missing or invalid. Assuming "200 OK"  	[MsgId: MWAR-26665]
Action.c(166): Error -26366: "Text=Already registered" not found for web_reg_find  	[MsgId: MERR-26366]
End auto log messages stack.	[MsgId: MMSG-10544]


Start auto log messages stack - Iteration 3.	[MsgId: MMSG-10545]
Starting action Action.	[MsgId: MMSG-15919]
Action.c(6): Notify: Transaction "1_begin" started.	[MsgId: MMSG-16999]
Action.c(14): web_reg_save_param_regexp started  	[MsgId: MMSG-26355]
Action.c(14): Registering web_reg_save_param_regexp was successful  	[MsgId: MMSG-26390]
Action.c(23): web_reg_find started  	[MsgId: MMSG-26355]
Action.c(23): Registering web_reg_find was successful  	[MsgId: MMSG-26390]
Action.c(27): web_url("index.php") started  	[MsgId: MMSG-26355]
Action.c(27): Warning -26665: HTTP Status Code is missing or invalid. Assuming "200 OK"  	[MsgId: MWAR-26665]
Action.c(27): Error -35049: No match found for the requested parameter "controller". Check whether the requested regular expression exists in the response data  	[MsgId: MERR-35049]
Action.c(27): Error -26366: "Text=Already registered" not found for web_reg_find  	[MsgId: MERR-26366]
End auto log messages stack.	[MsgId: MMSG-10544]


Start auto log messages stack - Iteration 2.	[MsgId: MMSG-10545]
Starting action Action.	[MsgId: MMSG-15919]
Action.c(6): Notify: Transaction "1_begin" started.	[MsgId: MMSG-16999]
Action.c(14): web_reg_save_param_regexp started  	[MsgId: MMSG-26355]
Action.c(14): Registering web_reg_save_param_regexp was successful  	[MsgId: MMSG-26390]
Action.c(23): web_reg_find started  	[MsgId: MMSG-26355]
Action.c(23): Registering web_reg_find was successful  	[MsgId: MMSG-26390]
Action.c(27): web_url("index.php") started  	[MsgId: MMSG-26355]
Action.c(27): Warning -26665: HTTP Status Code is missing or invalid. Assuming "200 OK"  	[MsgId: MWAR-26665]
Action.c(27): Error -35049: No match found for the requested parameter "controller". Check whether the requested regular expression exists in the response data  	[MsgId: MERR-35049]
Action.c(27): Error -26366: "Text=Already registered" not found for web_reg_find  	[MsgId: MERR-26366]
End auto log messages stack.	[MsgId: MMSG-10544]


Start auto log messages stack - Iteration 3.	[MsgId: MMSG-10545]
Starting action Action.	[MsgId: MMSG-15919]
Action.c(6): Notify: Transaction "1_begin" started.	[MsgId: MMSG-16999]
Action.c(14): web_reg_save_param_regexp started  	[MsgId: MMSG-26355]
Action.c(14): Registering web_reg_save_param_regexp was successful  	[MsgId: MMSG-26390]
Action.c(23): web_reg_find started  	[MsgId: MMSG-26355]
Action.c(23): Registering web_reg_find was successful  	[MsgId: MMSG-26390]
Action.c(27): web_url("index.php") started  	[MsgId: MMSG-26355]
Action.c(27): Warning -26665: HTTP Status Code is missing or invalid. Assuming "200 OK"  	[MsgId: MWAR-26665]
Action.c(27): Error -35049: No match found for the requested parameter "controller". Check whether the requested regular expression exists in the response data  	[MsgId: MERR-35049]
Action.c(27): Error -26366: "Text=Already registered" not found for web_reg_find  	[MsgId: MERR-26366]
End auto log messages stack.	[MsgId: MMSG-10544]


Start auto log messages stack - Iteration 5.	[MsgId: MMSG-10545]
Action.c(47): web_reg_save_param_regexp started  	[MsgId: MMSG-26355]
Action.c(47): Registering web_reg_save_param_regexp was successful  	[MsgId: MMSG-26390]
Action.c(57): web_reg_find started  	[MsgId: MMSG-26355]
Action.c(57): Registering web_reg_find was successful  	[MsgId: MMSG-26390]
Action.c(61): web_submit_data("index.php_2") started  	[MsgId: MMSG-26355]
Action.c(61): Redirecting "http://automationpractice.com/index.php?controller=authentication" (redirection depth is 0)  	[MsgId: MMSG-26694]
Action.c(61): To location "http://automationpractice.com/index.php?controller=my-account"  	[MsgId: MMSG-26693]
Action.c(61): Warning -26665: HTTP Status Code is missing or invalid. Assuming "200 OK"  	[MsgId: MWAR-26665]
Action.c(61): Error -35049: No match found for the requested parameter "token". Check whether the requested regular expression exists in the response data  	[MsgId: MERR-35049]
Action.c(61): Error -26366: "Text=Sign out" not found for web_reg_find  	[MsgId: MERR-26366]
End auto log messages stack.	[MsgId: MMSG-10544]


Start auto log messages stack - Iteration 6.	[MsgId: MMSG-10545]
Starting action Action.	[MsgId: MMSG-15919]
Action.c(6): Notify: Transaction "1_begin" started.	[MsgId: MMSG-16999]
Action.c(14): web_reg_save_param_regexp started  	[MsgId: MMSG-26355]
Action.c(14): Registering web_reg_save_param_regexp was successful  	[MsgId: MMSG-26390]
Action.c(23): web_reg_find started  	[MsgId: MMSG-26355]
Action.c(23): Registering web_reg_find was successful  	[MsgId: MMSG-26390]
Action.c(27): web_url("index.php") started  	[MsgId: MMSG-26355]
Action.c(27): Warning -26665: HTTP Status Code is missing or invalid. Assuming "200 OK"  	[MsgId: MWAR-26665]
Action.c(27): Error -35049: No match found for the requested parameter "controller". Check whether the requested regular expression exists in the response data  	[MsgId: MERR-35049]
Action.c(27): Error -26366: "Text=Already registered" not found for web_reg_find  	[MsgId: MERR-26366]
End auto log messages stack.	[MsgId: MMSG-10544]


Start auto log messages stack - Iteration 8.	[MsgId: MMSG-10545]
Action.c(61): Registered web_reg_find successful for "Text=Sign out" (count=3)  	[MsgId: MMSG-26364]
Action.c(61): web_submit_data("index.php_2") was successful, 29353 body bytes, 2689 header bytes, 41 chunking overhead bytes  	[MsgId: MMSG-26385]
Action.c(77): Notify: Transaction "2_login" ended with a "Pass" status (Duration: 16,0741 Wasted Time: 0,0004).	[MsgId: MMSG-16871]
Action.c(79): Notify: Transaction "3_adress" started.	[MsgId: MMSG-16999]
Action.c(81): web_reg_find started  	[MsgId: MMSG-26355]
Action.c(81): Registering web_reg_find was successful  	[MsgId: MMSG-26390]
Action.c(85): web_url("My addresses") started  	[MsgId: MMSG-26355]
Action.c(85): Warning -26665: HTTP Status Code is missing or invalid. Assuming "200 OK"  	[MsgId: MWAR-26665]
Action.c(85): Error -26366: "Text=Your addresses are listed below" not found for web_reg_find  	[MsgId: MERR-26366]
End auto log messages stack.	[MsgId: MMSG-10544]


Start auto log messages stack - Iteration 9.	[MsgId: MMSG-10545]
Action.c(129): Resource "http://automationpractice.com/img/c/3-1_thumb.jpg" is in the cache already and will not be downloaded again  	[MsgId: MMSG-26655]
Action.c(129): web_submit_data("index.php_3") was successful, 131380 body bytes, 561 header bytes, 145 chunking overhead bytes  	[MsgId: MMSG-26385]
Action.c(158): Notify: Transaction "4_new_adress" ended with a "Pass" status (Duration: 28,6950 Wasted Time: 0,0007).	[MsgId: MMSG-16871]
Action.c(160): Notify: Transaction "5_logout" started.	[MsgId: MMSG-16999]
Action.c(162): web_reg_find started  	[MsgId: MMSG-26355]
Action.c(162): Registering web_reg_find was successful  	[MsgId: MMSG-26390]
Action.c(166): web_url("Sign out") started  	[MsgId: MMSG-26355]
Action.c(166): Warning -26665: HTTP Status Code is missing or invalid. Assuming "200 OK"  	[MsgId: MWAR-26665]
Action.c(166): Error -26366: "Text=Already registered" not found for web_reg_find  	[MsgId: MERR-26366]
End auto log messages stack.	[MsgId: MMSG-10544]


Start auto log messages stack - Iteration 10.	[MsgId: MMSG-10545]
Starting action Action.	[MsgId: MMSG-15919]
Action.c(6): Notify: Transaction "1_begin" started.	[MsgId: MMSG-16999]
Action.c(14): web_reg_save_param_regexp started  	[MsgId: MMSG-26355]
Action.c(14): Registering web_reg_save_param_regexp was successful  	[MsgId: MMSG-26390]
Action.c(23): web_reg_find started  	[MsgId: MMSG-26355]
Action.c(23): Registering web_reg_find was successful  	[MsgId: MMSG-26390]
Action.c(27): web_url("index.php") started  	[MsgId: MMSG-26355]
Action.c(27): Warning -26665: HTTP Status Code is missing or invalid. Assuming "200 OK"  	[MsgId: MWAR-26665]
Action.c(27): Error -35049: No match found for the requested parameter "controller". Check whether the requested regular expression exists in the response data  	[MsgId: MERR-35049]
Action.c(27): Error -26366: "Text=Already registered" not found for web_reg_find  	[MsgId: MERR-26366]
End auto log messages stack.	[MsgId: MMSG-10544]


Start auto log messages stack - Iteration 7.	[MsgId: MMSG-10545]
Action.c(129): Warning -26665: HTTP Status Code is missing or invalid. Assuming "200 OK"  	[MsgId: MWAR-26665]
Action.c(129): web_submit_data("index.php_3") highest severity level was "warning", 288 body bytes, 487 header bytes, 5 chunking overhead bytes  	[MsgId: MMSG-26387]
Action.c(158): Notify: Transaction "4_new_adress" ended with a "Pass" status (Duration: 16,9722 Wasted Time: 0,0008).	[MsgId: MMSG-16871]
Action.c(160): Notify: Transaction "5_logout" started.	[MsgId: MMSG-16999]
Action.c(162): web_reg_find started  	[MsgId: MMSG-26355]
Action.c(162): Registering web_reg_find was successful  	[MsgId: MMSG-26390]
Action.c(166): web_url("Sign out") started  	[MsgId: MMSG-26355]
Action.c(166): Warning -26665: HTTP Status Code is missing or invalid. Assuming "200 OK"  	[MsgId: MWAR-26665]
Action.c(166): Error -26366: "Text=Already registered" not found for web_reg_find  	[MsgId: MERR-26366]
End auto log messages stack.	[MsgId: MMSG-10544]


Start auto log messages stack - Iteration 8.	[MsgId: MMSG-10545]
Starting action Action.	[MsgId: MMSG-15919]
Action.c(6): Notify: Transaction "1_begin" started.	[MsgId: MMSG-16999]
Action.c(14): web_reg_save_param_regexp started  	[MsgId: MMSG-26355]
Action.c(14): Registering web_reg_save_param_regexp was successful  	[MsgId: MMSG-26390]
Action.c(23): web_reg_find started  	[MsgId: MMSG-26355]
Action.c(23): Registering web_reg_find was successful  	[MsgId: MMSG-26390]
Action.c(27): web_url("index.php") started  	[MsgId: MMSG-26355]
Action.c(27): Warning -26665: HTTP Status Code is missing or invalid. Assuming "200 OK"  	[MsgId: MWAR-26665]
Action.c(27): Error -35049: No match found for the requested parameter "controller". Check whether the requested regular expression exists in the response data  	[MsgId: MERR-35049]
Action.c(27): Error -26366: "Text=Already registered" not found for web_reg_find  	[MsgId: MERR-26366]
End auto log messages stack.	[MsgId: MMSG-10544]


Start auto log messages stack - Iteration 9.	[MsgId: MMSG-10545]
Starting action Action.	[MsgId: MMSG-15919]
Action.c(6): Notify: Transaction "1_begin" started.	[MsgId: MMSG-16999]
Action.c(14): web_reg_save_param_regexp started  	[MsgId: MMSG-26355]
Action.c(14): Registering web_reg_save_param_regexp was successful  	[MsgId: MMSG-26390]
Action.c(23): web_reg_find started  	[MsgId: MMSG-26355]
Action.c(23): Registering web_reg_find was successful  	[MsgId: MMSG-26390]
Action.c(27): web_url("index.php") started  	[MsgId: MMSG-26355]
Action.c(27): Warning -26665: HTTP Status Code is missing or invalid. Assuming "200 OK"  	[MsgId: MWAR-26665]
Action.c(27): Error -35049: No match found for the requested parameter "controller". Check whether the requested regular expression exists in the response data  	[MsgId: MERR-35049]
Action.c(27): Error -26366: "Text=Already registered" not found for web_reg_find  	[MsgId: MERR-26366]
End auto log messages stack.	[MsgId: MMSG-10544]


Start auto log messages stack - Iteration 13.	[MsgId: MMSG-10545]
Action.c(27): web_url("index.php") was successful, 753402 body bytes, 15035 header bytes, 61 chunking overhead bytes  	[MsgId: MMSG-26385]
Action.c(37): Notify: Transaction "1_begin" ended with a "Pass" status (Duration: 16,4693 Wasted Time: 0,0041).	[MsgId: MMSG-16871]
Action.c(39): Notify: Transaction "2_login" started.	[MsgId: MMSG-16999]
Action.c(47): web_reg_save_param_regexp started  	[MsgId: MMSG-26355]
Action.c(47): Registering web_reg_save_param_regexp was successful  	[MsgId: MMSG-26390]
Action.c(57): web_reg_find started  	[MsgId: MMSG-26355]
Action.c(57): Registering web_reg_find was successful  	[MsgId: MMSG-26390]
Action.c(61): web_submit_data("index.php_2") started  	[MsgId: MMSG-26355]
Action.c(61): Warning -26665: HTTP Status Code is missing or invalid. Assuming "200 OK"  	[MsgId: MWAR-26665]
Action.c(61): Error -35049: No match found for the requested parameter "token". Check whether the requested regular expression exists in the response data  	[MsgId: MERR-35049]
Action.c(61): Error -26366: "Text=Sign out" not found for web_reg_find  	[MsgId: MERR-26366]
End auto log messages stack.	[MsgId: MMSG-10544]


Start auto log messages stack - Iteration 14.	[MsgId: MMSG-10545]
Starting action Action.	[MsgId: MMSG-15919]
Action.c(6): Notify: Transaction "1_begin" started.	[MsgId: MMSG-16999]
Action.c(14): web_reg_save_param_regexp started  	[MsgId: MMSG-26355]
Action.c(14): Registering web_reg_save_param_regexp was successful  	[MsgId: MMSG-26390]
Action.c(23): web_reg_find started  	[MsgId: MMSG-26355]
Action.c(23): Registering web_reg_find was successful  	[MsgId: MMSG-26390]
Action.c(27): web_url("index.php") started  	[MsgId: MMSG-26355]
Action.c(27): Warning -26665: HTTP Status Code is missing or invalid. Assuming "200 OK"  	[MsgId: MWAR-26665]
Action.c(27): Error -35049: No match found for the requested parameter "controller". Check whether the requested regular expression exists in the response data  	[MsgId: MERR-35049]
Action.c(27): Error -26366: "Text=Already registered" not found for web_reg_find  	[MsgId: MERR-26366]
End auto log messages stack.	[MsgId: MMSG-10544]


Start auto log messages stack - Iteration 9.	[MsgId: MMSG-10545]
Starting action Action.	[MsgId: MMSG-15919]
Action.c(6): Notify: Transaction "1_begin" started.	[MsgId: MMSG-16999]
Action.c(14): web_reg_save_param_regexp started  	[MsgId: MMSG-26355]
Action.c(14): Registering web_reg_save_param_regexp was successful  	[MsgId: MMSG-26390]
Action.c(23): web_reg_find started  	[MsgId: MMSG-26355]
Action.c(23): Registering web_reg_find was successful  	[MsgId: MMSG-26390]
Action.c(27): web_url("index.php") started  	[MsgId: MMSG-26355]
Action.c(27): Warning -26665: HTTP Status Code is missing or invalid. Assuming "200 OK"  	[MsgId: MWAR-26665]
Action.c(27): Error -35049: No match found for the requested parameter "controller". Check whether the requested regular expression exists in the response data  	[MsgId: MERR-35049]
Action.c(27): Error -26366: "Text=Already registered" not found for web_reg_find  	[MsgId: MERR-26366]
End auto log messages stack.	[MsgId: MMSG-10544]


Start auto log messages stack - Iteration 16.	[MsgId: MMSG-10545]
Starting action Action.	[MsgId: MMSG-15919]
Action.c(6): Notify: Transaction "1_begin" started.	[MsgId: MMSG-16999]
Action.c(14): web_reg_save_param_regexp started  	[MsgId: MMSG-26355]
Action.c(14): Registering web_reg_save_param_regexp was successful  	[MsgId: MMSG-26390]
Action.c(23): web_reg_find started  	[MsgId: MMSG-26355]
Action.c(23): Registering web_reg_find was successful  	[MsgId: MMSG-26390]
Action.c(27): web_url("index.php") started  	[MsgId: MMSG-26355]
Action.c(27): Warning -26665: HTTP Status Code is missing or invalid. Assuming "200 OK"  	[MsgId: MWAR-26665]
Action.c(27): Error -35049: No match found for the requested parameter "controller". Check whether the requested regular expression exists in the response data  	[MsgId: MERR-35049]
Action.c(27): Error -26366: "Text=Already registered" not found for web_reg_find  	[MsgId: MERR-26366]
End auto log messages stack.	[MsgId: MMSG-10544]


Start auto log messages stack - Iteration 12.	[MsgId: MMSG-10545]
Action.c(27): web_url("index.php") was successful, 753402 body bytes, 15033 header bytes, 53 chunking overhead bytes  	[MsgId: MMSG-26385]
Action.c(37): Notify: Transaction "1_begin" ended with a "Pass" status (Duration: 17,2780 Wasted Time: 0,0042).	[MsgId: MMSG-16871]
Action.c(39): Notify: Transaction "2_login" started.	[MsgId: MMSG-16999]
Action.c(47): web_reg_save_param_regexp started  	[MsgId: MMSG-26355]
Action.c(47): Registering web_reg_save_param_regexp was successful  	[MsgId: MMSG-26390]
Action.c(57): web_reg_find started  	[MsgId: MMSG-26355]
Action.c(57): Registering web_reg_find was successful  	[MsgId: MMSG-26390]
Action.c(61): web_submit_data("index.php_2") started  	[MsgId: MMSG-26355]
Action.c(61): Warning -26665: HTTP Status Code is missing or invalid. Assuming "200 OK"  	[MsgId: MWAR-26665]
Action.c(61): Error -35049: No match found for the requested parameter "token". Check whether the requested regular expression exists in the response data  	[MsgId: MERR-35049]
Action.c(61): Error -26366: "Text=Sign out" not found for web_reg_find  	[MsgId: MERR-26366]
End auto log messages stack.	[MsgId: MMSG-10544]


Start auto log messages stack - Iteration 17.	[MsgId: MMSG-10545]
Action.c(47): web_reg_save_param_regexp started  	[MsgId: MMSG-26355]
Action.c(47): Registering web_reg_save_param_regexp was successful  	[MsgId: MMSG-26390]
Action.c(57): web_reg_find started  	[MsgId: MMSG-26355]
Action.c(57): Registering web_reg_find was successful  	[MsgId: MMSG-26390]
Action.c(61): web_submit_data("index.php_2") started  	[MsgId: MMSG-26355]
Action.c(61): Redirecting "http://automationpractice.com/index.php?controller=authentication" (redirection depth is 0)  	[MsgId: MMSG-26694]
Action.c(61): To location "http://automationpractice.com/index.php?controller=my-account"  	[MsgId: MMSG-26693]
Action.c(61): Warning -26665: HTTP Status Code is missing or invalid. Assuming "200 OK"  	[MsgId: MWAR-26665]
Action.c(61): Error -35049: No match found for the requested parameter "token". Check whether the requested regular expression exists in the response data  	[MsgId: MERR-35049]
Action.c(61): Error -26366: "Text=Sign out" not found for web_reg_find  	[MsgId: MERR-26366]
End auto log messages stack.	[MsgId: MMSG-10544]


Start auto log messages stack - Iteration 18.	[MsgId: MMSG-10545]
Action.c(47): web_reg_save_param_regexp started  	[MsgId: MMSG-26355]
Action.c(47): Registering web_reg_save_param_regexp was successful  	[MsgId: MMSG-26390]
Action.c(57): web_reg_find started  	[MsgId: MMSG-26355]
Action.c(57): Registering web_reg_find was successful  	[MsgId: MMSG-26390]
Action.c(61): web_submit_data("index.php_2") started  	[MsgId: MMSG-26355]
Action.c(61): Redirecting "http://automationpractice.com/index.php?controller=authentication" (redirection depth is 0)  	[MsgId: MMSG-26694]
Action.c(61): To location "http://automationpractice.com/index.php?controller=my-account"  	[MsgId: MMSG-26693]
Action.c(61): Warning -26665: HTTP Status Code is missing or invalid. Assuming "200 OK"  	[MsgId: MWAR-26665]
Action.c(61): Error -35049: No match found for the requested parameter "token". Check whether the requested regular expression exists in the response data  	[MsgId: MERR-35049]
Action.c(61): Error -26366: "Text=Sign out" not found for web_reg_find  	[MsgId: MERR-26366]
End auto log messages stack.	[MsgId: MMSG-10544]


