Start auto log messages stack - Iteration 1.	[MsgId: MMSG-10545]
Action.c(46): Resource "http://fonts.googleapis.com/css?family=Open+Sans:300,600&subset=latin,latin-ext" is in the cache already and will not be downloaded again  	[MsgId: MMSG-26655]
Action.c(46): Resource "http://automationpractice.com/modules/blockbanner/img/sale70.png" is in the cache already and will not be downloaded again  	[MsgId: MMSG-26655]
Action.c(46): Resource "http://automationpractice.com/img/logo.jpg" is in the cache already and will not be downloaded again  	[MsgId: MMSG-26655]
Action.c(46): Resource "http://automationpractice.com/img/c/3-0_thumb.jpg" is in the cache already and will not be downloaded again  	[MsgId: MMSG-26655]
Action.c(46): Resource "http://automationpractice.com/img/c/3-1_thumb.jpg" is in the cache already and will not be downloaded again  	[MsgId: MMSG-26655]
Action.c(46): Error -26366: "Text=Sign out" not found for web_reg_find  	[MsgId: MERR-26366]
End auto log messages stack.	[MsgId: MMSG-10544]


Start auto log messages stack - Iteration 1.	[MsgId: MMSG-10545]
Action.c(46): Registered web_reg_find successful for "Text=Sign out" (count=3)  	[MsgId: MMSG-26364]
Action.c(46): web_submit_data("index.php_2") was successful, 29353 body bytes, 2739 header bytes, 33 chunking overhead bytes  	[MsgId: MMSG-26385]
Action.c(62): Notify: Transaction "2_login" ended with a "Pass" status (Duration: 21,3138 Wasted Time: 0,0003).	[MsgId: MMSG-16871]
Action.c(64): Notify: Transaction "3_adress" started.	[MsgId: MMSG-16999]
Action.c(66): web_reg_find started  	[MsgId: MMSG-26355]
Action.c(66): Registering web_reg_find was successful  	[MsgId: MMSG-26390]
Action.c(70): web_url("My addresses") started  	[MsgId: MMSG-26355]
Action.c(70): Warning -26665: HTTP Status Code is missing or invalid. Assuming "200 OK"  	[MsgId: MWAR-26665]
Action.c(70): Error -26366: "Text=Your addresses are listed below" not found for web_reg_find  	[MsgId: MERR-26366]
End auto log messages stack.	[MsgId: MMSG-10544]


Start auto log messages stack - Iteration 2.	[MsgId: MMSG-10545]
Action.c(46): Resource "http://fonts.googleapis.com/css?family=Open+Sans:300,600&subset=latin,latin-ext" is in the cache already and will not be downloaded again  	[MsgId: MMSG-26655]
Action.c(46): Resource "http://automationpractice.com/modules/blockbanner/img/sale70.png" is in the cache already and will not be downloaded again  	[MsgId: MMSG-26655]
Action.c(46): Resource "http://automationpractice.com/img/logo.jpg" is in the cache already and will not be downloaded again  	[MsgId: MMSG-26655]
Action.c(46): Resource "http://automationpractice.com/img/c/3-0_thumb.jpg" is in the cache already and will not be downloaded again  	[MsgId: MMSG-26655]
Action.c(46): Resource "http://automationpractice.com/img/c/3-1_thumb.jpg" is in the cache already and will not be downloaded again  	[MsgId: MMSG-26655]
Action.c(46): Error -26366: "Text=Sign out" not found for web_reg_find  	[MsgId: MERR-26366]
End auto log messages stack.	[MsgId: MMSG-10544]


Start auto log messages stack - Iteration 3.	[MsgId: MMSG-10545]
Action.c(46): Resource "http://fonts.googleapis.com/css?family=Open+Sans:300,600&subset=latin,latin-ext" is in the cache already and will not be downloaded again  	[MsgId: MMSG-26655]
Action.c(46): Resource "http://automationpractice.com/modules/blockbanner/img/sale70.png" is in the cache already and will not be downloaded again  	[MsgId: MMSG-26655]
Action.c(46): Resource "http://automationpractice.com/img/logo.jpg" is in the cache already and will not be downloaded again  	[MsgId: MMSG-26655]
Action.c(46): Resource "http://automationpractice.com/img/c/3-0_thumb.jpg" is in the cache already and will not be downloaded again  	[MsgId: MMSG-26655]
Action.c(46): Resource "http://automationpractice.com/img/c/3-1_thumb.jpg" is in the cache already and will not be downloaded again  	[MsgId: MMSG-26655]
Action.c(46): Error -26366: "Text=Sign out" not found for web_reg_find  	[MsgId: MERR-26366]
End auto log messages stack.	[MsgId: MMSG-10544]


Start auto log messages stack - Iteration 4.	[MsgId: MMSG-10545]
Action.c(12): web_url("index.php") was successful, 753402 body bytes, 15039 header bytes, 53 chunking overhead bytes  	[MsgId: MMSG-26385]
Action.c(22): Notify: Transaction "1_begin" ended with a "Pass" status (Duration: 12,0555 Wasted Time: 0,0021).	[MsgId: MMSG-16871]
Action.c(24): Notify: Transaction "2_login" started.	[MsgId: MMSG-16999]
Action.c(32): web_reg_save_param_regexp started  	[MsgId: MMSG-26355]
Action.c(32): Registering web_reg_save_param_regexp was successful  	[MsgId: MMSG-26390]
Action.c(42): web_reg_find started  	[MsgId: MMSG-26355]
Action.c(42): Registering web_reg_find was successful  	[MsgId: MMSG-26390]
Action.c(46): web_submit_data("index.php_2") started  	[MsgId: MMSG-26355]
Action.c(46): Warning -26665: HTTP Status Code is missing or invalid. Assuming "200 OK"  	[MsgId: MWAR-26665]
Action.c(46): Error -35049: No match found for the requested parameter "token". Check whether the requested regular expression exists in the response data  	[MsgId: MERR-35049]
Action.c(46): Error -26366: "Text=Sign out" not found for web_reg_find  	[MsgId: MERR-26366]
End auto log messages stack.	[MsgId: MMSG-10544]


Start auto log messages stack - Iteration 5.	[MsgId: MMSG-10545]
Starting action Action.	[MsgId: MMSG-15919]
Action.c(6): Notify: Transaction "1_begin" started.	[MsgId: MMSG-16999]
Action.c(8): web_reg_find started  	[MsgId: MMSG-26355]
Action.c(8): Registering web_reg_find was successful  	[MsgId: MMSG-26390]
Action.c(12): web_url("index.php") started  	[MsgId: MMSG-26355]
Action.c(12): Warning -26665: HTTP Status Code is missing or invalid. Assuming "200 OK"  	[MsgId: MWAR-26665]
Action.c(12): Error -26366: "Text=Already registered" not found for web_reg_find  	[MsgId: MERR-26366]
End auto log messages stack.	[MsgId: MMSG-10544]


Start auto log messages stack - Iteration 6.	[MsgId: MMSG-10545]
Starting action Action.	[MsgId: MMSG-15919]
Action.c(6): Notify: Transaction "1_begin" started.	[MsgId: MMSG-16999]
Action.c(8): web_reg_find started  	[MsgId: MMSG-26355]
Action.c(8): Registering web_reg_find was successful  	[MsgId: MMSG-26390]
Action.c(12): web_url("index.php") started  	[MsgId: MMSG-26355]
Action.c(12): Warning -26665: HTTP Status Code is missing or invalid. Assuming "200 OK"  	[MsgId: MWAR-26665]
Action.c(12): Error -26366: "Text=Already registered" not found for web_reg_find  	[MsgId: MERR-26366]
End auto log messages stack.	[MsgId: MMSG-10544]


Start auto log messages stack - Iteration 7.	[MsgId: MMSG-10545]
Starting action Action.	[MsgId: MMSG-15919]
Action.c(6): Notify: Transaction "1_begin" started.	[MsgId: MMSG-16999]
Action.c(8): web_reg_find started  	[MsgId: MMSG-26355]
Action.c(8): Registering web_reg_find was successful  	[MsgId: MMSG-26390]
Action.c(12): web_url("index.php") started  	[MsgId: MMSG-26355]
Action.c(12): Warning -26665: HTTP Status Code is missing or invalid. Assuming "200 OK"  	[MsgId: MWAR-26665]
Action.c(12): Error -26366: "Text=Already registered" not found for web_reg_find  	[MsgId: MERR-26366]
End auto log messages stack.	[MsgId: MMSG-10544]


Start auto log messages stack - Iteration 8.	[MsgId: MMSG-10545]
Action.c(46): Resource "http://fonts.googleapis.com/css?family=Open+Sans:300,600&subset=latin,latin-ext" is in the cache already and will not be downloaded again  	[MsgId: MMSG-26655]
Action.c(46): Resource "http://automationpractice.com/modules/blockbanner/img/sale70.png" is in the cache already and will not be downloaded again  	[MsgId: MMSG-26655]
Action.c(46): Resource "http://automationpractice.com/img/logo.jpg" is in the cache already and will not be downloaded again  	[MsgId: MMSG-26655]
Action.c(46): Resource "http://automationpractice.com/img/c/3-0_thumb.jpg" is in the cache already and will not be downloaded again  	[MsgId: MMSG-26655]
Action.c(46): Resource "http://automationpractice.com/img/c/3-1_thumb.jpg" is in the cache already and will not be downloaded again  	[MsgId: MMSG-26655]
Action.c(46): Error -26366: "Text=Sign out" not found for web_reg_find  	[MsgId: MERR-26366]
End auto log messages stack.	[MsgId: MMSG-10544]


