Start auto log messages stack - Iteration 4.	[MsgId: MMSG-10545]
Action.c(155): Resource "http://automationpractice.com/img/c/3-1_thumb.jpg" is in the cache already and will not be downloaded again  	[MsgId: MMSG-26655]
Action.c(155): web_submit_data("index.php_3") was successful, 418054 body bytes, 561 header bytes, 425 chunking overhead bytes  	[MsgId: MMSG-26385]
Action.c(184): Notify: Transaction "4_new_adress" ended with a "Pass" status (Duration: 19,8134 Wasted Time: 0,0006).	[MsgId: MMSG-16871]
Action.c(186): Notify: Transaction "5_logout" started.	[MsgId: MMSG-16999]
Action.c(188): web_reg_find started  	[MsgId: MMSG-26355]
Action.c(188): Registering web_reg_find was successful  	[MsgId: MMSG-26390]
Action.c(192): web_url("Sign out") started  	[MsgId: MMSG-26355]
Action.c(192): Warning -26665: HTTP Status Code is missing or invalid. Assuming "200 OK"  	[MsgId: MWAR-26665]
Action.c(192): Error -26366: "Text=Already registered" not found for web_reg_find  	[MsgId: MERR-26366]
End auto log messages stack.	[MsgId: MMSG-10544]


Start auto log messages stack - Iteration 5.	[MsgId: MMSG-10545]
Action.c(23): web_reg_find started  	[MsgId: MMSG-26355]
Action.c(23): Registering web_reg_find was successful  	[MsgId: MMSG-26390]
Action.c(28): web_reg_save_param_regexp started  	[MsgId: MMSG-26355]
Action.c(28): Registering web_reg_save_param_regexp was successful  	[MsgId: MMSG-26390]
Action.c(44): web_reg_save_param_regexp started  	[MsgId: MMSG-26355]
Action.c(44): Registering web_reg_save_param_regexp was successful  	[MsgId: MMSG-26390]
Action.c(53): web_url("index.php") started  	[MsgId: MMSG-26355]
Action.c(53): Warning -26665: HTTP Status Code is missing or invalid. Assuming "200 OK"  	[MsgId: MWAR-26665]
Action.c(53): Error -35049: No match found for the requested parameter "controller". Check whether the requested regular expression exists in the response data  	[MsgId: MERR-35049]
Action.c(53): Error -35049: No match found for the requested parameter "controller_2". Check whether the requested regular expression exists in the response data  	[MsgId: MERR-35049]
Action.c(53): Error -35049: No match found for the requested parameter "back". Check whether the requested regular expression exists in the response data  	[MsgId: MERR-35049]
Action.c(53): Error -26366: "Text=Already registered" not found for web_reg_find  	[MsgId: MERR-26366]
End auto log messages stack.	[MsgId: MMSG-10544]


Start auto log messages stack - Iteration 6.	[MsgId: MMSG-10545]
Action.c(23): web_reg_find started  	[MsgId: MMSG-26355]
Action.c(23): Registering web_reg_find was successful  	[MsgId: MMSG-26390]
Action.c(28): web_reg_save_param_regexp started  	[MsgId: MMSG-26355]
Action.c(28): Registering web_reg_save_param_regexp was successful  	[MsgId: MMSG-26390]
Action.c(44): web_reg_save_param_regexp started  	[MsgId: MMSG-26355]
Action.c(44): Registering web_reg_save_param_regexp was successful  	[MsgId: MMSG-26390]
Action.c(53): web_url("index.php") started  	[MsgId: MMSG-26355]
Action.c(53): Warning -26665: HTTP Status Code is missing or invalid. Assuming "200 OK"  	[MsgId: MWAR-26665]
Action.c(53): Error -35049: No match found for the requested parameter "controller". Check whether the requested regular expression exists in the response data  	[MsgId: MERR-35049]
Action.c(53): Error -35049: No match found for the requested parameter "controller_2". Check whether the requested regular expression exists in the response data  	[MsgId: MERR-35049]
Action.c(53): Error -35049: No match found for the requested parameter "back". Check whether the requested regular expression exists in the response data  	[MsgId: MERR-35049]
Action.c(53): Error -26366: "Text=Already registered" not found for web_reg_find  	[MsgId: MERR-26366]
End auto log messages stack.	[MsgId: MMSG-10544]


Start auto log messages stack - Iteration 7.	[MsgId: MMSG-10545]
Action.c(23): web_reg_find started  	[MsgId: MMSG-26355]
Action.c(23): Registering web_reg_find was successful  	[MsgId: MMSG-26390]
Action.c(28): web_reg_save_param_regexp started  	[MsgId: MMSG-26355]
Action.c(28): Registering web_reg_save_param_regexp was successful  	[MsgId: MMSG-26390]
Action.c(44): web_reg_save_param_regexp started  	[MsgId: MMSG-26355]
Action.c(44): Registering web_reg_save_param_regexp was successful  	[MsgId: MMSG-26390]
Action.c(53): web_url("index.php") started  	[MsgId: MMSG-26355]
Action.c(53): Warning -26665: HTTP Status Code is missing or invalid. Assuming "200 OK"  	[MsgId: MWAR-26665]
Action.c(53): Error -35049: No match found for the requested parameter "controller". Check whether the requested regular expression exists in the response data  	[MsgId: MERR-35049]
Action.c(53): Error -35049: No match found for the requested parameter "controller_2". Check whether the requested regular expression exists in the response data  	[MsgId: MERR-35049]
Action.c(53): Error -35049: No match found for the requested parameter "back". Check whether the requested regular expression exists in the response data  	[MsgId: MERR-35049]
Action.c(53): Error -26366: "Text=Already registered" not found for web_reg_find  	[MsgId: MERR-26366]
End auto log messages stack.	[MsgId: MMSG-10544]


Start auto log messages stack - Iteration 8.	[MsgId: MMSG-10545]
Action.c(23): web_reg_find started  	[MsgId: MMSG-26355]
Action.c(23): Registering web_reg_find was successful  	[MsgId: MMSG-26390]
Action.c(28): web_reg_save_param_regexp started  	[MsgId: MMSG-26355]
Action.c(28): Registering web_reg_save_param_regexp was successful  	[MsgId: MMSG-26390]
Action.c(44): web_reg_save_param_regexp started  	[MsgId: MMSG-26355]
Action.c(44): Registering web_reg_save_param_regexp was successful  	[MsgId: MMSG-26390]
Action.c(53): web_url("index.php") started  	[MsgId: MMSG-26355]
Action.c(53): Warning -26665: HTTP Status Code is missing or invalid. Assuming "200 OK"  	[MsgId: MWAR-26665]
Action.c(53): Error -35049: No match found for the requested parameter "controller". Check whether the requested regular expression exists in the response data  	[MsgId: MERR-35049]
Action.c(53): Error -35049: No match found for the requested parameter "controller_2". Check whether the requested regular expression exists in the response data  	[MsgId: MERR-35049]
Action.c(53): Error -35049: No match found for the requested parameter "back". Check whether the requested regular expression exists in the response data  	[MsgId: MERR-35049]
Action.c(53): Error -26366: "Text=Already registered" not found for web_reg_find  	[MsgId: MERR-26366]
End auto log messages stack.	[MsgId: MMSG-10544]


Start auto log messages stack - Iteration 9.	[MsgId: MMSG-10545]
Action.c(87): Registered web_reg_find successful for "Text=Sign out" (count=3)  	[MsgId: MMSG-26364]
Action.c(87): web_submit_data("index.php_2") was successful, 29353 body bytes, 2735 header bytes, 33 chunking overhead bytes  	[MsgId: MMSG-26385]
Action.c(103): Notify: Transaction "2_login" ended with a "Pass" status (Duration: 13,3324 Wasted Time: 0,0003).	[MsgId: MMSG-16871]
Action.c(105): Notify: Transaction "3_adress" started.	[MsgId: MMSG-16999]
Action.c(107): web_reg_find started  	[MsgId: MMSG-26355]
Action.c(107): Registering web_reg_find was successful  	[MsgId: MMSG-26390]
Action.c(111): web_url("My addresses") started  	[MsgId: MMSG-26355]
Action.c(111): Warning -26665: HTTP Status Code is missing or invalid. Assuming "200 OK"  	[MsgId: MWAR-26665]
Action.c(111): Error -26366: "Text=Your addresses are listed below" not found for web_reg_find  	[MsgId: MERR-26366]
End auto log messages stack.	[MsgId: MMSG-10544]


Start auto log messages stack - Iteration 10.	[MsgId: MMSG-10545]
Action.c(23): web_reg_find started  	[MsgId: MMSG-26355]
Action.c(23): Registering web_reg_find was successful  	[MsgId: MMSG-26390]
Action.c(28): web_reg_save_param_regexp started  	[MsgId: MMSG-26355]
Action.c(28): Registering web_reg_save_param_regexp was successful  	[MsgId: MMSG-26390]
Action.c(44): web_reg_save_param_regexp started  	[MsgId: MMSG-26355]
Action.c(44): Registering web_reg_save_param_regexp was successful  	[MsgId: MMSG-26390]
Action.c(53): web_url("index.php") started  	[MsgId: MMSG-26355]
Action.c(53): Warning -26665: HTTP Status Code is missing or invalid. Assuming "200 OK"  	[MsgId: MWAR-26665]
Action.c(53): Error -35049: No match found for the requested parameter "controller". Check whether the requested regular expression exists in the response data  	[MsgId: MERR-35049]
Action.c(53): Error -35049: No match found for the requested parameter "controller_2". Check whether the requested regular expression exists in the response data  	[MsgId: MERR-35049]
Action.c(53): Error -35049: No match found for the requested parameter "back". Check whether the requested regular expression exists in the response data  	[MsgId: MERR-35049]
Action.c(53): Error -26366: "Text=Already registered" not found for web_reg_find  	[MsgId: MERR-26366]
End auto log messages stack.	[MsgId: MMSG-10544]


Start auto log messages stack - Iteration 11.	[MsgId: MMSG-10545]
Action.c(23): web_reg_find started  	[MsgId: MMSG-26355]
Action.c(23): Registering web_reg_find was successful  	[MsgId: MMSG-26390]
Action.c(28): web_reg_save_param_regexp started  	[MsgId: MMSG-26355]
Action.c(28): Registering web_reg_save_param_regexp was successful  	[MsgId: MMSG-26390]
Action.c(44): web_reg_save_param_regexp started  	[MsgId: MMSG-26355]
Action.c(44): Registering web_reg_save_param_regexp was successful  	[MsgId: MMSG-26390]
Action.c(53): web_url("index.php") started  	[MsgId: MMSG-26355]
Action.c(53): Warning -26665: HTTP Status Code is missing or invalid. Assuming "200 OK"  	[MsgId: MWAR-26665]
Action.c(53): Error -35049: No match found for the requested parameter "controller". Check whether the requested regular expression exists in the response data  	[MsgId: MERR-35049]
Action.c(53): Error -35049: No match found for the requested parameter "controller_2". Check whether the requested regular expression exists in the response data  	[MsgId: MERR-35049]
Action.c(53): Error -35049: No match found for the requested parameter "back". Check whether the requested regular expression exists in the response data  	[MsgId: MERR-35049]
Action.c(53): Error -26366: "Text=Already registered" not found for web_reg_find  	[MsgId: MERR-26366]
End auto log messages stack.	[MsgId: MMSG-10544]


