Start auto log messages stack - Iteration 8.	[MsgId: MMSG-10545]
Action.c(111): web_url("My addresses") was successful, 457359 body bytes, 519 header bytes, 460 chunking overhead bytes  	[MsgId: MMSG-26385]
Action.c(121): Notify: Transaction "3_adress" ended with a "Pass" status (Duration: 10,5718 Wasted Time: 0,0010).	[MsgId: MMSG-16871]
Action.c(124): Notify: Transaction "4_new_adress" started.	[MsgId: MMSG-16999]
Action.c(132): web_reg_save_param_regexp started  	[MsgId: MMSG-26355]
Action.c(132): Registering web_reg_save_param_regexp was successful  	[MsgId: MMSG-26390]
Action.c(140): web_reg_find started  	[MsgId: MMSG-26355]
Action.c(140): Registering web_reg_find was successful  	[MsgId: MMSG-26390]
Action.c(144): web_url("Add a new address") started  	[MsgId: MMSG-26355]
Action.c(144): Warning -26665: HTTP Status Code is missing or invalid. Assuming "200 OK"  	[MsgId: MWAR-26665]
Action.c(144): Error -35049: No match found for the requested parameter "controller_1". Check whether the requested regular expression exists in the response data  	[MsgId: MERR-35049]
Action.c(144): Error -26366: "Text=To add a new address, please fill out the form below" not found for web_reg_find  	[MsgId: MERR-26366]
End auto log messages stack.	[MsgId: MMSG-10544]


Start auto log messages stack - Iteration 9.	[MsgId: MMSG-10545]
Action.c(23): web_reg_find started  	[MsgId: MMSG-26355]
Action.c(23): Registering web_reg_find was successful  	[MsgId: MMSG-26390]
Action.c(28): web_reg_save_param_regexp started  	[MsgId: MMSG-26355]
Action.c(28): Registering web_reg_save_param_regexp was successful  	[MsgId: MMSG-26390]
Action.c(44): web_reg_save_param_regexp started  	[MsgId: MMSG-26355]
Action.c(44): Registering web_reg_save_param_regexp was successful  	[MsgId: MMSG-26390]
Action.c(53): web_url("index.php") started  	[MsgId: MMSG-26355]
Action.c(53): Warning -26665: HTTP Status Code is missing or invalid. Assuming "200 OK"  	[MsgId: MWAR-26665]
Action.c(53): Error -35049: No match found for the requested parameter "controller". Check whether the requested regular expression exists in the response data  	[MsgId: MERR-35049]
Action.c(53): Error -35049: No match found for the requested parameter "controller_2". Check whether the requested regular expression exists in the response data  	[MsgId: MERR-35049]
Action.c(53): Error -35049: No match found for the requested parameter "back". Check whether the requested regular expression exists in the response data  	[MsgId: MERR-35049]
Action.c(53): Error -26366: "Text=Already registered" not found for web_reg_find  	[MsgId: MERR-26366]
End auto log messages stack.	[MsgId: MMSG-10544]


Start auto log messages stack - Iteration 10.	[MsgId: MMSG-10545]
Action.c(23): web_reg_find started  	[MsgId: MMSG-26355]
Action.c(23): Registering web_reg_find was successful  	[MsgId: MMSG-26390]
Action.c(28): web_reg_save_param_regexp started  	[MsgId: MMSG-26355]
Action.c(28): Registering web_reg_save_param_regexp was successful  	[MsgId: MMSG-26390]
Action.c(44): web_reg_save_param_regexp started  	[MsgId: MMSG-26355]
Action.c(44): Registering web_reg_save_param_regexp was successful  	[MsgId: MMSG-26390]
Action.c(53): web_url("index.php") started  	[MsgId: MMSG-26355]
Action.c(53): Warning -26665: HTTP Status Code is missing or invalid. Assuming "200 OK"  	[MsgId: MWAR-26665]
Action.c(53): Error -35049: No match found for the requested parameter "controller". Check whether the requested regular expression exists in the response data  	[MsgId: MERR-35049]
Action.c(53): Error -35049: No match found for the requested parameter "controller_2". Check whether the requested regular expression exists in the response data  	[MsgId: MERR-35049]
Action.c(53): Error -35049: No match found for the requested parameter "back". Check whether the requested regular expression exists in the response data  	[MsgId: MERR-35049]
Action.c(53): Error -26366: "Text=Already registered" not found for web_reg_find  	[MsgId: MERR-26366]
End auto log messages stack.	[MsgId: MMSG-10544]


Start auto log messages stack - Iteration 12.	[MsgId: MMSG-10545]
Action.c(23): web_reg_find started  	[MsgId: MMSG-26355]
Action.c(23): Registering web_reg_find was successful  	[MsgId: MMSG-26390]
Action.c(28): web_reg_save_param_regexp started  	[MsgId: MMSG-26355]
Action.c(28): Registering web_reg_save_param_regexp was successful  	[MsgId: MMSG-26390]
Action.c(44): web_reg_save_param_regexp started  	[MsgId: MMSG-26355]
Action.c(44): Registering web_reg_save_param_regexp was successful  	[MsgId: MMSG-26390]
Action.c(53): web_url("index.php") started  	[MsgId: MMSG-26355]
Action.c(53): Warning -26665: HTTP Status Code is missing or invalid. Assuming "200 OK"  	[MsgId: MWAR-26665]
Action.c(53): Error -35049: No match found for the requested parameter "controller". Check whether the requested regular expression exists in the response data  	[MsgId: MERR-35049]
Action.c(53): Error -35049: No match found for the requested parameter "controller_2". Check whether the requested regular expression exists in the response data  	[MsgId: MERR-35049]
Action.c(53): Error -35049: No match found for the requested parameter "back". Check whether the requested regular expression exists in the response data  	[MsgId: MERR-35049]
Action.c(53): Error -26366: "Text=Already registered" not found for web_reg_find  	[MsgId: MERR-26366]
End auto log messages stack.	[MsgId: MMSG-10544]


Start auto log messages stack - Iteration 13.	[MsgId: MMSG-10545]
Action.c(184): Notify: Transaction "4_new_adress" ended with a "Pass" status (Duration: 22,1773 Wasted Time: 0,0006).	[MsgId: MMSG-16871]
Action.c(186): Notify: Transaction "5_logout" started.	[MsgId: MMSG-16999]
Action.c(188): web_reg_find started  	[MsgId: MMSG-26355]
Action.c(188): Registering web_reg_find was successful  	[MsgId: MMSG-26390]
Action.c(192): web_url("Sign out") started  	[MsgId: MMSG-26355]
Action.c(192): Redirecting "http://automationpractice.com/index.php?mylogout=" (redirection depth is 0)  	[MsgId: MMSG-26694]
Action.c(192): To location "http://automationpractice.com/index.php?controller=addresses"  	[MsgId: MMSG-26693]
Action.c(192): Warning -26665: HTTP Status Code is missing or invalid. Assuming "200 OK"  	[MsgId: MWAR-26665]
Action.c(192): Error -26366: "Text=Already registered" not found for web_reg_find  	[MsgId: MERR-26366]
End auto log messages stack.	[MsgId: MMSG-10544]


Start auto log messages stack - Iteration 23.	[MsgId: MMSG-10545]
Action.c(155): web_submit_data("index.php_3") started  	[MsgId: MMSG-26355]
Action.c(155): Warning -26665: HTTP Status Code is missing or invalid. Assuming "200 OK"  	[MsgId: MWAR-26665]
Action.c(155): web_submit_data("index.php_3") highest severity level was "warning", 288 body bytes, 204 header bytes  	[MsgId: MMSG-26388]
Action.c(184): Notify: Transaction "4_new_adress" ended with a "Pass" status (Duration: 10,2036 Wasted Time: 0,0007).	[MsgId: MMSG-16871]
Action.c(186): Notify: Transaction "5_logout" started.	[MsgId: MMSG-16999]
Action.c(188): web_reg_find started  	[MsgId: MMSG-26355]
Action.c(188): Registering web_reg_find was successful  	[MsgId: MMSG-26390]
Action.c(192): web_url("Sign out") started  	[MsgId: MMSG-26355]
Action.c(192): Warning -26665: HTTP Status Code is missing or invalid. Assuming "200 OK"  	[MsgId: MWAR-26665]
Action.c(192): Error -26366: "Text=Already registered" not found for web_reg_find  	[MsgId: MERR-26366]
End auto log messages stack.	[MsgId: MMSG-10544]


Start auto log messages stack - Iteration 24.	[MsgId: MMSG-10545]
Action.c(23): web_reg_find started  	[MsgId: MMSG-26355]
Action.c(23): Registering web_reg_find was successful  	[MsgId: MMSG-26390]
Action.c(28): web_reg_save_param_regexp started  	[MsgId: MMSG-26355]
Action.c(28): Registering web_reg_save_param_regexp was successful  	[MsgId: MMSG-26390]
Action.c(44): web_reg_save_param_regexp started  	[MsgId: MMSG-26355]
Action.c(44): Registering web_reg_save_param_regexp was successful  	[MsgId: MMSG-26390]
Action.c(53): web_url("index.php") started  	[MsgId: MMSG-26355]
Action.c(53): Warning -26665: HTTP Status Code is missing or invalid. Assuming "200 OK"  	[MsgId: MWAR-26665]
Action.c(53): Error -35049: No match found for the requested parameter "controller". Check whether the requested regular expression exists in the response data  	[MsgId: MERR-35049]
Action.c(53): Error -35049: No match found for the requested parameter "controller_2". Check whether the requested regular expression exists in the response data  	[MsgId: MERR-35049]
Action.c(53): Error -35049: No match found for the requested parameter "back". Check whether the requested regular expression exists in the response data  	[MsgId: MERR-35049]
Action.c(53): Error -26366: "Text=Already registered" not found for web_reg_find  	[MsgId: MERR-26366]
End auto log messages stack.	[MsgId: MMSG-10544]


Start auto log messages stack - Iteration 36.	[MsgId: MMSG-10545]
Action.c(23): web_reg_find started  	[MsgId: MMSG-26355]
Action.c(23): Registering web_reg_find was successful  	[MsgId: MMSG-26390]
Action.c(28): web_reg_save_param_regexp started  	[MsgId: MMSG-26355]
Action.c(28): Registering web_reg_save_param_regexp was successful  	[MsgId: MMSG-26390]
Action.c(44): web_reg_save_param_regexp started  	[MsgId: MMSG-26355]
Action.c(44): Registering web_reg_save_param_regexp was successful  	[MsgId: MMSG-26390]
Action.c(53): web_url("index.php") started  	[MsgId: MMSG-26355]
Action.c(53): Warning -26665: HTTP Status Code is missing or invalid. Assuming "200 OK"  	[MsgId: MWAR-26665]
Action.c(53): Error -35049: No match found for the requested parameter "controller". Check whether the requested regular expression exists in the response data  	[MsgId: MERR-35049]
Action.c(53): Error -35049: No match found for the requested parameter "controller_2". Check whether the requested regular expression exists in the response data  	[MsgId: MERR-35049]
Action.c(53): Error -35049: No match found for the requested parameter "back". Check whether the requested regular expression exists in the response data  	[MsgId: MERR-35049]
Action.c(53): Error -26366: "Text=Already registered" not found for web_reg_find  	[MsgId: MERR-26366]
End auto log messages stack.	[MsgId: MMSG-10544]


Start auto log messages stack - Iteration 42.	[MsgId: MMSG-10545]
Action.c(188): Registering web_reg_find was successful  	[MsgId: MMSG-26390]
Action.c(192): web_url("Sign out") started  	[MsgId: MMSG-26355]
Action.c(192): Redirecting "http://automationpractice.com/index.php?mylogout=" (redirection depth is 0)  	[MsgId: MMSG-26694]
Action.c(192): To location "http://automationpractice.com/index.php?controller=addresses"  	[MsgId: MMSG-26693]
Action.c(192): Redirecting "http://automationpractice.com/index.php?controller=addresses" (redirection depth is 1)  	[MsgId: MMSG-26694]
Action.c(192): To location "http://automationpractice.com/index.php?controller=authentication&back=addresses"  	[MsgId: MMSG-26693]
Action.c(192): Warning -26665: HTTP Status Code is missing or invalid. Assuming "200 OK"  	[MsgId: MWAR-26665]
Action.c(192): Error -26366: "Text=Already registered" not found for web_reg_find  	[MsgId: MERR-26366]
End auto log messages stack.	[MsgId: MMSG-10544]


Start auto log messages stack - Iteration 43.	[MsgId: MMSG-10545]
Action.c(23): web_reg_find started  	[MsgId: MMSG-26355]
Action.c(23): Registering web_reg_find was successful  	[MsgId: MMSG-26390]
Action.c(28): web_reg_save_param_regexp started  	[MsgId: MMSG-26355]
Action.c(28): Registering web_reg_save_param_regexp was successful  	[MsgId: MMSG-26390]
Action.c(44): web_reg_save_param_regexp started  	[MsgId: MMSG-26355]
Action.c(44): Registering web_reg_save_param_regexp was successful  	[MsgId: MMSG-26390]
Action.c(53): web_url("index.php") started  	[MsgId: MMSG-26355]
Action.c(53): Warning -26665: HTTP Status Code is missing or invalid. Assuming "200 OK"  	[MsgId: MWAR-26665]
Action.c(53): Error -35049: No match found for the requested parameter "controller". Check whether the requested regular expression exists in the response data  	[MsgId: MERR-35049]
Action.c(53): Error -35049: No match found for the requested parameter "controller_2". Check whether the requested regular expression exists in the response data  	[MsgId: MERR-35049]
Action.c(53): Error -35049: No match found for the requested parameter "back". Check whether the requested regular expression exists in the response data  	[MsgId: MERR-35049]
Action.c(53): Error -26366: "Text=Already registered" not found for web_reg_find  	[MsgId: MERR-26366]
End auto log messages stack.	[MsgId: MMSG-10544]


Start auto log messages stack - Iteration 44.	[MsgId: MMSG-10545]
Action.c(23): web_reg_find started  	[MsgId: MMSG-26355]
Action.c(23): Registering web_reg_find was successful  	[MsgId: MMSG-26390]
Action.c(28): web_reg_save_param_regexp started  	[MsgId: MMSG-26355]
Action.c(28): Registering web_reg_save_param_regexp was successful  	[MsgId: MMSG-26390]
Action.c(44): web_reg_save_param_regexp started  	[MsgId: MMSG-26355]
Action.c(44): Registering web_reg_save_param_regexp was successful  	[MsgId: MMSG-26390]
Action.c(53): web_url("index.php") started  	[MsgId: MMSG-26355]
Action.c(53): Warning -26665: HTTP Status Code is missing or invalid. Assuming "200 OK"  	[MsgId: MWAR-26665]
Action.c(53): Error -35049: No match found for the requested parameter "controller". Check whether the requested regular expression exists in the response data  	[MsgId: MERR-35049]
Action.c(53): Error -35049: No match found for the requested parameter "controller_2". Check whether the requested regular expression exists in the response data  	[MsgId: MERR-35049]
Action.c(53): Error -35049: No match found for the requested parameter "back". Check whether the requested regular expression exists in the response data  	[MsgId: MERR-35049]
Action.c(53): Error -26366: "Text=Already registered" not found for web_reg_find  	[MsgId: MERR-26366]
End auto log messages stack.	[MsgId: MMSG-10544]


Start auto log messages stack - Iteration 45.	[MsgId: MMSG-10545]
Action.c(73): web_reg_save_param_regexp started  	[MsgId: MMSG-26355]
Action.c(73): Registering web_reg_save_param_regexp was successful  	[MsgId: MMSG-26390]
Action.c(83): web_reg_find started  	[MsgId: MMSG-26355]
Action.c(83): Registering web_reg_find was successful  	[MsgId: MMSG-26390]
Action.c(87): web_submit_data("index.php_2") started  	[MsgId: MMSG-26355]
Action.c(87): Redirecting "http://automationpractice.com/index.php?controller=authentication" (redirection depth is 0)  	[MsgId: MMSG-26694]
Action.c(87): To location "http://automationpractice.com/index.php?controller=my-account"  	[MsgId: MMSG-26693]
Action.c(87): Warning -26665: HTTP Status Code is missing or invalid. Assuming "200 OK"  	[MsgId: MWAR-26665]
Action.c(87): Error -35049: No match found for the requested parameter "token". Check whether the requested regular expression exists in the response data  	[MsgId: MERR-35049]
Action.c(87): Error -26366: "Text=Sign out" not found for web_reg_find  	[MsgId: MERR-26366]
End auto log messages stack.	[MsgId: MMSG-10544]


Start auto log messages stack - Iteration 46.	[MsgId: MMSG-10545]
Action.c(23): web_reg_find started  	[MsgId: MMSG-26355]
Action.c(23): Registering web_reg_find was successful  	[MsgId: MMSG-26390]
Action.c(28): web_reg_save_param_regexp started  	[MsgId: MMSG-26355]
Action.c(28): Registering web_reg_save_param_regexp was successful  	[MsgId: MMSG-26390]
Action.c(44): web_reg_save_param_regexp started  	[MsgId: MMSG-26355]
Action.c(44): Registering web_reg_save_param_regexp was successful  	[MsgId: MMSG-26390]
Action.c(53): web_url("index.php") started  	[MsgId: MMSG-26355]
Action.c(53): Warning -26665: HTTP Status Code is missing or invalid. Assuming "200 OK"  	[MsgId: MWAR-26665]
Action.c(53): Error -35049: No match found for the requested parameter "controller". Check whether the requested regular expression exists in the response data  	[MsgId: MERR-35049]
Action.c(53): Error -35049: No match found for the requested parameter "controller_2". Check whether the requested regular expression exists in the response data  	[MsgId: MERR-35049]
Action.c(53): Error -35049: No match found for the requested parameter "back". Check whether the requested regular expression exists in the response data  	[MsgId: MERR-35049]
Action.c(53): Error -26366: "Text=Already registered" not found for web_reg_find  	[MsgId: MERR-26366]
End auto log messages stack.	[MsgId: MMSG-10544]


Start auto log messages stack - Iteration 47.	[MsgId: MMSG-10545]
Action.c(23): web_reg_find started  	[MsgId: MMSG-26355]
Action.c(23): Registering web_reg_find was successful  	[MsgId: MMSG-26390]
Action.c(28): web_reg_save_param_regexp started  	[MsgId: MMSG-26355]
Action.c(28): Registering web_reg_save_param_regexp was successful  	[MsgId: MMSG-26390]
Action.c(44): web_reg_save_param_regexp started  	[MsgId: MMSG-26355]
Action.c(44): Registering web_reg_save_param_regexp was successful  	[MsgId: MMSG-26390]
Action.c(53): web_url("index.php") started  	[MsgId: MMSG-26355]
Action.c(53): Warning -26665: HTTP Status Code is missing or invalid. Assuming "200 OK"  	[MsgId: MWAR-26665]
Action.c(53): Error -35049: No match found for the requested parameter "controller". Check whether the requested regular expression exists in the response data  	[MsgId: MERR-35049]
Action.c(53): Error -35049: No match found for the requested parameter "controller_2". Check whether the requested regular expression exists in the response data  	[MsgId: MERR-35049]
Action.c(53): Error -35049: No match found for the requested parameter "back". Check whether the requested regular expression exists in the response data  	[MsgId: MERR-35049]
Action.c(53): Error -26366: "Text=Already registered" not found for web_reg_find  	[MsgId: MERR-26366]
End auto log messages stack.	[MsgId: MMSG-10544]


Start auto log messages stack - Iteration 38.	[MsgId: MMSG-10545]
Action.c(155): Warning -26665: HTTP Status Code is missing or invalid. Assuming "200 OK"  	[MsgId: MWAR-26665]
Action.c(155): web_submit_data("index.php_3") highest severity level was "warning", 288 body bytes, 487 header bytes, 5 chunking overhead bytes  	[MsgId: MMSG-26387]
Action.c(184): Notify: Transaction "4_new_adress" ended with a "Pass" status (Duration: 18,3687 Wasted Time: 0,0007).	[MsgId: MMSG-16871]
Action.c(186): Notify: Transaction "5_logout" started.	[MsgId: MMSG-16999]
Action.c(188): web_reg_find started  	[MsgId: MMSG-26355]
Action.c(188): Registering web_reg_find was successful  	[MsgId: MMSG-26390]
Action.c(192): web_url("Sign out") started  	[MsgId: MMSG-26355]
Action.c(192): Warning -26665: HTTP Status Code is missing or invalid. Assuming "200 OK"  	[MsgId: MWAR-26665]
Action.c(192): Error -26366: "Text=Already registered" not found for web_reg_find  	[MsgId: MERR-26366]
End auto log messages stack.	[MsgId: MMSG-10544]


Start auto log messages stack - Iteration 39.	[MsgId: MMSG-10545]
Action.c(23): web_reg_find started  	[MsgId: MMSG-26355]
Action.c(23): Registering web_reg_find was successful  	[MsgId: MMSG-26390]
Action.c(28): web_reg_save_param_regexp started  	[MsgId: MMSG-26355]
Action.c(28): Registering web_reg_save_param_regexp was successful  	[MsgId: MMSG-26390]
Action.c(44): web_reg_save_param_regexp started  	[MsgId: MMSG-26355]
Action.c(44): Registering web_reg_save_param_regexp was successful  	[MsgId: MMSG-26390]
Action.c(53): web_url("index.php") started  	[MsgId: MMSG-26355]
Action.c(53): Warning -26665: HTTP Status Code is missing or invalid. Assuming "200 OK"  	[MsgId: MWAR-26665]
Action.c(53): Error -35049: No match found for the requested parameter "controller". Check whether the requested regular expression exists in the response data  	[MsgId: MERR-35049]
Action.c(53): Error -35049: No match found for the requested parameter "controller_2". Check whether the requested regular expression exists in the response data  	[MsgId: MERR-35049]
Action.c(53): Error -35049: No match found for the requested parameter "back". Check whether the requested regular expression exists in the response data  	[MsgId: MERR-35049]
Action.c(53): Error -26366: "Text=Already registered" not found for web_reg_find  	[MsgId: MERR-26366]
End auto log messages stack.	[MsgId: MMSG-10544]


Start auto log messages stack - Iteration 45.	[MsgId: MMSG-10545]
Action.c(184): Notify: Transaction "4_new_adress" ended with a "Pass" status (Duration: 35,1162 Wasted Time: 0,0007).	[MsgId: MMSG-16871]
Action.c(186): Notify: Transaction "5_logout" started.	[MsgId: MMSG-16999]
Action.c(188): web_reg_find started  	[MsgId: MMSG-26355]
Action.c(188): Registering web_reg_find was successful  	[MsgId: MMSG-26390]
Action.c(192): web_url("Sign out") started  	[MsgId: MMSG-26355]
Action.c(192): Redirecting "http://automationpractice.com/index.php?mylogout=" (redirection depth is 0)  	[MsgId: MMSG-26694]
Action.c(192): To location "http://automationpractice.com/index.php?controller=addresses"  	[MsgId: MMSG-26693]
Action.c(192): Warning -26665: HTTP Status Code is missing or invalid. Assuming "200 OK"  	[MsgId: MWAR-26665]
Action.c(192): Error -26366: "Text=Already registered" not found for web_reg_find  	[MsgId: MERR-26366]
End auto log messages stack.	[MsgId: MMSG-10544]


Start auto log messages stack - Iteration 46.	[MsgId: MMSG-10545]
Action.c(23): web_reg_find started  	[MsgId: MMSG-26355]
Action.c(23): Registering web_reg_find was successful  	[MsgId: MMSG-26390]
Action.c(28): web_reg_save_param_regexp started  	[MsgId: MMSG-26355]
Action.c(28): Registering web_reg_save_param_regexp was successful  	[MsgId: MMSG-26390]
Action.c(44): web_reg_save_param_regexp started  	[MsgId: MMSG-26355]
Action.c(44): Registering web_reg_save_param_regexp was successful  	[MsgId: MMSG-26390]
Action.c(53): web_url("index.php") started  	[MsgId: MMSG-26355]
Action.c(53): Warning -26665: HTTP Status Code is missing or invalid. Assuming "200 OK"  	[MsgId: MWAR-26665]
Action.c(53): Error -35049: No match found for the requested parameter "controller". Check whether the requested regular expression exists in the response data  	[MsgId: MERR-35049]
Action.c(53): Error -35049: No match found for the requested parameter "controller_2". Check whether the requested regular expression exists in the response data  	[MsgId: MERR-35049]
Action.c(53): Error -35049: No match found for the requested parameter "back". Check whether the requested regular expression exists in the response data  	[MsgId: MERR-35049]
Action.c(53): Error -26366: "Text=Already registered" not found for web_reg_find  	[MsgId: MERR-26366]
End auto log messages stack.	[MsgId: MMSG-10544]


Start auto log messages stack - Iteration 47.	[MsgId: MMSG-10545]
Action.c(23): web_reg_find started  	[MsgId: MMSG-26355]
Action.c(23): Registering web_reg_find was successful  	[MsgId: MMSG-26390]
Action.c(28): web_reg_save_param_regexp started  	[MsgId: MMSG-26355]
Action.c(28): Registering web_reg_save_param_regexp was successful  	[MsgId: MMSG-26390]
Action.c(44): web_reg_save_param_regexp started  	[MsgId: MMSG-26355]
Action.c(44): Registering web_reg_save_param_regexp was successful  	[MsgId: MMSG-26390]
Action.c(53): web_url("index.php") started  	[MsgId: MMSG-26355]
Action.c(53): Warning -26665: HTTP Status Code is missing or invalid. Assuming "200 OK"  	[MsgId: MWAR-26665]
Action.c(53): Error -35049: No match found for the requested parameter "controller". Check whether the requested regular expression exists in the response data  	[MsgId: MERR-35049]
Action.c(53): Error -35049: No match found for the requested parameter "controller_2". Check whether the requested regular expression exists in the response data  	[MsgId: MERR-35049]
Action.c(53): Error -35049: No match found for the requested parameter "back". Check whether the requested regular expression exists in the response data  	[MsgId: MERR-35049]
Action.c(53): Error -26366: "Text=Already registered" not found for web_reg_find  	[MsgId: MERR-26366]
End auto log messages stack.	[MsgId: MMSG-10544]


Start auto log messages stack - Iteration 48.	[MsgId: MMSG-10545]
Action.c(23): web_reg_find started  	[MsgId: MMSG-26355]
Action.c(23): Registering web_reg_find was successful  	[MsgId: MMSG-26390]
Action.c(28): web_reg_save_param_regexp started  	[MsgId: MMSG-26355]
Action.c(28): Registering web_reg_save_param_regexp was successful  	[MsgId: MMSG-26390]
Action.c(44): web_reg_save_param_regexp started  	[MsgId: MMSG-26355]
Action.c(44): Registering web_reg_save_param_regexp was successful  	[MsgId: MMSG-26390]
Action.c(53): web_url("index.php") started  	[MsgId: MMSG-26355]
Action.c(53): Warning -26665: HTTP Status Code is missing or invalid. Assuming "200 OK"  	[MsgId: MWAR-26665]
Action.c(53): Error -35049: No match found for the requested parameter "controller". Check whether the requested regular expression exists in the response data  	[MsgId: MERR-35049]
Action.c(53): Error -35049: No match found for the requested parameter "controller_2". Check whether the requested regular expression exists in the response data  	[MsgId: MERR-35049]
Action.c(53): Error -35049: No match found for the requested parameter "back". Check whether the requested regular expression exists in the response data  	[MsgId: MERR-35049]
Action.c(53): Error -26366: "Text=Already registered" not found for web_reg_find  	[MsgId: MERR-26366]
End auto log messages stack.	[MsgId: MMSG-10544]


Start auto log messages stack - Iteration 49.	[MsgId: MMSG-10545]
Action.c(23): web_reg_find started  	[MsgId: MMSG-26355]
Action.c(23): Registering web_reg_find was successful  	[MsgId: MMSG-26390]
Action.c(28): web_reg_save_param_regexp started  	[MsgId: MMSG-26355]
Action.c(28): Registering web_reg_save_param_regexp was successful  	[MsgId: MMSG-26390]
Action.c(44): web_reg_save_param_regexp started  	[MsgId: MMSG-26355]
Action.c(44): Registering web_reg_save_param_regexp was successful  	[MsgId: MMSG-26390]
Action.c(53): web_url("index.php") started  	[MsgId: MMSG-26355]
Action.c(53): Warning -26665: HTTP Status Code is missing or invalid. Assuming "200 OK"  	[MsgId: MWAR-26665]
Action.c(53): Error -35049: No match found for the requested parameter "controller". Check whether the requested regular expression exists in the response data  	[MsgId: MERR-35049]
Action.c(53): Error -35049: No match found for the requested parameter "controller_2". Check whether the requested regular expression exists in the response data  	[MsgId: MERR-35049]
Action.c(53): Error -35049: No match found for the requested parameter "back". Check whether the requested regular expression exists in the response data  	[MsgId: MERR-35049]
Action.c(53): Error -26366: "Text=Already registered" not found for web_reg_find  	[MsgId: MERR-26366]
End auto log messages stack.	[MsgId: MMSG-10544]


Start auto log messages stack - Iteration 50.	[MsgId: MMSG-10545]
Action.c(23): web_reg_find started  	[MsgId: MMSG-26355]
Action.c(23): Registering web_reg_find was successful  	[MsgId: MMSG-26390]
Action.c(28): web_reg_save_param_regexp started  	[MsgId: MMSG-26355]
Action.c(28): Registering web_reg_save_param_regexp was successful  	[MsgId: MMSG-26390]
Action.c(44): web_reg_save_param_regexp started  	[MsgId: MMSG-26355]
Action.c(44): Registering web_reg_save_param_regexp was successful  	[MsgId: MMSG-26390]
Action.c(53): web_url("index.php") started  	[MsgId: MMSG-26355]
Action.c(53): Warning -26665: HTTP Status Code is missing or invalid. Assuming "200 OK"  	[MsgId: MWAR-26665]
Action.c(53): Error -35049: No match found for the requested parameter "controller". Check whether the requested regular expression exists in the response data  	[MsgId: MERR-35049]
Action.c(53): Error -35049: No match found for the requested parameter "controller_2". Check whether the requested regular expression exists in the response data  	[MsgId: MERR-35049]
Action.c(53): Error -35049: No match found for the requested parameter "back". Check whether the requested regular expression exists in the response data  	[MsgId: MERR-35049]
Action.c(53): Error -26366: "Text=Already registered" not found for web_reg_find  	[MsgId: MERR-26366]
End auto log messages stack.	[MsgId: MMSG-10544]


Start auto log messages stack - Iteration 51.	[MsgId: MMSG-10545]
Action.c(23): web_reg_find started  	[MsgId: MMSG-26355]
Action.c(23): Registering web_reg_find was successful  	[MsgId: MMSG-26390]
Action.c(28): web_reg_save_param_regexp started  	[MsgId: MMSG-26355]
Action.c(28): Registering web_reg_save_param_regexp was successful  	[MsgId: MMSG-26390]
Action.c(44): web_reg_save_param_regexp started  	[MsgId: MMSG-26355]
Action.c(44): Registering web_reg_save_param_regexp was successful  	[MsgId: MMSG-26390]
Action.c(53): web_url("index.php") started  	[MsgId: MMSG-26355]
Action.c(53): Warning -26665: HTTP Status Code is missing or invalid. Assuming "200 OK"  	[MsgId: MWAR-26665]
Action.c(53): Error -35049: No match found for the requested parameter "controller". Check whether the requested regular expression exists in the response data  	[MsgId: MERR-35049]
Action.c(53): Error -35049: No match found for the requested parameter "controller_2". Check whether the requested regular expression exists in the response data  	[MsgId: MERR-35049]
Action.c(53): Error -35049: No match found for the requested parameter "back". Check whether the requested regular expression exists in the response data  	[MsgId: MERR-35049]
Action.c(53): Error -26366: "Text=Already registered" not found for web_reg_find  	[MsgId: MERR-26366]
End auto log messages stack.	[MsgId: MMSG-10544]


Start auto log messages stack - Iteration 40.	[MsgId: MMSG-10545]
Action.c(111): web_url("My addresses") was successful, 534965 body bytes, 519 header bytes, 533 chunking overhead bytes  	[MsgId: MMSG-26385]
Action.c(121): Notify: Transaction "3_adress" ended with a "Pass" status (Duration: 16,9316 Wasted Time: 0,0017).	[MsgId: MMSG-16871]
Action.c(124): Notify: Transaction "4_new_adress" started.	[MsgId: MMSG-16999]
Action.c(132): web_reg_save_param_regexp started  	[MsgId: MMSG-26355]
Action.c(132): Registering web_reg_save_param_regexp was successful  	[MsgId: MMSG-26390]
Action.c(140): web_reg_find started  	[MsgId: MMSG-26355]
Action.c(140): Registering web_reg_find was successful  	[MsgId: MMSG-26390]
Action.c(144): web_url("Add a new address") started  	[MsgId: MMSG-26355]
Action.c(144): Warning -26665: HTTP Status Code is missing or invalid. Assuming "200 OK"  	[MsgId: MWAR-26665]
Action.c(144): Error -35049: No match found for the requested parameter "controller_1". Check whether the requested regular expression exists in the response data  	[MsgId: MERR-35049]
Action.c(144): Error -26366: "Text=To add a new address, please fill out the form below" not found for web_reg_find  	[MsgId: MERR-26366]
End auto log messages stack.	[MsgId: MMSG-10544]


Start auto log messages stack - Iteration 41.	[MsgId: MMSG-10545]
Action.c(23): web_reg_find started  	[MsgId: MMSG-26355]
Action.c(23): Registering web_reg_find was successful  	[MsgId: MMSG-26390]
Action.c(28): web_reg_save_param_regexp started  	[MsgId: MMSG-26355]
Action.c(28): Registering web_reg_save_param_regexp was successful  	[MsgId: MMSG-26390]
Action.c(44): web_reg_save_param_regexp started  	[MsgId: MMSG-26355]
Action.c(44): Registering web_reg_save_param_regexp was successful  	[MsgId: MMSG-26390]
Action.c(53): web_url("index.php") started  	[MsgId: MMSG-26355]
Action.c(53): Warning -26665: HTTP Status Code is missing or invalid. Assuming "200 OK"  	[MsgId: MWAR-26665]
Action.c(53): Error -35049: No match found for the requested parameter "controller". Check whether the requested regular expression exists in the response data  	[MsgId: MERR-35049]
Action.c(53): Error -35049: No match found for the requested parameter "controller_2". Check whether the requested regular expression exists in the response data  	[MsgId: MERR-35049]
Action.c(53): Error -35049: No match found for the requested parameter "back". Check whether the requested regular expression exists in the response data  	[MsgId: MERR-35049]
Action.c(53): Error -26366: "Text=Already registered" not found for web_reg_find  	[MsgId: MERR-26366]
End auto log messages stack.	[MsgId: MMSG-10544]


Start auto log messages stack - Iteration 42.	[MsgId: MMSG-10545]
Action.c(23): web_reg_find started  	[MsgId: MMSG-26355]
Action.c(23): Registering web_reg_find was successful  	[MsgId: MMSG-26390]
Action.c(28): web_reg_save_param_regexp started  	[MsgId: MMSG-26355]
Action.c(28): Registering web_reg_save_param_regexp was successful  	[MsgId: MMSG-26390]
Action.c(44): web_reg_save_param_regexp started  	[MsgId: MMSG-26355]
Action.c(44): Registering web_reg_save_param_regexp was successful  	[MsgId: MMSG-26390]
Action.c(53): web_url("index.php") started  	[MsgId: MMSG-26355]
Action.c(53): Warning -26665: HTTP Status Code is missing or invalid. Assuming "200 OK"  	[MsgId: MWAR-26665]
Action.c(53): Error -35049: No match found for the requested parameter "controller". Check whether the requested regular expression exists in the response data  	[MsgId: MERR-35049]
Action.c(53): Error -35049: No match found for the requested parameter "controller_2". Check whether the requested regular expression exists in the response data  	[MsgId: MERR-35049]
Action.c(53): Error -35049: No match found for the requested parameter "back". Check whether the requested regular expression exists in the response data  	[MsgId: MERR-35049]
Action.c(53): Error -26366: "Text=Already registered" not found for web_reg_find  	[MsgId: MERR-26366]
End auto log messages stack.	[MsgId: MMSG-10544]


Start auto log messages stack - Iteration 43.	[MsgId: MMSG-10545]
Action.c(23): web_reg_find started  	[MsgId: MMSG-26355]
Action.c(23): Registering web_reg_find was successful  	[MsgId: MMSG-26390]
Action.c(28): web_reg_save_param_regexp started  	[MsgId: MMSG-26355]
Action.c(28): Registering web_reg_save_param_regexp was successful  	[MsgId: MMSG-26390]
Action.c(44): web_reg_save_param_regexp started  	[MsgId: MMSG-26355]
Action.c(44): Registering web_reg_save_param_regexp was successful  	[MsgId: MMSG-26390]
Action.c(53): web_url("index.php") started  	[MsgId: MMSG-26355]
Action.c(53): Warning -26665: HTTP Status Code is missing or invalid. Assuming "200 OK"  	[MsgId: MWAR-26665]
Action.c(53): Error -35049: No match found for the requested parameter "controller". Check whether the requested regular expression exists in the response data  	[MsgId: MERR-35049]
Action.c(53): Error -35049: No match found for the requested parameter "controller_2". Check whether the requested regular expression exists in the response data  	[MsgId: MERR-35049]
Action.c(53): Error -35049: No match found for the requested parameter "back". Check whether the requested regular expression exists in the response data  	[MsgId: MERR-35049]
Action.c(53): Error -26366: "Text=Already registered" not found for web_reg_find  	[MsgId: MERR-26366]
End auto log messages stack.	[MsgId: MMSG-10544]


Start auto log messages stack - Iteration 44.	[MsgId: MMSG-10545]
Action.c(188): Registering web_reg_find was successful  	[MsgId: MMSG-26390]
Action.c(192): web_url("Sign out") started  	[MsgId: MMSG-26355]
Action.c(192): Redirecting "http://automationpractice.com/index.php?mylogout=" (redirection depth is 0)  	[MsgId: MMSG-26694]
Action.c(192): To location "http://automationpractice.com/index.php?controller=addresses"  	[MsgId: MMSG-26693]
Action.c(192): Redirecting "http://automationpractice.com/index.php?controller=addresses" (redirection depth is 1)  	[MsgId: MMSG-26694]
Action.c(192): To location "http://automationpractice.com/index.php?controller=authentication&back=addresses"  	[MsgId: MMSG-26693]
Action.c(192): Warning -26665: HTTP Status Code is missing or invalid. Assuming "200 OK"  	[MsgId: MWAR-26665]
Action.c(192): Error -26366: "Text=Already registered" not found for web_reg_find  	[MsgId: MERR-26366]
End auto log messages stack.	[MsgId: MMSG-10544]


Start auto log messages stack - Iteration 45.	[MsgId: MMSG-10545]
Action.c(53): Found resource "http://automationpractice.com/modules/blockbanner/img/sale70.png" in HTML "http://automationpractice.com/index.php?controller=authentication&back=my-account"  	[MsgId: MMSG-26659]
Action.c(53): Found resource "http://automationpractice.com/img/logo.jpg" in HTML "http://automationpractice.com/index.php?controller=authentication&back=my-account"  	[MsgId: MMSG-26659]
Action.c(53): Found resource "http://automationpractice.com/img/c/3-0_thumb.jpg" in HTML "http://automationpractice.com/index.php?controller=authentication&back=my-account"  	[MsgId: MMSG-26659]
Action.c(53): Found resource "http://automationpractice.com/img/c/3-1_thumb.jpg" in HTML "http://automationpractice.com/index.php?controller=authentication&back=my-account"  	[MsgId: MMSG-26659]
Action.c(53): Error -27720: Step download timeout (120 seconds) has expired when downloading resource "http://automationpractice.com/themes/default-bootstrap/css/modules/blocktopmenu/css/superfish-modified.css". Set the "Step Timeout caused by resources is a warning" Runtime Setting to Yes/No to have this message as a warning/error, respectively  	[MsgId: MERR-27720]
End auto log messages stack.	[MsgId: MMSG-10544]


Start auto log messages stack - Iteration 53.	[MsgId: MMSG-10545]
Action.c(87): Resource "http://automationpractice.com/themes/default-bootstrap/js/modules/blocktopmenu/js/blocktopmenu.js" is in the cache already and will not be downloaded again  	[MsgId: MMSG-26655]
Action.c(87): Resource "http://fonts.googleapis.com/css?family=Open+Sans:300,600&subset=latin,latin-ext" is in the cache already and will not be downloaded again  	[MsgId: MMSG-26655]
Action.c(87): Resource "http://automationpractice.com/modules/blockbanner/img/sale70.png" is in the cache already and will not be downloaded again  	[MsgId: MMSG-26655]
Action.c(87): Resource "http://automationpractice.com/img/logo.jpg" is in the cache already and will not be downloaded again  	[MsgId: MMSG-26655]
Action.c(87): Error -27721: Step download timeout (120 seconds) has expired when downloading resource "http://automationpractice.com/index.php?controller=my-account"  	[MsgId: MERR-27721]
End auto log messages stack.	[MsgId: MMSG-10544]


Start auto log messages stack - Iteration 53.	[MsgId: MMSG-10545]
Action.c(87): Aborting pending download of URL="http://automationpractice.com/index.php?controller=my-account" (RelFrameId=1, Internal ID=2990)  	[MsgId: MMSG-27649]
Action.c(87): Error -35049: No match found for the requested parameter "token". Check whether the requested regular expression exists in the response data  	[MsgId: MERR-35049]
End auto log messages stack.	[MsgId: MMSG-10544]


Start auto log messages stack - Iteration 50.	[MsgId: MMSG-10545]
Action.c(53): Found resource "http://automationpractice.com/themes/default-bootstrap/css/modules/productcomments/productcomments.css" in HTML "http://automationpractice.com/index.php?controller=authentication&back=my-account"  	[MsgId: MMSG-26659]
Action.c(53): Found resource "http://automationpractice.com/themes/default-bootstrap/css/modules/blocktopmenu/css/blocktopmenu.css" in HTML "http://automationpractice.com/index.php?controller=authentication&back=my-account"  	[MsgId: MMSG-26659]
Action.c(53): Found resource "http://automationpractice.com/themes/default-bootstrap/css/modules/blocktopmenu/css/superfish-modified.css" in HTML "http://automationpractice.com/index.php?controller=authentication&back=my-account"  	[MsgId: MMSG-26659]
Action.c(53): Error -27721: Step download timeout (120 seconds) has expired when downloading resource "http://automationpractice.com/index.php?controller=authentication&back=my-account"  	[MsgId: MERR-27721]
End auto log messages stack.	[MsgId: MMSG-10544]


Start auto log messages stack - Iteration 50.	[MsgId: MMSG-10545]
Action.c(53): Aborting pending download of URL="http://automationpractice.com/themes/default-bootstrap/css/modules/blocktopmenu/css/blocktopmenu.css" (RelFrameId=, Internal ID=2937)  	[MsgId: MMSG-27649]
Action.c(53): Aborting pending download of URL="http://automationpractice.com/themes/default-bootstrap/css/modules/blocktopmenu/css/superfish-modified.css" (RelFrameId=, Internal ID=2938)  	[MsgId: MMSG-27649]
Action.c(53): Aborting pending download of URL="http://automationpractice.com/index.php?controller=authentication&back=my-account" (RelFrameId=1, Internal ID=2914)  	[MsgId: MMSG-27649]
Action.c(53): Aborting pending download of URL="http://automationpractice.com/themes/default-bootstrap/css/global.css" (RelFrameId=, Internal ID=2915)  	[MsgId: MMSG-27649]
Action.c(53): Error -35049: No match found for the requested parameter "controller". Check whether the requested regular expression exists in the response data  	[MsgId: MERR-35049]
Action.c(53): Error -35049: No match found for the requested parameter "controller_2". Check whether the requested regular expression exists in the response data  	[MsgId: MERR-35049]
Action.c(53): Error -35049: No match found for the requested parameter "back". Check whether the requested regular expression exists in the response data  	[MsgId: MERR-35049]
Action.c(53): Error -26366: "Text=Already registered" not found for web_reg_find  	[MsgId: MERR-26366]
End auto log messages stack.	[MsgId: MMSG-10544]


Start auto log messages stack - Iteration 46.	[MsgId: MMSG-10545]
Action.c(53): Found resource "http://automationpractice.com/modules/blockbanner/img/sale70.png" in HTML "http://automationpractice.com/index.php?controller=authentication&back=my-account"  	[MsgId: MMSG-26659]
Action.c(53): Found resource "http://automationpractice.com/img/logo.jpg" in HTML "http://automationpractice.com/index.php?controller=authentication&back=my-account"  	[MsgId: MMSG-26659]
Action.c(53): Found resource "http://automationpractice.com/img/c/3-0_thumb.jpg" in HTML "http://automationpractice.com/index.php?controller=authentication&back=my-account"  	[MsgId: MMSG-26659]
Action.c(53): Found resource "http://automationpractice.com/img/c/3-1_thumb.jpg" in HTML "http://automationpractice.com/index.php?controller=authentication&back=my-account"  	[MsgId: MMSG-26659]
Action.c(53): Error -27721: Step download timeout (120 seconds) has expired when downloading resource "http://automationpractice.com/index.php?controller=authentication&back=my-account"  	[MsgId: MERR-27721]
End auto log messages stack.	[MsgId: MMSG-10544]


Start auto log messages stack - Iteration 46.	[MsgId: MMSG-10545]
Action.c(53): Aborting pending download of URL="http://automationpractice.com/themes/default-bootstrap/css/product_list.css" (RelFrameId=, Internal ID=2790)  	[MsgId: MMSG-27649]
Action.c(53): Aborting pending download of URL="http://automationpractice.com/index.php?controller=authentication&back=my-account" (RelFrameId=1, Internal ID=2775)  	[MsgId: MMSG-27649]
Action.c(53): Error -35049: No match found for the requested parameter "controller". Check whether the requested regular expression exists in the response data  	[MsgId: MERR-35049]
Action.c(53): Error -35049: No match found for the requested parameter "controller_2". Check whether the requested regular expression exists in the response data  	[MsgId: MERR-35049]
Action.c(53): Error -35049: No match found for the requested parameter "back". Check whether the requested regular expression exists in the response data  	[MsgId: MERR-35049]
End auto log messages stack.	[MsgId: MMSG-10544]


Start auto log messages stack - Iteration 54.	[MsgId: MMSG-10545]
Action.c(14): web_reg_save_param_regexp started  	[MsgId: MMSG-26355]
Action.c(14): Registering web_reg_save_param_regexp was successful  	[MsgId: MMSG-26390]
Action.c(23): web_reg_find started  	[MsgId: MMSG-26355]
Action.c(23): Registering web_reg_find was successful  	[MsgId: MMSG-26390]
Action.c(28): web_reg_save_param_regexp started  	[MsgId: MMSG-26355]
Action.c(28): Registering web_reg_save_param_regexp was successful  	[MsgId: MMSG-26390]
Action.c(44): web_reg_save_param_regexp started  	[MsgId: MMSG-26355]
Action.c(44): Registering web_reg_save_param_regexp was successful  	[MsgId: MMSG-26390]
Action.c(53): web_url("index.php") started  	[MsgId: MMSG-26355]
Action.c(53): Error -27721: Step download timeout (120 seconds) has expired when downloading resource "http://automationpractice.com/index.php?controller=authentication&back=my-account"  	[MsgId: MERR-27721]
End auto log messages stack.	[MsgId: MMSG-10544]


Start auto log messages stack - Iteration 54.	[MsgId: MMSG-10545]
Action.c(53): Aborting pending download of URL="http://automationpractice.com/index.php?controller=authentication&back=my-account" (RelFrameId=1, Internal ID=2992)  	[MsgId: MMSG-27649]
Action.c(53): Error -35049: No match found for the requested parameter "controller". Check whether the requested regular expression exists in the response data  	[MsgId: MERR-35049]
Action.c(53): Error -35049: No match found for the requested parameter "controller_2". Check whether the requested regular expression exists in the response data  	[MsgId: MERR-35049]
Action.c(53): Error -35049: No match found for the requested parameter "back". Check whether the requested regular expression exists in the response data  	[MsgId: MERR-35049]
Action.c(53): Error -26366: "Text=Already registered" not found for web_reg_find  	[MsgId: MERR-26366]
End auto log messages stack.	[MsgId: MMSG-10544]


