Start auto log messages stack - Iteration 3.	[MsgId: MMSG-10545]
Action.c(162): Registering web_reg_find was successful  	[MsgId: MMSG-26390]
Action.c(166): web_url("Sign out") started  	[MsgId: MMSG-26355]
Action.c(166): Redirecting "http://automationpractice.com/index.php?mylogout=" (redirection depth is 0)  	[MsgId: MMSG-26694]
Action.c(166): To location "http://automationpractice.com/index.php?controller=addresses"  	[MsgId: MMSG-26693]
Action.c(166): Redirecting "http://automationpractice.com/index.php?controller=addresses" (redirection depth is 1)  	[MsgId: MMSG-26694]
Action.c(166): To location "http://automationpractice.com/index.php?controller=authentication&back=addresses"  	[MsgId: MMSG-26693]
Action.c(166): Warning -26665: HTTP Status Code is missing or invalid. Assuming "200 OK"  	[MsgId: MWAR-26665]
Action.c(166): Error -26366: "Text=Already registered" not found for web_reg_find  	[MsgId: MERR-26366]
End auto log messages stack.	[MsgId: MMSG-10544]


Start auto log messages stack - Iteration 4.	[MsgId: MMSG-10545]
Action.c(27): web_url("index.php") was successful, 753402 body bytes, 15033 header bytes, 53 chunking overhead bytes  	[MsgId: MMSG-26385]
Action.c(37): Notify: Transaction "1_begin" ended with a "Pass" status (Duration: 11,3532 Wasted Time: 0,0030).	[MsgId: MMSG-16871]
Action.c(39): Notify: Transaction "2_login" started.	[MsgId: MMSG-16999]
Action.c(47): web_reg_save_param_regexp started  	[MsgId: MMSG-26355]
Action.c(47): Registering web_reg_save_param_regexp was successful  	[MsgId: MMSG-26390]
Action.c(57): web_reg_find started  	[MsgId: MMSG-26355]
Action.c(57): Registering web_reg_find was successful  	[MsgId: MMSG-26390]
Action.c(61): web_submit_data("index.php_2") started  	[MsgId: MMSG-26355]
Action.c(61): Warning -26665: HTTP Status Code is missing or invalid. Assuming "200 OK"  	[MsgId: MWAR-26665]
Action.c(61): Error -35049: No match found for the requested parameter "token". Check whether the requested regular expression exists in the response data  	[MsgId: MERR-35049]
Action.c(61): Error -26366: "Text=Sign out" not found for web_reg_find  	[MsgId: MERR-26366]
End auto log messages stack.	[MsgId: MMSG-10544]


