Start auto log messages stack - Iteration 1.	[MsgId: MMSG-10545]
Action.c(129): Notify: Transaction "4_new_adress" ended with a "Pass" status (Duration: 32,8992 Wasted Time: 0,0001).	[MsgId: MMSG-16871]
Action.c(131): Notify: Transaction "5_logout" started.	[MsgId: MMSG-16999]
Action.c(133): web_reg_find started  	[MsgId: MMSG-26355]
Action.c(133): Registering web_reg_find was successful  	[MsgId: MMSG-26390]
Action.c(137): web_url("Sign out") started  	[MsgId: MMSG-26355]
Action.c(137): Redirecting "http://automationpractice.com/index.php?mylogout=" (redirection depth is 0)  	[MsgId: MMSG-26694]
Action.c(137): To location "http://automationpractice.com/index.php?controller=addresses"  	[MsgId: MMSG-26693]
Action.c(137): Warning -26665: HTTP Status Code is missing or invalid. Assuming "200 OK"  	[MsgId: MWAR-26665]
Action.c(137): Error -26366: "Text=Already registered" not found for web_reg_find  	[MsgId: MERR-26366]
End auto log messages stack.	[MsgId: MMSG-10544]


Start auto log messages stack - Iteration 2.	[MsgId: MMSG-10545]
Starting action Action.	[MsgId: MMSG-15919]
Action.c(6): Notify: Transaction "1_begin" started.	[MsgId: MMSG-16999]
Action.c(8): web_reg_find started  	[MsgId: MMSG-26355]
Action.c(8): Registering web_reg_find was successful  	[MsgId: MMSG-26390]
Action.c(12): web_url("index.php") started  	[MsgId: MMSG-26355]
Action.c(12): Warning -26665: HTTP Status Code is missing or invalid. Assuming "200 OK"  	[MsgId: MWAR-26665]
Action.c(12): Error -26366: "Text=Already registered" not found for web_reg_find  	[MsgId: MERR-26366]
End auto log messages stack.	[MsgId: MMSG-10544]


Start auto log messages stack - Iteration 1.	[MsgId: MMSG-10545]
Action.c(133): Registering web_reg_find was successful  	[MsgId: MMSG-26390]
Action.c(137): web_url("Sign out") started  	[MsgId: MMSG-26355]
Action.c(137): Redirecting "http://automationpractice.com/index.php?mylogout=" (redirection depth is 0)  	[MsgId: MMSG-26694]
Action.c(137): To location "http://automationpractice.com/index.php?controller=addresses"  	[MsgId: MMSG-26693]
Action.c(137): Redirecting "http://automationpractice.com/index.php?controller=addresses" (redirection depth is 1)  	[MsgId: MMSG-26694]
Action.c(137): To location "http://automationpractice.com/index.php?controller=authentication&back=addresses"  	[MsgId: MMSG-26693]
Action.c(137): Warning -26665: HTTP Status Code is missing or invalid. Assuming "200 OK"  	[MsgId: MWAR-26665]
Action.c(137): Error -26366: "Text=Already registered" not found for web_reg_find  	[MsgId: MERR-26366]
End auto log messages stack.	[MsgId: MMSG-10544]


Start auto log messages stack - Iteration 16.	[MsgId: MMSG-10545]
Action.c(129): Notify: Transaction "4_new_adress" ended with a "Pass" status (Duration: 29,9819 Wasted Time: 0,0001).	[MsgId: MMSG-16871]
Action.c(131): Notify: Transaction "5_logout" started.	[MsgId: MMSG-16999]
Action.c(133): web_reg_find started  	[MsgId: MMSG-26355]
Action.c(133): Registering web_reg_find was successful  	[MsgId: MMSG-26390]
Action.c(137): web_url("Sign out") started  	[MsgId: MMSG-26355]
Action.c(137): Redirecting "http://automationpractice.com/index.php?mylogout=" (redirection depth is 0)  	[MsgId: MMSG-26694]
Action.c(137): To location "http://automationpractice.com/index.php?controller=addresses"  	[MsgId: MMSG-26693]
Action.c(137): Warning -26665: HTTP Status Code is missing or invalid. Assuming "200 OK"  	[MsgId: MWAR-26665]
Action.c(137): Error -26366: "Text=Already registered" not found for web_reg_find  	[MsgId: MERR-26366]
End auto log messages stack.	[MsgId: MMSG-10544]


Start auto log messages stack - Iteration 17.	[MsgId: MMSG-10545]
Starting action Action.	[MsgId: MMSG-15919]
Action.c(6): Notify: Transaction "1_begin" started.	[MsgId: MMSG-16999]
Action.c(8): web_reg_find started  	[MsgId: MMSG-26355]
Action.c(8): Registering web_reg_find was successful  	[MsgId: MMSG-26390]
Action.c(12): web_url("index.php") started  	[MsgId: MMSG-26355]
Action.c(12): Warning -26665: HTTP Status Code is missing or invalid. Assuming "200 OK"  	[MsgId: MWAR-26665]
Action.c(12): Error -26366: "Text=Already registered" not found for web_reg_find  	[MsgId: MERR-26366]
End auto log messages stack.	[MsgId: MMSG-10544]


Start auto log messages stack - Iteration 18.	[MsgId: MMSG-10545]
Starting action Action.	[MsgId: MMSG-15919]
Action.c(6): Notify: Transaction "1_begin" started.	[MsgId: MMSG-16999]
Action.c(8): web_reg_find started  	[MsgId: MMSG-26355]
Action.c(8): Registering web_reg_find was successful  	[MsgId: MMSG-26390]
Action.c(12): web_url("index.php") started  	[MsgId: MMSG-26355]
Action.c(12): Warning -26665: HTTP Status Code is missing or invalid. Assuming "200 OK"  	[MsgId: MWAR-26665]
Action.c(12): Error -26366: "Text=Already registered" not found for web_reg_find  	[MsgId: MERR-26366]
End auto log messages stack.	[MsgId: MMSG-10544]


Start auto log messages stack - Iteration 18.	[MsgId: MMSG-10545]
Action.c(100): web_submit_data("index.php_3") started  	[MsgId: MMSG-26355]
Action.c(100): Warning -26665: HTTP Status Code is missing or invalid. Assuming "200 OK"  	[MsgId: MWAR-26665]
Action.c(100): web_submit_data("index.php_3") highest severity level was "warning", 288 body bytes, 204 header bytes  	[MsgId: MMSG-26388]
Action.c(129): Notify: Transaction "4_new_adress" ended with a "Pass" status (Duration: 9,9433 Wasted Time: 0,0001).	[MsgId: MMSG-16871]
Action.c(131): Notify: Transaction "5_logout" started.	[MsgId: MMSG-16999]
Action.c(133): web_reg_find started  	[MsgId: MMSG-26355]
Action.c(133): Registering web_reg_find was successful  	[MsgId: MMSG-26390]
Action.c(137): web_url("Sign out") started  	[MsgId: MMSG-26355]
Action.c(137): Warning -26665: HTTP Status Code is missing or invalid. Assuming "200 OK"  	[MsgId: MWAR-26665]
Action.c(137): Error -26366: "Text=Already registered" not found for web_reg_find  	[MsgId: MERR-26366]
End auto log messages stack.	[MsgId: MMSG-10544]


Start auto log messages stack - Iteration 19.	[MsgId: MMSG-10545]
Starting action Action.	[MsgId: MMSG-15919]
Action.c(6): Notify: Transaction "1_begin" started.	[MsgId: MMSG-16999]
Action.c(8): web_reg_find started  	[MsgId: MMSG-26355]
Action.c(8): Registering web_reg_find was successful  	[MsgId: MMSG-26390]
Action.c(12): web_url("index.php") started  	[MsgId: MMSG-26355]
Action.c(12): Warning -26665: HTTP Status Code is missing or invalid. Assuming "200 OK"  	[MsgId: MWAR-26665]
Action.c(12): Error -26366: "Text=Already registered" not found for web_reg_find  	[MsgId: MERR-26366]
End auto log messages stack.	[MsgId: MMSG-10544]


Start auto log messages stack - Iteration 20.	[MsgId: MMSG-10545]
Starting action Action.	[MsgId: MMSG-15919]
Action.c(6): Notify: Transaction "1_begin" started.	[MsgId: MMSG-16999]
Action.c(8): web_reg_find started  	[MsgId: MMSG-26355]
Action.c(8): Registering web_reg_find was successful  	[MsgId: MMSG-26390]
Action.c(12): web_url("index.php") started  	[MsgId: MMSG-26355]
Action.c(12): Warning -26665: HTTP Status Code is missing or invalid. Assuming "200 OK"  	[MsgId: MWAR-26665]
Action.c(12): Error -26366: "Text=Already registered" not found for web_reg_find  	[MsgId: MERR-26366]
End auto log messages stack.	[MsgId: MMSG-10544]


Start auto log messages stack - Iteration 21.	[MsgId: MMSG-10545]
Starting action Action.	[MsgId: MMSG-15919]
Action.c(6): Notify: Transaction "1_begin" started.	[MsgId: MMSG-16999]
Action.c(8): web_reg_find started  	[MsgId: MMSG-26355]
Action.c(8): Registering web_reg_find was successful  	[MsgId: MMSG-26390]
Action.c(12): web_url("index.php") started  	[MsgId: MMSG-26355]
Action.c(12): Warning -26665: HTTP Status Code is missing or invalid. Assuming "200 OK"  	[MsgId: MWAR-26665]
Action.c(12): Error -26366: "Text=Already registered" not found for web_reg_find  	[MsgId: MERR-26366]
End auto log messages stack.	[MsgId: MMSG-10544]


Start auto log messages stack - Iteration 20.	[MsgId: MMSG-10545]
Action.c(129): Notify: Transaction "4_new_adress" ended with a "Pass" status (Duration: 40,2193 Wasted Time: 0,0001).	[MsgId: MMSG-16871]
Action.c(131): Notify: Transaction "5_logout" started.	[MsgId: MMSG-16999]
Action.c(133): web_reg_find started  	[MsgId: MMSG-26355]
Action.c(133): Registering web_reg_find was successful  	[MsgId: MMSG-26390]
Action.c(137): web_url("Sign out") started  	[MsgId: MMSG-26355]
Action.c(137): Redirecting "http://automationpractice.com/index.php?mylogout=" (redirection depth is 0)  	[MsgId: MMSG-26694]
Action.c(137): To location "http://automationpractice.com/index.php?controller=addresses"  	[MsgId: MMSG-26693]
Action.c(137): Warning -26665: HTTP Status Code is missing or invalid. Assuming "200 OK"  	[MsgId: MWAR-26665]
Action.c(137): Error -26366: "Text=Already registered" not found for web_reg_find  	[MsgId: MERR-26366]
End auto log messages stack.	[MsgId: MMSG-10544]


Start auto log messages stack - Iteration 21.	[MsgId: MMSG-10545]
Starting action Action.	[MsgId: MMSG-15919]
Action.c(6): Notify: Transaction "1_begin" started.	[MsgId: MMSG-16999]
Action.c(8): web_reg_find started  	[MsgId: MMSG-26355]
Action.c(8): Registering web_reg_find was successful  	[MsgId: MMSG-26390]
Action.c(12): web_url("index.php") started  	[MsgId: MMSG-26355]
Action.c(12): Warning -26665: HTTP Status Code is missing or invalid. Assuming "200 OK"  	[MsgId: MWAR-26665]
Action.c(12): Error -26366: "Text=Already registered" not found for web_reg_find  	[MsgId: MERR-26366]
End auto log messages stack.	[MsgId: MMSG-10544]


Start auto log messages stack - Iteration 30.	[MsgId: MMSG-10545]
Action.c(12): Found resource "http://automationpractice.com/modules/blockbanner/img/sale70.png" in HTML "http://automationpractice.com/index.php?controller=authentication&back=my-account"  	[MsgId: MMSG-26659]
Action.c(12): Found resource "http://automationpractice.com/img/logo.jpg" in HTML "http://automationpractice.com/index.php?controller=authentication&back=my-account"  	[MsgId: MMSG-26659]
Action.c(12): Found resource "http://automationpractice.com/img/c/3-0_thumb.jpg" in HTML "http://automationpractice.com/index.php?controller=authentication&back=my-account"  	[MsgId: MMSG-26659]
Action.c(12): Found resource "http://automationpractice.com/img/c/3-1_thumb.jpg" in HTML "http://automationpractice.com/index.php?controller=authentication&back=my-account"  	[MsgId: MMSG-26659]
Action.c(12): Error -27720: Step download timeout (120 seconds) has expired when downloading resource "http://automationpractice.com/themes/default-bootstrap/js/tools/vatManagement.js". Set the "Step Timeout caused by resources is a warning" Runtime Setting to Yes/No to have this message as a warning/error, respectively  	[MsgId: MERR-27720]
End auto log messages stack.	[MsgId: MMSG-10544]


Start auto log messages stack - Iteration 45.	[MsgId: MMSG-10545]
Action.c(12): Found resource "http://automationpractice.com/modules/blockbanner/img/sale70.png" in HTML "http://automationpractice.com/index.php?controller=authentication&back=my-account"  	[MsgId: MMSG-26659]
Action.c(12): Found resource "http://automationpractice.com/img/logo.jpg" in HTML "http://automationpractice.com/index.php?controller=authentication&back=my-account"  	[MsgId: MMSG-26659]
Action.c(12): Found resource "http://automationpractice.com/img/c/3-0_thumb.jpg" in HTML "http://automationpractice.com/index.php?controller=authentication&back=my-account"  	[MsgId: MMSG-26659]
Action.c(12): Found resource "http://automationpractice.com/img/c/3-1_thumb.jpg" in HTML "http://automationpractice.com/index.php?controller=authentication&back=my-account"  	[MsgId: MMSG-26659]
Action.c(12): Error -27720: Step download timeout (120 seconds) has expired when downloading resource "http://automationpractice.com/js/tools.js". Set the "Step Timeout caused by resources is a warning" Runtime Setting to Yes/No to have this message as a warning/error, respectively  	[MsgId: MERR-27720]
End auto log messages stack.	[MsgId: MMSG-10544]


